Starting Dynare (version 7-unstable).
Calling Dynare with arguments: parallel
Using build directory: /Users/wmutschl/Work/Forschung/Projects/Skewed_Kalman/replication_codes/dynare-csn/matlab/../build-matlab
Starting preprocessing of the model file ...
Found 8 equation(s).
Evaluating expressions...
Computing static model derivatives (order 1).
Normalizing the static model...
Finding the optimal block decomposition of the static model...
6 block(s) found:
  5 recursive block(s) and 1 simultaneous block(s).
  the largest simultaneous block has 2 equation(s)
                                 and 2 feedback variable(s).
Computing dynamic model derivatives (order 2).
Normalizing the dynamic model...
Finding the optimal block decomposition of the dynamic model...
2 block(s) found:
  1 recursive block(s) and 1 simultaneous block(s).
  the largest simultaneous block has 5 equation(s)
                                 and 5 feedback variable(s).
Preprocessing completed.
Preprocessing time: 0h00m00s.

You did not declare endogenous variables after the estimation/calib_smoother command.

Initial value of the log posterior (or likelihood): 1205.1095

RESULTS FROM POSTERIOR ESTIMATION
parameters
       prior mean     mode    s.d.  prior pstdev

OMEGA      0.2000   0.1231  0.0501   beta 0.1000 
RHO_PI     0.3000   0.4938  0.1002   gamm 0.1000 
RHO_G      0.3000   0.3495  0.0512   gamm 0.1000 
RHO_X      0.2500   0.1813  0.0486   gamm 0.0625 
RHO_A      0.8500   0.9189  0.0268   beta 0.1000 
RHO_E      0.8500   0.9241  0.0363   beta 0.1000 

standard deviation of shocks
       prior mean     mode    s.d.  prior pstdev

eta_a      5.4772   3.1659  0.8527   invg 5.4772 
eta_e      0.2828   0.0572  0.0087   invg 1.0000 
eta_z      2.2361   0.7648  0.1043   invg 3.8730 
eta_r      0.7071   0.2796  0.0316   invg 1.4142 


Log data density [Laplace approximation] is 1183.463130.

Estimation::mcmc: Multiple chains mode.
Estimation::mcmc: Searching for initial values...
Estimation::mcmc: Initial values found!

Estimation::mcmc: Write details about the MCMC... Ok!
Estimation::mcmc: Details about the MCMC are available in ireland2004_bayes_9_rwmh_gaussian/metropolis/ireland2004_bayes_9_rwmh_gaussian_mh_history_0.mat


Estimation::mcmc: Number of mh files: 1 per block.
Estimation::mcmc: Total number of generated files: 8.
Estimation::mcmc: Total number of iterations: 250000.
Estimation::mcmc: Current acceptance ratio per chain:
                                                       Chain  1: 30.8392%
                                                       Chain  2: 30.4516%
                                                       Chain  3: 30.7708%
                                                       Chain  4: 30.6188%
                                                       Chain  5: 30.4448%
                                                       Chain  6: 30.7912%
                                                       Chain  7: 30.7572%
                                                       Chain  8: 30.5504%
Estimation::mcmc: Total number of MH draws per chain: 250000.
Estimation::mcmc: Total number of generated MH files: 1.
Estimation::mcmc: I'll use mh-files 1 to 1.
Estimation::mcmc: In MH-file number 1 I'll start at line 125001.
Estimation::mcmc: Finally I keep 125000 draws per chain.



MCMC Inefficiency factors per block
Parameter       Block 1     Block 2     Block 3     Block 4     Block 5     Block 6     Block 7     Block 8
SE_eta_a         71.696     109.834      90.554     159.403     248.404     101.308     108.539     183.530
SE_eta_e         50.855      50.125      48.748      51.368      48.851      50.451      42.223      51.449
SE_eta_z         46.774      45.996      53.772      45.266      49.935      50.908      49.588      51.375
SE_eta_r         50.074      56.302      51.769      51.127      60.535      62.353      45.607      50.206
OMEGA            54.560      60.264      56.598      61.113      70.650      59.827      62.627      64.100
RHO_PI           48.355      47.878      49.085      37.095      44.177      48.811      46.689      43.178
RHO_G            40.915      54.396      39.289      47.938      56.846      54.068      47.612      51.027
RHO_X            50.781      61.244      53.090      56.538      62.821      54.712      50.450      56.253
RHO_A            85.424     108.638      87.017     103.283     136.778      89.458     124.357     108.519
RHO_E            40.011      50.038      42.050      50.793      54.514      45.987      46.471      47.818



Convergence diagnostics results for chain 1.

Geweke (1992) Convergence Tests, based on means of draws 125000 to 150000 vs 187500 to 250000 for chain 1.
p-values are for Chi2-test for equality of means.
Parameter         Post. Mean        Post. Std   p-val No Taper   p-val 4% Taper   p-val 8% Taper  p-val 15% Taper
SE_eta_a               3.244            0.879            0.000            0.516            0.524            0.509
SE_eta_e               0.060            0.008            0.000            0.423            0.379            0.381
SE_eta_z               0.786            0.105            0.000            0.271            0.205            0.222
SE_eta_r               0.294            0.032            0.009            0.728            0.746            0.766
OMEGA                  0.128            0.049            0.000            0.025            0.033            0.027
RHO_PI                 0.500            0.096            0.000            0.117            0.107            0.093
RHO_G                  0.362            0.052            0.080            0.815            0.837            0.848
RHO_X                  0.204            0.051            0.000            0.126            0.124            0.123
RHO_A                  0.913            0.029            0.000            0.580            0.573            0.530
RHO_E                  0.911            0.035            0.000            0.357            0.336            0.331




Convergence diagnostics results for chain 2.

Geweke (1992) Convergence Tests, based on means of draws 125000 to 150000 vs 187500 to 250000 for chain 2.
p-values are for Chi2-test for equality of means.
Parameter         Post. Mean        Post. Std   p-val No Taper   p-val 4% Taper   p-val 8% Taper  p-val 15% Taper
SE_eta_a               3.330            0.982            0.794            0.979            0.980            0.981
SE_eta_e               0.060            0.008            0.000            0.238            0.270            0.254
SE_eta_z               0.788            0.105            0.000            0.032            0.015            0.004
SE_eta_r               0.295            0.033            0.002            0.635            0.644            0.665
OMEGA                  0.127            0.049            0.000            0.598            0.589            0.562
RHO_PI                 0.502            0.097            0.000            0.029            0.029            0.024
RHO_G                  0.363            0.052            0.051            0.764            0.764            0.753
RHO_X                  0.204            0.051            0.000            0.277            0.256            0.230
RHO_A                  0.915            0.029            0.000            0.640            0.640            0.650
RHO_E                  0.911            0.035            0.000            0.323            0.291            0.259




Convergence diagnostics results for chain 3.

Geweke (1992) Convergence Tests, based on means of draws 125000 to 150000 vs 187500 to 250000 for chain 3.
p-values are for Chi2-test for equality of means.
Parameter         Post. Mean        Post. Std   p-val No Taper   p-val 4% Taper   p-val 8% Taper  p-val 15% Taper
SE_eta_a               3.265            0.896            0.000            0.195            0.178            0.113
SE_eta_e               0.060            0.008            0.000            0.555            0.536            0.383
SE_eta_z               0.790            0.107            0.007            0.696            0.690            0.684
SE_eta_r               0.295            0.032            0.000            0.542            0.513            0.511
OMEGA                  0.126            0.048            0.000            0.151            0.133            0.127
RHO_PI                 0.502            0.096            0.000            0.041            0.022            0.006
RHO_G                  0.362            0.051            0.000            0.032            0.035            0.021
RHO_X                  0.204            0.050            0.000            0.001            0.001            0.000
RHO_A                  0.913            0.029            0.000            0.004            0.005            0.002
RHO_E                  0.911            0.035            0.000            0.008            0.009            0.005




Convergence diagnostics results for chain 4.

Geweke (1992) Convergence Tests, based on means of draws 125000 to 150000 vs 187500 to 250000 for chain 4.
p-values are for Chi2-test for equality of means.
Parameter         Post. Mean        Post. Std   p-val No Taper   p-val 4% Taper   p-val 8% Taper  p-val 15% Taper
SE_eta_a               3.288            0.932            0.163            0.912            0.914            0.911
SE_eta_e               0.060            0.008            0.000            0.133            0.078            0.048
SE_eta_z               0.788            0.104            0.001            0.582            0.584            0.573
SE_eta_r               0.295            0.033            0.001            0.589            0.584            0.589
OMEGA                  0.128            0.049            0.000            0.429            0.420            0.390
RHO_PI                 0.499            0.097            0.033            0.710            0.689            0.672
RHO_G                  0.363            0.052            0.013            0.706            0.728            0.744
RHO_X                  0.204            0.051            0.000            0.407            0.411            0.404
RHO_A                  0.914            0.028            0.000            0.756            0.758            0.750
RHO_E                  0.911            0.035            0.113            0.795            0.742            0.714




Convergence diagnostics results for chain 5.

Geweke (1992) Convergence Tests, based on means of draws 125000 to 150000 vs 187500 to 250000 for chain 5.
p-values are for Chi2-test for equality of means.
Parameter         Post. Mean        Post. Std   p-val No Taper   p-val 4% Taper   p-val 8% Taper  p-val 15% Taper
SE_eta_a               3.309            1.015            0.000            0.131            0.133            0.119
SE_eta_e               0.060            0.008            0.228            0.851            0.845            0.851
SE_eta_z               0.788            0.105            0.000            0.344            0.274            0.212
SE_eta_r               0.295            0.032            0.000            0.188            0.172            0.169
OMEGA                  0.128            0.049            0.277            0.884            0.886            0.873
RHO_PI                 0.499            0.096            0.034            0.749            0.755            0.766
RHO_G                  0.363            0.051            0.000            0.018            0.018            0.023
RHO_X                  0.205            0.051            0.000            0.425            0.440            0.453
RHO_A                  0.914            0.029            0.000            0.096            0.088            0.065
RHO_E                  0.910            0.035            0.309            0.882            0.880            0.885




Convergence diagnostics results for chain 6.

Geweke (1992) Convergence Tests, based on means of draws 125000 to 150000 vs 187500 to 250000 for chain 6.
p-values are for Chi2-test for equality of means.
Parameter         Post. Mean        Post. Std   p-val No Taper   p-val 4% Taper   p-val 8% Taper  p-val 15% Taper
SE_eta_a               3.255            0.900            0.000            0.569            0.592            0.589
SE_eta_e               0.060            0.008            0.013            0.720            0.712            0.690
SE_eta_z               0.790            0.105            0.000            0.037            0.018            0.017
SE_eta_r               0.296            0.033            0.000            0.165            0.132            0.107
OMEGA                  0.128            0.050            0.035            0.771            0.782            0.777
RHO_PI                 0.499            0.096            0.000            0.148            0.153            0.153
RHO_G                  0.363            0.052            0.000            0.177            0.123            0.063
RHO_X                  0.206            0.052            0.457            0.910            0.897            0.878
RHO_A                  0.913            0.029            0.000            0.396            0.423            0.411
RHO_E                  0.911            0.034            0.000            0.133            0.093            0.065




Convergence diagnostics results for chain 7.

Geweke (1992) Convergence Tests, based on means of draws 125000 to 150000 vs 187500 to 250000 for chain 7.
p-values are for Chi2-test for equality of means.
Parameter         Post. Mean        Post. Std   p-val No Taper   p-val 4% Taper   p-val 8% Taper  p-val 15% Taper
SE_eta_a               3.237            0.900            0.000            0.322            0.314            0.256
SE_eta_e               0.060            0.008            0.000            0.048            0.054            0.060
SE_eta_z               0.788            0.105            0.000            0.392            0.382            0.384
SE_eta_r               0.295            0.033            0.000            0.178            0.200            0.177
OMEGA                  0.128            0.050            0.000            0.211            0.205            0.182
RHO_PI                 0.501            0.097            0.000            0.128            0.109            0.063
RHO_G                  0.363            0.052            0.007            0.681            0.702            0.711
RHO_X                  0.204            0.051            0.001            0.660            0.697            0.710
RHO_A                  0.912            0.030            0.001            0.759            0.756            0.732
RHO_E                  0.911            0.035            0.000            0.547            0.568            0.538




Convergence diagnostics results for chain 8.

Geweke (1992) Convergence Tests, based on means of draws 125000 to 150000 vs 187500 to 250000 for chain 8.
p-values are for Chi2-test for equality of means.
Parameter         Post. Mean        Post. Std   p-val No Taper   p-val 4% Taper   p-val 8% Taper  p-val 15% Taper
SE_eta_a               3.329            1.024            0.000            0.559            0.577            0.581
SE_eta_e               0.060            0.008            0.625            0.942            0.941            0.942
SE_eta_z               0.789            0.105            0.000            0.024            0.039            0.058
SE_eta_r               0.295            0.033            0.000            0.117            0.124            0.122
OMEGA                  0.127            0.048            0.642            0.955            0.950            0.950
RHO_PI                 0.500            0.096            0.092            0.775            0.775            0.770
RHO_G                  0.363            0.052            0.000            0.018            0.017            0.017
RHO_X                  0.205            0.050            0.000            0.079            0.063            0.041
RHO_A                  0.915            0.029            0.089            0.855            0.859            0.861
RHO_E                  0.911            0.035            0.000            0.232            0.203            0.193


Univariate convergence diagnostic, Brooks and Gelman (1998):

marginal density: I'm computing the posterior mean and covariance...  Done!
marginal density: I'm computing the posterior log marginal density (modified harmonic mean)... Done!


ESTIMATION RESULTS

Log data density (Modified Harmonic Mean) is 1182.731597.
parameters
         prior mean   post. mean        90% HPD interval    prior       pstdev

OMEGA         0.200       0.1282      0.0489      0.2051     beta       0.1000
RHO_PI        0.300       0.5001      0.3450      0.6608     gamm       0.1000
RHO_G         0.300       0.3627      0.2771      0.4449     gamm       0.1000
RHO_X         0.250       0.2050      0.1226      0.2860     gamm       0.0625
RHO_A         0.850       0.9129      0.8682      0.9606     beta       0.1000
RHO_E         0.850       0.9107      0.8541      0.9669     beta       0.1000

standard deviation of shocks
         prior mean   post. mean        90% HPD interval    prior       pstdev

eta_a         5.477       3.2584      1.9050      4.5557     invg       5.4772
eta_e         0.283       0.0602      0.0469      0.0735     invg       1.0000
eta_z         2.236       0.7887      0.6116      0.9563     invg       3.8730
eta_r         0.707       0.2953      0.2419      0.3466     invg       1.4142
Total computing time : 0h27m07s
