Starting Dynare (version wmutschl-2026-02-11-2032-573958cd).
Calling Dynare with arguments: none
Starting preprocessing of the model file ... 
Found 8 equation(s). 
Evaluating expressions... 
Computing static model derivatives (order 1). 
Normalizing the static model... 
Finding the optimal block decomposition of the static model... 
6 block(s) found: 
  5 recursive block(s) and 1 simultaneous block(s). 
  the largest simultaneous block has 2 equation(s) 
                                 and 2 feedback variable(s). 
Computing dynamic model derivatives (order 2). 
Normalizing the dynamic model... 
Finding the optimal block decomposition of the dynamic model... 
2 block(s) found: 
  1 recursive block(s) and 1 simultaneous block(s). 
  the largest simultaneous block has 5 equation(s) 
                                 and 5 feedback variable(s). 
Preprocessing completed. 
Preprocessing time: 0h00m00s.

You did not declare endogenous variables after the estimation/calib_smoother command.

[Warning: Your prior allows for skewness parameters larger than +-0.995272, which is outside the theoretical bound of the skew normal distribution, and thus will not integrate to 1 due to truncation. Please change your prior!] 
[> In <a href="matlab:matlab.lang.internal.introspective.errorDocCallback('check_prior_stderr_corr_skew', 'C:\dynare\7-unstable\matlab\utilities\estimation\check_prior_stderr_corr_skew.m', 64)" style="font-weight:bold">check_prior_stderr_corr_skew</a> (<a href="matlab: opentoline('C:\dynare\7-unstable\matlab\utilities\estimation\check_prior_stderr_corr_skew.m',64,0)">line 64</a>)
In <a href="matlab:matlab.lang.internal.introspective.errorDocCallback('initial_estimation_checks', 'C:\dynare\7-unstable\matlab\estimation\initial_estimation_checks.m', 179)" style="font-weight:bold">initial_estimation_checks</a> (<a href="matlab: opentoline('C:\dynare\7-unstable\matlab\estimation\initial_estimation_checks.m',179,0)">line 179</a>)
In <a href="matlab:matlab.lang.internal.introspective.errorDocCallback('dynare_estimation_1', 'C:\dynare\7-unstable\matlab\estimation\dynare_estimation_1.m', 164)" style="font-weight:bold">dynare_estimation_1</a> (<a href="matlab: opentoline('C:\dynare\7-unstable\matlab\estimation\dynare_estimation_1.m',164,0)">line 164</a>)
In <a href="matlab:matlab.lang.internal.introspective.errorDocCallback('dynare_estimation', 'C:\dynare\7-unstable\matlab\estimation\dynare_estimation.m', 105)" style="font-weight:bold">dynare_estimation</a> (<a href="matlab: opentoline('C:\dynare\7-unstable\matlab\estimation\dynare_estimation.m',105,0)">line 105</a>)
In <a href="matlab:matlab.lang.internal.introspective.errorDocCallback('ireland2004_bayes_10_rwmh_csn.driver', 'C:\Users\micro\Documents\pruned-skewed-kalman-paper\Dynare\+ireland2004_bayes_10_rwmh_csn\driver.m', 448)" style="font-weight:bold">ireland2004_bayes_10_rwmh_csn.driver</a> (<a href="matlab: opentoline('C:\Users\micro\Documents\pruned-skewed-kalman-paper\Dynare\+ireland2004_bayes_10_rwmh_csn\driver.m',448,0)">line 448</a>)
In <a href="matlab:matlab.lang.internal.introspective.errorDocCallback('dynare', 'C:\dynare\7-unstable\matlab\dynare.m', 300)" style="font-weight:bold">dynare</a> (<a href="matlab: opentoline('C:\dynare\7-unstable\matlab\dynare.m',300,0)">line 300</a>)
In <a href="matlab:matlab.lang.internal.introspective.errorDocCallback('run', 'C:\Users\micro\Documents\pruned-skewed-kalman-paper\Dynare\run.m', 289)" style="font-weight:bold">run</a> (<a href="matlab: opentoline('C:\Users\micro\Documents\pruned-skewed-kalman-paper\Dynare\run.m',289,0)">line 289</a>)] 
Initial value of the log posterior (or likelihood): 1211.4724

RESULTS FROM POSTERIOR ESTIMATION
parameters
           prior mean     mode    s.d.  prior pstdev

OMEGA          0.2000   0.1380  0.0552   beta 0.1000 
RHO_PI         0.3000   0.4532  0.0937   gamm 0.1000 
RHO_G          0.3000   0.3440  0.0456   gamm 0.1000 
RHO_X          0.2500   0.2013  0.0515   gamm 0.0625 
RHO_A          0.8500   0.9335  0.0268   beta 0.1000 
RHO_E          0.8500   0.9157  0.0339   beta 0.1000 

standard deviation of shocks
           prior mean     mode    s.d.  prior pstdev

eta_a          5.4772   3.2349  0.9632   invg 5.4772 
eta_e          0.2828   0.0572  0.0082   invg 1.0000 
eta_z          2.2361   0.7544  0.1108   invg 3.8730 
eta_r          0.7071   0.2774  0.0330   invg 1.4142 

skewness of shocks
           prior mean     mode    s.d.  prior pstdev

eta_a          0.0000  -0.1972  0.2495   beta 0.4000 
eta_e          0.0000  -0.3938  0.2216   beta 0.4000 
eta_z          0.0000  -0.5182  0.3501   beta 0.4000 
eta_r          0.0000   0.6074  0.1743   beta 0.4000 


Log data density [Laplace approximation] is 1187.723616.

Estimation::mcmc: Multiple chains mode.
Estimation::mcmc: Searching for initial values...
Estimation::mcmc: Initial values found!

Estimation::mcmc: Write details about the MCMC... Ok!
Estimation::mcmc: Details about the MCMC are available in ireland2004_bayes_10_rwmh_csn/metropolis\ireland2004_bayes_10_rwmh_csn_mh_history_0.mat


Estimation::mcmc: Number of mh files: 1 per block.
Estimation::mcmc: Total number of generated files: 8.
Estimation::mcmc: Total number of iterations: 250000.
Estimation::mcmc: Current acceptance ratio per chain:
                                                       Chain  1: 29.0392%
                                                       Chain  2: 29.478%
                                                       Chain  3: 28.8864%
                                                       Chain  4: 29.2164%
                                                       Chain  5: 29.0344%
                                                       Chain  6: 29.1708%
                                                       Chain  7: 29.0344%
                                                       Chain  8: 29.1708%
Estimation::mcmc: Total number of MH draws per chain: 250000.
Estimation::mcmc: Total number of generated MH files: 1.
Estimation::mcmc: I'll use mh-files 1 to 1.
Estimation::mcmc: In MH-file number 1 I'll start at line 125001.
Estimation::mcmc: Finally I keep 125000 draws per chain.



MCMC Inefficiency factors per block
Parameter        Block 1     Block 2     Block 3     Block 4     Block 5     Block 6     Block 7     Block 8
SE_eta_a         380.223     161.006     152.289     122.918     133.240     127.117     119.697     172.582
SE_eta_e          84.154      82.855      75.737      76.836      76.686      84.340      68.546      75.701
SE_eta_z          68.614      66.787      78.796      61.306      73.768      66.512      81.649      72.913
SE_eta_r          64.945      66.486      67.390      71.729      70.000      65.802      67.361      66.454
SKEW_eta_a        81.996      75.300      78.904      76.335      67.326      81.460      74.579      79.828
SKEW_eta_e        60.703      59.236      71.624      71.079      64.435      66.826      71.286      67.042
SKEW_eta_z        81.965      66.145      75.102      72.841      67.354      64.418      73.754      69.700
SKEW_eta_r        88.924      67.532      73.535      95.041      75.032      85.074      66.378      91.138
OMEGA            123.124     102.061      99.384      72.141      89.241     109.758      78.186      94.968
RHO_PI            75.971      84.415      67.565      68.705      75.479      56.541      66.588      68.654
RHO_G             74.811      85.222      72.976      82.001      75.249      65.617      86.634      78.237
RHO_X             78.643      73.589      74.715      71.437      77.636      65.940      75.719      77.175
RHO_A            190.186     135.345     136.589     126.965     147.170     135.634     143.406     147.380
RHO_E             74.853      85.087      69.000      69.294      66.259      80.300      77.111      73.675



Convergence diagnostics results for chain 1.

Geweke (1992) Convergence Tests, based on means of draws 125000 to 150000 vs 187500 to 250000 for chain 1.
p-values are for Chi2-test for equality of means.
Parameter          Post. Mean        Post. Std   p-val No Taper   p-val 4% Taper   p-val 8% Taper  p-val 15% Taper
SE_eta_a                3.288            1.081            0.036            0.923            0.927            0.924
SE_eta_e                0.060            0.008            0.000            0.305            0.278            0.262
SE_eta_z                0.802            0.111            0.000            0.199            0.163            0.130
SE_eta_r                0.292            0.031            0.094            0.830            0.823            0.818
SKEW_eta_a             -0.076            0.246            0.000            0.194            0.203            0.182
SKEW_eta_e             -0.364            0.221            0.026            0.785            0.781            0.792
SKEW_eta_z             -0.387            0.330            0.315            0.913            0.917            0.918
SKEW_eta_r              0.513            0.182            0.000            0.483            0.507            0.474
OMEGA                   0.137            0.052            0.000            0.748            0.755            0.718
RHO_PI                  0.468            0.094            0.004            0.729            0.713            0.679
RHO_G                   0.359            0.046            0.000            0.196            0.204            0.193
RHO_X                   0.223            0.051            0.108            0.857            0.868            0.870
RHO_A                   0.922            0.028            0.000            0.357            0.377            0.369
RHO_E                   0.903            0.035            0.000            0.667            0.675            0.690




Convergence diagnostics results for chain 2.

Geweke (1992) Convergence Tests, based on means of draws 125000 to 150000 vs 187500 to 250000 for chain 2.
p-values are for Chi2-test for equality of means.
Parameter          Post. Mean        Post. Std   p-val No Taper   p-val 4% Taper   p-val 8% Taper  p-val 15% Taper
SE_eta_a                3.230            0.924            0.000            0.293            0.290            0.307
SE_eta_e                0.061            0.008            0.000            0.105            0.093            0.088
SE_eta_z                0.794            0.109            0.000            0.119            0.110            0.111
SE_eta_r                0.293            0.032            0.000            0.534            0.546            0.528
SKEW_eta_a             -0.084            0.245            0.000            0.072            0.066            0.048
SKEW_eta_e             -0.360            0.223            0.037            0.788            0.763            0.692
SKEW_eta_z             -0.375            0.333            0.000            0.603            0.595            0.610
SKEW_eta_r              0.518            0.182            0.000            0.288            0.247            0.222
OMEGA                   0.140            0.053            0.000            0.431            0.475            0.507
RHO_PI                  0.468            0.095            0.000            0.448            0.455            0.394
RHO_G                   0.360            0.046            0.000            0.363            0.392            0.369
RHO_X                   0.224            0.052            0.000            0.418            0.417            0.384
RHO_A                   0.922            0.027            0.891            0.990            0.989            0.990
RHO_E                   0.903            0.035            0.010            0.764            0.776            0.778




Convergence diagnostics results for chain 3.

Geweke (1992) Convergence Tests, based on means of draws 125000 to 150000 vs 187500 to 250000 for chain 3.
p-values are for Chi2-test for equality of means.
Parameter          Post. Mean        Post. Std   p-val No Taper   p-val 4% Taper   p-val 8% Taper  p-val 15% Taper
SE_eta_a                3.253            1.044            0.000            0.469            0.502            0.525
SE_eta_e                0.060            0.008            0.000            0.262            0.246            0.168
SE_eta_z                0.799            0.109            0.000            0.388            0.330            0.267
SE_eta_r                0.292            0.032            0.000            0.430            0.400            0.354
SKEW_eta_a             -0.075            0.248            0.000            0.084            0.140            0.210
SKEW_eta_e             -0.356            0.225            0.006            0.758            0.758            0.771
SKEW_eta_z             -0.385            0.330            0.230            0.890            0.879            0.879
SKEW_eta_r              0.512            0.186            0.000            0.270            0.240            0.177
OMEGA                   0.139            0.055            0.241            0.899            0.898            0.892
RHO_PI                  0.468            0.094            0.000            0.585            0.565            0.545
RHO_G                   0.359            0.047            0.000            0.524            0.543            0.585
RHO_X                   0.222            0.050            0.000            0.061            0.046            0.047
RHO_A                   0.921            0.029            0.000            0.184            0.204            0.250
RHO_E                   0.903            0.034            0.001            0.703            0.670            0.616




Convergence diagnostics results for chain 4.

Geweke (1992) Convergence Tests, based on means of draws 125000 to 150000 vs 187500 to 250000 for chain 4.
p-values are for Chi2-test for equality of means.
Parameter          Post. Mean        Post. Std   p-val No Taper   p-val 4% Taper   p-val 8% Taper  p-val 15% Taper
SE_eta_a                3.212            0.913            0.676            0.960            0.956            0.957
SE_eta_e                0.061            0.008            0.000            0.013            0.010            0.006
SE_eta_z                0.798            0.108            0.002            0.687            0.685            0.686
SE_eta_r                0.293            0.032            0.002            0.640            0.616            0.586
SKEW_eta_a             -0.089            0.244            0.431            0.923            0.917            0.904
SKEW_eta_e             -0.359            0.223            0.000            0.214            0.207            0.188
SKEW_eta_z             -0.370            0.338            0.011            0.741            0.717            0.679
SKEW_eta_r              0.520            0.181            0.000            0.292            0.221            0.183
OMEGA                   0.140            0.053            0.014            0.752            0.769            0.769
RHO_PI                  0.465            0.096            0.000            0.028            0.022            0.004
RHO_G                   0.360            0.047            0.000            0.012            0.013            0.009
RHO_X                   0.224            0.052            0.099            0.827            0.815            0.810
RHO_A                   0.922            0.028            0.000            0.437            0.406            0.421
RHO_E                   0.902            0.035            0.000            0.397            0.385            0.331




Convergence diagnostics results for chain 5.

Geweke (1992) Convergence Tests, based on means of draws 125000 to 150000 vs 187500 to 250000 for chain 5.
p-values are for Chi2-test for equality of means.
Parameter          Post. Mean        Post. Std   p-val No Taper   p-val 4% Taper   p-val 8% Taper  p-val 15% Taper
SE_eta_a                3.224            0.947            0.000            0.507            0.524            0.540
SE_eta_e                0.060            0.008            0.000            0.654            0.612            0.542
SE_eta_z                0.798            0.109            0.000            0.620            0.639            0.579
SE_eta_r                0.292            0.031            0.000            0.502            0.478            0.493
SKEW_eta_a             -0.085            0.242            0.394            0.919            0.920            0.922
SKEW_eta_e             -0.363            0.220            0.001            0.683            0.675            0.657
SKEW_eta_z             -0.383            0.329            0.588            0.940            0.940            0.941
SKEW_eta_r              0.514            0.184            0.000            0.394            0.373            0.213
OMEGA                   0.140            0.054            0.000            0.142            0.194            0.217
RHO_PI                  0.467            0.095            0.007            0.776            0.780            0.754
RHO_G                   0.359            0.046            0.000            0.697            0.691            0.695
RHO_X                   0.223            0.051            0.000            0.040            0.043            0.039
RHO_A                   0.921            0.028            0.000            0.522            0.527            0.539
RHO_E                   0.903            0.035            0.000            0.676            0.686            0.681




Convergence diagnostics results for chain 6.

Geweke (1992) Convergence Tests, based on means of draws 125000 to 150000 vs 187500 to 250000 for chain 6.
p-values are for Chi2-test for equality of means.
Parameter          Post. Mean        Post. Std   p-val No Taper   p-val 4% Taper   p-val 8% Taper  p-val 15% Taper
SE_eta_a                3.236            1.024            0.000            0.615            0.639            0.674
SE_eta_e                0.060            0.008            0.000            0.361            0.392            0.391
SE_eta_z                0.800            0.110            0.000            0.285            0.292            0.241
SE_eta_r                0.292            0.032            0.000            0.374            0.348            0.298
SKEW_eta_a             -0.078            0.248            0.227            0.877            0.885            0.893
SKEW_eta_e             -0.363            0.221            0.000            0.209            0.254            0.292
SKEW_eta_z             -0.384            0.331            0.000            0.600            0.586            0.567
SKEW_eta_r              0.514            0.184            0.006            0.750            0.733            0.711
OMEGA                   0.140            0.055            0.059            0.863            0.873            0.886
RHO_PI                  0.465            0.095            0.000            0.338            0.289            0.229
RHO_G                   0.359            0.047            0.000            0.344            0.319            0.338
RHO_X                   0.224            0.051            0.049            0.793            0.785            0.745
RHO_A                   0.921            0.028            0.556            0.961            0.960            0.962
RHO_E                   0.903            0.035            0.000            0.400            0.425            0.422




Convergence diagnostics results for chain 7.

Geweke (1992) Convergence Tests, based on means of draws 125000 to 150000 vs 187500 to 250000 for chain 7.
p-values are for Chi2-test for equality of means.
Parameter          Post. Mean        Post. Std   p-val No Taper   p-val 4% Taper   p-val 8% Taper  p-val 15% Taper
SE_eta_a                3.258            0.989            0.000            0.432            0.421            0.394
SE_eta_e                0.060            0.008            0.000            0.160            0.160            0.149
SE_eta_z                0.798            0.108            0.000            0.216            0.169            0.115
SE_eta_r                0.293            0.032            0.000            0.487            0.508            0.541
SKEW_eta_a             -0.083            0.246            0.022            0.811            0.812            0.800
SKEW_eta_e             -0.357            0.224            0.000            0.140            0.144            0.130
SKEW_eta_z             -0.381            0.333            0.000            0.624            0.573            0.500
SKEW_eta_r              0.519            0.182            0.669            0.959            0.958            0.951
OMEGA                   0.138            0.053            0.019            0.799            0.790            0.776
RHO_PI                  0.468            0.096            0.000            0.324            0.268            0.259
RHO_G                   0.360            0.047            0.000            0.564            0.573            0.549
RHO_X                   0.223            0.051            0.000            0.039            0.049            0.076
RHO_A                   0.922            0.028            0.000            0.236            0.227            0.174
RHO_E                   0.903            0.035            0.121            0.862            0.865            0.878




Convergence diagnostics results for chain 8.

Geweke (1992) Convergence Tests, based on means of draws 125000 to 150000 vs 187500 to 250000 for chain 8.
p-values are for Chi2-test for equality of means.
Parameter          Post. Mean        Post. Std   p-val No Taper   p-val 4% Taper   p-val 8% Taper  p-val 15% Taper
SE_eta_a                3.248            0.973            0.000            0.744            0.750            0.754
SE_eta_e                0.060            0.008            0.765            0.971            0.972            0.972
SE_eta_z                0.798            0.108            0.000            0.580            0.564            0.536
SE_eta_r                0.292            0.031            0.000            0.212            0.177            0.132
SKEW_eta_a             -0.092            0.244            0.234            0.901            0.908            0.907
SKEW_eta_e             -0.366            0.218            0.000            0.646            0.625            0.582
SKEW_eta_z             -0.368            0.335            0.000            0.525            0.561            0.599
SKEW_eta_r              0.520            0.181            0.000            0.669            0.667            0.624
OMEGA                   0.139            0.053            0.178            0.873            0.854            0.825
RHO_PI                  0.466            0.095            0.000            0.534            0.513            0.495
RHO_G                   0.360            0.046            0.000            0.590            0.590            0.613
RHO_X                   0.223            0.051            0.017            0.787            0.771            0.772
RHO_A                   0.922            0.028            0.000            0.643            0.674            0.689
RHO_E                   0.902            0.034            0.014            0.774            0.770            0.780


Univariate convergence diagnostic, Brooks and Gelman (1998):
    Parameter 1...  Done! 
    Parameter 2...  Done! 
    Parameter 3...  Done! 
    Parameter 4...  Done! 
    Parameter 5...  Done! 
    Parameter 6...  Done! 
    Parameter 7...  Done! 
    Parameter 8...  Done! 
    Parameter 9...  Done! 
    Parameter 10...  Done! 
    Parameter 11...  Done! 
    Parameter 12...  Done! 
    Parameter 13...  Done! 
    Parameter 14...  Done! 

marginal density: I'm computing the posterior mean and covariance...  Done!
marginal density: I'm computing the posterior log marginal density (modified harmonic mean)... Done!


ESTIMATION RESULTS

Log data density (Modified Harmonic Mean) is 1186.619591.
parameters
             prior mean   post. mean        90% HPD interval    prior       pstdev

OMEGA             0.200       0.1393      0.0508      0.2220     beta       0.1000
RHO_PI            0.300       0.4675      0.3105      0.6217     gamm       0.1000
RHO_G             0.300       0.3591      0.2824      0.4329     gamm       0.1000
RHO_X             0.250       0.2232      0.1401      0.3039     gamm       0.0625
RHO_A             0.850       0.9213      0.8777      0.9652     beta       0.1000
RHO_E             0.850       0.9028      0.8473      0.9600     beta       0.1000

standard deviation of shocks
             prior mean   post. mean        90% HPD interval    prior       pstdev

eta_a             5.477       3.2292      1.8358      4.5749     invg       5.4772
eta_e             0.283       0.0604      0.0466      0.0736     invg       1.0000
eta_z             2.236       0.7987      0.6214      0.9787     invg       3.8730
eta_r             0.707       0.2920      0.2401      0.3422     invg       1.4142

skewness of shocks
             prior mean   post. mean        90% HPD interval    prior       pstdev

eta_a             0.000      -0.0823     -0.4730      0.3251     beta       0.4000
eta_e             0.000      -0.3603     -0.7301     -0.0193     beta       0.4000
eta_z             0.000      -0.3802     -0.8880      0.1455     beta       0.4000
eta_r             0.000       0.5181      0.2319      0.8185     beta       0.4000
Total computing time : 8h32m49s
Note: warning(s) encountered in MATLAB/Octave code
