Starting Dynare (version 7-unstable).
Calling Dynare with arguments: none
Using build directory: /Applications/Dynare/7-unstable-arm64/matlab/../build-matlab
Starting preprocessing of the model file ...
Found 8 equation(s).
Evaluating expressions...
Computing static model derivatives (order 1).
Normalizing the static model...
Finding the optimal block decomposition of the static model...
6 block(s) found:
  5 recursive block(s) and 1 simultaneous block(s).
  the largest simultaneous block has 2 equation(s)
                                 and 2 feedback variable(s).
Computing dynamic model derivatives (order 2).
Normalizing the dynamic model...
Finding the optimal block decomposition of the dynamic model...
2 block(s) found:
  1 recursive block(s) and 1 simultaneous block(s).
  the largest simultaneous block has 5 equation(s)
                                 and 5 feedback variable(s).
Preprocessing completed.
Preprocessing time: 0h00m00s.
Starting parallel pool (parpool) using the 'Processes' profile ...
Connected to parallel pool with 8 workers.

You did not declare endogenous variables after the estimation/calib_smoother command.

Initial value of the log posterior (or likelihood): 1204.3727

RESULTS FROM POSTERIOR ESTIMATION
parameters
       prior mean     mode    s.d.  prior pstdev

OMEGA      0.2000   0.1402  0.0493   beta 0.1000 
RHO_PI     0.3000   0.5242  0.0973   gamm 0.1000 
RHO_G      0.3000   0.3577  0.0513   gamm 0.1000 
RHO_X      0.2500   0.1730  0.0507   gamm 0.0625 
RHO_A      0.8500   0.9198  0.0290   beta 0.1000 
RHO_E      0.8500   0.9166  0.0342   beta 0.1000 

standard deviation of shocks
       prior mean     mode    s.d.  prior pstdev

eta_a      5.4772   3.2497  1.0131   invg 5.4772 
eta_e      0.2828   0.0644  0.0081   invg 1.0000 
eta_z      2.2361   0.7139  0.1069   invg 3.8730 
eta_r      0.7071   0.2990  0.0328   invg 1.4142 


Log data density [Laplace approximation] is 1183.031095.

Estimation::mcmc: Multiple chains mode.
Estimation::mcmc: Searching for initial values...
Estimation::mcmc: Initial values found!

Estimation::mcmc: Write details about the MCMC... Ok!
Estimation::mcmc: Details about the MCMC are available in ireland2004_bayes_5_rwmh_slice_short_gaussian/metropolis/ireland2004_bayes_5_rwmh_slice_short_gaussian_mh_history_0.mat


Estimation::mcmc: Number of mh files: 1 per block.
Estimation::mcmc: Total number of generated files: 8.
Estimation::mcmc: Total number of iterations: 250000.
Estimation::mcmc: Current acceptance ratio per chain:
                                                       Chain  1: 29.898%
                                                       Chain  2: 29.9252%
                                                       Chain  3: 30.158%
                                                       Chain  4: 29.8952%
                                                       Chain  5: 30.036%
                                                       Chain  6: 30.3324%
                                                       Chain  7: 29.9344%
                                                       Chain  8: 30.0664%
Estimation::mcmc: Total number of MH draws per chain: 250000.
Estimation::mcmc: Total number of generated MH files: 1.
Estimation::mcmc: I'll use mh-files 1 to 1.
Estimation::mcmc: In MH-file number 1 I'll start at line 125001.
Estimation::mcmc: Finally I keep 125000 draws per chain.



MCMC Inefficiency factors per block
Parameter       Block 1     Block 2     Block 3     Block 4     Block 5     Block 6     Block 7     Block 8
SE_eta_a         92.226     116.180      71.208     130.666     127.797     138.048      88.287     128.182
SE_eta_e         47.808      59.835      61.609      49.442      61.779      60.884      61.729      58.701
SE_eta_z         52.078      55.797      49.898      53.279      47.569      52.118      55.789      46.312
SE_eta_r         50.578      48.111      51.128      56.802      50.661      56.458      61.315      52.867
OMEGA            64.476      67.546      61.010      68.139      57.912      72.674      65.083      61.750
RHO_PI           51.099      50.865      49.912      47.820      43.590      57.191      46.540      50.699
RHO_G            54.827      52.510      54.136      49.941      55.016      49.246      62.321      56.765
RHO_X            54.006      56.483      59.052      52.376      57.952      70.051      67.053      53.582
RHO_A           109.809      79.761      81.494     101.259     110.388      89.971      83.775      77.665
RHO_E            55.005      57.302      56.872      53.256      49.165      47.764      60.923      65.946



Convergence diagnostics results for chain 1.

Geweke (1992) Convergence Tests, based on means of draws 125000 to 150000 vs 187500 to 250000 for chain 1.
p-values are for Chi2-test for equality of means.
Parameter         Post. Mean        Post. Std   p-val No Taper   p-val 4% Taper   p-val 8% Taper  p-val 15% Taper
SE_eta_a               3.250            0.925            0.000            0.250            0.268            0.217
SE_eta_e               0.060            0.008            0.000            0.490            0.515            0.540
SE_eta_z               0.791            0.106            0.000            0.010            0.014            0.015
SE_eta_r               0.295            0.032            0.537            0.924            0.915            0.912
OMEGA                  0.128            0.049            0.000            0.164            0.173            0.163
RHO_PI                 0.502            0.097            0.000            0.237            0.244            0.277
RHO_G                  0.362            0.051            0.188            0.830            0.813            0.827
RHO_X                  0.206            0.051            0.000            0.241            0.249            0.214
RHO_A                  0.912            0.031            0.000            0.237            0.246            0.205
RHO_E                  0.911            0.035            0.000            0.412            0.403            0.346




Convergence diagnostics results for chain 2.

Geweke (1992) Convergence Tests, based on means of draws 125000 to 150000 vs 187500 to 250000 for chain 2.
p-values are for Chi2-test for equality of means.
Parameter         Post. Mean        Post. Std   p-val No Taper   p-val 4% Taper   p-val 8% Taper  p-val 15% Taper
SE_eta_a               3.296            0.958            0.000            0.306            0.248            0.189
SE_eta_e               0.060            0.008            0.000            0.026            0.042            0.052
SE_eta_z               0.787            0.104            0.168            0.841            0.838            0.826
SE_eta_r               0.295            0.032            0.416            0.906            0.920            0.925
OMEGA                  0.128            0.050            0.000            0.609            0.563            0.502
RHO_PI                 0.502            0.096            0.000            0.173            0.160            0.131
RHO_G                  0.362            0.051            0.000            0.301            0.308            0.290
RHO_X                  0.203            0.050            0.000            0.417            0.395            0.397
RHO_A                  0.914            0.029            0.000            0.479            0.452            0.455
RHO_E                  0.912            0.035            0.000            0.562            0.551            0.477




Convergence diagnostics results for chain 3.

Geweke (1992) Convergence Tests, based on means of draws 125000 to 150000 vs 187500 to 250000 for chain 3.
p-values are for Chi2-test for equality of means.
Parameter         Post. Mean        Post. Std   p-val No Taper   p-val 4% Taper   p-val 8% Taper  p-val 15% Taper
SE_eta_a               3.238            0.883            0.000            0.271            0.262            0.253
SE_eta_e               0.060            0.008            0.000            0.217            0.200            0.197
SE_eta_z               0.787            0.106            0.002            0.662            0.619            0.500
SE_eta_r               0.295            0.033            0.258            0.871            0.871            0.878
OMEGA                  0.129            0.049            0.467            0.925            0.924            0.919
RHO_PI                 0.501            0.095            0.000            0.024            0.028            0.018
RHO_G                  0.361            0.052            0.000            0.259            0.242            0.226
RHO_X                  0.204            0.050            0.000            0.074            0.071            0.057
RHO_A                  0.912            0.030            0.000            0.035            0.034            0.027
RHO_E                  0.911            0.035            0.000            0.003            0.001            0.000




Convergence diagnostics results for chain 4.

Geweke (1992) Convergence Tests, based on means of draws 125000 to 150000 vs 187500 to 250000 for chain 4.
p-values are for Chi2-test for equality of means.
Parameter         Post. Mean        Post. Std   p-val No Taper   p-val 4% Taper   p-val 8% Taper  p-val 15% Taper
SE_eta_a               3.315            0.963            0.000            0.642            0.635            0.564
SE_eta_e               0.060            0.008            0.000            0.215            0.226            0.240
SE_eta_z               0.786            0.105            0.910            0.988            0.988            0.989
SE_eta_r               0.295            0.032            0.000            0.448            0.455            0.447
OMEGA                  0.127            0.048            0.000            0.633            0.617            0.565
RHO_PI                 0.501            0.095            0.891            0.982            0.982            0.981
RHO_G                  0.364            0.052            0.000            0.214            0.214            0.227
RHO_X                  0.205            0.050            0.000            0.431            0.444            0.414
RHO_A                  0.915            0.029            0.000            0.542            0.524            0.457
RHO_E                  0.911            0.034            0.884            0.983            0.985            0.985




Convergence diagnostics results for chain 5.

Geweke (1992) Convergence Tests, based on means of draws 125000 to 150000 vs 187500 to 250000 for chain 5.
p-values are for Chi2-test for equality of means.
Parameter         Post. Mean        Post. Std   p-val No Taper   p-val 4% Taper   p-val 8% Taper  p-val 15% Taper
SE_eta_a               3.273            0.943            0.000            0.380            0.340            0.269
SE_eta_e               0.060            0.008            0.012            0.717            0.740            0.768
SE_eta_z               0.788            0.103            0.030            0.761            0.765            0.771
SE_eta_r               0.295            0.033            0.000            0.360            0.363            0.331
OMEGA                  0.128            0.049            0.000            0.521            0.477            0.373
RHO_PI                 0.499            0.097            0.000            0.364            0.372            0.390
RHO_G                  0.363            0.052            0.000            0.209            0.187            0.079
RHO_X                  0.205            0.050            0.000            0.362            0.339            0.289
RHO_A                  0.913            0.030            0.000            0.504            0.485            0.468
RHO_E                  0.910            0.035            0.000            0.091            0.093            0.061




Convergence diagnostics results for chain 6.

Geweke (1992) Convergence Tests, based on means of draws 125000 to 150000 vs 187500 to 250000 for chain 6.
p-values are for Chi2-test for equality of means.
Parameter         Post. Mean        Post. Std   p-val No Taper   p-val 4% Taper   p-val 8% Taper  p-val 15% Taper
SE_eta_a               3.267            0.917            0.150            0.909            0.915            0.919
SE_eta_e               0.060            0.008            0.001            0.717            0.733            0.717
SE_eta_z               0.787            0.104            0.000            0.386            0.355            0.346
SE_eta_r               0.295            0.032            0.000            0.016            0.013            0.016
OMEGA                  0.128            0.050            0.000            0.131            0.181            0.200
RHO_PI                 0.502            0.097            0.000            0.018            0.019            0.007
RHO_G                  0.363            0.051            0.000            0.397            0.313            0.275
RHO_X                  0.205            0.052            0.000            0.088            0.097            0.082
RHO_A                  0.913            0.029            0.000            0.526            0.580            0.625
RHO_E                  0.911            0.035            0.000            0.037            0.048            0.023




Convergence diagnostics results for chain 7.

Geweke (1992) Convergence Tests, based on means of draws 125000 to 150000 vs 187500 to 250000 for chain 7.
p-values are for Chi2-test for equality of means.
Parameter         Post. Mean        Post. Std   p-val No Taper   p-val 4% Taper   p-val 8% Taper  p-val 15% Taper
SE_eta_a               3.278            0.931            0.000            0.631            0.595            0.551
SE_eta_e               0.060            0.008            0.000            0.492            0.494            0.469
SE_eta_z               0.787            0.105            0.063            0.788            0.765            0.745
SE_eta_r               0.294            0.032            0.003            0.679            0.676            0.649
OMEGA                  0.127            0.049            0.000            0.128            0.059            0.038
RHO_PI                 0.497            0.096            0.000            0.220            0.210            0.187
RHO_G                  0.362            0.051            0.000            0.312            0.330            0.303
RHO_X                  0.205            0.051            0.000            0.633            0.603            0.589
RHO_A                  0.913            0.030            0.011            0.779            0.762            0.748
RHO_E                  0.911            0.035            0.000            0.644            0.644            0.610




Convergence diagnostics results for chain 8.

Geweke (1992) Convergence Tests, based on means of draws 125000 to 150000 vs 187500 to 250000 for chain 8.
p-values are for Chi2-test for equality of means.
Parameter         Post. Mean        Post. Std   p-val No Taper   p-val 4% Taper   p-val 8% Taper  p-val 15% Taper
SE_eta_a               3.303            0.974            0.000            0.263            0.200            0.144
SE_eta_e               0.060            0.008            0.117            0.816            0.806            0.794
SE_eta_z               0.789            0.106            0.001            0.581            0.525            0.512
SE_eta_r               0.295            0.033            0.000            0.391            0.431            0.480
OMEGA                  0.127            0.049            0.000            0.371            0.318            0.346
RHO_PI                 0.500            0.096            0.273            0.858            0.845            0.834
RHO_G                  0.362            0.052            0.000            0.246            0.290            0.353
RHO_X                  0.205            0.051            0.000            0.218            0.232            0.209
RHO_A                  0.914            0.029            0.816            0.976            0.973            0.971
RHO_E                  0.911            0.035            0.000            0.545            0.572            0.598


Univariate convergence diagnostic, Brooks and Gelman (1998):
    Parameter 1...  Done! 
    Parameter 2...  Done! 
    Parameter 3...  Done! 
    Parameter 4...  Done! 
    Parameter 5...  Done! 
    Parameter 6...  Done! 
    Parameter 7...  Done! 
    Parameter 8...  Done! 
    Parameter 9...  Done! 
    Parameter 10...  Done! 

marginal density: I'm computing the posterior mean and covariance...  Done!
marginal density: I'm computing the posterior log marginal density (modified harmonic mean)... Done!


ESTIMATION RESULTS

Log data density (Modified Harmonic Mean) is 1182.773447.
parameters
         prior mean   post. mean        90% HPD interval    prior       pstdev

OMEGA         0.200       0.1281      0.0477      0.2046     beta       0.1000
RHO_PI        0.300       0.5002      0.3426      0.6580     gamm       0.1000
RHO_G         0.300       0.3625      0.2771      0.4456     gamm       0.1000
RHO_X         0.250       0.2049      0.1215      0.2837     gamm       0.0625
RHO_A         0.850       0.9134      0.8685      0.9603     beta       0.1000
RHO_E         0.850       0.9110      0.8557      0.9684     beta       0.1000

standard deviation of shocks
         prior mean   post. mean        90% HPD interval    prior       pstdev

eta_a         5.477       3.2801      1.9076      4.6005     invg       5.4772
eta_e         0.283       0.0600      0.0465      0.0731     invg       1.0000
eta_z         2.236       0.7878      0.6141      0.9585     invg       3.8730
eta_r         0.707       0.2948      0.2418      0.3462     invg       1.4142
Total computing time : 0h21m28s
