Starting Dynare (version 7-unstable).
Calling Dynare with arguments: none
Using build directory: /Applications/Dynare/7-unstable-arm64/matlab/../build-matlab
Starting preprocessing of the model file ...
Found 8 equation(s).
Evaluating expressions...
Computing static model derivatives (order 1).
Normalizing the static model...
Finding the optimal block decomposition of the static model...
6 block(s) found:
  5 recursive block(s) and 1 simultaneous block(s).
  the largest simultaneous block has 2 equation(s)
                                 and 2 feedback variable(s).
Computing dynamic model derivatives (order 2).
Normalizing the dynamic model...
Finding the optimal block decomposition of the dynamic model...
2 block(s) found:
  1 recursive block(s) and 1 simultaneous block(s).
  the largest simultaneous block has 5 equation(s)
                                 and 5 feedback variable(s).
Preprocessing completed.
Preprocessing time: 0h00m00s.

You did not declare endogenous variables after the estimation/calib_smoother command.

dynare_estimation_init: slice requires bounded support. Setting options_.prior_trunc=1e-10.
Initial value of the log posterior (or likelihood): 989.1481
Estimation::mcmc: Multiple chains mode.
Estimation::mcmc: Searching for initial values...
Estimation::mcmc: Initial values found!

Estimation::mcmc: Write details about the MCMC... Ok!
Estimation::mcmc: Details about the MCMC are available in ireland2004_bayes_3_mode_slice_gaussian/metropolis/ireland2004_bayes_3_mode_slice_gaussian_mh_history_0.mat


Estimation::mcmc: Number of mh files: 1 per block.
Estimation::mcmc: Total number of generated files: 8.
Estimation::mcmc: Total number of iterations: 25.
Estimation::mcmc: Current acceptance ratio per chain:
                                                       Chain  1: 100%
                                                       Chain  2: 100%
                                                       Chain  3: 100%
                                                       Chain  4: 100%
                                                       Chain  5: 100%
                                                       Chain  6: 100%
                                                       Chain  7: 100%
                                                       Chain  8: 100%
Estimation::mcmc: Current function evaluations per iteration:
                                                       Chain  1: 66.8
                                                       Chain  2: 64.68
                                                       Chain  3: 65.2
                                                       Chain  4: 66.52
                                                       Chain  5: 67
                                                       Chain  6: 65.88
                                                       Chain  7: 67
                                                       Chain  8: 65.76
Estimation::mcmc: Total number of MH draws per chain: 25.
Estimation::mcmc: Total number of generated MH files: 1.
Estimation::mcmc: I'll use mh-files 1 to 1.
Estimation::mcmc: In MH-file number 1 I'll start at line 6.
Estimation::mcmc: Finally I keep 20 draws per chain.



MCMC Inefficiency factors per block
Parameter       Block 1     Block 2     Block 3     Block 4     Block 5     Block 6     Block 7     Block 8
SE_eta_a          5.028       5.778       2.726       2.937       5.379       4.824       3.949       3.972
SE_eta_e          3.893       5.194       4.104       4.019       3.670       3.173       5.358       2.758
SE_eta_z          5.397       2.551       2.701       2.413       2.921       4.935       2.320       2.547
SE_eta_r          4.988       3.639       2.953       4.459       3.323       3.738       3.596       3.327
OMEGA             3.884       3.883       3.149       2.797       3.603       3.557       3.840       3.068
RHO_PI            3.503       2.473       4.678       4.888       4.776       4.789       2.539       5.245
RHO_G             2.917       3.555       2.675       3.619       4.024       3.514       3.549       2.898
RHO_X             3.679       4.238       3.840       3.059       4.516       3.025       4.395       3.018
RHO_A             4.836       5.716       2.831       3.170       4.354       4.521       3.877       4.465
RHO_E             4.291       4.469       4.188       4.763       4.686       4.728       5.689       4.674



Convergence diagnostics results for chain 1.

Geweke (1992) Convergence Tests, based on means of draws 5 to 9 vs 15 to 25 for chain 1.
p-values are for Chi2-test for equality of means.
Parameter         Post. Mean        Post. Std   p-val No Taper   p-val 4% Taper   p-val 8% Taper  p-val 15% Taper
SE_eta_a                 NaN              NaN              NaN              NaN              NaN              NaN
SE_eta_e                 NaN              NaN              NaN              NaN              NaN              NaN
SE_eta_z                 NaN              NaN              NaN              NaN              NaN              NaN
SE_eta_r                 NaN              NaN              NaN              NaN              NaN              NaN
OMEGA                    NaN              NaN              NaN              NaN              NaN              NaN
RHO_PI                   NaN              NaN              NaN              NaN              NaN              NaN
RHO_G                    NaN              NaN              NaN              NaN              NaN              NaN
RHO_X                    NaN              NaN              NaN              NaN              NaN              NaN
RHO_A                    NaN              NaN              NaN              NaN              NaN              NaN
RHO_E                    NaN              NaN              NaN              NaN              NaN              NaN




Convergence diagnostics results for chain 2.

Geweke (1992) Convergence Tests, based on means of draws 5 to 9 vs 15 to 25 for chain 2.
p-values are for Chi2-test for equality of means.
Parameter         Post. Mean        Post. Std   p-val No Taper   p-val 4% Taper   p-val 8% Taper  p-val 15% Taper
SE_eta_a                 NaN              NaN              NaN              NaN              NaN              NaN
SE_eta_e                 NaN              NaN              NaN              NaN              NaN              NaN
SE_eta_z                 NaN              NaN              NaN              NaN              NaN              NaN
SE_eta_r                 NaN              NaN              NaN              NaN              NaN              NaN
OMEGA                    NaN              NaN              NaN              NaN              NaN              NaN
RHO_PI                   NaN              NaN              NaN              NaN              NaN              NaN
RHO_G                    NaN              NaN              NaN              NaN              NaN              NaN
RHO_X                    NaN              NaN              NaN              NaN              NaN              NaN
RHO_A                    NaN              NaN              NaN              NaN              NaN              NaN
RHO_E                    NaN              NaN              NaN              NaN              NaN              NaN




Convergence diagnostics results for chain 3.

Geweke (1992) Convergence Tests, based on means of draws 5 to 9 vs 15 to 25 for chain 3.
p-values are for Chi2-test for equality of means.
Parameter         Post. Mean        Post. Std   p-val No Taper   p-val 4% Taper   p-val 8% Taper  p-val 15% Taper
SE_eta_a                 NaN              NaN              NaN              NaN              NaN              NaN
SE_eta_e                 NaN              NaN              NaN              NaN              NaN              NaN
SE_eta_z                 NaN              NaN              NaN              NaN              NaN              NaN
SE_eta_r                 NaN              NaN              NaN              NaN              NaN              NaN
OMEGA                    NaN              NaN              NaN              NaN              NaN              NaN
RHO_PI                   NaN              NaN              NaN              NaN              NaN              NaN
RHO_G                    NaN              NaN              NaN              NaN              NaN              NaN
RHO_X                    NaN              NaN              NaN              NaN              NaN              NaN
RHO_A                    NaN              NaN              NaN              NaN              NaN              NaN
RHO_E                    NaN              NaN              NaN              NaN              NaN              NaN




Convergence diagnostics results for chain 4.

Geweke (1992) Convergence Tests, based on means of draws 5 to 9 vs 15 to 25 for chain 4.
p-values are for Chi2-test for equality of means.
Parameter         Post. Mean        Post. Std   p-val No Taper   p-val 4% Taper   p-val 8% Taper  p-val 15% Taper
SE_eta_a                 NaN              NaN              NaN              NaN              NaN              NaN
SE_eta_e                 NaN              NaN              NaN              NaN              NaN              NaN
SE_eta_z                 NaN              NaN              NaN              NaN              NaN              NaN
SE_eta_r                 NaN              NaN              NaN              NaN              NaN              NaN
OMEGA                    NaN              NaN              NaN              NaN              NaN              NaN
RHO_PI                   NaN              NaN              NaN              NaN              NaN              NaN
RHO_G                    NaN              NaN              NaN              NaN              NaN              NaN
RHO_X                    NaN              NaN              NaN              NaN              NaN              NaN
RHO_A                    NaN              NaN              NaN              NaN              NaN              NaN
RHO_E                    NaN              NaN              NaN              NaN              NaN              NaN




Convergence diagnostics results for chain 5.

Geweke (1992) Convergence Tests, based on means of draws 5 to 9 vs 15 to 25 for chain 5.
p-values are for Chi2-test for equality of means.
Parameter         Post. Mean        Post. Std   p-val No Taper   p-val 4% Taper   p-val 8% Taper  p-val 15% Taper
SE_eta_a                 NaN              NaN              NaN              NaN              NaN              NaN
SE_eta_e                 NaN              NaN              NaN              NaN              NaN              NaN
SE_eta_z                 NaN              NaN              NaN              NaN              NaN              NaN
SE_eta_r                 NaN              NaN              NaN              NaN              NaN              NaN
OMEGA                    NaN              NaN              NaN              NaN              NaN              NaN
RHO_PI                   NaN              NaN              NaN              NaN              NaN              NaN
RHO_G                    NaN              NaN              NaN              NaN              NaN              NaN
RHO_X                    NaN              NaN              NaN              NaN              NaN              NaN
RHO_A                    NaN              NaN              NaN              NaN              NaN              NaN
RHO_E                    NaN              NaN              NaN              NaN              NaN              NaN




Convergence diagnostics results for chain 6.

Geweke (1992) Convergence Tests, based on means of draws 5 to 9 vs 15 to 25 for chain 6.
p-values are for Chi2-test for equality of means.
Parameter         Post. Mean        Post. Std   p-val No Taper   p-val 4% Taper   p-val 8% Taper  p-val 15% Taper
SE_eta_a                 NaN              NaN              NaN              NaN              NaN              NaN
SE_eta_e                 NaN              NaN              NaN              NaN              NaN              NaN
SE_eta_z                 NaN              NaN              NaN              NaN              NaN              NaN
SE_eta_r                 NaN              NaN              NaN              NaN              NaN              NaN
OMEGA                    NaN              NaN              NaN              NaN              NaN              NaN
RHO_PI                   NaN              NaN              NaN              NaN              NaN              NaN
RHO_G                    NaN              NaN              NaN              NaN              NaN              NaN
RHO_X                    NaN              NaN              NaN              NaN              NaN              NaN
RHO_A                    NaN              NaN              NaN              NaN              NaN              NaN
RHO_E                    NaN              NaN              NaN              NaN              NaN              NaN




Convergence diagnostics results for chain 7.

Geweke (1992) Convergence Tests, based on means of draws 5 to 9 vs 15 to 25 for chain 7.
p-values are for Chi2-test for equality of means.
Parameter         Post. Mean        Post. Std   p-val No Taper   p-val 4% Taper   p-val 8% Taper  p-val 15% Taper
SE_eta_a                 NaN              NaN              NaN              NaN              NaN              NaN
SE_eta_e                 NaN              NaN              NaN              NaN              NaN              NaN
SE_eta_z                 NaN              NaN              NaN              NaN              NaN              NaN
SE_eta_r                 NaN              NaN              NaN              NaN              NaN              NaN
OMEGA                    NaN              NaN              NaN              NaN              NaN              NaN
RHO_PI                   NaN              NaN              NaN              NaN              NaN              NaN
RHO_G                    NaN              NaN              NaN              NaN              NaN              NaN
RHO_X                    NaN              NaN              NaN              NaN              NaN              NaN
RHO_A                    NaN              NaN              NaN              NaN              NaN              NaN
RHO_E                    NaN              NaN              NaN              NaN              NaN              NaN




Convergence diagnostics results for chain 8.

Geweke (1992) Convergence Tests, based on means of draws 5 to 9 vs 15 to 25 for chain 8.
p-values are for Chi2-test for equality of means.
Parameter         Post. Mean        Post. Std   p-val No Taper   p-val 4% Taper   p-val 8% Taper  p-val 15% Taper
SE_eta_a                 NaN              NaN              NaN              NaN              NaN              NaN
SE_eta_e                 NaN              NaN              NaN              NaN              NaN              NaN
SE_eta_z                 NaN              NaN              NaN              NaN              NaN              NaN
SE_eta_r                 NaN              NaN              NaN              NaN              NaN              NaN
OMEGA                    NaN              NaN              NaN              NaN              NaN              NaN
RHO_PI                   NaN              NaN              NaN              NaN              NaN              NaN
RHO_G                    NaN              NaN              NaN              NaN              NaN              NaN
RHO_X                    NaN              NaN              NaN              NaN              NaN              NaN
RHO_A                    NaN              NaN              NaN              NaN              NaN              NaN
RHO_E                    NaN              NaN              NaN              NaN              NaN              NaN


Univariate convergence diagnostic, Brooks and Gelman (1998):
    Parameter 1...  Done! 
    Parameter 2...  Done! 
    Parameter 3...  Done! 
    Parameter 4...  Done! 
    Parameter 5...  Done! 
    Parameter 6...  Done! 
    Parameter 7...  Done! 
    Parameter 8...  Done! 
    Parameter 9...  Done! 
    Parameter 10...  Done! 

marginal density: I'm computing the posterior mean and covariance...  Done!
marginal density: I'm computing the posterior log marginal density (modified harmonic mean)... Done!


ESTIMATION RESULTS

Log data density (Modified Harmonic Mean) is 1182.295217.
parameters
         prior mean   post. mean        90% HPD interval    prior       pstdev

OMEGA         0.200       0.1246      0.0549      0.1942     beta       0.1000
RHO_PI        0.300       0.4937      0.3366      0.6365     gamm       0.1000
RHO_G         0.300       0.3729      0.2996      0.4696     gamm       0.1000
RHO_X         0.250       0.2052      0.1218      0.2718     gamm       0.0625
RHO_A         0.850       0.9124      0.8692      0.9545     beta       0.1000
RHO_E         0.850       0.9030      0.8397      0.9540     beta       0.1000

standard deviation of shocks
         prior mean   post. mean        90% HPD interval    prior       pstdev

eta_a         5.477       3.2288      2.2273      4.8232     invg       5.4772
eta_e         0.283       0.0619      0.0485      0.0738     invg       1.0000
eta_z         2.236       0.8023      0.6311      0.9635     invg       3.8730
eta_r         0.707       0.2992      0.2441      0.3540     invg       1.4142
Total computing time : 0h00m25s
