Starting Dynare (version 7-unstable).
Calling Dynare with arguments: none
Using build directory: /Applications/Dynare/7-unstable-arm64/matlab/../build-matlab
Starting preprocessing of the model file ...
Found 8 equation(s).
Evaluating expressions...
Computing static model derivatives (order 1).
Normalizing the static model...
Finding the optimal block decomposition of the static model...
6 block(s) found:
  5 recursive block(s) and 1 simultaneous block(s).
  the largest simultaneous block has 2 equation(s)
                                 and 2 feedback variable(s).
Computing dynamic model derivatives (order 2).
Normalizing the dynamic model...
Finding the optimal block decomposition of the dynamic model...
2 block(s) found:
  1 recursive block(s) and 1 simultaneous block(s).
  the largest simultaneous block has 5 equation(s)
                                 and 5 feedback variable(s).
Preprocessing completed.
Preprocessing time: 0h00m00s.

You did not declare endogenous variables after the estimation/calib_smoother command.

Initial value of the log posterior (or likelihood): 1205.1095

RESULTS FROM POSTERIOR ESTIMATION
parameters
       prior mean     mode    s.d.  prior pstdev

OMEGA      0.2000   0.1231  0.0499   beta 0.1000 
RHO_PI     0.3000   0.4938  0.0968   gamm 0.1000 
RHO_G      0.3000   0.3495  0.0501   gamm 0.1000 
RHO_X      0.2500   0.1813  0.0531   gamm 0.0625 
RHO_A      0.8500   0.9189  0.0257   beta 0.1000 
RHO_E      0.8500   0.9241  0.0364   beta 0.1000 

standard deviation of shocks
       prior mean     mode    s.d.  prior pstdev

eta_a      5.4772   3.1659  0.7421   invg 5.4772 
eta_e      0.2828   0.0572  0.0082   invg 1.0000 
eta_z      2.2361   0.7648  0.1058   invg 3.8730 
eta_r      0.7071   0.2796  0.0329   invg 1.4142 


Log data density [Laplace approximation] is 1183.346077.

Estimation::mcmc: Multiple chains mode.
Estimation::mcmc: Searching for initial values...
Estimation::mcmc: Initial values found!

Estimation::mcmc: Write details about the MCMC... Ok!
Estimation::mcmc: Details about the MCMC are available in ireland2004_bayes_9_rwmh_gaussian/metropolis/ireland2004_bayes_9_rwmh_gaussian_mh_history_0.mat


Estimation::mcmc: Number of mh files: 1 per block.
Estimation::mcmc: Total number of generated files: 8.
Estimation::mcmc: Total number of iterations: 250000.
Estimation::mcmc: Current acceptance ratio per chain:
                                                       Chain  1: 31.8916%
                                                       Chain  2: 31.9736%
                                                       Chain  3: 31.8836%
                                                       Chain  4: 32.0504%
                                                       Chain  5: 32.1116%
                                                       Chain  6: 31.918%
                                                       Chain  7: 31.9964%
                                                       Chain  8: 31.8248%
Estimation::mcmc: Total number of MH draws per chain: 250000.
Estimation::mcmc: Total number of generated MH files: 1.
Estimation::mcmc: I'll use mh-files 1 to 1.
Estimation::mcmc: In MH-file number 1 I'll start at line 125001.
Estimation::mcmc: Finally I keep 125000 draws per chain.



MCMC Inefficiency factors per block
Parameter       Block 1     Block 2     Block 3     Block 4     Block 5     Block 6     Block 7     Block 8
SE_eta_a        243.225     142.073     236.829     182.525     152.036     250.281     223.817     195.099
SE_eta_e         47.417      50.699      48.114      52.046      51.682      49.433      51.109      46.846
SE_eta_z         46.964      46.132      40.283      46.408      54.340      47.958      49.061      42.244
SE_eta_r         47.650      43.558      41.445      45.367      51.145      47.810      49.154      49.113
OMEGA            74.413      54.492      75.606      60.028      59.756      69.300      77.689      78.619
RHO_PI           46.284      39.618      48.723      39.932      43.356      42.877      44.760      51.810
RHO_G            51.277      50.375      49.580      53.529      52.441      44.312      41.680      48.337
RHO_X            48.790      43.322      45.901      58.719      46.871      44.472      47.543      41.483
RHO_A           136.909      98.045     122.450      96.969     103.824     111.522     128.324     128.453
RHO_E            45.189      39.432      43.376      43.210      35.888      44.334      47.748      49.934



Convergence diagnostics results for chain 1.

Geweke (1992) Convergence Tests, based on means of draws 125000 to 150000 vs 187500 to 250000 for chain 1.
p-values are for Chi2-test for equality of means.
Parameter         Post. Mean        Post. Std   p-val No Taper   p-val 4% Taper   p-val 8% Taper  p-val 15% Taper
SE_eta_a               3.291            0.945            0.000            0.741            0.723            0.695
SE_eta_e               0.060            0.008            0.020            0.711            0.694            0.646
SE_eta_z               0.788            0.106            0.000            0.412            0.384            0.320
SE_eta_r               0.295            0.032            0.000            0.514            0.546            0.537
OMEGA                  0.127            0.048            0.964            0.995            0.995            0.995
RHO_PI                 0.500            0.096            0.000            0.488            0.473            0.433
RHO_G                  0.363            0.052            0.000            0.501            0.446            0.411
RHO_X                  0.205            0.051            0.000            0.458            0.441            0.364
RHO_A                  0.914            0.029            0.393            0.940            0.937            0.939
RHO_E                  0.910            0.035            0.225            0.854            0.854            0.849




Convergence diagnostics results for chain 2.

Geweke (1992) Convergence Tests, based on means of draws 125000 to 150000 vs 187500 to 250000 for chain 2.
p-values are for Chi2-test for equality of means.
Parameter         Post. Mean        Post. Std   p-val No Taper   p-val 4% Taper   p-val 8% Taper  p-val 15% Taper
SE_eta_a               3.295            0.919            0.001            0.794            0.776            0.751
SE_eta_e               0.060            0.008            0.336            0.886            0.894            0.899
SE_eta_z               0.787            0.104            0.000            0.340            0.363            0.357
SE_eta_r               0.295            0.032            0.000            0.193            0.226            0.217
OMEGA                  0.127            0.049            0.837            0.977            0.976            0.974
RHO_PI                 0.500            0.096            0.000            0.433            0.466            0.470
RHO_G                  0.362            0.052            0.000            0.238            0.275            0.247
RHO_X                  0.205            0.051            0.452            0.900            0.903            0.901
RHO_A                  0.914            0.028            0.645            0.959            0.951            0.943
RHO_E                  0.911            0.034            0.000            0.297            0.348            0.330




Convergence diagnostics results for chain 3.

Geweke (1992) Convergence Tests, based on means of draws 125000 to 150000 vs 187500 to 250000 for chain 3.
p-values are for Chi2-test for equality of means.
Parameter         Post. Mean        Post. Std   p-val No Taper   p-val 4% Taper   p-val 8% Taper  p-val 15% Taper
SE_eta_a               3.296            0.944            0.000            0.397            0.353            0.305
SE_eta_e               0.060            0.008            0.000            0.554            0.594            0.615
SE_eta_z               0.786            0.106            0.000            0.339            0.303            0.308
SE_eta_r               0.294            0.032            0.000            0.024            0.019            0.020
OMEGA                  0.128            0.050            0.011            0.742            0.744            0.739
RHO_PI                 0.497            0.096            0.000            0.012            0.006            0.002
RHO_G                  0.362            0.052            0.000            0.516            0.505            0.493
RHO_X                  0.204            0.050            0.014            0.722            0.721            0.737
RHO_A                  0.914            0.029            0.026            0.815            0.802            0.800
RHO_E                  0.910            0.035            0.000            0.353            0.372            0.377




Convergence diagnostics results for chain 4.

Geweke (1992) Convergence Tests, based on means of draws 125000 to 150000 vs 187500 to 250000 for chain 4.
p-values are for Chi2-test for equality of means.
Parameter         Post. Mean        Post. Std   p-val No Taper   p-val 4% Taper   p-val 8% Taper  p-val 15% Taper
SE_eta_a               3.319            0.976            0.000            0.059            0.044            0.039
SE_eta_e               0.060            0.008            0.000            0.422            0.426            0.381
SE_eta_z               0.789            0.105            0.000            0.166            0.159            0.138
SE_eta_r               0.295            0.033            0.972            0.996            0.996            0.995
OMEGA                  0.127            0.049            0.000            0.228            0.207            0.203
RHO_PI                 0.500            0.095            0.000            0.523            0.454            0.457
RHO_G                  0.363            0.052            0.042            0.782            0.748            0.706
RHO_X                  0.206            0.052            0.000            0.285            0.296            0.275
RHO_A                  0.915            0.028            0.000            0.443            0.407            0.425
RHO_E                  0.910            0.035            0.000            0.429            0.373            0.296




Convergence diagnostics results for chain 5.

Geweke (1992) Convergence Tests, based on means of draws 125000 to 150000 vs 187500 to 250000 for chain 5.
p-values are for Chi2-test for equality of means.
Parameter         Post. Mean        Post. Std   p-val No Taper   p-val 4% Taper   p-val 8% Taper  p-val 15% Taper
SE_eta_a               3.256            0.898            0.000            0.061            0.075            0.094
SE_eta_e               0.060            0.008            0.000            0.256            0.266            0.271
SE_eta_z               0.787            0.105            0.496            0.921            0.912            0.915
SE_eta_r               0.295            0.032            0.000            0.317            0.295            0.234
OMEGA                  0.129            0.049            0.372            0.905            0.899            0.871
RHO_PI                 0.499            0.096            0.000            0.448            0.430            0.385
RHO_G                  0.363            0.052            0.000            0.233            0.265            0.265
RHO_X                  0.206            0.051            0.000            0.002            0.002            0.001
RHO_A                  0.913            0.029            0.000            0.070            0.067            0.088
RHO_E                  0.910            0.035            0.000            0.083            0.079            0.103




Convergence diagnostics results for chain 6.

Geweke (1992) Convergence Tests, based on means of draws 125000 to 150000 vs 187500 to 250000 for chain 6.
p-values are for Chi2-test for equality of means.
Parameter         Post. Mean        Post. Std   p-val No Taper   p-val 4% Taper   p-val 8% Taper  p-val 15% Taper
SE_eta_a               3.285            0.972            0.000            0.371            0.390            0.414
SE_eta_e               0.060            0.008            0.045            0.762            0.775            0.779
SE_eta_z               0.788            0.104            0.000            0.025            0.021            0.011
SE_eta_r               0.295            0.032            0.466            0.912            0.910            0.904
OMEGA                  0.127            0.049            0.000            0.694            0.687            0.671
RHO_PI                 0.501            0.097            0.000            0.408            0.394            0.387
RHO_G                  0.362            0.051            0.000            0.294            0.303            0.290
RHO_X                  0.204            0.050            0.000            0.299            0.318            0.332
RHO_A                  0.914            0.029            0.027            0.852            0.848            0.847
RHO_E                  0.911            0.034            0.000            0.500            0.456            0.448




Convergence diagnostics results for chain 7.

Geweke (1992) Convergence Tests, based on means of draws 125000 to 150000 vs 187500 to 250000 for chain 7.
p-values are for Chi2-test for equality of means.
Parameter         Post. Mean        Post. Std   p-val No Taper   p-val 4% Taper   p-val 8% Taper  p-val 15% Taper
SE_eta_a               3.267            0.943            0.000            0.452            0.455            0.453
SE_eta_e               0.060            0.008            0.000            0.480            0.453            0.423
SE_eta_z               0.789            0.105            0.000            0.124            0.130            0.108
SE_eta_r               0.295            0.033            0.000            0.152            0.138            0.131
OMEGA                  0.127            0.049            0.000            0.659            0.647            0.648
RHO_PI                 0.499            0.097            0.187            0.825            0.815            0.801
RHO_G                  0.362            0.052            0.000            0.147            0.124            0.132
RHO_X                  0.205            0.051            0.000            0.273            0.243            0.211
RHO_A                  0.913            0.030            0.000            0.286            0.277            0.281
RHO_E                  0.910            0.035            0.000            0.026            0.011            0.008




Convergence diagnostics results for chain 8.

Geweke (1992) Convergence Tests, based on means of draws 125000 to 150000 vs 187500 to 250000 for chain 8.
p-values are for Chi2-test for equality of means.
Parameter         Post. Mean        Post. Std   p-val No Taper   p-val 4% Taper   p-val 8% Taper  p-val 15% Taper
SE_eta_a               3.294            0.980            0.000            0.191            0.242            0.255
SE_eta_e               0.060            0.008            0.491            0.916            0.923            0.922
SE_eta_z               0.790            0.105            0.004            0.648            0.630            0.562
SE_eta_r               0.295            0.032            0.000            0.052            0.053            0.040
OMEGA                  0.127            0.049            0.000            0.578            0.602            0.623
RHO_PI                 0.499            0.096            0.000            0.543            0.551            0.487
RHO_G                  0.363            0.052            0.000            0.239            0.185            0.145
RHO_X                  0.205            0.051            0.000            0.182            0.130            0.083
RHO_A                  0.914            0.029            0.000            0.332            0.355            0.339
RHO_E                  0.911            0.035            0.000            0.569            0.596            0.604


Univariate convergence diagnostic, Brooks and Gelman (1998):
    Parameter 1...  Done! 
    Parameter 2...  Done! 
    Parameter 3...  Done! 
    Parameter 4...  Done! 
    Parameter 5...  Done! 
    Parameter 6...  Done! 
    Parameter 7...  Done! 
    Parameter 8...  Done! 
    Parameter 9...  Done! 
    Parameter 10...  Done! 

marginal density: I'm computing the posterior mean and covariance...  Done!
marginal density: I'm computing the posterior log marginal density (modified harmonic mean)... Done!


ESTIMATION RESULTS

Log data density (Modified Harmonic Mean) is 1182.773000.
parameters
         prior mean   post. mean        90% HPD interval    prior       pstdev

OMEGA         0.200       0.1273      0.0476      0.2039     beta       0.1000
RHO_PI        0.300       0.4998      0.3438      0.6600     gamm       0.1000
RHO_G         0.300       0.3626      0.2766      0.4454     gamm       0.1000
RHO_X         0.250       0.2050      0.1215      0.2846     gamm       0.0625
RHO_A         0.850       0.9138      0.8690      0.9610     beta       0.1000
RHO_E         0.850       0.9105      0.8559      0.9688     beta       0.1000

standard deviation of shocks
         prior mean   post. mean        90% HPD interval    prior       pstdev

eta_a         5.477       3.2958      1.9189      4.6413     invg       5.4772
eta_e         0.283       0.0602      0.0468      0.0736     invg       1.0000
eta_z         2.236       0.7884      0.6135      0.9587     invg       3.8730
eta_r         0.707       0.2951      0.2423      0.3463     invg       1.4142
Total computing time : 0h14m29s
