Starting Dynare (version 7.0).
Calling Dynare with arguments: none
Using build directory: /Applications/Dynare/7.0-arm64/matlab/../build-matlab
Starting preprocessing of the model file ...
Found 8 equation(s).
Evaluating expressions...
Computing static model derivatives (order 1).
Normalizing the static model...
Finding the optimal block decomposition of the static model...
6 block(s) found:
  5 recursive block(s) and 1 simultaneous block(s).
  the largest simultaneous block has 2 equation(s)
                                 and 2 feedback variable(s).
Computing dynamic model derivatives (order 1).
Normalizing the dynamic model...
Finding the optimal block decomposition of the dynamic model...
2 block(s) found:
  1 recursive block(s) and 1 simultaneous block(s).
  the largest simultaneous block has 5 equation(s)
                                 and 5 feedback variable(s).
Preprocessing completed.
Preprocessing time: 0h00m00s.

SIMULATE 1000 DATASETS WITH T=200...DONE!
SIMULATE 1000 DATASETS WITH T=500...DONE!

You did not declare endogenous variables after the estimation/calib_smoother command.
Initial value of the log posterior (or likelihood): 1204.9652

ESTIMATE 1000 DATASETS WITH T=200...DONE (3h11m13s)!
ESTIMATE 1000 DATASETS WITH T=500...DONE (9h03m20s)!

=== MONTE CARLO SUMMARY (CSN) ===
Parameter               Truth   Mean_200    [p5;p95]_200  NRMSE_200   Mean_500    [p5;p95]_500  NRMSE_500
--------------------------------------------------------------------------------------------------------
stderr eta_a           2.5232     2.5221 [ 2.43; 2.61]     0.0211     2.5300 [ 2.47; 2.59]     0.0146
stderr eta_e           0.0212     0.0208 [ 0.02; 0.02]     0.1243     0.0210 [ 0.02; 0.02]     0.0960
stderr eta_z           0.7900     0.7935 [ 0.75; 0.84]     0.0339     0.7933 [ 0.76; 0.82]     0.0235
stderr eta_r           0.2838     0.2845 [ 0.28; 0.29]     0.0191     0.2839 [ 0.28; 0.29]     0.0120
skew eta_a             0.0000    -0.0843 [-0.44; 0.11]        N/A    -0.0714 [-0.31; 0.03]        N/A
skew eta_e            -0.4000    -0.5348 [-0.98;-0.11]     0.7410    -0.5148 [-0.84;-0.22]     0.5500
skew eta_z            -0.9500    -0.8813 [-1.00;-0.65]     0.1417    -0.9005 [-1.00;-0.76]     0.1046
skew eta_r             0.5500     0.5780 [ 0.38; 0.78]     0.2300     0.5658 [ 0.42; 0.72]     0.1589

Monte Carlo table updated: ../results/ireland2004/montecarlo/montecarlo_table_maca64_m2max_R2025b.tex (columns for CSN)
Total computing time : 12h40m05s
