
options_ = 

  <a href="matlab:helpPopup struct" style="font-weight:bold">struct</a> with fields:

         computer_arch: 'glnxa64'
                  dsge: 1
             optim_opt: [1×1 struct]
                kalman: [1×1 struct]
            parameters: [1×1 struct]
              filename: 'results_ireland2004_stderrskew1_KalmanInit1_FixAx1_FixAp1_glnxa64'
               poolobj: [0×0 parallel.Pool]
    physical_cores_nbr: 24
               logfile: 'results/results_ireland2004_stderrskew1_KalmanInit1_FixAx1_FixAp1_glnxa64.log'


ans = 

  <a href="matlab:helpPopup struct" style="font-weight:bold">struct</a> with fields:

                   Display: 'final'
               MaxFunEvals: 1000000
                   MaxIter: 10000
                    TolFun: 1.0000e-04
                      TolX: 1.0000e-04
               FunValCheck: []
                 OutputFcn: []
                  PlotFcns: []
           ActiveConstrTol: []
                 Algorithm: []
    AlwaysHonorConstraints: []
           DerivativeCheck: []
               Diagnostics: []
             DiffMaxChange: []
             DiffMinChange: []
            FinDiffRelStep: []
               FinDiffType: []
         GoalsExactAchieve: []
                GradConstr: []
                   GradObj: []
                   HessFcn: []
                   Hessian: []
                  HessMult: []
               HessPattern: []
                HessUpdate: []
          InitBarrierParam: []
     InitTrustRegionRadius: []
                  Jacobian: []
                 JacobMult: []
              JacobPattern: []
                LargeScale: []
                  MaxNodes: []
                MaxPCGIter: []
             MaxProjCGIter: []
                MaxSQPIter: []
                   MaxTime: []
             MeritFunction: []
                 MinAbsMax: []
        NoStopIfFlatInfeas: []
            ObjectiveLimit: []
      PhaseOneTotalScaling: []
            Preconditioner: []
          PrecondBandWidth: []
            RelLineSrchBnd: []
    RelLineSrchBndDuration: []
              ScaleProblem: []
       SubproblemAlgorithm: []
                    TolCon: []
                 TolConSQP: []
                TolGradCon: []
                    TolPCG: []
                 TolProjCG: []
              TolProjCGAbs: []
                  TypicalX: []
               UseParallel: []
                     names: ["cmaes"    "cmaes_dsge"    "fminsearch"    "fminsearchbnd"    "fmincon"    "fminunc"]
        penalize_objective: 0


ans = 

  <a href="matlab:helpPopup struct" style="font-weight:bold">struct</a> with fields:

         csn: [1×1 struct]
    lik_init: 1


ans = 

  <a href="matlab:helpPopup struct" style="font-weight:bold">struct</a> with fields:

          prune_tol: 0.0100
        cdfmvna_fct: "logmvncdf_ME"
    prune_algorithm: "correlations"
     initval_search: 1


ans = 

  <a href="matlab:helpPopup struct" style="font-weight:bold">struct</a> with fields:

    skewness_bounds: [-0.9500 0.9500]
    use_stderr_skew: 1
                fix: [1×1 struct]
          transform: [1×1 struct]


ans = 

  <a href="matlab:helpPopup struct" style="font-weight:bold">struct</a> with fields:

           OMEGA: 1
      skew_eta_a: 1
      skew_eta_e: 1
      skew_eta_z: 1
      skew_eta_r: 1
    stderr_eta_a: 1
    stderr_eta_e: 1
    stderr_eta_z: 1
    stderr_eta_r: 1


ans = 

  <a href="matlab:helpPopup struct" style="font-weight:bold">struct</a> with fields:

     ALPHA_X: 1
    ALPHA_PI: 1

****************************************************************************************************
SUMMARY GAUSSIAN

  Point Estimates
                    <strong>fminsearch</strong>    <strong>fminsearchbnd</strong>      <strong>cmaes</strong>        <strong>fmincon</strong>      <strong>cmaes_dsge</strong>    <strong>fminunc</strong>
                    <strong>__________</strong>    <strong>_____________</strong>    <strong>__________</strong>    <strong>__________</strong>    <strong>__________</strong>    <strong>_______</strong>

    <strong>stderr_eta_a</strong>      0.030169       0.030167        0.030175      0.030161      0.028464    0.0302 
    <strong>stderr_eta_e</strong>    0.00024764     0.00024766      0.00024765    0.00024763    0.00020385    0.0002 
    <strong>stderr_eta_z</strong>     0.0088648      0.0088647       0.0088646     0.0088646     0.0090154    0.0089 
    <strong>stderr_eta_r</strong>     0.0027903      0.0027903       0.0027903     0.0027904     0.0028129    0.0028 
    <strong>OMEGA       </strong>      0.058083       0.058085        0.058078      0.058121      0.058304    0.0581 
    <strong>RHO_PI      </strong>       0.38648         0.3865         0.38648       0.38643       0.33394    0.3866 
    <strong>RHO_G       </strong>       0.39601        0.39602         0.39602       0.39602        0.4001     0.396 
    <strong>RHO_X       </strong>        0.1654        0.16539         0.16541       0.16546       0.18721    0.1654 
    <strong>RHO_A       </strong>        0.9048         0.9048         0.90482       0.90478       0.89879    0.9048 
    <strong>RHO_E       </strong>       0.99067        0.99067         0.99067       0.99066       0.99095    0.9907 
    <strong>Log-Lik     </strong>        1207.6         1207.6          1207.6        1207.6        1207.5    1206.2 

  Standard Errors
                    <strong>fminsearch</strong>    <strong>fminsearchbnd</strong>      <strong>cmaes</strong>        <strong>fmincon</strong>      <strong>cmaes_dsge</strong>          <strong>fminunc</strong>       
                    <strong>__________</strong>    <strong>_____________</strong>    <strong>__________</strong>    <strong>__________</strong>    <strong>__________</strong>    <strong>____________________</strong>

    <strong>stderr_eta_a</strong>      0.016588       0.016576          0.0166      0.016581       0.02993     0.0067745+0i       
    <strong>stderr_eta_e</strong>    0.00012712     0.00012711      0.00012718    0.00012724    0.00029852    3.1146e-05+0i       
    <strong>stderr_eta_z</strong>      0.001451      0.0014508       0.0014515     0.0014525     0.0034824    0.00049704+0i       
    <strong>stderr_eta_r</strong>     0.0003703     0.00037031       0.0003703    0.00037034    0.00038672    0.00036985+0i       
    <strong>OMEGA       </strong>      0.087674       0.087647        0.087695        0.0878       0.25817      0.015623+0i       
    <strong>RHO_PI      </strong>       0.12728        0.12728         0.12731       0.12733        0.2278       0.11788+0i       
    <strong>RHO_G       </strong>      0.065011       0.065009        0.065017      0.065036       0.12519      0.052363+0i       
    <strong>RHO_X       </strong>      0.061497       0.061487        0.061519      0.061569       0.19146             0+0.037323i
    <strong>RHO_A       </strong>      0.059612       0.059577        0.059624       0.05961       0.08586      0.028385+0i       
    <strong>RHO_E       </strong>       0.01551       0.015506        0.015523      0.015552       0.03931     0.0058552+0i       
    <strong>Log-Lik     </strong>        1207.6         1207.6          1207.6        1207.6        1207.5        1206.2+0i       

Final value of the best Gaussian log-likelihood function: 1207.5619
****************************************************************************************************

INITIAL VALUES: For initial value search, we use a pruning threshold of 10%. This will be re-set at the final stage.


INITIAL VALUES: Running grid search for CSN skewness/gamma parameters:
  0%[>                                                  ]
                      <strong>best 1</strong>        <strong>best 2</strong>        <strong>best 3</strong>  
                    <strong>__________</strong>    <strong>__________</strong>    <strong>__________</strong>

    <strong>stderr eta_a</strong>      0.030169      0.030169      0.030169
    <strong>stderr eta_e</strong>    0.00024764    0.00024764    0.00024764
    <strong>stderr eta_z</strong>     0.0088648     0.0088648     0.0088648
    <strong>stderr eta_r</strong>     0.0027903     0.0027903     0.0027903

                   <strong>best 1</strong>      <strong>best 2</strong>      <strong>best 3</strong> 
                  <strong>________</strong>    <strong>________</strong>    <strong>________</strong>

    <strong>skew eta_a</strong>    -0.13571    -0.13571    -0.13571
    <strong>skew eta_e</strong>    -0.13571    -0.13571    -0.27143
    <strong>skew eta_z</strong>    -0.67857    -0.81429    -0.27143
    <strong>skew eta_r</strong>     0.54286     0.54286     0.54286

               <strong>best 1</strong>    <strong>best 2</strong>    <strong>best 3</strong>
               <strong>______</strong>    <strong>______</strong>    <strong>______</strong>

    <strong>Log-Lik</strong>     1212     1211.9    1211.9


INITIAL VALUES: Optimize over both Sigma_eta/stderr_eta as well as Gamma_eta/Skew_eta using best values from grid search for CSN skewness/gamma parameter:
****************************************************************************************************
SUMMARY INITVAL STAGE 1

  Point Estimates
                    <strong>cmaes_init_2</strong>    <strong>cmaes_dsge_init_2</strong>    <strong>cmaes_init_1</strong>    <strong>cmaes_dsge_init_1</strong>    <strong>fminsearch_init_2</strong>    <strong>fminsearchbnd_init_2</strong>    <strong>cmaes_init_3</strong>    <strong>cmaes_dsge_init_3</strong>    <strong>fminsearch_init_1</strong>    <strong>fminsearchbnd_init_1</strong>    <strong>fminsearch_init_3</strong>    <strong>fminsearchbnd_init_3</strong>    <strong>fmincon_init_3</strong>    <strong>fminunc_init_1</strong>    <strong>fmincon_init_1</strong>    <strong>fminunc_init_2</strong>    <strong>fminunc_init_3</strong>    <strong>fmincon_init_2</strong>
                    <strong>____________</strong>    <strong>_________________</strong>    <strong>____________</strong>    <strong>_________________</strong>    <strong>_________________</strong>    <strong>____________________</strong>    <strong>____________</strong>    <strong>_________________</strong>    <strong>_________________</strong>    <strong>____________________</strong>    <strong>_________________</strong>    <strong>____________________</strong>    <strong>______________</strong>    <strong>______________</strong>    <strong>______________</strong>    <strong>______________</strong>    <strong>______________</strong>    <strong>______________</strong>

    <strong>skew_eta_a  </strong>       -0.13669          -0.13689           -0.13872          -0.14025             -0.13969               -0.13969            -0.15336          -0.15304             -0.13945               -0.13945              -0.15303               -0.15303             -0.16147          -0.13582          -0.13977          -0.13588          -0.13636          -0.13577  
    <strong>skew_eta_e  </strong>       -0.19668          -0.19655            -0.1952          -0.19693             -0.13711               -0.13711            -0.32401           -0.3065             -0.13946               -0.13946                -0.265                 -0.265             -0.27671          -0.13583          -0.14039          -0.13588          -0.27151          -0.13577  
    <strong>skew_eta_z  </strong>       -0.78934          -0.78946           -0.72165          -0.66083             -0.77627               -0.77627             -0.3175          -0.31746             -0.68021               -0.68021              -0.27315               -0.27315             -0.28387          -0.67855          -0.67783          -0.81426          -0.27164          -0.81428  
    <strong>skew_eta_r  </strong>        0.60137           0.60186            0.59681           0.59432              0.57684                0.57684              0.5957           0.59213              0.53577                0.53577               0.54612                0.54612              0.53857           0.54276           0.53942            0.5427           0.54265           0.54281  
    <strong>stderr_eta_a</strong>        0.02771          0.027724            0.02776          0.027754             0.027959               0.027959            0.027951          0.027931              0.02866                0.02866              0.028196               0.028196             0.028079           0.03006          0.026844          0.029981          0.029926          0.030106  
    <strong>stderr_eta_e</strong>     0.00027396        0.00027407         0.00027228        0.00027191           0.00027261             0.00027261          0.00026695        0.00026673           0.00024952             0.00024952            0.00026188             0.00026188           0.00027592        0.00024846        0.00027704        0.00024942        0.00024878        0.00024823  
    <strong>stderr_eta_z</strong>      0.0089195          0.008917          0.0089178         0.0088936            0.0088709              0.0088709           0.0088725         0.0088802            0.0091435              0.0091435             0.0087636              0.0087636            0.0089059         0.0088764         0.0092324         0.0088925         0.0088742         0.0088739  
    <strong>stderr_eta_r</strong>      0.0028372         0.0028364          0.0028259         0.0028196            0.0028155              0.0028155           0.0028155           0.00281             0.002846               0.002846             0.0028472              0.0028472            0.0027189         0.0027895          0.002762         0.0027891         0.0027905         0.0027899  
    <strong>Log-Lik     </strong>           1213              1213               1213            1212.9               1212.6                 1212.6              1212.6            1212.6               1212.6                 1212.6                1212.4                 1212.4               1212.2            1212.1            1212.1              1212              1212              1212  

  Standard Errors
                         <strong>cmaes_init_2</strong>         <strong>cmaes_dsge_init_2</strong>        <strong>cmaes_init_1</strong>           <strong>cmaes_dsge_init_1</strong>         <strong>fminsearch_init_2</strong>        <strong>fminsearchbnd_init_2</strong>          <strong>cmaes_init_3</strong>           <strong>cmaes_dsge_init_3</strong>         <strong>fminsearch_init_1</strong>        <strong>fminsearchbnd_init_1</strong>       <strong>fminsearch_init_3</strong>        <strong>fminsearchbnd_init_3</strong>         <strong>fmincon_init_3</strong>           <strong>fminunc_init_1</strong>           <strong>fmincon_init_1</strong>        <strong>fminunc_init_2</strong>       <strong>fminunc_init_3</strong>        <strong>fmincon_init_2</strong>
                    <strong>______________________</strong>    <strong>_________________</strong>    <strong>_____________________</strong>    <strong>______________________</strong>    <strong>______________________</strong>    <strong>______________________</strong>    <strong>______________________</strong>    <strong>______________________</strong>    <strong>______________________</strong>    <strong>______________________</strong>    <strong>______________________</strong>    <strong>______________________</strong>    <strong>______________________</strong>    <strong>_____________________</strong>    <strong>_____________________</strong>    <strong>______________</strong>    <strong>_____________________</strong>    <strong>______________</strong>

    <strong>skew_eta_a  </strong>       0.10725+0i                  0.010744           0.19213+0i               0.19601+0i                0.18736+0i                0.18736+0i                0.17685+0i                      0+0.002359i        0.011577+0i               0.011577+0i                 0.1016+0i                 0.1016+0i                0.18582+0i               0.093149+0i               0.18556+0i                 0.22243         0.18246+0i                  0.2202  
    <strong>skew_eta_e  </strong>       0.16331+0i                   0.01556           0.28241+0i               0.25882+0i                      0+0.10351i                0+0.10351i                0+0.23318i                0+0.0016538i              0+0.041983i               0+0.041983i         0.19434+0i                0.19434+0i                      0+0.029627i               0+0.0031437i      0.011931+0i                 0.28806               0+0.0038561i         0.28834  
    <strong>skew_eta_z  </strong>             0+0.0084936i          0.060529           0.53651+0i               0.53474+0i                0.55241+0i                0.55241+0i                      0+0.36274i                0+0.0095193i        0.51485+0i                0.51485+0i                 0.4887+0i                 0.4887+0i                0.50068+0i                0.47408+0i               0.53588+0i                  0.6805               0+0.0084519i         0.66441  
    <strong>skew_eta_r  </strong>             0+0.06572i            0.013961                 0+0.019398i        0.11178+0i                0.17441+0i                0.17441+0i               0.030082+0i                      0+0.022513i               0+0.0026695i              0+0.0026695i              0+0.075657i               0+0.075657i         0.18656+0i               0.081343+0i               0.20501+0i                 0.22735       0.0091294+0i                 0.20812  
    <strong>stderr_eta_a</strong>             0+0.0059622i        0.00087928        0.00098633+0i             0.0027115+0i              0.0027429+0i              0.0027429+0i                      0+0.0004696i              0+0.00095987i             0+0.0022772i              0+0.0022772i              0+0.00050084i             0+0.00050084i     0.0029562+0i              0.0026481+0i              0.002616+0i               0.0035424       0.0012844+0i                0.003479  
    <strong>stderr_eta_e</strong>    2.2303e-05+0i                2.7526e-05        2.5607e-05+0i              3.27e-05+0i             3.4354e-05+0i             3.4354e-05+0i              1.892e-05+0i             2.8261e-05+0i             2.8312e-05+0i             2.8312e-05+0i             3.2112e-05+0i             3.2112e-05+0i             3.3611e-05+0i               3.24e-05+0i            3.3641e-05+0i              5.0858e-05      2.5802e-05+0i              4.9142e-05  
    <strong>stderr_eta_z</strong>             0+0.00026693i       0.00069117                 0+0.0028694i             0+0.00024988i    0.00085359+0i             0.00085359+0i                      0+0.00078995i    0.00073032+0i                      0+0.00019473i             0+0.00019473i     0.0011494+0i              0.0011494+0i                      0+0.00011284i    0.00095224+0i                     0+3.725e-05i       0.0010547               0+0.001081i        0.0010195  
    <strong>stderr_eta_r</strong>      0.000183+0i                0.00021023        0.00016605+0i            0.00023049+0i                      0+0.00011548i             0+0.00011548i    0.00023472+0i              0.0002375+0i             0.00025754+0i             0.00025754+0i             0.00029416+0i             0.00029416+0i             0.00021394+0i             0.00026063+0i            0.00025699+0i              0.00024603      0.00022196+0i              0.00022979  
    <strong>Log-Lik     </strong>          1213+0i                      1213              1213+0i                1212.9+0i                 1212.6+0i                 1212.6+0i                 1212.6+0i                 1212.6+0i                 1212.6+0i                 1212.6+0i                 1212.4+0i                 1212.4+0i                 1212.2+0i                 1212.1+0i                1212.1+0i                    1212            1212+0i                    1212  

Final value of the best log-likelihood function: 1212.9887
****************************************************************************************************



INITIAL VALUES: Run maximum likelihood estimation with Pruned Skewed Kalman filter for all parameters using different optimizers in parallel:
****************************************************************************************************
SUMMARY INITVAL STAGE 2

  Point Estimates
                    <strong>cmaes_dsge</strong>      <strong>cmaes</strong>       <strong>fminsearch</strong>    <strong>fminsearchbnd</strong>     <strong>fmincon</strong>       <strong>fminunc</strong>  
                    <strong>__________</strong>    <strong>__________</strong>    <strong>__________</strong>    <strong>_____________</strong>    <strong>__________</strong>    <strong>__________</strong>

    <strong>skew_eta_a  </strong>      -0.20509      -0.26376      -0.14234       -0.13566        -0.13669      -0.13669
    <strong>skew_eta_e  </strong>      -0.20061      -0.28486      -0.23286       -0.19671        -0.19668      -0.19668
    <strong>skew_eta_z  </strong>      -0.82834      -0.69671      -0.78234       -0.78168        -0.78934      -0.78934
    <strong>skew_eta_r  </strong>       0.86911        0.7407       0.63099        0.62287         0.60137       0.60137
    <strong>stderr_eta_a</strong>      0.020855      0.037833      0.027511       0.028329         0.02771       0.02771
    <strong>stderr_eta_e</strong>    0.00013219    0.00018042    0.00025481     0.00026328      0.00027396    0.00027396
    <strong>stderr_eta_z</strong>     0.0088456     0.0087566     0.0084111      0.0087618       0.0089195     0.0089195
    <strong>stderr_eta_r</strong>     0.0027953     0.0027021     0.0027132      0.0026671       0.0028372     0.0028372
    <strong>OMEGA       </strong>       0.12241      0.066628      0.084723        0.05862        0.058083      0.058083
    <strong>RHO_PI      </strong>       0.16823       0.24838       0.34747        0.35077         0.38648       0.38648
    <strong>RHO_G       </strong>       0.33591       0.34743       0.36226        0.35584         0.39601       0.39601
    <strong>RHO_X       </strong>       0.33699       0.27803       0.16817        0.15718          0.1654        0.1654
    <strong>RHO_A       </strong>       0.88853       0.94181       0.90305         0.9051          0.9048        0.9048
    <strong>RHO_E       </strong>       0.98166       0.98238        0.9889        0.99037         0.99067       0.99067
    <strong>Log-Lik     </strong>        1215.3        1215.1        1213.7         1213.6            1213          1213

  Standard Errors
                         <strong>cmaes_dsge</strong>                  <strong>cmaes</strong>                   <strong>fminsearch</strong>              <strong>fminsearchbnd</strong>                <strong>fmincon</strong>                  <strong>fminunc</strong>       
                    <strong>_____________________</strong>    <strong>______________________</strong>    <strong>______________________</strong>    <strong>______________________</strong>    <strong>_____________________</strong>    <strong>_____________________</strong>

    <strong>skew_eta_a  </strong>       0.49739+0i               0.25526+0i              0.0088506+0i               0.096449+0i               0.033856+0i              0.033856+0i        
    <strong>skew_eta_e  </strong>       0.12677+0i                     0+0.23782i          0.27061+0i                0.20872+0i              0.0072972+0i             0.0072972+0i        
    <strong>skew_eta_z  </strong>       0.77401+0i                     0+0.00546i          0.90203+0i                      0+0.32584i         0.058143+0i              0.058143+0i        
    <strong>skew_eta_r  </strong>       0.17624+0i                     0+0.032151i         0.10054+0i                      0+0.26357i        0.0021698+0i             0.0021698+0i        
    <strong>stderr_eta_a</strong>      0.046008+0i                     0+0.0016392i              0+0.002091i       0.0021206+0i              0.0013024+0i             0.0013024+0i        
    <strong>stderr_eta_e</strong>             0+6.341e-06i             0+0.00010304i    6.2753e-05+0i                      0+8.2661e-05i    4.9906e-05+0i            4.9906e-05+0i        
    <strong>stderr_eta_z</strong>     0.0021017+0i                     0+0.0010674i              0+7.4513e-05i             0+0.00013468i    0.00074908+0i            0.00074908+0i        
    <strong>stderr_eta_r</strong>    0.00011156+0i            0.00016326+0i             0.00032051+0i             0.00013615+0i             0.00032756+0i            0.00032756+0i        
    <strong>OMEGA       </strong>      0.072284+0i                     0+0.001919i        0.019258+0i                      0+0.03865i                0+0.0016219i             0+0.0016219i
    <strong>RHO_PI      </strong>       0.15542+0i                     0+0.21387i                0+0.020489i               0+0.13913i        0.0033291+0i             0.0033291+0i        
    <strong>RHO_G       </strong>      0.041585+0i                     0+0.012503i        0.061143+0i                      0+0.036443i        0.060637+0i              0.060637+0i        
    <strong>RHO_X       </strong>       0.12687+0i                     0+0.0093922i      0.0016269+0i                      0+0.0028645i      0.0055226+0i             0.0055226+0i        
    <strong>RHO_A       </strong>       0.32333+0i                     0+0.0027919i       0.015226+0i                      0+0.017139i       0.0099178+0i             0.0099178+0i        
    <strong>RHO_E       </strong>      0.047479+0i              0.011315+0i               0.013731+0i              0.0023413+0i               0.012932+0i              0.012932+0i        
    <strong>Log-Lik     </strong>        1215.3+0i                1215.1+0i                 1213.7+0i                 1213.6+0i                   1213+0i                  1213+0i        

Final value of the best log-likelihood function: 1215.2631
Likelihood Ratio Test Statistic = 15.40 with p-val = 0.0039
****************************************************************************************************



Run maximum likelihood estimation with Pruned Skewed Kalman filter for all parameters using different optimizers in parallel:
****************************************************************************************************
SUMMARY CSN

  Point Estimates
                    <strong>cmaes_dsge</strong>     <strong>fmincon</strong>        <strong>cmaes</strong>       <strong>fminsearch</strong>    <strong>fminsearchbnd</strong>     <strong>fminunc</strong>  
                    <strong>__________</strong>    <strong>__________</strong>    <strong>__________</strong>    <strong>__________</strong>    <strong>_____________</strong>    <strong>__________</strong>

    <strong>skew_eta_a  </strong>      -0.19613      -0.19568      -0.19817      -0.19592       -0.19436        -0.19454
    <strong>skew_eta_e  </strong>      -0.21177      -0.21179      -0.21384      -0.20217       -0.21481        -0.20263
    <strong>skew_eta_z  </strong>      -0.94986         -0.95      -0.93853       -0.8969       -0.85107        -0.82842
    <strong>skew_eta_r  </strong>       0.81761       0.81772        0.8143       0.84551        0.86603         0.86886
    <strong>stderr_eta_a</strong>      0.024897      0.024929       0.02493      0.023457       0.023253        0.024198
    <strong>stderr_eta_e</strong>    0.00019951    0.00020037    0.00019998    0.00013715     0.00013188      0.00013361
    <strong>stderr_eta_z</strong>     0.0080166     0.0080064     0.0080129     0.0083882      0.0084188       0.0084397
    <strong>stderr_eta_r</strong>     0.0028393     0.0028406     0.0028391     0.0028523      0.0028755       0.0029006
    <strong>OMEGA       </strong>       0.14935       0.14979       0.14922       0.14386        0.14071         0.13384
    <strong>RHO_PI      </strong>       0.27017       0.27121       0.27003       0.17058        0.15799         0.16885
    <strong>RHO_G       </strong>       0.33865       0.33873       0.33922       0.34059         0.3432         0.34427
    <strong>RHO_X       </strong>       0.29082       0.29023       0.29038       0.32359        0.32862         0.32978
    <strong>RHO_A       </strong>       0.91557       0.91579       0.91571        0.9103        0.90916          0.9144
    <strong>RHO_E       </strong>       0.98022       0.98016          0.98       0.98156        0.98066          0.9819
    <strong>Log-Lik     </strong>        1215.8        1215.8        1215.8        1215.7         1215.7          1215.7

  Standard Errors
                          <strong>cmaes_dsge</strong>                 <strong>fmincon</strong>              <strong>cmaes</strong>       <strong>fminsearch</strong>    <strong>fminsearchbnd</strong>           <strong>fminunc</strong>        
                    <strong>______________________</strong>    <strong>______________________</strong>    <strong>__________</strong>    <strong>__________</strong>    <strong>_____________</strong>    <strong>______________________</strong>

    <strong>skew_eta_a  </strong>       0.01367+0i                 0.2624+0i               0.010372     0.0037315      0.0037913         0.29402+0i         
    <strong>skew_eta_e  </strong>      0.016591+0i                0.22961+0i               0.017142     0.0039258       0.004355               0+0.056289i  
    <strong>skew_eta_z  </strong>      0.048685+0i               0.066534+0i               0.046354       0.01716       0.016718         0.42991+0i         
    <strong>skew_eta_r  </strong>       0.05355+0i                      0+0.10101i         0.041363      0.016939       0.018639        0.059055+0i         
    <strong>stderr_eta_a</strong>     0.0014313+0i                      0+0.0016792i        0.00175    0.00053728     0.00062441        0.005074+0i         
    <strong>stderr_eta_e</strong>             0+7.8454e-05i             0+4.0082e-05i     0.0001257    1.8201e-05     1.9996e-05               0+1.3473e-05i
    <strong>stderr_eta_z</strong>      0.000452+0i             0.00074864+0i              0.0010988    0.00047179     0.00049843      0.00095244+0i         
    <strong>stderr_eta_r</strong>    0.00023038+0i              0.0003545+0i             0.00032655    0.00021402     0.00022117      0.00061924+0i         
    <strong>OMEGA       </strong>     0.0063982+0i                      0+0.014926i       0.0082904     0.0029501      0.0030744        0.014833+0i         
    <strong>RHO_PI      </strong>     0.0081822+0i               0.089905+0i               0.018101     0.0032358      0.0032257               0+0.015454i  
    <strong>RHO_G       </strong>      0.018743+0i                0.03814+0i               0.016875     0.0070094      0.0072084        0.061098+0i         
    <strong>RHO_X       </strong>      0.014729+0i                      0+0.006936i         0.01699     0.0057839      0.0064147         0.06473+0i         
    <strong>RHO_A       </strong>      0.010042+0i               0.013913+0i               0.022185     0.0091481       0.012519        0.037884+0i         
    <strong>RHO_E       </strong>             0+0.029705i        0.021963+0i                0.05766     0.0088088       0.010169       0.0056566+0i         
    <strong>Log-Lik     </strong>        1215.8+0i                 1215.8+0i                 1215.8        1215.7         1215.7          1215.7+0i         

Final value of the best CSN log-likelihood function: 1215.8117
Likelihood Ratio Test Statistic = 16.50 with p-val = 0.0024
****************************************************************************************************

