************************************************************
             mc_replic: 2400
             prune_tol: [0 1.000000000000000e-06 1.000000000000000e-04 0.010000000000000]
           data_burnin: 100
              x_burnin: 20
         Harvey_factor: 10
              loss_fct: [1×1 struct]
           cdfmvna_fct: "logmvncdf_ME"
               poolobj: [1×1 parallel.ProcessPool]
    physical_cores_nbr: 12
         computer_arch: 'win64'
         parameter_set: 'DGP1'
              seed_nbr: 4.112460544000000e+09
           sample_size: 110
              filename: 'results_state_estimation_DGP1_T110_R2400_win64'
               logfile: 'results/results_state_estimation_DGP1_T110_R2400_win64.log'

************************************************************
Parameter Matrix G:
   0.800000000000000

Parameter Matrix F:
    10

Parameter Matrix R:
     1

Parameter Matrix mu_eps:
     1

Parameter Matrix Sigma_eps:
   0.010000000000000

Parameter Matrix mu_eta:
   0.300000000000000

Parameter Matrix Sigma_eta:
   0.640000000000000

Parameter Matrix nu_eta:
     0

Parameter Matrix Gamma_eta:
  -1.112500000000000

Parameter Matrix Delta_eta:
   0.207900000000000

Parameter Matrix lambda_eta:
  -0.890000000000000

Parameter Matrix sqrt_Sigma_eta:
   0.800000000000000

************************************************************
************************************************************
          SUMMARY STATISTICS
    <strong>mean(y1)</strong>    <strong>sd(y1)</strong>     <strong>skew(y1)</strong>  
    <strong>________</strong>    <strong>______</strong>    <strong>___________</strong>

    -10.261     11.074      -0.019883
    -8.0453     7.7578       -0.35652
    -11.618      7.409       -0.42373
    -7.2294     7.3837         0.1122
    -11.005     9.6777       -0.17397
    -14.024     8.8675        0.48322
     -10.71     9.3512        0.15531
    -10.372     9.0666      -0.022389
    -8.3657     10.228        -0.4425
    -13.677      10.95       -0.88181
    -12.448     8.1801        0.11372
     -9.399     8.6109       -0.15318
     -13.31     7.6771       -0.32724
    -8.1321     8.7105       -0.55594
    -13.569     8.0884       -0.19924
    -14.301     8.2024       -0.51498
    -6.2447     10.384        0.16661
    -10.081     9.3048        -1.1647
    -13.153      8.907      -0.046673
    -13.672     7.5076      -0.081601
     -11.29     9.3267        0.28869
    -13.009      9.093      -0.049448
    -14.816     7.5691       -0.22151
    -16.716     7.6344        0.15111
    -10.365     9.1201       -0.37674
    -14.013     10.191       -0.41695
     -10.73       9.67       -0.76714
    -12.137     11.352       -0.71634
    -10.526     9.8793      0.0060271
    -8.2612     9.4694       -0.29901
    -13.393     9.4142       0.066935
    -17.409     10.663       0.084745
     -13.26     8.0539       -0.38368
    -12.685     8.7857     -0.0076959
    -11.502     9.0087        0.24969
    -8.7552     8.6569        0.52415
    -7.7792     9.1246       -0.57862
    -10.676       9.61        -1.3932
    -13.909     9.7108      -0.039587
    -11.746     7.7928       0.021712
     -11.91     11.193      -0.056059
    -8.2389     8.4129        0.11409
    -8.9961     8.7993      -0.054696
    -14.366     8.3923       -0.50434
    -11.671     8.8555        0.17817
    -19.797     12.917          0.149
    -8.6592     8.6537       -0.19026
    -11.156     9.5029        0.25119
    -11.851     6.7796       -0.23232
     -12.97     8.6928        0.11462
    -4.8222     7.7167       -0.27615
    -8.6575     8.9125        -0.4631
    -12.652     8.1395       0.030525
    -18.016     8.3989        0.20987
    -11.779     7.0327        0.17736
    -11.775      10.48      -0.046029
    -11.863     7.3104       -0.65391
    -12.488     10.708       -0.28115
    -11.126     8.1913        0.37914
    -12.676     7.6973       -0.23683
    -15.901     10.091       0.086107
    -9.0621     7.9432      -0.034782
    -13.563     11.043       -0.56359
    -9.2862     10.231       -0.23266
    -10.832     9.5296       -0.29137
    -16.738     10.274       -0.57478
    -10.768     9.0119       -0.20463
    -9.3354     12.376        -0.5245
    -8.1924     7.4147       -0.40269
     -12.48     8.0866       -0.47928
    -16.471     9.3667       -0.20734
    -14.441     9.1674       -0.31952
    -9.3668     9.1471       -0.18574
    -12.336     7.5082      -0.049743
    -12.329     8.6562        0.30918
    -14.039      10.97       -0.17685
    -10.426     8.4727         -0.186
    -10.473     10.278       -0.42471
    -15.103     9.8981       -0.15094
    -9.5049     12.226       -0.25586
    -10.431     7.7803       -0.34926
    -12.998     8.1189       0.041545
     -17.94     8.1471       -0.59436
    -10.085      9.267      -0.074839
    -12.194     10.172       -0.33052
    -11.723     5.8468        0.28434
    -12.429      9.486       0.021099
    -12.562     7.7979        0.21532
      -12.8     7.1653       -0.15483
    -12.502     9.3432       -0.59439
    -15.519     10.426        0.16551
    -13.541     9.4387       -0.10023
    -10.633     9.5566       -0.19815
    -11.745     8.8725       -0.37206
    -13.808     8.0275       0.042848
    -13.574      9.777       -0.17582
     -16.87     9.1894        0.19386
    -14.316     8.2195       -0.87319
    -12.311     7.7855       -0.91378
    -9.4304     8.4729        0.50016
    -10.472     9.0244         -0.323
    -18.277     10.237       -0.09783
    -15.032     9.3927       -0.14922
    -17.111     9.2554        0.35795
    -11.548     8.7794       -0.38094
    -8.3891     9.7162       -0.81243
    -15.141     9.5777        0.13953
    -7.5602     7.2448       -0.11044
    -13.302     6.9038       0.043673
    -13.296     9.9697        0.18038
    -14.335     10.594        -0.2326
    -15.025     8.8888     -0.0042411
     -15.84     10.151       -0.47485
    -9.2713      11.53       -0.65713
    -11.926      10.91       -0.22158
    -9.6397      8.774        0.14387
    -8.7619     8.9644       0.028469
     -9.267      10.11       -0.14773
    -12.946       11.3       0.096655
    -10.441     9.2352       -0.31082
    -13.302     8.9439       -0.77344
    -14.084     6.9157       -0.13727
    -11.943     8.2159       -0.35873
    -12.439     8.6974       -0.36842
    -14.834     8.4284       0.040801
    -12.271     7.9644        0.18377
    -11.986     7.2721       -0.15572
    -9.2058      7.425        0.12264
    -16.115     7.4927       -0.12189
     -17.43     8.4752        0.44517
    -7.3852     9.6489       -0.61878
    -12.407     6.1209        0.01975
    -11.698     8.1134       -0.66177
    -14.686      8.716       -0.31196
    -14.548     9.8279       -0.16978
    -17.275     10.332        0.14903
    -12.304     9.0752       0.048461
    -14.648      7.966          0.345
    -10.239     8.1108        0.34564
    -8.2167     8.2899         0.3725
    -9.0693     9.1143       -0.22296
    -13.659     8.2736       -0.17821
    -11.243     6.6223       0.084881
     -12.16     9.0538       -0.24025
    -10.987     7.5995       -0.27035
    -14.414     8.4641        -0.4837
    -9.8068     8.0342       -0.48694
    -9.4825     8.4375       0.077005
    -13.749     9.3111        0.21571
    -11.961     10.252       -0.36233
    -9.7489     8.3658       0.032843
    -13.747      9.411       -0.24879
    -8.5583     8.1095      -0.093565
    -14.793     8.6682       -0.17898
    -12.977     8.2966       -0.51733
    -14.833     7.6753       -0.22983
    -11.824     10.442       -0.14653
    -18.688     8.1398       -0.25105
    -10.125      12.06       -0.41265
    -7.1562     11.357      0.0024355
    -11.403     9.2662       -0.84716
    -8.4734     11.425         0.2086
     -8.749     9.3201       -0.12935
    -10.786      8.865        0.16215
    -11.934     8.4321       -0.66485
    -14.594     9.6379       -0.31105
    -11.429     7.1669       -0.63593
    -10.411     8.1964       0.068457
    -7.7598     6.7679       -0.45135
    -15.552     8.9089      -0.098328
    -12.016     12.533      -0.072963
    -10.596     8.6122      -0.067193
    -12.749     7.4041       -0.12326
    -11.884     10.723       -0.13667
    -13.508      7.108        0.10037
    -15.614     8.8905       -0.23454
    -8.7037      9.315        -0.4816
    -10.873     8.8481       -0.57843
    -12.262     8.2812       -0.48968
    -9.6929      9.077       -0.59054
    -12.051     9.4626        0.32507
    -14.453     8.1218       -0.32331
    -16.539     12.709       -0.85729
     -14.93      8.079       -0.21779
    -12.641     9.3299        0.18503
    -8.4616       9.16       -0.23307
    -12.724     9.4019      -0.048234
    -12.756     8.9559       -0.21341
    -12.043     9.1676       -0.40539
    -10.661     8.5534      -0.026008
    -11.012     7.4124       -0.08955
    -16.963     9.6339       -0.20653
     -14.16     8.3142       -0.27464
    -12.315     11.238        0.16751
    -13.063     8.6815       -0.18473
    -11.904     9.7026       -0.15271
    -10.736     9.1426       -0.45356
    -13.704     9.9335       -0.41146
    -10.147     10.074        -0.3615
    -9.9221     8.5204        0.18852
    -14.366     7.7576        0.34627
    -9.8925      8.154       -0.10098
    -17.026     8.4401       -0.34856
    -6.3789     10.584       -0.27676
    -15.635     9.3092       0.090112
    -9.1416     9.9298       -0.86639
    -14.729     9.5619       0.038734
    -10.504     7.4544       -0.17342
    -13.694      8.627       -0.21592
    -11.495     6.8634       -0.10106
        -17     13.666       -0.32173
    -16.258     9.2016      -0.045314
    -18.631     8.9143       -0.87158
    -8.7642     10.916       -0.86983
    -15.257     8.8586       -0.33784
    -7.8883     8.1101       -0.09654
    -15.562     11.906       -0.25318
    -10.298     9.0424       -0.51484
    -12.905     7.6489       -0.56097
    -12.597     7.6691        -0.3606
    -11.301     10.963       -0.80079
    -14.655     9.8758        0.30588
     -12.37     8.6408       0.053682
     -13.36     11.715       -0.16119
    -8.4902     6.5998        -0.2138
    -10.634     8.2004       -0.63035
    -14.602     10.868       0.027497
    -12.972     8.8487       -0.20513
    -11.147     7.9524      -0.053518
    -15.072     8.5474       -0.31099
    -11.642     11.409       -0.29517
    -17.217     8.8042       -0.07608
     -14.72     8.8781       -0.10891
    -9.2625     9.0558      -0.069606
    -14.561     8.9008        -0.3799
    -17.994     10.009       -0.12874
    -14.138      11.04        0.47934
    -12.795     8.3669        0.82083
    -9.2792     8.6086       -0.41105
    -15.331     10.837       -0.43645
    -17.954     10.006        0.19587
    -15.343      7.603       -0.34547
    -12.903     7.8277       -0.20474
    -8.0243     11.138      -0.095143
    -6.2721     7.5796        0.17678
    -11.166     8.4402       -0.29239
    -7.8993     8.5563       -0.20943
    -18.976     11.575      -0.093701
    -17.696     10.353       0.080192
    -16.493     9.5116      -0.042655
    -11.268     6.5398       -0.13624
    -8.6485     8.4427        0.70973
    -17.371     10.638       -0.11688
    -15.036     8.6652       -0.48665
    -13.343     9.0543       -0.47658
    -9.2419      11.83        0.15416
    -9.5259     7.1271       -0.26627
    -16.253     10.062        0.16466
     -14.06     11.275        0.24808
    -12.615     6.1794       0.015134
    -13.513     9.7966       -0.25789
    -9.9013     7.2887        0.33042
    -6.4718     8.3724       -0.14807
    -14.012     10.486       -0.50178
    -10.955     7.5561        0.57219
    -14.427     7.5283       -0.35887
    -11.729     7.6763       -0.38802
    -14.167     9.1558       -0.30778
    -11.177     10.967       -0.42149
    -13.698     9.2429       -0.53357
    -11.103     9.8469       -0.22138
    -12.906     8.4276        -0.3418
    -13.393     7.0854       -0.16331
    -16.866     9.4452       -0.28649
    -11.821     9.4985       -0.07794
    -8.0301      9.552       -0.22099
    -10.602     6.4862       -0.25455
    -14.885     9.1034        -0.3005
    -13.458     7.6592      -0.057893
    -14.177     8.8619       -0.35436
    -10.762     10.496       -0.34062
    -10.949     8.6639       -0.42143
    -13.862     12.068        0.21666
    -14.662     9.5667         -0.418
    -14.334     8.4058       -0.86703
    -14.367     9.7375      0.0028146
      -11.1     8.2122       0.035088
     -14.32     8.4304        0.11058
    -10.698      7.931        -0.3186
    -11.759     7.8524        0.15295
    -13.003     8.0226       0.018049
    -16.747     8.5636        0.20508
    -11.854      8.371       -0.77765
    -10.516     9.7068       -0.43728
    -13.246     7.6224       -0.40608
    -11.274     8.7434        0.11005
     -8.203      7.599      -0.037783
    -11.448     8.0491       -0.38494
    -11.686     8.5687       -0.90241
    -11.823     8.6871        0.52691
    -14.418     10.907       -0.44766
    -13.457      7.991       -0.36989
     -12.64     12.422        -0.4385
    -11.823     9.1892        0.13574
    -10.019     9.8098        0.36851
    -14.671      8.141        0.15801
    -10.369      10.93         0.0631
    -11.915     10.026       -0.05916
      -13.6     8.0015       -0.30861
    -18.833     10.585       0.083572
     -11.55     8.6519       -0.13673
    -11.157     6.4767      -0.055409
    -13.944     9.8516       -0.36706
    -13.004     9.1429       -0.51929
    -13.369     9.3323        0.21239
    -10.828     7.3774       -0.16822
    -12.412     8.2084       -0.10644
    -11.126     9.1509       -0.19171
    -13.014     7.9796      -0.090692
    -11.807      7.642        -0.4918
    -14.341     8.7215      -0.068231
    -13.164     8.7858       -0.23246
    -12.836     8.4588       -0.11091
    -14.414     10.579       -0.42795
    -20.144     10.293       -0.64526
    -9.5156     8.4692        -0.1625
    -13.217     11.048       -0.15668
    -9.8875     9.4157        0.41669
    -15.399     7.2167       -0.36906
    -11.985     7.6249      -0.046468
    -13.487     7.6637       -0.26105
    -13.512      8.255        0.42882
    -13.447     9.0841       -0.29645
     -16.75     8.5354       -0.12348
    -12.616     9.3933        0.36948
     -12.91     10.435      0.0086119
    -12.864     10.225       -0.71405
    -13.607     12.889        0.14566
    -9.7948      9.515       -0.44029
    -18.517     8.9567       -0.19961
    -12.013     7.8686        0.36641
    -11.269     8.8402       0.038335
    -11.689     8.6983        0.18537
    -10.629     6.5891       -0.27415
    -15.541      9.928     -0.0073631
    -10.296     11.338       -0.30496
    -11.901     7.6122        0.45118
    -10.054     8.1629       -0.13838
    -7.4489     7.7331        0.05003
    -10.414     7.8657        0.32054
    -10.412      10.79       -0.17027
     -18.88     9.8582       -0.14396
    -12.883     11.483      -0.033916
    -11.682     7.7459       -0.09854
    -12.071     7.4851       -0.14384
    -12.269     11.209       0.020642
    -15.681     8.9793       -0.32903
    -15.369     9.6187      -0.073138
    -9.1279     10.588        0.44837
    -11.258     8.0317       -0.35317
    -10.749     7.6733       -0.19942
    -8.3346     11.114      -0.088951
    -14.632      9.983       0.053562
     -8.221     10.643      -0.083386
    -9.1331     9.9184        -1.1016
     -15.22     7.6785       -0.27072
    -9.4397     5.8208        -0.2475
    -11.372     8.7021        0.14107
    -10.753     7.4474       -0.35366
    -11.316     9.5012       -0.57018
    -13.854     8.9633       -0.59797
    -8.1754     6.1823       0.040386
    -12.529     8.8632        0.11332
    -11.507     8.9397        0.35641
    -8.9527     9.8127       -0.35937
    -12.028     6.1009        0.16828
    -13.692     7.2978       -0.21947
    -12.237     8.6846       -0.17545
    -11.749     9.8382       0.072659
     -10.86     9.5727      0.0034271
    -12.249     7.9512       -0.19264
    -13.087     8.8657       -0.47448
     -13.31     6.5941       0.090076
    -13.542     11.513       -0.48618
    -14.121     8.0947       -0.21741
    -14.451     7.4824        0.23925
     -12.94     8.6557       -0.23054
    -10.349     10.255      -0.077967
    -10.797     8.9995        -1.2807
    -12.349     9.8068        0.26433
    -11.605     8.0088       -0.18612
    -18.028     10.187       0.088253
      -17.2     9.8288       -0.25306
     -11.83     10.678       -0.25006
    -13.356     8.9018       -0.27602
    -8.9894     9.8786       -0.26996
    -6.8657     7.8613      -0.071801
    -11.228     8.9986       0.080492
    -19.031      9.092        0.14076
    -6.1514     9.3556        -0.4564
    -12.858     6.2547       -0.18366
    -18.397     10.217        0.15598
    -6.6939     10.115       -0.74086
    -10.557     9.3994       -0.33265
    -12.625      8.837       -0.32712
    -13.237     8.0108      -0.046943
    -17.302     6.8345        0.19048
    -9.3754     7.7556        0.20422
    -13.651     9.8995       -0.67618
    -13.322     8.3291       -0.46976
     -16.54      11.54       -0.43533
    -13.619     11.592        0.67078
    -10.864     7.3398        0.63006
    -15.784     10.754       -0.69166
    -13.072     9.4452      -0.049888
    -13.797     9.2566       -0.25227
    -11.535     9.4648       -0.17222
    -12.099     8.9532      -0.091458
    -8.9219      10.01       -0.17917
    -15.814      9.158       -0.10551
    -9.5393     7.5322       -0.37997
      -16.5     12.539       -0.14315
    -10.614     10.185       0.012107
    -15.169     10.419        0.19904
    -13.342     7.3969       -0.02904
    -10.341     9.8004      -0.032639
    -11.513     11.002       -0.29638
    -7.8821      8.729       -0.44962
    -12.584     12.381        -1.1821
    -14.854     10.779       -0.24824
    -16.826     8.7826       -0.71029
    -13.358     8.1933       0.064931
    -8.3144     9.8134            0.1
     -10.43      8.802        0.17407
    -10.567     9.9998       -0.60229
    -9.6261     10.082        -0.2735
    -18.202     8.6522        0.28205
    -14.948     8.0297       -0.41823
    -13.865     10.495       -0.29397
    -11.003     6.8845        -0.2928
    -13.892     8.8215       -0.36516
    -17.094     10.763       -0.39225
    -14.007     10.255       -0.56142
    -13.839     8.4571       -0.30411
    -12.343     8.3774       -0.26254
    -16.409     9.8373       -0.10736
    -13.081     10.309        0.27505
    -12.116      7.488        0.25386
     -14.82     9.1375       -0.89503
    -9.0485     9.8689       -0.36373
    -11.072     8.5343       -0.25657
    -13.938     8.9874        0.59908
    -18.146     9.3133        0.11868
    -14.674     10.107       -0.17257
    -8.3722     10.168       -0.04211
    -11.017     9.5836        0.65412
    -17.367     7.9932      -0.083373
    -13.558     8.7746       -0.33568
    -14.759     7.9386       -0.71352
    -7.7709     8.0974       -0.27525
     -10.24     9.0705      -0.090529
    -14.623     8.8285        0.18886
      -16.5     9.3585       -0.69619
    -11.067     9.4987       -0.33217
    -12.938     10.979        0.23932
    -14.509     9.0598        0.67385
    -14.209     8.9779         -0.423
    -7.3444     11.515        0.55401
    -13.861     9.7628       -0.40081
    -9.8257     11.354        -0.8003
    -10.045     9.0025       -0.61779
    -15.939     11.158       -0.14673
    -14.832     8.5501       -0.22869
     -12.76     8.7432        0.14262
    -15.831       10.4       -0.69332
    -9.2615      8.822       -0.58691
    -9.4039     9.4908       -0.53847
    -12.487     8.7159      -0.035007
    -11.363     8.3304        -0.2607
    -10.936     8.7516       -0.95683
    -10.849     9.0087       -0.38057
    -12.046     11.859       -0.74616
    -5.7492     10.244       0.014949
    -14.103     7.3431       -0.38485
    -16.886     9.6851        -0.2262
    -12.142     8.6901       -0.30528
    -12.842     7.5271       -0.10466
    -8.5373     10.137       -0.12685
     -10.87     7.8675      -0.020939
    -11.236     9.0956       -0.32898
     -13.07     11.474       -0.38592
    -12.211     10.964       0.033494
     -13.67     12.964       -0.11499
    -14.462     10.834        0.45914
      -13.6     8.4568        0.26002
    -11.696      8.862         0.0644
    -10.805     6.9761       -0.48248
    -10.682     9.8811       -0.31476
    -13.458     11.183       0.011044
     -15.01     10.822       -0.18342
    -11.423     10.404      -0.032076
    -9.8169     8.9994       -0.15233
    -13.839     10.024       -0.02936
    -13.023     9.2613       0.032608
    -12.991     11.962       -0.69885
    -15.415      7.232       -0.10241
     -17.23     8.8162        0.11887
    -11.259     8.2174       -0.42745
    -19.075     8.9458      -0.013898
    -12.152      7.086        0.61503
    -17.169     8.8347       -0.44995
    -16.113      10.02        0.24827
    -15.043     11.063      -0.028238
    -12.018     10.179       -0.71759
    -8.7804     8.3653       -0.19888
    -14.823     8.6103        -0.4243
    -10.815     9.0577        0.64156
     -12.76     8.5264       -0.81558
    -10.467     9.4482       -0.48309
    -12.748     7.9809       0.035147
    -9.6263     10.618        0.15034
    -12.497     10.255      -0.071704
    -13.413     6.7048        -0.1422
    -11.408     8.0854       -0.80456
    -14.598     8.3843       0.094651
    -10.848     9.1602       -0.07733
    -16.205     10.683       -0.12666
    -15.647     9.6629        0.13351
     -10.52     8.0777      -0.029453
    -12.825     8.9584        0.11063
     -12.83     6.0209        0.26242
    -11.884      10.95       -0.30524
    -9.5505     8.4008        0.24046
    -10.077     10.307       0.031288
    -15.695     10.856       -0.90414
    -12.188     7.6732       -0.78005
    -16.991      7.551        0.47329
    -9.0966      8.045      -0.022208
    -14.686     9.3532         -0.623
    -16.748     10.487       -0.07559
     -13.99     7.6674       -0.34388
     -12.45      9.501       -0.15625
    -9.8379     10.542       -0.17277
    -7.9614      7.945        0.18067
    -16.448     9.7921        0.18795
    -8.4941     8.7716       -0.56176
    -6.7989     7.6295       -0.58969
     -9.765     8.4197       -0.25444
    -14.707     10.326      -0.011548
    -12.815     11.923       -0.90621
    -6.5677     9.3517       0.098488
    -15.033     7.1592       -0.39545
    -11.217     10.533        0.24156
    -19.252     7.5933        0.27837
    -11.151      8.599      0.0047681
    -12.689     7.3445         0.2518
    -7.6465     10.283        0.26159
    -13.719     8.8061       0.057515
    -13.059     10.884       -0.20529
    -7.6364     6.9732       -0.35605
    -13.061       10.2        0.14836
    -13.844     8.5711       -0.18108
    -12.694      9.803       -0.15256
    -11.025     10.561       -0.27162
    -14.699     8.5233       -0.22585
    -15.751     6.9968      -0.026358
    -9.5215     8.3003       0.045389
    -12.116     10.055       -0.77062
    -11.498     9.2575       -0.28901
    -12.303     7.6176       -0.68464
    -13.868     9.6683       -0.21641
    -13.264     8.5265        0.28832
    -10.941     8.0166       -0.53142
    -9.9847     6.9401       -0.41964
    -13.218     9.0823      -0.096951
    -15.948     9.7448        -0.5446
    -11.624     8.2677       -0.30288
    -14.775     8.8155       -0.18631
    -12.485      7.891       -0.03245
     -7.512     8.9265        0.27977
    -14.838      10.04       -0.53308
    -12.828     10.601       -0.18034
    -9.1675     8.9957       0.067647
    -12.044     9.0684         -0.879
     -11.62     9.6398       -0.34142
    -12.682     8.7253       -0.16685
    -11.776      8.578       -0.05573
    -12.078     7.3818      -0.095914
    -10.712      10.26       -0.45288
    -17.226     8.7195        -0.4726
    -9.3498     6.1465      0.0096355
    -11.161     8.6815       0.036955
    -11.074     6.8232      -0.079556
    -13.883     9.6773       -0.42827
    -11.485     8.2777       -0.28931
    -10.942     8.0731       -0.41158
    -11.953     10.664        -0.1684
    -13.136     8.9602      -0.097005
    -13.178     8.4104      -0.068803
    -10.596     7.8633      -0.097249
     -9.174     8.5826       -0.78318
    -7.6609     9.3166       -0.19908
    -14.624     10.085        -0.2039
    -12.083     8.9515        -0.1893
    -8.5912     8.1972        0.05003
    -11.913     9.1982        0.13063
    -13.081     8.6155       -0.70866
    -14.177      10.13       -0.39422
    -15.267     8.4101      -0.043542
    -9.7562     7.3741       -0.34617
    -12.091     11.816       -0.39446
     -11.25     8.2323        0.44994
    -8.8928      7.149       0.011531
    -15.171     12.141       -0.15739
    -16.783     10.131        0.10967
    -19.856     7.0828      -0.095457
    -12.521     8.5416        0.11943
    -12.798     11.041      -0.034146
    -14.223     8.4602       -0.10762
    -12.167     7.8973       -0.12707
    -10.366     6.8521      -0.021433
    -13.353     7.1295       -0.46193
    -14.945     9.6338       -0.26717
    -9.0799      8.957       0.060879
    -13.159     7.1714       -0.21269
    -9.6144      7.547        -0.2039
    -11.199     7.7203        -1.2009
    -7.2867     7.5467       -0.08563
    -13.461     9.0585        0.24331
    -10.264     9.6157       0.038744
    -8.3811     10.729       -0.16596
    -15.681     7.0444        0.18871
    -14.241     8.8546       0.086447
     -14.67     8.5365        0.36447
    -13.061     7.7757       -0.66038
    -18.715     8.4394        0.28398
    -11.558     10.173       -0.26898
    -12.429     9.7883       -0.26884
    -12.275      8.099        -0.3598
    -6.9766     10.916       -0.82866
    -17.172     9.9559       -0.54292
    -11.944     8.8793      0.0019493
    -8.1309     9.4154      -0.058031
    -12.311     9.0463       -0.20324
      -13.2     6.9921       -0.25743
      -12.7     10.138       -0.20382
    -9.9697     7.5006        0.43445
    -13.872     9.5906       -0.52132
     -17.05     8.8483       -0.30297
     -11.81     7.7964     -0.0085006
    -9.7283     7.7854      -0.032505
    -9.2832     9.3549       -0.43864
    -9.3417     8.7262       -0.13136
    -16.986     10.139       -0.52426
    -11.174     10.347       -0.12645
     -11.21     9.2712       0.039455
    -14.018     9.9019        0.30204
    -14.199     8.3516        -0.5873
    -14.434     8.0698        -0.5898
    -12.804     11.076       -0.18917
    -13.345     7.1246        0.25707
     -14.55     9.9281       -0.59169
    -10.347     8.2958        0.25394
    -12.643     9.0157       -0.16281
     -14.22     10.204       0.076175
     -11.83     9.7517       -0.65374
    -8.9925     10.067        0.10847
    -16.602     10.283       -0.66067
    -13.747     9.0666       -0.90697
    -13.466     9.5302       -0.38182
    -14.039     7.2376        -0.4586
     -15.34     8.6577       -0.21199
    -8.7345     8.4085        0.22759
    -11.016     9.1085       0.013522
    -13.116     8.9547        0.15036
    -9.2659     8.6967      -0.020585
    -15.728     7.4498       -0.79057
    -10.396     8.0205       -0.47484
    -15.002     11.895       -0.23491
    -14.219     7.7734        0.18183
    -14.415     10.803       -0.60916
     -10.86     9.7017       -0.14471
    -6.5926     6.5836       -0.02517
    -11.113     6.5545        0.19335
    -10.885     7.6705       -0.30746
    -10.522     10.829         -0.159
    -13.104      9.628       -0.86274
    -8.9033     7.5073       -0.56279
    -11.735     8.3082       -0.41615
    -12.066     9.2161       -0.39869
    -11.517     10.122        -1.0021
    -14.545     8.6711       -0.16517
    -9.6586     7.5068        0.17983
    -9.5161     8.4504       -0.11372
     -10.97     8.3073       -0.22631
    -15.514     10.756      -0.057821
    -15.906     10.635        0.29013
    -13.902     10.456       -0.16654
    -18.018      11.06       -0.10916
    -15.468     9.2583       0.098987
    -14.797     8.4877        0.29788
    -15.981     8.5548       -0.56253
    -11.873     7.4151      -0.036134
      -14.3        9.2       -0.52282
    -11.627     10.143        0.51317
    -14.442     8.6226       -0.19302
    -12.097     5.8399      -0.067557
    -17.404      7.495       0.062559
     -14.86     8.9273       -0.52644
    -12.175     6.8682       0.084503
    -15.224     10.862       -0.21457
    -11.639      7.263       0.075762
    -14.649     9.4244       -0.22135
    -13.659     9.7581       -0.48649
    -9.6932     7.3066       -0.24558
    -11.086     8.3428        -1.1147
    -10.152     7.0686       0.045673
    -14.921      9.979        0.22844
    -11.984      7.869       -0.39592
    -15.561       9.16       -0.20721
     -16.49     10.576       -0.37102
    -11.503     11.384      -0.041856
    -7.8325     9.1024       0.045316
    -13.815      9.262     -0.0017109
    -11.721     9.6435       -0.29515
    -11.434     9.7579       0.078012
    -6.2596     8.0459        0.29585
    -12.861     8.3656        0.03898
    -12.803     12.087       -0.41456
    -16.129     9.9748        -0.6963
    -9.0309      8.893       -0.30995
    -14.103     11.679        -0.4324
    -8.2947     8.2248        -0.2378
    -16.155     12.198      -0.010808
    -9.3286     9.5422        0.20693
     -8.539     9.1958      -0.093893
    -9.2006     10.678       -0.59181
    -12.875     8.2569        0.16988
    -6.0389      10.66        -0.6744
    -9.6907     8.9727       -0.84861
    -10.101     9.1393       -0.21148
      -12.6     8.7117       -0.16067
    -15.105     9.9323        0.17835
    -15.135      8.279        0.41622
    -13.116     7.8727       -0.23087
    -15.495     8.8488       -0.11191
    -13.532     9.1219        0.56026
    -11.971     10.715      -0.038092
    -12.778     9.4607       -0.25167
    -6.2815     8.5602       -0.35323
    -15.032     9.4084        0.17409
    -9.3936     10.327     -0.0020977
    -10.488     8.8829       -0.19135
    -10.826     9.4125       -0.47273
    -12.753     8.1302        0.17348
    -8.8485     10.102       -0.22098
    -11.242     9.9745        0.36241
    -11.084     8.1561       -0.24537
    -15.047     8.5627       -0.26844
    -8.9679     8.0519      -0.039405
    -9.4092     7.4493        0.13046
    -7.5829      10.18       -0.57838
     -11.01     8.5596        0.37281
    -11.464      9.037       -0.10328
    -13.612     9.7443       0.034809
    -12.804     7.7569        0.28279
    -14.055     10.264        0.17235
    -8.7248       9.83      -0.048337
    -8.4816     8.2741       -0.53217
    -13.331     9.2457      -0.043809
    -13.043     9.5895        0.12542
    -12.779      9.867       -0.13708
    -13.195     7.8596       -0.26319
    -6.7267     7.8576      -0.077474
    -14.831      8.618        0.12218
    -12.213     8.9449       -0.26911
    -10.279      10.61       -0.17561
    -6.3705     8.5798       -0.67064
    -11.321     10.171       -0.18357
    -9.5926     7.2616       -0.21844
    -12.479     8.3011       -0.11758
    -13.964     8.9521       -0.41986
    -5.9598      13.01       -0.50628
    -13.131     8.7757        0.51297
    -11.736     8.9012        0.50658
    -14.252     9.9539       -0.13093
    -7.1962     6.1023        0.31644
    -10.884     6.9582       -0.75654
    -11.766     9.5261       -0.12159
    -9.1356     6.6671       -0.35933
    -14.615     10.459        0.44453
    -10.593     9.2477       -0.24509
    -10.584      10.02       -0.14772
    -9.8203      6.407       -0.35173
    -13.347     11.263        0.15361
     -13.77     12.381       0.070889
    -8.3591     8.1237        0.03633
    -12.281     7.9679        0.19237
    -12.707     11.511        0.14351
    -11.786     10.725       -0.51039
     -14.45      7.653       -0.09784
    -13.698     8.3421       -0.73259
    -8.9478     8.7968       -0.36498
    -12.959     9.0712       -0.21431
    -6.2367     7.7762        0.44658
    -10.746     11.514       -0.34326
    -15.325     7.7919      -0.014797
    -12.775     9.0278       -0.21444
    -16.605     7.0598       -0.15555
    -14.652     7.6552       -0.31823
    -13.368     9.7482       -0.93975
    -15.796     10.191      -0.049329
    -9.2942     10.074       0.056717
    -12.082     9.7648        -0.5704
    -11.468     8.4066        0.21177
    -10.736      9.526       -0.57734
    -14.662     9.2618       -0.54071
    -15.263     9.9888       0.038885
    -12.616     8.8585       -0.49983
    -11.299     8.4047       -0.23153
    -9.6827     8.8954       -0.52091
    -9.2957     6.2629       -0.57022
    -10.149     9.1064        0.12231
    -17.412     10.568       -0.29423
    -8.7972     8.8701       -0.25636
    -10.295     8.4714       -0.23382
    -10.084     12.535         -1.039
    -12.527     10.986        -0.4071
    -7.7457     8.0048      -0.070495
    -11.454     9.1343       -0.24872
    -11.206      11.09        0.19262
    -9.9383     8.5309      -0.099648
    -11.709     9.0414        0.13601
    -9.6882     8.0503       -0.42093
    -5.1239     9.1167        0.37261
    -10.965     9.9513       -0.66209
    -12.126     9.3299         0.0845
    -11.789      8.542       -0.68381
    -8.9181     8.4839        -0.1214
    -15.087     8.5721       -0.91217
    -12.849     7.9047        0.16647
    -14.827     9.7134      -0.087362
    -15.999      8.998      -0.051093
    -15.527     8.8101       -0.20817
    -7.4345     9.9122     -0.0082764
    -13.109     7.0373        0.35345
    -13.312     10.458       -0.30035
    -12.233     10.015        0.18249
    -11.856     7.7396       -0.25637
    -13.105     10.677       -0.08008
    -12.474     7.8159        0.10803
    -11.309     11.137       -0.13828
    -9.7179     8.6095        0.38808
    -17.371     8.0025      -0.055839
    -7.5259     7.8322       -0.34609
    -11.288     7.8118        -0.4952
    -8.8321     7.5088     -0.0055464
    -9.0757     8.4226         0.3325
    -12.352     8.3255       -0.49282
    -13.077     11.591       -0.14718
    -8.2312     9.5486       0.017911
    -13.631      7.731        -0.1768
    -7.2379     8.0998        0.14507
    -14.278     8.0471       -0.35008
    -6.9588     7.8366       -0.27727
    -13.176     8.2067        0.17009
    -16.141     8.8975         0.3021
    -10.236     7.8053        0.23359
     -14.04     9.0064       -0.10344
    -10.344     10.167       -0.23601
    -15.454     8.2706       -0.24544
    -15.701     6.7022        0.14117
    -11.848     8.4317       0.050417
    -14.962     8.0317       -0.37492
     -11.59     8.3047        0.17534
     -15.23     11.272       -0.28539
    -13.571     8.9972       -0.37738
    -14.274      8.209       -0.75835
     -11.04     10.354       0.011589
     -11.59     10.061       -0.40184
    -10.993     9.8886       0.058766
    -13.797     9.3283       0.011268
    -10.783      8.038        0.29904
    -15.323     11.404       -0.39578
    -18.547     9.9368       0.016711
    -10.471     10.045       -0.47508
    -12.404     7.4569       -0.20893
    -10.245     8.0297       -0.32455
    -13.889     9.0687      -0.037349
    -14.943     6.6537       -0.10756
    -13.152     8.2218        0.21769
    -8.1441     10.654       -0.33098
    -9.4642     9.1443        -0.5109
    -14.748     7.0066    -0.00024271
    -13.866     8.4547       -0.34609
     -14.58     6.7274       -0.28237
    -14.513     9.2595       -0.46607
    -15.753     9.1325       -0.25055
    -15.888     9.3994       -0.14857
    -13.769     8.9383       -0.65891
    -10.329     8.6226        0.14888
    -12.508     7.2465        0.10035
    -10.606     8.9409        0.09384
     -12.86     10.579       -0.20914
    -9.7756     6.7093       -0.61985
    -10.774     7.0282       -0.38157
    -11.185     7.7613       0.058734
    -9.2163     7.4727        0.19982
        -15     10.666       -0.84207
    -16.876     10.349      -0.045601
    -13.425     8.2964       0.041724
    -14.748     8.3111       -0.33256
    -15.529      9.586       -0.55155
    -12.594     8.4794       -0.34199
    -13.246     8.0512        0.30297
    -12.124     9.3599        0.28254
    -15.032     6.2232          0.024
    -14.338     9.8272        0.52482
     -15.31     9.4745       -0.57031
    -12.031     6.7512       -0.23304
    -13.216     8.8756       -0.36035
    -15.259     10.883        -0.1312
    -15.627     10.958       -0.41378
    -12.614     9.6268       -0.29384
    -14.414     8.5218        0.31945
    -12.667     8.6708       -0.33857
    -11.175     8.9541       -0.29028
    -17.149      10.98         -0.396
    -13.232     7.5155       -0.22051
    -13.605     6.3846        0.31108
    -13.039     10.459      -0.077435
    -12.827     7.5013       -0.33308
    -12.604     11.066       -0.17394
    -17.918     9.7298       0.047125
    -13.979     10.941      -0.054606
    -14.256     9.4698        0.19839
    -10.002     8.2655        -1.0219
    -8.5786     8.4021       -0.15899
    -15.122     9.2879       -0.48125
    -12.328     8.3291       -0.59423
    -12.857     11.773       -0.87133
    -7.0585     8.6562        -0.2925
    -12.449     8.8456       -0.19551
    -8.0467     8.1267       0.077026
    -12.149     9.1414       -0.46799
    -7.1688     7.6161         0.1902
    -11.047     11.069        -0.3816
    -13.824      9.141       0.039335
    -10.527     9.8883        -0.1973
    -13.832     7.1072       -0.15017
    -14.895     7.5043       -0.43501
    -13.392     9.6843      -0.086486
    -13.573     7.6659       -0.20135
    -10.748     7.4294       -0.31924
    -11.517     9.1559        -0.6225
    -13.372     11.079       -0.57473
    -9.6581     8.5883        0.21397
    -14.113     6.3312       -0.38125
    -12.644     9.5332       -0.27005
    -13.498     10.664       -0.23894
    -13.597     10.546        -0.3088
    -10.232     7.3318       -0.16505
    -12.422     8.0305       -0.24517
    -10.558     8.7482       -0.33868
    -7.0458     8.7241       -0.12924
    -10.787     9.3168       0.048002
    -8.2964     8.4276       -0.56793
    -7.9281     8.4935       -0.26743
    -10.019     10.589       -0.35359
    -13.835      7.936      0.0056351
     -18.03     8.9229      -0.084471
    -8.6814     8.7866       -0.67484
    -14.183     6.7155       0.032986
    -15.596      10.43       -0.37706
    -12.989     9.2409         0.1097
    -14.702     10.756       -0.33232
    -6.5617     9.1852       -0.67374
    -7.3352     6.8524       -0.27753
    -10.616     7.8368       0.071008
    -13.684     9.4726       0.086301
    -15.737     11.293       -0.40338
    -7.9663     9.3489       -0.16596
     -14.14      10.66        -0.1423
    -13.278     9.2982       -0.16571
    -9.9296     8.3156       -0.11902
    -13.097     7.5032       -0.37376
    -12.147     8.7647      0.0059476
    -11.004      9.553       -0.22309
    -14.439     9.6351       -0.20422
    -13.495     9.4242       0.095149
     -12.05     10.542        -1.0527
    -13.036      8.756       -0.30679
    -18.367     10.515       -0.63207
    -12.942     6.7971       -0.32098
    -15.377     10.231        0.36347
    -14.159     9.8083      -0.044597
    -10.613     9.2811      -0.079959
    -11.698     10.248        0.17552
    -13.774     10.426       -0.21666
    -13.342      7.898       -0.15444
    -12.742     8.3656       0.025663
    -10.096     9.0751        -0.1991
    -17.676     9.1372        0.44975
    -12.731     8.4406       -0.11298
    -10.022     9.2686       -0.17047
    -16.475     7.7561       -0.78777
    -11.907     8.5279     -0.0022802
    -17.602       10.7       -0.30586
    -11.657     8.4488        0.17581
    -14.309     9.6166        -0.3228
     -12.54     9.8242        0.20404
    -10.289      8.891       -0.36618
    -15.308     10.641       -0.33985
    -10.796     6.9784        0.38027
    -12.177     9.6865       -0.16239
    -9.6232     8.4001       -0.25991
    -7.1892     7.4416       -0.58693
    -11.458     8.3482       -0.20959
    -14.794     8.3315        0.18115
    -13.443     9.3335        -0.8049
    -16.861     9.6498       -0.23209
    -9.9711     9.2586        -0.7407
    -12.323     7.7561        0.36658
    -12.828     9.6988        -0.3299
    -17.661      13.95       -0.14133
    -8.7351     8.3674       0.088546
    -14.631     7.9387       -0.20888
    -10.984     8.4271       -0.46664
    -13.958     9.9846        0.37216
    -13.153     9.6897       -0.17771
    -13.202     9.1708        -1.0182
    -14.178     9.2313       -0.22858
    -7.0349     6.6541       -0.10552
    -11.924     10.356       -0.44213
    -13.553     11.353      -0.072252
     -9.016     9.3977        0.10132
    -10.585     8.6127        0.14323
    -10.424     8.9201      -0.075784
    -11.505     7.6502       -0.42251
    -13.904     9.4836      -0.024024
      -13.8     9.0933      -0.022508
    -15.522      12.62        -1.0153
    -9.1775     10.517       -0.17026
    -12.029     8.6594       -0.63774
    -15.252     9.6151       -0.26868
    -11.963     7.3458       0.068344
    -8.0691     9.2979       -0.14019
    -13.646     8.3881       -0.51989
    -11.263     9.3587       -0.52267
     -13.28     10.344        -1.0044
     -14.97     9.6631       0.071687
    -19.289     8.4621        0.20788
    -13.374     10.151       -0.24546
    -10.891     11.784       -0.16283
    -11.482     8.9397        -0.2307
    -11.574     8.8732      -0.080565
    -11.358     8.8562       -0.66378
    -15.992     11.712       -0.13475
     -12.35     7.0214      -0.049118
    -13.787     8.7663       -0.26441
    -12.368     9.2216       -0.31753
    -15.539     10.045       -0.22021
    -16.374     8.8883        0.50458
    -10.445     8.1429        0.50442
    -13.067     10.229      0.0064076
    -9.1517     7.3916       -0.42882
     -9.608     8.4499       0.018359
    -14.983     9.0328        -0.2494
    -5.2099     5.7033        0.36114
    -9.8148     10.101       0.012904
    -12.963     9.4551      -0.019546
     -17.05     11.476       -0.20184
    -10.969     6.7942        0.63159
    -8.2983     6.6375        0.26804
    -13.418     7.3893       -0.33322
    -16.356     9.2058       -0.24511
    -10.192     10.586       -0.37032
    -13.619     8.5328      -0.091643
    -12.342     10.277       -0.43804
    -13.802     7.0362        0.37803
     -10.19     8.5452       -0.38892
    -12.632     8.6713       0.042909
    -18.939     7.8245       -0.30737
    -3.8754     8.2782       -0.45717
    -13.659     10.492        0.33936
    -15.533     8.8181      -0.034809
    -8.7306     8.2734       -0.12602
    -11.743     9.1361      -0.034877
    -9.4389     10.303       -0.28807
    -13.614     8.1189        -0.2273
    -13.721     9.3181          -0.35
    -11.596     8.9314        0.05394
    -11.564     8.3544       -0.27717
    -14.962     7.8798      -0.050826
    -11.234     8.7291       -0.31027
    -12.673      7.544        0.34903
    -12.738     8.2746        0.11588
    -10.635     11.141        0.37271
    -10.784     11.015       -0.32597
    -13.526     8.3607       -0.56709
    -12.663     7.8733       -0.10141
    -15.662     9.3112       -0.36191
    -15.044     8.5271        0.16602
    -17.463     8.2963       -0.26632
    -14.816     8.3117       -0.24863
    -12.178     11.336       -0.50108
    -12.427     8.2937       -0.18074
    -12.519     10.161       -0.15519
    -9.8961     8.6024        -0.1484
    -11.467     11.009       -0.80835
    -17.003     9.5871       -0.15927
    -10.554     8.6627        0.02244
    -16.286     5.8224        0.12979
    -4.0456     9.2275       -0.56684
    -11.845     11.657       -0.42875
    -12.828     9.7255       -0.17978
    -12.365     9.1306       -0.14196
    -13.226     7.9551        0.30411
    -12.158     7.0906       -0.20424
    -9.5254     9.6567        0.26398
    -12.509     7.1392       -0.12235
    -13.109     7.7575       -0.74755
    -13.599     9.6494       -0.14888
    -12.439     7.3098       -0.25417
    -17.232     10.341       0.065317
    -12.767     8.6439        0.18441
    -17.592     9.9642       0.047908
    -10.253     10.173        0.59813
    -10.343     7.7184       -0.11529
    -7.7588     8.2223       -0.49967
    -12.893     9.0936       -0.13161
    -14.351     10.709       -0.32213
    -11.245      7.637       -0.53667
    -15.599     9.3835       -0.35778
    -9.6901     8.2415       -0.34137
    -12.801     11.294       -0.38797
     -9.657     9.2082       -0.16766
    -12.462     11.714        -1.4529
    -15.024     9.6478       -0.18985
    -10.119     8.4141        0.49082
    -14.228     9.6806       0.024679
    -9.2379     9.5849       -0.38232
    -10.311     7.4509       -0.13416
    -10.928     10.609       -0.15797
    -13.963     10.256       -0.42699
    -17.454     9.3905        0.20331
     -11.48     7.5831         0.1224
    -15.856      9.745       -0.17044
    -16.366     8.3982       -0.37426
    -9.8461     6.6905       -0.18191
    -12.475     11.641       0.059199
    -12.472     9.2286       0.068493
    -13.711     8.6872       -0.14137
    -9.0287     9.7729       -0.31661
    -16.683     10.414       -0.15825
    -10.528     8.7693       0.068059
    -14.426     8.7909      -0.059267
    -13.363     10.845       -0.44524
    -11.459     10.131        0.48519
     -11.63     6.8709         -0.505
    -8.6964     9.3269       -0.55227
    -10.588     9.3205        0.22721
    -14.963      7.884       -0.41617
    -13.439     9.0402       -0.73477
    -14.329     10.141       -0.45213
    -11.235     9.9851       -0.62481
     -15.44     10.419       -0.30446
    -13.868     9.2873       -0.42354
    -14.817     8.2063        0.20376
    -12.687     9.7022       -0.38468
    -13.713     8.0081         -0.766
    -13.297      8.254       -0.41421
    -13.366     9.3821        0.55351
    -16.228     8.9157       -0.22547
    -13.772     8.5226        0.11643
    -12.603     10.543       -0.88179
    -19.892     7.9652       -0.17611
    -13.546     7.8575        -1.4967
    -11.387     8.3286       -0.31683
    -9.8572     9.3981        0.49703
    -7.6952     8.6253        0.14933
    -18.181     10.102       -0.58358
    -12.978     8.6196       -0.16071
     -14.53     11.242       -0.70573
    -16.009     9.7653       -0.35962
    -9.5326     6.8212       -0.74506
    -14.094     8.2587       0.085485
    -14.128     11.451        0.28065
    -15.344     10.058       -0.99097
     -10.03     8.9853         -0.725
     -19.12      8.129       -0.19972
    -11.985     8.6143       -0.20817
     -11.92     9.5049         0.1111
    -13.323     11.618       -0.96755
    -11.595     9.1989        -0.1194
    -16.039     9.6201        0.25327
    -15.331     7.4133       -0.13646
    -14.037     8.9423       -0.24188
    -12.233     10.138      -0.072717
    -10.818     10.352       -0.27355
    -11.303     8.4554        0.26986
    -10.639     9.7564       0.028113
    -16.049     9.6116        -1.0024
    -13.456     10.049        0.18141
    -11.622     11.396       -0.58904
    -9.3252     10.128        -0.1069
    -9.5668     9.6585        0.12057
    -7.0432     10.437       -0.24634
    -13.658     6.9633       -0.15064
    -11.336     7.7518       -0.12701
    -13.957     10.159        0.20951
    -12.959     6.7836       -0.23937
    -15.292     10.016       -0.11523
    -15.785     8.6877       -0.52285
     -11.91     8.5702       -0.25222
    -12.671     9.2741        -0.1827
     -14.06     8.2051        -1.0192
    -11.017     6.9948        0.20976
    -12.985     9.5541        -0.6629
     -8.683     11.191       -0.33102
    -12.745     7.0619      -0.047395
    -10.043     8.2997       -0.49908
     -15.81     9.7266       -0.14839
    -14.016     9.5315        0.17133
     -13.22     11.191        -0.3889
    -11.972     10.493       -0.30749
    -12.732     10.039       -0.46348
    -10.253     8.2326       0.068252
    -16.102     10.975        0.22779
    -18.426      8.132        0.31559
    -12.211     7.3003       0.092563
    -9.6763     7.3031       -0.55668
    -10.892     7.6964        0.13517
    -12.209     8.7223      -0.016041
    -10.897      9.422        0.24122
    -15.461     8.8106       -0.33497
    -12.059     10.508       -0.30545
    -13.262     7.4441        0.12171
    -10.462      8.463       -0.22912
    -11.943     9.3832       -0.19547
    -12.357      8.543        -0.4194
    -9.7884     8.1735       -0.20397
    -9.1908     8.6154        0.53314
    -13.538     8.4992       -0.37067
    -10.068     10.448       -0.31766
     -13.14     9.4562       -0.27801
    -11.463     8.1612       -0.26415
    -11.106     7.9487        0.20421
    -11.636     9.5589        -1.0319
    -9.3491     9.2931       -0.41476
    -11.659     10.445       -0.19539
    -10.973     10.525      -0.045412
    -17.164     8.0518       -0.83206
    -13.057     9.6321       0.039155
     -9.893     5.7018       0.057555
    -9.1794     7.7014       0.073185
    -8.8094     8.4207        -0.1385
    -15.205     9.6604     -0.0052147
     -9.988     9.0356        -0.5037
    -9.5505     8.9029       -0.53804
     -12.91     8.7743      -0.061151
    -8.9639     7.3218       0.041924
    -14.977     10.699        -0.1564
    -15.307     8.6885       0.058559
    -12.255     8.8867       0.042382
    -10.482     9.1385      -0.083579
    -12.869     8.7247        0.33927
    -14.791     7.9153       -0.33552
    -17.396     10.673       -0.28907
    -9.8528     7.9153        0.21772
    -15.652     8.5953      -0.094573
    -13.199     10.275       -0.14033
    -12.189     9.4801      -0.088166
    -17.987     7.6954       -0.70607
    -11.474     8.6662       -0.41748
     -14.82     9.1404        0.01128
    -9.3799     7.9505       -0.25742
    -12.519     7.3989        0.12145
     -11.42     7.5516      -0.055695
     -17.05      11.09       -0.39949
    -14.856       8.43       -0.11285
    -10.509     8.5765        -0.5521
    -11.026     7.0736     -0.0042525
    -9.8484     7.0715        -0.6436
    -13.556      7.701       -0.18793
    -8.4711     9.7809       -0.59159
    -14.597     12.771     -0.0021386
     -14.53     8.3229        0.21903
    -11.864     9.2438        0.52912
    -13.077     9.7023       -0.46827
    -15.177     8.2555       -0.34266
    -6.6893     7.6664       0.061542
    -11.187     9.3409       -0.57866
    -7.9183     9.6173     -0.0025558
    -10.777     10.635      -0.014729
    -15.465     9.1168        0.38603
    -7.8737     7.4463        0.10042
    -13.331     8.6923       -0.69663
    -10.063     6.9984       -0.22265
    -12.508     6.8422        0.19281
    -12.757     9.6843      -0.028967
    -15.581     10.123       -0.17372
    -14.268     9.3425      0.0083024
      -15.1     7.8794      -0.089155
    -15.443     9.5802        0.10274
    -11.315     9.0539        0.13899
    -14.386     10.547        0.18007
    -14.873     8.0483      -0.092142
    -12.626      10.61      -0.015414
    -10.243     6.9719       -0.53066
    -13.703     7.4355       -0.62635
     -9.069       11.5        0.18412
    -11.596     8.2847       -0.17862
    -11.972     7.6421      -0.030395
    -10.751     8.8737       0.040211
    -12.772     9.4607       -0.85405
    -8.0666     10.277        0.15924
    -6.7443      8.675       0.065498
    -10.911     8.9941        0.47462
    -12.254     7.4673       -0.19726
    -8.5654     8.2947       -0.20739
     -10.78     8.7878       -0.19997
     -8.959     8.8443       -0.12351
    -10.662     8.4224        0.10819
    -10.455     10.261       -0.36469
    -13.491     10.085      -0.073479
    -13.636     10.689      -0.027139
    -11.716     9.5726       -0.31753
    -16.376     7.9461       0.017231
    -14.733     11.578      -0.038979
    -10.943      12.56       -0.20024
    -10.709     8.1199       -0.76684
    -12.901     8.5229        0.15284
    -12.005     7.8512        0.19023
    -12.432     8.3141        0.50664
     -10.19     8.2088      -0.054302
     -13.94     11.336       -0.83252
     -14.55     7.7041       -0.66276
    -8.5942     6.7325       0.071501
    -14.702     10.833       -0.23122
    -12.323     8.9987        0.16787
    -8.1685     10.159        0.11922
    -10.722     6.6977       -0.12092
    -5.2223     7.6824       -0.32618
    -12.078     7.7979        -0.8054
    -12.933     9.5395     -0.0066681
    -9.0995     8.9621       -0.90683
    -10.144      7.436         0.1456
    -9.3059     9.1897        -1.1996
    -18.239     13.249       -0.61247
    -8.5224     7.0227       0.066427
     -11.04      8.687       -0.24632
    -8.7102     9.5068       -0.53207
    -14.511     10.887        0.14407
    -13.587     8.7819       -0.17925
    -14.664     8.3863       -0.30354
    -12.727     9.2115      -0.067086
    -10.983     10.292       -0.37094
     -10.36     9.3958         -0.126
    -5.9977     7.4597       -0.30358
    -11.239     7.1939        0.67864
    -13.261     9.4893       -0.43648
    -12.831     7.9856       0.029477
    -8.1101     11.074       -0.53438
    -15.603     8.6568        -0.4243
    -9.8769     8.8305      -0.016097
    -10.331     8.4248        0.18871
    -13.065     8.8085       -0.32592
     -11.58     7.3878       -0.32649
    -15.154      6.644       -0.13078
    -10.847     7.5371       -0.46304
     -14.84     9.0252       -0.19064
    -13.724      8.492       -0.40407
    -12.878     6.3387       -0.19112
    -8.6551     8.0622       -0.09482
    -14.043     8.2548      -0.057305
    -11.682     9.2663       -0.15686
    -12.257     8.8039       -0.36653
    -12.875     8.6532       -0.59841
    -11.622     9.9825       -0.54274
    -10.983     7.8142       -0.21003
     -11.19      5.881       -0.16798
    -8.2443      9.398        0.11486
    -12.669      8.258       0.023565
    -7.0997     6.0811        0.30523
     -14.04     7.0013       0.026422
    -15.427     8.2772       -0.33972
    -14.301     9.0013         -0.349
    -10.984     8.5015       0.063375
    -10.946     12.203       -0.21206
    -12.186     8.5848       0.090189
    -18.457     10.231       -0.20882
    -10.994     8.0252       -0.38677
    -16.533     8.8019       -0.67215
    -13.703      9.797        0.11682
    -15.003      9.371        -0.8647
    -8.1664     9.9381        0.29686
    -14.777     9.7281     -0.0026405
    -17.923     7.7653       -0.60096
    -10.858     9.9037        0.12807
     -11.55     8.1527       -0.11472
    -12.443     7.8741      -0.064156
    -11.747     8.7812         0.0149
    -14.918     9.0263       -0.15842
    -15.608     7.1836        0.35299
      -13.2     7.9921      -0.053972
    -9.3758     8.7548        0.59599
    -7.5728     9.8597       -0.14087
    -11.807     7.9147       -0.10767
    -14.744     7.8461       -0.62141
    -10.452      8.209        0.16846
    -10.819     10.064        0.23239
    -11.546     10.771       -0.65309
    -10.967     6.5821      -0.036898
    -15.743     9.6114        0.21213
     -14.76     9.5673       -0.32286
    -12.477     8.0433        -0.2955
    -11.818     8.5966       0.054175
    -17.625      11.94       -0.19364
    -12.427     8.8927        0.18376
    -13.401      10.42        0.14612
     -13.03     8.4523       -0.23776
    -12.484     8.2781         0.1335
     -13.99     6.6281       -0.29862
    -17.728     8.2204        0.26481
    -14.594     8.1579      -0.077172
    -9.5203     8.7732       -0.40538
    -14.993     11.897       -0.38197
    -13.057     9.4889       -0.43122
    -12.179      9.702       -0.77627
    -15.418     10.914       -0.23547
    -13.003     8.6022       -0.16698
    -12.244     6.9506       -0.48821
    -15.481     9.2554       -0.27917
    -14.669     9.5605       -0.21933
    -11.898     9.0256       -0.11952
     -13.89     10.651      -0.007602
    -10.013     6.7191       -0.14993
    -12.244     9.3977       -0.63348
    -10.781     9.4373       -0.36896
    -11.812     7.7334      -0.039823
    -13.325     8.0582       -0.24095
    -14.216     8.0975       -0.30558
    -9.7049     9.3227        -0.6183
    -15.277     8.5748       -0.91723
    -11.825     7.2339        0.12645
    -16.896     9.5187       -0.36328
    -10.102     7.8997       -0.56256
     -11.39     6.9979       -0.20071
    -14.126     10.015       -0.44255
    -16.061     9.6259       -0.30912
    -15.676     9.6366        0.24556
    -10.813     8.1237       -0.51454
    -12.009     9.2179         0.2283
    -9.6361     9.4646      -0.098828
    -12.097     8.7261      -0.073095
    -11.789     9.8836        -0.0364
    -10.975     8.7679        0.25416
    -14.532     9.1637        0.30205
     -14.85     8.5058       -0.19212
    -9.3103     7.6746        -0.1533
    -9.4165     7.2557        0.12865
    -11.681     8.8577      -0.085086
     -15.16     7.5768       -0.76624
    -11.522       6.67        -0.2078
    -19.281     11.982       -0.41175
    -12.897     8.3439        -0.1044
     -10.92     9.0737       -0.29416
    -12.165     8.2483      -0.041912
    -12.962     8.2786       -0.11214
    -15.427     10.685       0.032268
    -10.912     9.1577      -0.041501
    -14.265      7.213       -0.22721
    -13.959     8.0967        0.33195
    -10.557     9.1582      -0.033879
    -14.197     7.9487        0.17795
    -15.673      9.319        0.37728
    -12.416     6.4078       -0.11074
    -14.819     9.2128       -0.21749
    -12.886     8.2015      -0.021128
    -16.948     8.1654       -0.21515
    -12.349     9.5269       -0.32546
    -13.163     8.7013        0.18898
    -11.064     8.3922       -0.33873
    -11.201     9.5745       -0.31491
    -11.501     6.9659       -0.40895
     -12.04     9.1822       -0.33149
    -17.086     7.7428        0.32056
    -12.455     10.273       -0.10819
    -9.4155     6.8588       -0.52534
    -13.733      7.765       -0.62603
    -11.863     7.9686       -0.27285
     -13.31     8.3515        0.30162
    -10.779     7.3274        0.22451
    -14.642      9.223       -0.19759
    -15.607     10.049         0.3005
    -9.2206     10.824       -0.51799
    -12.316     7.3893        0.36619
    -10.865      11.69       -0.56487
    -9.9461     7.7084        0.10436
     -9.224     8.0802       -0.25106
     -18.53     8.6853       -0.27714
    -12.276     8.2111        0.24234
    -10.924     8.8052        0.23922
    -14.738     10.087       0.044178
    -9.4436      7.816        0.32409
    -12.665     8.9251        -0.1004
    -14.349     7.8603        0.37523
    -13.512     7.7384        0.30856
    -11.464     7.6736       -0.38874
    -9.8524     10.201       -0.11836
    -13.472     6.8011         0.4453
    -11.673     8.8464       -0.49539
     -12.23     9.6758       -0.31388
    -16.063     9.1972       0.050824
    -14.516     6.5819        0.20134
    -16.666     9.1968       -0.33153
    -10.285     8.0834       -0.28254
    -14.747     8.4636        0.48651
    -10.027     8.2843     -0.0083075
    -16.553     7.7319       -0.64326
      -13.7     12.133       -0.66107
    -15.622      8.883       0.021643
    -11.026     7.4364        0.15147
    -8.9807     8.8696       -0.16344
    -12.878     9.5251        0.13342
    -12.293     11.946        -1.3089
    -9.2748     9.0568       -0.53376
     -15.83     8.3296       -0.41491
    -11.697     7.7011       -0.15129
    -15.508     10.915       -0.22501
    -17.878     9.6917       -0.43622
    -12.661     11.507       -0.04509
    -15.135     7.7003       0.067598
    -10.725     8.3269      -0.034248
    -10.258     10.196       -0.26596
    -15.776      7.394        0.24287
    -15.074     7.8479        0.32973
    -13.041     7.7718         0.1175
    -11.226     10.156       -0.29239
     -12.68     9.4321        0.36394
     -5.974     8.3568       0.028835
    -10.436     12.384       -0.39086
    -13.479     8.8987       -0.62285
    -11.752     9.2608       -0.55809
    -10.721     11.323        0.22843
    -12.856     7.4647      -0.039731
    -9.2667     7.3226        0.44511
    -14.963      8.639       -0.17154
    -11.134     9.9817      -0.091002
    -14.358     7.0797          0.134
    -15.759     10.178        0.28322
    -11.953     10.363      -0.071145
    -12.257     7.0473       -0.22534
    -13.077     10.401       -0.99603
    -12.054      9.091        0.24586
    -13.095     8.0247       -0.10011
    -14.185      8.621       -0.39065
     -10.43      9.965       -0.52003
    -14.736     10.667      -0.091756
    -13.024     10.452        0.19433
    -14.938     10.614        -0.2796
    -16.457     9.6004       -0.28356
    -13.081     10.078       -0.15774
    -14.901     10.571       -0.17993
    -13.725     7.4501       -0.16805
    -12.916     7.0591       -0.32284
    -11.197     10.008        0.41135
    -13.708     7.2936      -0.031433
    -17.283     6.4885        0.14768
    -16.636     9.2352         0.3985
    -17.854     7.4602        0.48973
    -6.0216     9.3038       0.053187
    -14.092     11.727      -0.090214
    -12.173     8.7508        0.45906
    -15.426     10.301       -0.68041
    -15.026     7.7963       -0.19966
    -16.188     9.4555       -0.14692
    -10.875     8.1635       0.038601
    -15.087     9.2874       0.060062
    -13.276     8.6987        0.08358
    -15.618     9.8166        0.47468
    -14.673     9.6383       0.072494
    -13.564     6.9512       -0.16254
    -12.071     8.9466       -0.37627
    -12.028     9.0985         0.2819
    -9.9825     10.368       -0.22447
    -12.302     8.6784      -0.028989
     -11.13     10.185       -0.22572
    -15.553     8.7258       -0.31725
    -15.032     7.1891       -0.20313
    -9.0946     7.5969      -0.094775
    -12.158     9.0192      -0.058073
    -11.572     7.2562       -0.84442
    -6.0435     8.9249       -0.76145
    -13.789     9.8002        0.52683
    -10.218     8.4338       -0.68279
    -10.288     8.1753        0.19918
    -12.529     9.1658        0.34466
    -15.037     9.8619       -0.76923
    -14.181     7.8049       -0.28317
    -11.846     10.032       -0.33875
    -9.6592     9.7181        0.44108
    -9.3613        9.9        0.44457
     -17.99     10.522       -0.44449
    -11.156     6.7407       -0.42742
    -15.569     12.296       -0.55873
    -13.094     9.9378       -0.90613
    -9.6794     7.6092       -0.23109
    -11.073     10.689        0.12767
    -8.5396     8.4166       -0.40633
    -13.452     8.1914      -0.070042
    -11.683     7.6039       0.045967
    -11.807     10.201        0.78088
    -10.342     8.2109        0.15791
    -10.811     8.9284       -0.39841
    -16.797     9.9497        0.27933
    -15.051      6.741        0.22521
     -8.832     8.9704      -0.045499
    -14.703     9.1908       -0.30524
    -8.4877     7.8583       -0.30728
    -12.625     11.746       -0.99177
    -14.376      10.75        0.30358
    -12.077     6.9228       0.068383
    -13.017     8.2393        -0.2581
    -16.717     6.8666       -0.26037
    -14.683     10.383       -0.88954
    -11.271     7.6337       -0.26595
    -11.848     7.0439       -0.27875
    -14.474     9.8601       -0.17952
     -12.97     8.6248        0.66186
    -13.164     8.6343       -0.20392
    -11.294      6.576       0.099178
    -10.641     9.2273       -0.15805
    -17.683     8.2125       -0.10247
    -9.2483      9.842        0.13779
    -7.4862     7.7647       -0.55911
    -11.354     9.5271        0.10403
    -12.358     6.9175       0.035828
     -9.956     6.4006        0.23725
    -15.138     8.1621        0.36421
    -14.838     11.673       -0.14546
    -11.014     6.8934      -0.028873
    -14.812     8.2784        0.58128
    -12.575     10.079       -0.52553
    -9.9486     9.0147       -0.46143
    -10.767      10.14        -0.2719
    -15.954     9.5389      -0.083019
    -13.532     9.5434       -0.14014
    -12.985     8.6582         0.1706
    -6.2163     11.002        0.23224
    -18.831     9.2627        0.06224
    -13.538     8.1506       -0.55466
    -11.504     8.9802       0.016141
    -11.716     9.0492      -0.013067
    -14.064     10.939       0.020334
    -11.356     9.7917         0.2326
    -12.899     7.9862        -0.3126
    -12.805     8.8037        0.20489
    -14.151     9.0369        0.51884
    -10.297     9.3079        0.10595
    -13.087      7.615       -0.40354
    -11.662     9.0985      -0.049534
    -12.431     8.8931        -1.0691
    -13.335      9.198        0.36649
    -17.007     7.8479        0.20489
    -13.256     10.149        0.11568
    -6.2966     9.7224       -0.49342
    -13.738     8.0569        -0.2216
    -7.9525     8.5011       -0.14407
    -15.865     9.5335       -0.54469
    -11.431     8.7173       0.026982
    -19.755     8.1606      0.0032959
    -12.449     6.9119       -0.69404
     -14.41     8.9332        0.23511
    -12.221     7.9467       -0.16738
    -16.432     7.4684       -0.26277
    -8.4031     8.6782      -0.063149
    -14.349     8.0266       -0.27998
     -12.05     12.507       -0.21585
    -14.659     10.499       -0.44132
    -8.5333     9.0593        0.13838
    -12.441     8.4431       -0.20395
    -12.727     8.2423        0.26853
    -17.266     8.4895       -0.59526
    -10.666     8.2609        0.06397
    -11.727     9.3845       -0.30496
    -11.525     10.898       -0.78975
    -16.452     9.4677       -0.27684
    -15.224     10.254       -0.44323
    -9.4791     8.7996       -0.44693
    -14.172      9.004        -0.3323
    -10.965      8.312       -0.33367
    -14.782     10.581       0.031991
    -9.1309     11.551       -0.05417
    -15.763      7.807       -0.16456
    -16.378     7.6216       -0.41104
    -11.223     9.4379      -0.018236
    -10.954     7.9389       -0.44786
     -15.27     9.7056        0.22089
    -15.575     8.7728       -0.15288
    -16.096     7.8595       -0.18985
    -14.398     9.9791        -0.3018
    -11.319     10.135       -0.60792
    -12.439     10.432        -1.0036
    -13.342     9.2643       -0.26564
    -14.289     6.7272        -0.3175
    -13.074     11.443       -0.54806
    -12.695     7.3764       -0.33836
    -13.403     8.1726      -0.070297
    -7.0371     7.8749      -0.099324
    -11.212      13.08       -0.15618
    -12.918     11.304        0.29818
    -14.721     7.7014        -0.4802
    -17.015     10.139       -0.13226
     -13.56     8.1732        0.12114
    -12.982     9.2062       0.020253
    -8.1733     9.4993      -0.023633
    -8.2439     6.7037       -0.43703
    -10.878      7.566       0.053204
    -15.244     10.581        0.31712
    -11.618     8.5528     -0.0090729
    -12.064     10.253        -0.3937
    -9.5401     9.3676       -0.43708
    -14.036     11.152        0.12068
    -16.534         10        0.40765
    -12.445     10.091       -0.20182
    -9.7749     9.5091       -0.17613
    -11.465     10.586      -0.081493
    -5.6874     8.3748        0.20809
    -14.951     9.0551       0.010072
    -12.885     7.9443       -0.54953
    -10.611      9.615        0.35147
    -10.055     8.8277        0.20671
        -11     9.1593        -0.1355
    -10.508     7.6201       -0.66236
    -12.346     7.6463         0.2211
    -10.427     9.9059       -0.77181
    -9.0507     8.2269       -0.43513
    -12.645     9.0162        0.22859
    -16.942     10.499        0.13931
    -12.841     7.9567       -0.58167
    -14.082     8.8748      0.0035909
    -14.986     7.1505        0.20554
    -15.662     8.9957       0.043876
    -11.472      7.952      -0.014176
    -15.376     8.6882        0.30284
    -7.2029     11.121        0.14535
    -11.333     9.0582       -0.24891
    -14.299     12.537       -0.30693
    -13.471     10.086      -0.016385
    -13.951     9.8224        0.23084
    -11.269     8.5547        0.42539
    -6.5437     8.1756      -0.075424
    -9.4844     8.7798       -0.95931
    -12.139     8.3624       -0.21771
    -9.1777      8.427        0.10137
    -11.256     9.6386       -0.67116
    -11.002     7.2183        0.20792
    -6.5074     7.9957        -0.7043
    -16.164      9.892      -0.043063
    -10.366     8.9436       -0.57208
    -14.817     9.6052       -0.54665
    -11.451     8.6392        0.24401
    -16.724     8.3072        0.22137
    -15.406     8.4658       -0.66863
    -12.351     7.9834       -0.11236
    -15.145     9.4937       -0.16385
    -8.9592     10.727      0.0075429
    -12.065     9.2018       0.017158
    -13.225     9.4438       -0.88373
    -12.253     8.6876       -0.25692
    -10.564     8.7444        0.59053
    -13.141     7.3457      -0.015881
    -8.5493     9.2246        0.26949
    -19.754     8.5126         -0.163
    -13.995     7.5001      -0.052927
    -12.727     8.6642         0.1396
    -12.591     11.561        -0.2863
    -13.798     10.108       -0.11933
    -17.863     8.5943       -0.12377
    -12.186     10.344        0.23145
    -12.893     8.8621      -0.040924
    -14.036     8.9738      -0.073871
    -11.979     8.2091       -0.50433
    -13.282      9.333        0.19987
    -13.083      8.761       -0.15951
    -15.815     9.7865        0.11464
    -11.268     6.7228       -0.17677
    -11.544      9.588       -0.12541
    -8.9988     8.3694       -0.24946
    -14.313     8.3577       -0.01558
    -17.398     7.2809      -0.037359
    -7.5693     6.2055      -0.022529
    -12.273     7.7675      -0.016224
    -16.376     10.058       -0.28915
    -13.407     10.183        0.59632
    -15.232     8.4936       -0.73895
    -16.002     8.9791       -0.19867
    -16.158     11.891       -0.18827
    -16.067     7.5042       -0.30923
     -12.34     10.656        0.33871
    -17.701      12.01       -0.34088
    -14.507     7.7473       -0.60125
     -16.49     7.9503      -0.094931
    -9.4304     8.8837      -0.061311
    -10.617     8.5058         -0.484
    -15.083     8.0108       -0.16497
    -11.772     10.412      -0.068943
    -12.258     8.1403      -0.043098
    -15.153     9.3488       0.078688
    -12.708     7.4194       0.088807
    -10.137     6.7509      -0.046632
    -10.396     9.2817       -0.69069
    -13.352      10.69       -0.64492
    -9.9597     9.6226       -0.35964
    -12.608     8.5965        -0.3083
    -16.466     10.943      -0.091438
    -13.888     7.6096       -0.44727
    -11.447     8.5574       -0.45375
    -12.663     9.5453       0.052591
    -16.772     9.5803       -0.47669
    -13.058     9.1609       -0.20024
    -13.257     8.4629       -0.43947
    -11.605     9.6963       -0.63973
    -10.696     8.0447      -0.019712
    -10.969     7.4098       -0.32688
    -15.705     7.8545        0.04391
    -12.167      8.347       -0.20331
     -11.43     7.8256       -0.16742
    -12.466     7.0154       -0.31305
    -9.5463     7.4468        0.17139
    -10.192     12.085       -0.18304
    -11.838     10.167       0.027966
    -11.654     8.6036        0.20996
    -14.713     10.856        0.56051
    -11.212     8.9881       0.090682
     -13.52     8.1636        0.38092
    -17.138     7.4775       -0.19349
    -13.474     9.4149      0.0057429
    -12.906     9.4569         0.3694
    -16.565     9.4785       0.032925
    -15.703     8.1108     -0.0026196
    -8.7138     6.9662         0.3859
    -14.131     9.2875      -0.074605
     -12.06     9.5319       0.095314
    -11.542     6.6928       -0.27253
    -12.451     8.0047       -0.20909
    -12.562      9.929      -0.099132
    -13.025     7.4794      -0.098279
    -13.518     8.5774        0.52781
     -10.38     7.1401       0.038163
     -13.89     9.7698        0.44657
    -11.203     8.8079       -0.09741
    -10.181     6.4562       -0.15023
    -12.222      7.299       -0.12981
    -13.353     6.7586       -0.10874
    -4.9813     8.8875       -0.29587
    -15.667     11.081      -0.088956
    -12.109     8.6673       -0.31315
    -12.144     8.0256       -0.46788
    -13.133     10.248       -0.13256
    -11.724     6.9562       -0.20468
    -10.654     7.7641       -0.25547
    -14.347     11.175       -0.34963
    -11.239     9.1276       -0.42109
    -9.6477     10.641      -0.035387
    -10.421     9.4854        0.29535
    -14.401     8.3037       -0.39915
    -13.798     6.6694       0.024599
    -12.127     9.4868        -0.1639
    -8.7161     10.251       -0.33361
    -15.745     9.5887       -0.17315
    -14.545      12.01       -0.30234
    -12.395     9.1443       -0.64277
    -17.195      9.357        0.45193
    -9.6757     7.6452       -0.53654
    -11.148     8.5615        0.11766
    -12.627     8.0968       -0.15544
    -12.782     8.6976        0.46876
    -15.489     8.9535         -0.063
    -12.208     9.3712       -0.13794
    -10.192      8.404         0.1787
    -10.522     8.2881       -0.42263
    -11.782     8.5758       -0.11405
     -17.31     10.728       -0.28719
    -12.131      9.009       -0.62689
    -15.998     9.3602        0.12484
    -11.394     8.4155       0.024111
    -8.7292     10.661      -0.053217
    -5.9765     8.0685       -0.17206
    -12.797     10.847        -0.3779
    -9.8639     10.663       -0.67082
    -11.356     10.344       -0.65111
    -17.492     7.6466       -0.13257
    -16.535     9.2063       -0.68152
    -12.747     9.3219        -0.3683
     -14.13      8.692       -0.25188
    -14.751     9.0187       -0.37367
     -12.16      9.572        0.18407
    -10.723     7.1421        0.22727
    -7.7765     8.7033       -0.27407
    -14.677     11.815      -0.055512
    -8.4853     6.6489        0.18641
     -10.69     10.273       0.013681
    -15.331     7.7792        0.15536
    -13.564     8.9782       -0.02122
    -10.177     9.6548       -0.39349
    -12.168     9.5658      -0.078934
    -9.7545     7.7538       0.061348
    -12.525     9.4849       -0.41615
    -9.2443     9.7476       -0.68953
     -14.55     7.7291      -0.098316
    -8.9384     7.0295       -0.17885
    -11.345      10.38       -0.13874
    -10.071     8.2043       -0.47944
    -7.4848     9.8095      -0.050713
    -11.714     10.988       -0.53964
    -9.7816     9.4551        -0.5034
    -11.655     9.6417       -0.31982
    -8.3779     7.6399       -0.50577
    -11.147     7.3838        0.15409
    -10.078     8.1723       0.081091
    -14.006     11.865       -0.83235
    -8.9482     9.2277       -0.24234
    -7.7289     10.536       -0.34182
    -11.491     8.6536       -0.13716
    -12.481      8.822       -0.34586
    -11.134     9.9654       -0.35238
     -5.824     8.9968       -0.43281
    -10.135     8.6104       -0.08376
    -15.635     8.9631        0.33894
    -10.644     9.8674       -0.17168
    -12.258     11.767       -0.26969
    -10.834     8.1545        0.15555
    -13.563      9.127       0.055653
    -11.584     9.5932       -0.40036
    -12.185     9.7507       -0.37769
    -10.963     9.1483       -0.11928
    -10.386      7.725       0.048161
    -15.952     9.4789       -0.22153
    -13.775      10.06      0.0096893
    -15.929     9.0504        -0.2457
    -9.8995     8.1985      -0.025247
    -10.372     8.9033     -0.0017635
    -10.087     8.9025       -0.76605
    -12.732      9.133        0.11719
    -9.5266      10.52      -0.012654
    -15.115     10.797       -0.29636
    -13.447      9.143        0.10761
    -14.154     9.0396       -0.57785
    -13.179     8.4442        0.31796
    -9.1512     9.4401        0.49189
    -11.978     8.8636       -0.65192
    -12.718     8.5076         0.1645
    -10.013     8.3088       -0.64146
    -9.5129     8.7542       -0.22104
    -13.417     8.1333      -0.063109
    -15.584     8.3602       -0.23532
    -9.7439     8.5073       -0.73827
    -11.994     9.6793        0.30453
    -13.617     8.1197       -0.51879
    -20.394     8.6653       -0.55281
    -11.289     11.068       -0.97813
     -13.63     11.162         -0.683
    -14.001     11.715       -0.96078
     -9.352     9.3678       -0.37839
    -8.5569     7.2344        0.19753
    -16.334     8.9226      -0.026484
    -12.041     7.5817       -0.11129
    -7.1331     7.0293       -0.27774
     -13.31     8.5638      -0.054189
    -12.503     7.7837       -0.11218
    -10.663     9.0414       0.090242
    -12.687     7.7167      -0.066435
    -13.245      8.971        0.35099
    -10.175     9.6313         0.5475
    -11.289     7.4092       -0.61051
     -15.98     11.748       -0.31665
    -10.293     9.0328      -0.074645
    -6.4065     7.5369       -0.13178
    -14.443     6.9633       -0.12656
    -9.0254     9.1945       -0.03659
    -15.379     10.755       -0.44824
    -12.432     11.174       -0.42295
     -15.23     10.714      -0.055579
     -11.43     11.098       -0.70982
      -12.5     11.017       -0.10796
    -16.913     7.5399      -0.091191
    -13.655      8.437       -0.11908
    -14.199       8.44       -0.29099
     -14.65     9.5392        -0.2739
    -10.792     10.824       -0.62648
    -17.623      8.189      -0.074569
     -14.65     7.8058       0.035778
    -14.632     10.583        -0.3639
    -12.673     9.5543       -0.28022
    -11.318     8.5785       -0.22083
    -9.3207     8.0126       -0.15433
    -8.8039     8.5151       -0.74263
    -13.224     9.6331       -0.63949
     -13.24     11.666      -0.015864
    -16.372     7.2011       -0.50986
    -11.276     10.478       0.090369
    -11.143     10.262       -0.38599
    -14.622     8.5665         0.1187
    -11.384     8.9876       -0.18962
    -8.6795     8.0819       -0.18855
     -11.08     8.3257        -0.3711
     -11.63     6.7461        0.22533
    -12.593     9.0191       -0.14754
    -12.788     8.4174      -0.053944
    -20.132      10.24       -0.22286
    -12.113     8.9885       -0.21145
    -8.1859     7.8928      -0.075323
    -13.661     9.0535       -0.14222
    -12.566     9.3935       -0.11781
    -6.1248     6.9212        0.15776
    -14.098     7.8458       -0.52351
    -10.298     9.2447      -0.091201
    -14.066     9.4762       -0.12572
    -11.394       6.86        0.20201
    -12.357     6.8633       -0.85392
    -12.726     8.3928       -0.18341
    -10.687     7.9989       -0.31771
    -14.973     10.698       -0.14195
    -18.131     8.8231        0.26013
    -15.271     7.6729       -0.26662
      -11.9     8.5284       -0.23587
    -12.342     7.7435        0.30908
    -15.349     10.565        -0.0549
    -9.9274     8.4538        0.40962
    -17.669     9.8607      -0.019783
    -9.1282     7.4731      -0.098575
    -11.513     8.9995       -0.49346
    -15.958     9.0123        0.72373
    -16.047     8.0138        0.33881
    -11.053     8.0249        0.29097
    -5.6203     8.7589       -0.25536
     -10.59     12.689       -0.45351
    -15.076     11.185        0.17542
    -7.8897     6.7351        0.40338
    -10.552     8.4378      -0.040511
    -15.338     11.294        0.11601
    -8.5828     6.1781       -0.32008
    -10.629     11.487       -0.44945
    -13.552     10.757        0.66738
    -14.043     9.1372       0.064258
    -14.088     7.2909       -0.10344
    -15.955     9.4748       -0.79187
    -11.873     8.8486      0.0033682
    -13.237     10.601       -0.14036
    -12.449     7.4425       -0.11087
    -11.414     8.3045        0.23409
     -12.08     8.9866       -0.11801
    -9.8427     10.545       -0.27989
     -12.63     7.8055       -0.50295
    -7.7332     8.8896      0.0052239
    -18.368     7.9808       -0.53306
    -15.743     10.105       -0.53987
    -12.905     8.4809      -0.041047
    -11.189     9.3283        0.37322
    -6.7921     7.7891        0.12748
    -12.717     8.1994       -0.64418
    -17.066      9.247       0.057285
    -13.431     9.1663       -0.30223
    -15.996     6.8842       -0.11255
    -6.7627     7.7453       -0.45888
    -15.823      9.845      -0.091552
    -11.816     8.2772       -0.47158
    -14.589     8.3909        0.71105
    -12.786     11.884        -0.3969
    -7.7671     6.8571        0.19608
    -10.573      8.041       -0.17765
    -10.264     10.257       -0.45442
    -11.413     9.5655      -0.045353
    -12.201     12.783       -0.23445
    -12.735     8.8947      -0.037416
    -10.688     7.7762      -0.080215
    -13.719     7.3203        0.18194
    -14.099     8.9414        0.56216
    -16.329     10.995        0.25169
    -11.215     11.348       -0.17849
    -11.226      11.36        0.23429
    -13.463     8.8912       -0.10976
    -7.8399     9.6447       -0.42508
     -11.15     9.7506       -0.26017
    -10.177     8.3188       -0.11278
     -10.76     10.045       -0.57082
    -9.0336     8.2461        -0.1106
    -11.188     8.1144      -0.034403
    -12.721     8.8113        0.28519
    -14.267     8.7887        -0.2439
    -13.869     7.6156        -0.4278
    -12.048     6.6141        -0.1429
    -14.396     7.9219       -0.18472
    -10.474     9.5619       -0.11776
    -13.388     8.7868       -0.73463
    -7.6144     9.1127       -0.16965
    -10.897     8.1447        -0.2075
    -8.8542     10.149       -0.92532
    -12.185     9.6598       -0.16306
    -11.557     9.3286       -0.79533
    -9.3928      9.746        0.73814
    -14.857     7.7698        0.21872
    -17.885     8.1971       -0.18197
    -11.887     9.5838       -0.45302
    -14.683     8.9084       -0.15381
    -15.731     13.671        -0.5059
    -13.845     9.4478      -0.042495
    -14.743     9.4468       -0.55377
    -8.8314     7.8577        0.32694
    -13.743     10.708        0.18848
    -12.956     9.3399        0.11801
    -13.228     8.3043       -0.48245
     -12.84     9.2156       -0.55678
    -9.9359     9.0664       -0.28394
    -13.407     6.4124       -0.31728
    -16.964     8.6809       -0.41202
    -12.103     8.6072        0.43375
    -10.959     7.4127       0.046871
    -11.422     8.9085        0.22275
    -11.118     10.526       -0.28849
     -14.53     6.3879       -0.18642
    -8.8813     9.8507        0.15721
    -16.265     8.1613        -0.0676
    -17.834     8.0275       0.010605
    -11.607       7.69        -0.2692
    -8.6529     6.4559        -0.4229
    -9.3538     8.2444       -0.52707
    -12.265     8.3347        -1.1137
    -14.371      8.116        -0.4776
    -15.208     7.6553       -0.26424
    -13.422      8.845       -0.55842
    -13.752     6.6311       -0.41923
    -11.917     7.6939       -0.65699
    -11.125     7.3414       -0.14783
    -10.868     9.2727       -0.20521
    -14.305     9.9744       0.032851
    -16.062     9.1812       -0.35903
    -9.5347     9.6843       -0.27577
     -11.78     10.253        0.12758
    -10.695     10.087        0.36473
    -16.576     10.557        -0.3554
    -15.358     9.5828      0.0064328
    -8.1582     9.3249        0.14618
     -11.45      6.642      -0.064428
    -19.964     10.299       -0.30212
    -13.681      9.725       0.073089
    -15.021     8.8725        0.10692
    -7.2796     10.539         0.1233
    -11.528     9.0986       0.011561
    -15.322     11.116       -0.18588
    -10.284     7.3043       -0.12904
    -9.2774     6.9428       0.046188
    -13.591     7.5801       -0.24223
    -10.572     8.2391       0.087462
    -9.0946     8.9011       -0.33638
     -13.47     9.6249       -0.26094
    -9.0618     8.7523       -0.52866
    -11.949     10.621        0.47743
    -13.459     10.926      -0.097803
    -7.6635     8.0151       -0.32321
     -11.56     7.8798       -0.17127
     -15.78     12.223       -0.74725
    -15.223     8.0543       -0.17821
    -11.548     8.9471        0.38256
    -16.939     9.9386        0.19507
    -13.367     8.2528        0.19243
    -12.595     9.1068       -0.30063
    -14.795     9.3299        0.13792
    -12.702     7.4752       -0.38289
    -10.585     8.3812       -0.34942
    -13.863      7.179       -0.35831
    -10.006     8.6106       -0.18931
    -13.812     8.7404        0.07733
    -12.028     7.8468        0.52463
    -7.7692      8.151       0.067527
    -13.241     8.9458       -0.38722
    -11.518     6.7717       -0.51002
    -12.069     6.0819       -0.44286
    -17.042     9.5015       -0.49843
    -12.285     9.8591       -0.26237
    -12.859     7.9494       -0.13026
    -14.627     9.6365       -0.94295
    -11.967     9.3117       -0.32991
    -6.7055     9.4184         0.1922
    -8.4059     5.5394       -0.27229
    -13.404     8.1042       -0.33164
    -16.891     9.4513       -0.68385
    -8.9255     8.9749       -0.61154
    -13.577     11.356       -0.61948
    -8.6759      8.705       -0.72523
    -12.873     8.6982      -0.097128
    -14.611     8.1018        -0.4058
     -12.47     7.6554       -0.13715
    -14.016     8.4229       -0.65824
     -9.802     7.6459       0.028397
    -12.352      8.328        0.43959
    -13.298     11.391       -0.29555
    -8.7709     8.6984       0.020761
    -10.973     9.5579         0.1949
    -10.751     8.3916       -0.10762
    -8.9302     10.248       -0.41538
    -13.598     10.685       -0.25714
    -16.165     7.5337       0.083233
    -10.872     6.9254       0.032814
    -13.639     8.0502       -0.31382
    -15.824     9.4092       -0.23092
    -17.713     8.5029       -0.17366
    -8.5779     8.1685       -0.53975
    -14.311     8.8761       -0.20642
     -13.22     6.5549       -0.13492
    -14.496     10.772         -0.578
    -14.793     8.5654       -0.10942
    -9.4865     7.9451       -0.11152
    -16.783     9.8763       0.006929
     -13.81     10.085      -0.045288
    -13.555      9.666       -0.35632
    -10.132     10.375        0.32385
    -10.415     8.7353        0.21628
    -14.489     11.334       -0.48104
    -12.952     8.6425       -0.60097
    -13.432     11.422        0.33774
    -17.222      10.47        0.56361
    -8.2263       8.39       -0.41087
    -15.195     11.385       -0.74598
    -10.222     9.1387       -0.44726
    -14.625     8.9261       0.053866
    -11.942      10.49         0.3876
    -17.645      8.246       -0.51409
    -10.586     8.1749      -0.023773
    -9.9349     7.1066        0.34857
    -13.147     7.5982       -0.16091
     -16.13     8.7113      -0.032436
    -10.097     7.1461       0.011911
    -15.372     9.4525       -0.24246
    -14.373     7.0232       -0.23778
    -13.365     10.271       -0.10322
    -10.095     8.8873       -0.21135
    -14.048     9.4543      0.0046092
    -15.579     11.223       -0.28694
    -10.664     8.9695       -0.38917
    -13.026     7.2767       -0.15791
    -13.881     7.0761      -0.068092
    -14.948     10.113        -0.2197
    -14.017      7.787       -0.55736
    -10.449     8.6138       -0.42136
    -12.045     7.6367       -0.24643
    -8.3091     8.1854       -0.37592
    -9.2313     7.3974       -0.23321
    -9.9223     8.0915         0.3569
    -12.433     8.5273        -0.6633
     -17.18     7.6587       -0.23555
    -13.354     9.0349     -0.0057884
    -10.293     8.9592        -0.2097
     -12.78     9.8403        0.14157
    -13.746     8.3031        0.69287
    -12.039     9.7464       -0.45773
    -14.575     7.5037       -0.14556
     -11.98     9.9073      -0.064752
    -12.015     9.7075        0.78554
    -14.101     9.8679       -0.58174
    -11.589     8.8422       0.097527
    -10.706     7.1352       -0.39478
    -11.403     7.7186      -0.018605
    -15.437     7.5039       -0.24609
    -11.711     8.0395       -0.60099
    -16.484     7.3723        0.54193
    -11.106     7.3856        0.19741
    -12.707     8.0574       -0.13885
    -11.138     10.444       -0.47707
    -11.326     9.0813      -0.099953
    -11.144     7.8753       -0.30358
     -9.977     7.1124       -0.15086
    -13.487     9.9745        -0.1646
    -12.387     8.7257       -0.57879
    -17.726     10.679       -0.45809
    -13.774      10.26        0.33498
    -10.698     8.4666      -0.032793
    -8.9792     9.9602        0.28774
    -12.887      9.388       -0.82015
    -12.836      10.17        0.13497
     -8.105     8.9728        -0.3569
    -13.085     11.129       -0.17525
    -8.8514     10.818        -1.3247
    -15.645     9.4735       -0.29426
    -14.859     8.1703       0.066355
    -12.357     8.0557       -0.20825
    -12.841     7.6494       -0.21237
    -10.539     9.4524       0.040935
    -6.3948     9.5043       -0.60823
    -9.8321     8.8852       -0.14417
    -9.8203     8.5964      -0.020206
    -14.306     7.1871       -0.40111
    -10.592     9.0271       -0.65496
    -14.016     10.292        -1.0935
    -7.8349     9.5502       -0.10767
    -13.408     7.9226        0.30107
    -14.527     8.5486       -0.33443
    -10.977     12.026        0.53467
    -12.454     9.0904       -0.34357
    -9.4532     9.4733       0.015589
    -16.355     8.9684      -0.062307
    -11.464     7.9973       -0.88226
    -11.324     9.4934        0.10936
    -13.317     10.433       -0.57908
    -11.085     8.2737       -0.54773
    -9.0381     9.0182      -0.097616
     -12.23     8.3417       -0.15037
    -8.5659     7.9834        0.10414
    -9.2403     7.6777       -0.22218
    -13.459     8.6521       -0.59542
    -10.359     8.5893       -0.18524
    -10.735     7.3532       -0.38177
    -9.3673     8.3527       -0.41612
    -5.4559      10.69       -0.20237
    -13.671     8.5218        0.61629
    -15.964     10.204     -0.0089123
    -10.413     8.6923      0.0066455
    -10.461      9.021        0.26739
     -13.81      8.665       -0.43116
    -14.948     9.8941      -0.089134
    -10.662     8.7863       -0.10881
    -14.665     8.1494       -0.27943
    -10.437     9.2546        0.53468
     -9.892     7.6168      -0.083107
    -16.355     9.5545       -0.56082
    -16.445     8.3987      -0.052449
    -16.588     9.7326       0.075167
    -14.535     8.5937      -0.047083
    -16.944     9.6239       -0.39745
    -12.117     6.8945        0.32297
    -9.2274     9.2533       -0.84136
    -10.734     7.9373      -0.042155
    -9.2606     7.5625        0.19271
     -8.156     12.697       -0.74714
    -12.529     8.3239        -0.3919
    -7.0386     10.793        0.50282
    -13.372     8.4322        -0.4315
    -12.764     8.0031        -0.2961
    -12.574     9.0922         1.0888
    -10.392     10.399        0.37052
    -8.1085      9.345        0.15984
    -11.627     10.436      -0.062215
    -11.412      9.836       -0.27269
    -14.449     7.9197       0.011673
    -11.874     6.8074      0.0053785
    -12.888     8.0278        0.29451
    -12.791     9.6748      -0.093234
    -13.096     8.8084        -1.0152
     -9.919     9.6566       -0.44674
    -11.945     7.0223        -0.1528
    -13.464     9.2595       0.062269
    -15.068      8.773      -0.083761
    -8.9591      10.35       0.085388
    -13.253     8.5929      -0.045416
    -15.066     9.3955       0.082595
    -13.124     9.5397        0.38906
    -18.452     9.5336        -0.1589
    -10.353     6.4849       -0.26053
    -16.043     9.5059       -0.61327
    -16.791     11.822        0.14408
    -11.324     10.614       0.036251
     -16.25     7.7181       -0.22423
    -14.277     9.6657       -0.73298
    -13.331     8.1338      -0.010614
    -11.561     7.4042       -0.69202
    -11.772     8.1138       -0.15945
     -10.96     8.7006        0.16914
     -11.11     7.7159        0.14629
    -11.421     8.6479       -0.23549
    -13.728     11.516        0.30288
    -12.026     9.4936      -0.017824
    -12.185     10.818      -0.089794
    -14.553     8.8395       -0.54186
    -8.0475      7.338        -0.2332
     -15.14     11.064       -0.32376
    -11.772      8.328        0.20897
    -14.256     8.3438       -0.40789
     -10.76     7.5885      -0.049179
    -18.222     8.0448        0.10651
    -14.749     9.5417        0.14593
    -12.699     6.3089       -0.32556
    -11.822     9.6507       -0.13404
    -9.8439     9.6926        0.25037
    -13.068     9.5814        0.47223
    -15.137     10.891       -0.13731
    -14.072     8.1014       0.037111
    -13.351     8.1782       -0.39346
    -9.3742     9.9685        -1.0751
    -15.742     8.7369        0.21505
    -7.5105     8.0964        0.15259
    -11.305     7.0239       -0.24784
    -12.114      7.575       -0.84407
    -11.382     7.3885        0.27327
    -9.0696     6.9361       -0.65421
    -12.313     10.777       -0.18509
    -14.365     9.6079        0.34536
    -10.979     11.322         0.2654

************************************************************
Expected Losses: filt
                    <strong>Gaussian</strong>                 <strong>CSN()</strong>               <strong>CSN(1e-06)</strong>             <strong>CSN(1e-04)</strong>             <strong>CSN(1e-02)</strong>     
               <strong>___________________</strong>    <strong>___________________</strong>    <strong>___________________</strong>    <strong>___________________</strong>    <strong>___________________</strong>

    <strong>Mean L1</strong>      0.724620236882739      0.724598685735362      0.724598685733437      0.724598685733437       0.72459868521247
    <strong>Std L1 </strong>    0.00907301758046812    0.00907257749883045    0.00907257749877127    0.00907257749877127    0.00907257746099807
    <strong>Low L1 </strong>       1.27240592877469       1.27236308099064       1.27236308098316       1.27236308098316       1.27236305812414
    <strong>High L1</strong>     0.0561245323828377     0.0561238212274181     0.0561238212310751     0.0561238212310751      0.056123834164039
    <strong>Mean L2</strong>    0.00131084832152219     0.0013104484727989    0.00131044847281262    0.00131044847281262    0.00131044861243146
    <strong>Std L2 </strong>      0.108293938845705      0.108238148969688      0.108238149013871      0.108238149013871      0.108238297206616
    <strong>Low L2 </strong>      0.636774785344109      0.636741729623769      0.636741729698092      0.636741729698092      0.636741594658486
    <strong>High L2</strong>    0.00705688352845392    0.00705686146237914    0.00705686146171062    0.00705686146171062    0.00705686444709274
    <strong>Mean La</strong>       1.10262066640598       1.10242288778569       1.10242288759414       1.10242288759414       1.10242194998497
    <strong>Std La </strong>      0.818576208658604      0.818472384613205      0.818472384698685      0.818472384698685      0.818472601603759
    <strong>Low La </strong>     0.0113014728679887     0.0112930903099983     0.0112930903084989     0.0112930903084989     0.0112930830003269
    <strong>High La</strong>       1.45329650374256       1.45356076887687       1.45356076878773       1.45356076878773       1.45356067591764



Latex Table Entries for filt:

(1) & 110 & $L_1$ & $\underset{[0.6368;0.8186]}{0.724620237}$ & $\underset{[0.6367;0.8185]}{0.724598686}$ & $\underset{[0.6367;0.8185]}{0.724598686}$ & $\underset{[0.6367;0.8185]}{0.724598686}$ & $\underset{[0.6367;0.8185]}{0.724598685}$ \\
(1) & 110 & $L_2$ & $\underset{[0.0071;0.0113]}{0.009073018}$ & $\underset{[0.0071;0.0113]}{0.009072577}$ & $\underset{[0.0071;0.0113]}{0.009072577}$ & $\underset{[0.0071;0.0113]}{0.009072577}$ & $\underset{[0.0071;0.0113]}{0.009072577}$ \\
(1) & 110 & $L_a$ & $\underset{[1.1026;1.4533]}{1.272405929}$ & $\underset{[1.1024;1.4536]}{1.272363081}$ & $\underset{[1.1024;1.4536]}{1.272363081}$ & $\underset{[1.1024;1.4536]}{1.272363081}$ & $\underset{[1.1024;1.4536]}{1.272363058}$ \\
************************************************************
Expected Losses: smooth
                    <strong>Gaussian</strong>                 <strong>CSN()</strong>               <strong>CSN(1e-06)</strong>             <strong>CSN(1e-04)</strong>             <strong>CSN(1e-02)</strong>     
               <strong>___________________</strong>    <strong>___________________</strong>    <strong>___________________</strong>    <strong>___________________</strong>    <strong>___________________</strong>

    <strong>Mean L1</strong>      0.724563642477326      0.724528916889551      0.724528916887245      0.724528915070703      0.724528915070703
    <strong>Std L1 </strong>    0.00907216211425133    0.00907115829539172    0.00907115829528995    0.00907115818784297    0.00907115818784297
    <strong>Low L1 </strong>       1.27236579454278         1.272252412036        1.2722524120253       1.27225238777108       1.27225238777108
    <strong>High L1</strong>     0.0561316997135466     0.0561381989089218      0.056138198911913     0.0561382092175805     0.0561382092175805
    <strong>Mean L2</strong>    0.00131128770243887    0.00131090560432077    0.00131090560429646    0.00131090569980417    0.00131090569980417
    <strong>Std L2 </strong>      0.108301712322079      0.108250212022583      0.108250212029656      0.108250230466557      0.108250230466557
    <strong>Low L2 </strong>      0.636266038334227      0.635728830604974      0.635728830511816      0.635729112787311      0.635729112787311
    <strong>High L2</strong>    0.00704786142131401    0.00704405517366972    0.00704405517193155    0.00704405604441207    0.00704405604441207
    <strong>Mean La</strong>       1.10241165942524       1.10173209112368        1.1017320913927       1.10173102616122       1.10173102616122
    <strong>Std La </strong>      0.818648947110763      0.818406957408736      0.818406957359448      0.818406744252808      0.818406744252808
    <strong>Low La </strong>      0.011297226011579     0.0112916839819601      0.011291683981679     0.0112916856299321     0.0112916856299321
    <strong>High La</strong>       1.45362986185889       1.45339852835235       1.45339852876438       1.45339945813851       1.45339945813851



Latex Table Entries for smooth:

(1) & 110 & $L_1$ & $\underset{[0.6363;0.8186]}{0.724563642}$ & $\underset{[0.6357;0.8184]}{0.724528917}$ & $\underset{[0.6357;0.8184]}{0.724528917}$ & $\underset{[0.6357;0.8184]}{0.724528915}$ & $\underset{[0.6357;0.8184]}{0.724528915}$ \\
(1) & 110 & $L_2$ & $\underset{[0.0070;0.0113]}{0.009072162}$ & $\underset{[0.0070;0.0113]}{0.009071158}$ & $\underset{[0.0070;0.0113]}{0.009071158}$ & $\underset{[0.0070;0.0113]}{0.009071158}$ & $\underset{[0.0070;0.0113]}{0.009071158}$ \\
(1) & 110 & $L_a$ & $\underset{[1.1024;1.4536]}{1.272365795}$ & $\underset{[1.1017;1.4534]}{1.272252412}$ & $\underset{[1.1017;1.4534]}{1.272252412}$ & $\underset{[1.1017;1.4534]}{1.272252388}$ & $\underset{[1.1017;1.4534]}{1.272252388}$ \\
Total computing time : 2h55m20s
