
options_ = 

  <a href="matlab:helpPopup struct" style="font-weight:bold">struct</a> with fields:

         computer_arch: 'maci64'
                  dsge: 1
             optim_opt: [1×1 struct]
                kalman: [1×1 struct]
            parameters: [1×1 struct]
              datafile: "post_1980"
              filename: 'results_ireland2004_post_1980_maci64'
           optim_names: ["cmaes"    "fminsearch"    "fminsearchbnd"    "fmincon"    "fminunc"]
               poolobj: [1×1 parallel.ProcessPool]
    physical_cores_nbr: 8
               logfile: 'results/results_ireland2004_post_1980_maci64.log'


ans = 

  <a href="matlab:helpPopup struct" style="font-weight:bold">struct</a> with fields:

                   Display: 'final'
               MaxFunEvals: 1000000
                   MaxIter: 10000
                    TolFun: 1.0000e-04
                      TolX: 1.0000e-04
               FunValCheck: []
                 OutputFcn: []
                  PlotFcns: []
           ActiveConstrTol: []
                 Algorithm: []
    AlwaysHonorConstraints: []
           DerivativeCheck: []
               Diagnostics: []
             DiffMaxChange: []
             DiffMinChange: []
            FinDiffRelStep: []
               FinDiffType: []
         GoalsExactAchieve: []
                GradConstr: []
                   GradObj: []
                   HessFcn: []
                   Hessian: []
                  HessMult: []
               HessPattern: []
                HessUpdate: []
          InitBarrierParam: []
     InitTrustRegionRadius: []
                  Jacobian: []
                 JacobMult: []
              JacobPattern: []
                LargeScale: []
                  MaxNodes: []
                MaxPCGIter: []
             MaxProjCGIter: []
                MaxSQPIter: []
                   MaxTime: []
             MeritFunction: []
                 MinAbsMax: []
        NoStopIfFlatInfeas: []
            ObjectiveLimit: []
      PhaseOneTotalScaling: []
            Preconditioner: []
          PrecondBandWidth: []
            RelLineSrchBnd: []
    RelLineSrchBndDuration: []
              ScaleProblem: []
       SubproblemAlgorithm: []
                    TolCon: []
                 TolConSQP: []
                TolGradCon: []
                    TolPCG: []
                 TolProjCG: []
              TolProjCGAbs: []
                  TypicalX: []
               UseParallel: []
        penalize_objective: 0


ans = 

  <a href="matlab:helpPopup struct" style="font-weight:bold">struct</a> with fields:

         csn: [1×1 struct]
    lik_init: 1


ans = 

  <a href="matlab:helpPopup struct" style="font-weight:bold">struct</a> with fields:

          prune_tol: 0.0100
        cdfmvna_fct: "logmvncdf_ME"
    prune_algorithm: "correlations"
     initval_search: 0


ans = 

  <a href="matlab:helpPopup struct" style="font-weight:bold">struct</a> with fields:

    skewness_bounds: [-0.9900 0.9900]
    use_stderr_skew: 1
          transform: [1×1 struct]


ans = 

  <a href="matlab:helpPopup struct" style="font-weight:bold">struct</a> with fields:

           OMEGA: 1
         ALPHA_X: 1
        ALPHA_PI: 1
      skew_eta_a: 1
      skew_eta_e: 1
      skew_eta_z: 1
      skew_eta_r: 1
    stderr_eta_a: 1
    stderr_eta_e: 1
    stderr_eta_z: 1
    stderr_eta_r: 1

