************************************************************
             mc_replic: 1000
             prune_tol: [0 1.000000000000000e-06 1.000000000000000e-04 … ]
           data_burnin: 100
         Harvey_factor: 10
           cdfmvna_fct: "logmvncdf_ME"
               poolobj: [0×0 parallel.Pool]
    physical_cores_nbr: 18
         computer_arch: 'win64'
         parameter_set: 'DGP1'
              seed_nbr: 4.112460544000000e+09
           sample_size: 150
              filename: 'results_computing_time_DGP1_T150_R1000_win64'
               logfile: 'results/results_computing_time_DGP1_T150_R1000_win64.log'

************************************************************
Parameter Matrix G:
   0.800000000000000

Parameter Matrix F:
    10

Parameter Matrix R:
     1

Parameter Matrix mu_eps:
     1

Parameter Matrix Sigma_eps:
   0.010000000000000

Parameter Matrix mu_eta:
   0.300000000000000

Parameter Matrix Sigma_eta:
   0.640000000000000

Parameter Matrix nu_eta:
     0

Parameter Matrix Gamma_eta:
  -1.112500000000000

Parameter Matrix Delta_eta:
   0.207900000000000

Parameter Matrix lambda_eta:
  -0.890000000000000

Parameter Matrix sqrt_Sigma_eta:
   0.800000000000000

************************************************************
************************************************************
          SUMMARY STATISTICS
    <strong>mean(y1)</strong>    <strong>sd(y1)</strong>     <strong>skew(y1)</strong>  
    <strong>________</strong>    <strong>______</strong>    <strong>___________</strong>

     -10.81     10.229      0.0016077
    -7.9352     8.4154       -0.61933
    -13.433     7.5516       -0.12427
    -8.6754     7.8737        0.18877
    -12.149     10.364       -0.29493
    -12.353      8.551        0.14405
    -10.445     8.7619       0.065146
    -10.678     9.8053       -0.15772
    -8.0128      9.499       -0.42046
    -14.395     10.307       -0.65208
    -11.485     7.8029       0.010239
    -10.318     8.7601      -0.022773
    -14.138     8.3766       -0.59148
    -9.4067     8.9017       -0.36165
    -12.222     8.1427       -0.33476
    -12.467     8.0987       -0.67675
    -8.3418      9.916         0.4837
    -11.516     9.1339       -0.85882
    -12.333     8.2256       -0.18267
    -12.824     9.0129        -0.5219
    -11.393     8.9008        0.24899
    -11.767     9.6968       0.018099
    -15.359     9.5982       -0.11209
    -14.953     8.3731        0.18812
    -9.3562     9.2785       -0.34945
    -12.585     9.6218       -0.55428
    -11.247     8.7385       -0.67613
    -13.136     11.408       -0.61756
    -9.9309     10.197      -0.077354
    -9.3486     9.1389       -0.13269
    -13.581     8.7508       0.095532
    -14.103     11.241       -0.15136
    -13.163     8.5568       -0.40936
    -14.172     8.7924     -0.0042198
    -11.805     8.7338        0.23555
    -10.052     8.7372         0.3582
    -10.255     9.5872       -0.32057
    -11.343     9.2735        -1.0987
     -14.96     9.6864       -0.19011
    -14.254      8.626       0.030561
    -12.965     11.239       0.010148
    -8.4537     8.2139      0.0044807
    -9.6813     8.4372      -0.058682
    -13.268     8.3496       -0.47627
    -12.397     9.1839        0.18052
    -20.741     11.776         0.2905
     -11.52     9.5122      -0.054029
    -11.047     9.3893        0.14469
    -11.595      6.977     -0.0079722
    -13.217      9.213       0.089144
    -8.7431     10.326       -0.58027
     -9.751     8.6863       -0.23885
    -12.899     8.9363       -0.32869
    -16.984     8.3347        0.30744
    -11.567     7.3825      0.0038909
    -12.661     9.9243        0.08669
    -13.076     8.4064       -0.63901
    -12.473     10.523       -0.36794
    -11.527     7.6309        0.45005
    -10.921     7.8849       -0.28182
    -15.684     9.9132       0.029073
    -8.8077      7.499        0.01196
    -12.362     10.147       -0.74804
    -10.892     11.055       -0.32524
    -8.5816     10.074       -0.14706
    -15.999     10.601       -0.31851
    -11.663     9.4325      -0.074124
    -7.4619     11.711       -0.65935
     -8.945     7.7535       -0.22214
    -12.644     8.4358        -0.4998
    -17.002     8.5088      -0.071272
    -15.228     9.0552       -0.33173
     -10.03     8.4579      -0.020207
    -12.787     8.5536       -0.31047
    -13.961     9.7816       -0.12037
    -12.522     10.608       -0.21554
    -11.229     8.6289       -0.25762
    -12.937      10.31      -0.076578
    -15.358     9.7383       0.030983
    -10.782     11.854       -0.14573
     -9.929     7.2814       -0.43134
    -13.098     7.7003        0.11392
    -15.446     8.7233       -0.48673
     -10.64     9.7682       -0.26022
    -11.992     9.6728       -0.20006
    -11.001     7.1791        0.38674
    -13.237     8.8264        0.17926
    -14.378     9.0826       -0.38443
     -12.95     7.2842      -0.087811
    -9.4675     10.418       -0.38665
    -13.808     9.7926       -0.16687
    -13.502     9.1008       -0.15963
    -9.5356     9.8892       -0.15195
    -11.105     8.0129       -0.55418
    -13.722     8.2196      -0.045712
    -13.935     9.3056       -0.12237
    -16.423     9.5286        0.18319
    -13.317     8.3603       -0.65805
    -12.985     8.8763        -1.2861
    -10.566     8.3317        0.50844
    -12.068     9.1999       -0.18734
    -16.921     10.721       -0.32314
    -15.774     9.1549      -0.038581
    -16.264     8.6015        0.18575
    -11.995     8.3378       -0.27531
    -9.9497     9.2968       -0.44619
    -12.213     10.362      -0.032588
    -11.182     9.7324       -0.41526
    -12.258     8.0405       0.030929
    -13.502      9.159         0.1486
    -14.401     10.211       -0.21376
    -13.709     9.5892       0.014583
    -14.089     9.8964       -0.53537
     -9.499      10.69        -0.5387
    -13.166     10.815      -0.075067
     -10.03     9.5795       -0.46653
    -9.4261     9.4593       0.010236
    -10.334     9.8059     0.00044263
    -13.881      10.71       0.070586
    -10.828     8.9281       -0.16975
    -13.859     8.2843       -0.65863
    -13.967     8.0186       -0.18598
    -14.603     10.009        -0.5616
    -11.824     8.8672       -0.66193
    -14.772     8.4798       0.013957
      -13.4     8.5801       0.020466
    -14.085     7.9697       -0.15448
    -10.413     7.8158      -0.078765
    -17.185     7.7779       -0.15047
    -14.691     10.034        0.46148
    -8.5912      9.834       -0.53414
    -12.866     6.4766        -0.2826
    -11.789     8.8051       -0.21824
    -12.668     8.5626       -0.58124
    -14.048      9.658       -0.26912
    -12.756     12.546        0.13813
    -11.792     8.8664       -0.01212
    -15.084     7.8509        0.21941
    -12.176     8.5545       0.012696
      -10.3     9.2557      -0.042558
    -11.651     9.7865      -0.065867
    -13.589     8.1561       -0.20919
    -11.254     7.1516      -0.033936
    -12.352     8.4822       -0.22255
    -11.896     7.6412       -0.37977
     -13.42       8.93       -0.34403
    -11.233     9.3221       -0.28265
    -10.131     8.3439       0.093554
    -13.815     8.9136        0.29187
    -10.819     9.9585        -0.4239
    -9.7721     8.9959      -0.017881
     -13.62     10.512       -0.10871
    -10.354     8.7534       -0.22913
      -12.3     8.8971       -0.40274
    -12.717     8.7219       -0.28781
    -14.959     8.0535       -0.18001
    -12.153     9.9021      -0.086734
    -19.286     9.2578       -0.51929
    -10.863     10.828       -0.28763
    -6.9449     10.727       0.013749
    -11.414     9.1342       -0.60479
    -8.8341     11.529        0.18266
    -9.4553     8.8541       -0.04587
    -12.367      9.164        0.26858
    -11.389     7.7929       -0.70388
    -14.448     8.9829        -0.3475
    -11.183      7.131       -0.58003
    -9.8384     7.8405       0.010649
    -10.579     9.2298       -0.99989
    -13.392     8.6999       -0.46542
    -13.302      12.51       -0.09522
    -10.101     8.9718       -0.01354
    -15.002     8.5769       -0.30195
    -13.344     10.957       -0.21376
    -13.797     8.5873       -0.16206
    -15.579     8.2069        -0.2182
    -9.6578     9.3751       -0.41774
    -10.068     8.3909       -0.60713
    -12.746     8.0164       -0.46703
    -9.9322      8.525       -0.48382
    -12.106     9.8853       0.069381
    -15.902     8.3004       -0.12588
    -17.565     11.478        -0.6945
     -15.13     9.2709       -0.38777
    -14.836     9.2679        0.40475
     -7.691     8.5962       -0.33837
    -15.944     10.794      -0.036947
    -14.662     8.8795       0.050739
    -12.286     8.6676       -0.43479
    -11.314     8.5909      -0.019383
    -13.148     7.8603       0.014072
    -14.559     10.936      -0.034964
    -13.896     8.5405       -0.17647
    -12.339     10.191         0.1308
    -14.167     9.0209       -0.07733
    -10.515     9.5007       -0.30822
    -12.059     9.0762       -0.32545
    -14.117     9.4239       -0.32435
    -9.8805     9.8259       -0.35129
    -12.617      9.327        0.10626
    -13.807     7.9439        0.19968
    -9.8795     7.5735       -0.10893
    -15.848     8.7197       -0.13023
    -8.9566     10.938        -0.0263
     -13.35     9.7923        0.14019
    -9.5482     9.1193       -0.69197
    -12.379     9.6622       -0.23394
     -9.712     7.0316       -0.24914
    -14.309     8.5561       -0.24357
    -12.099     6.8351      -0.095783
    -16.883     12.536       -0.30551
    -14.561     9.6864      -0.058097
    -16.469     9.6949       -0.41938
    -10.909     10.472       -0.42589
    -15.344     8.7918       -0.28615
     -10.39      11.54       -0.93143
    -15.635     11.821       -0.39871
    -10.404     8.6152       -0.33135
    -14.297     8.0809       -0.51175
    -11.765     7.6477       -0.36288
    -10.158     10.516       -0.78777
    -14.592     9.5945        0.25078
    -12.668     8.2228        0.17461
    -12.259     10.622       -0.37572
    -7.0859     7.2964       -0.01013
    -12.217     8.0882       -0.30379
    -15.503     10.893       0.032562
    -10.932     9.0336       -0.34096
    -12.021     8.6888      0.0024202
    -13.731     8.5707       -0.25545
    -10.463     11.829       0.069858
    -17.297     8.6048       -0.10413
    -13.371      10.68        0.52336
    -9.4657     9.3583       -0.31446
    -11.451     9.9856       -0.25421
    -16.092     9.8658        -0.3131
    -14.181     10.141        0.43937
    -13.059     8.8402        0.60259
    -11.166     8.6426       -0.14387
    -18.186     11.186       -0.10451
    -16.436     10.153       0.095243
    -14.258     7.9155      -0.033104
    -13.036     8.1288       -0.16246
     -10.14     10.593        0.22516
    -6.3548     7.6796        0.21518
    -11.819      8.197       -0.16167
    -9.1192     8.7777       -0.28929
    -17.739     10.876       -0.23704
    -15.908     10.007       -0.14897
    -14.915     10.802        0.47517
    -11.114     7.4576       -0.50797
    -10.382     9.6196     -0.0057837
    -15.155     10.441       -0.33031
    -15.967     9.0453       -0.45646
    -14.323     8.8183       -0.33899
    -9.8527     12.056        0.21701
    -10.247     7.2369       -0.24723
    -15.319      9.558       0.080482
    -13.501       10.6        0.19385
    -13.213     7.1827       -0.50721
    -11.539     9.7211       -0.45492
    -9.5704     7.6169       0.046325
    -8.6037     8.7318      -0.064401
    -13.505     9.6364       -0.54256
    -10.358     7.3632        0.54088
    -15.359     9.0594       -0.27891
    -13.429     8.2042       -0.36625
    -12.552     9.8986      -0.091153
    -10.947     9.8234        -0.4888
    -13.572     8.9985       -0.56391
    -11.305     9.6872       -0.27775
    -11.647     9.0401        -0.2337
    -16.712     10.157       -0.82858
    -15.682     9.3658       -0.40758
    -9.8902     9.9365       -0.12207
    -9.1201     9.7152       -0.21394
    -11.179     7.7637       -0.62354
     -14.29     8.4645       -0.41115
    -13.591     8.3201      -0.063244
    -12.729     9.2276       -0.14809
    -11.872     9.7608       -0.11779
    -10.946      7.975       -0.40737
    -12.803     11.794       0.023996
    -13.617     9.9539      -0.036297
    -12.033     9.2638       -0.38838
    -12.786     9.5543       -0.16308
    -12.962     8.5105        0.10572
    -15.317     8.7475        0.18936
     -12.36      8.204      -0.078967
    -11.608     7.9323        0.21858
    -13.683     8.3286      -0.052866
    -17.265     9.1787       0.089079
    -13.003     8.1902       -0.33737
    -11.892     10.199       -0.51229
    -12.801      8.465       -0.39254
    -10.857     8.2174      -0.020514
    -9.5174     8.8734         -0.453
    -10.894     7.9332       -0.28368
    -11.463      8.108       -0.76684
    -12.487     9.1787        0.32264
    -12.697     10.614       -0.49593
    -12.848     7.8293       -0.29755
    -14.556     12.329       -0.21086
    -10.545     9.0738      -0.012861
    -10.632     9.8782        0.14492
    -12.092     9.0983        0.18776
    -10.648     10.038         0.1409
     -12.11     9.2614      0.0094229
    -13.517     7.8508        -0.3743
    -16.226     10.924       -0.11241
    -11.863      8.793       0.011784
    -11.121     7.6188       -0.20753
    -12.052     9.8919        -0.4185
     -12.33     9.2944       -0.25764
    -14.029     9.4628       0.016173
    -10.911     7.3605       -0.17486
    -9.4953      9.224       -0.18919
    -11.239     8.6444       -0.21184
     -10.32     9.0748       0.022322
    -12.584     7.6384       -0.42515
    -12.797     8.3879       -0.32126
    -12.051     8.3676       -0.43094
    -13.385     8.0108      -0.089522
    -13.349     9.7927       -0.60447
    -20.129     9.4902       -0.60084
    -9.5828     8.5747      -0.014303
    -13.203     10.725      -0.024941
     -11.98     10.169       -0.21831
     -14.54     6.6871       -0.56203
    -10.828     7.2234       -0.23969
    -12.501      7.688       -0.16735
    -13.623     8.6519        0.21558
    -14.864     9.0343        -0.1229
    -16.228     8.9919      -0.057498
    -13.151     8.7601        0.34433
    -13.948     10.421         0.1746
    -12.384     9.5514       -0.73619
    -14.989     12.704        0.14582
    -9.7431     9.1076       -0.37269
    -16.865      8.494        -0.4749
    -11.594     8.4468        0.24128
    -10.288     8.7222      -0.051292
    -11.914     8.8411        0.10999
    -10.839      6.144       -0.19891
    -15.495     9.7939      -0.044952
    -11.674     10.612      -0.085557
    -11.383     8.0422       0.030353
    -9.5535     8.1654      -0.080238
    -8.1249      7.942      -0.060179
    -10.749     7.7074        0.18666
    -11.871     10.494      -0.052073
    -16.491     10.488        -0.1726
     -13.83     10.853        0.10254
    -12.846     8.0061       -0.17129
    -10.854     8.0596      -0.028105
    -12.069     10.201     -0.0035124
    -14.754     8.8889       -0.48043
    -14.689     9.4639       -0.19676
    -10.001     10.167        0.45463
      -12.4      8.333       -0.31545
    -11.374     8.2578      -0.020168
     -9.935     10.643       0.090793
    -15.241     9.4653        0.10797
    -8.4954     10.281       0.020086
     -9.244     9.3799        -1.0458
    -16.668     8.2746       -0.25704
    -9.9928      7.058       -0.18942
    -13.375      8.952        0.23434
    -10.617     7.5155       -0.29978
    -9.4841     9.5538       -0.55233
    -13.011     8.3611       -0.63747
    -7.9427     6.8394       0.088878
    -14.014     8.9258        0.13183
    -11.764     8.4909        0.45597
    -8.9352     9.6865       -0.43656
    -10.399     6.8625        0.35422
    -11.672     7.5494       -0.30297
    -12.696     9.0999       -0.32993
    -13.696     9.8983        0.12101
    -11.216     9.1312       0.048099
    -11.588     9.6715      -0.098612
     -13.83     8.2308        -0.3187
    -13.311     6.2838       0.027113
    -13.465     10.634       -0.45728
    -13.731      7.811       -0.21143
    -13.854     7.2954        0.11323
    -14.517     9.0951       -0.41147
    -10.999     9.7969      -0.045616
    -10.543     8.2065        -1.3492
     -11.72     9.6038        0.19272
    -13.647     8.8665       -0.14921
    -16.555     9.6222       -0.16982
    -17.312     9.4367       -0.16798
    -11.516      10.96       -0.22482
    -13.179     8.6939         -0.205
    -9.3491      9.537       -0.25661
    -7.0225      7.434      -0.031831
    -12.265     9.0363       0.067428
    -15.459     10.237      -0.083135
    -7.4082     9.5205       -0.49052
    -12.624     6.1055       -0.22701
    -15.306     11.292        0.11946
    -8.5656     9.6536       -0.36204
    -12.838     9.4722      -0.098556
    -12.965     8.5805       -0.23395
    -13.202      7.938       -0.13851
    -17.227     7.7457       0.011397
    -12.317     9.0594    -0.00051833
    -13.528      9.218       -0.65606
    -12.892     8.2515       -0.51917
    -15.424     12.092       -0.44561
    -15.488     11.517        0.53085
    -11.527     7.7035        0.45826
    -11.838     12.721        -0.1467
     -13.27     9.3621       -0.11333
    -14.613     9.5795      -0.039669
    -13.569     9.7937      -0.090897
    -11.038     8.9132       -0.10013
    -8.1512     10.411      -0.025155
    -14.084     9.7838      -0.076724
    -10.239     7.3679        -0.2579
    -14.197     11.825       -0.44972
    -10.279     9.5352      -0.007465
    -13.598     9.8419      -0.026029
    -12.749     8.6489       -0.21204
    -9.9392     9.0064       -0.06456
    -11.103     10.029       -0.34445
    -8.1671     9.0054       -0.39587
    -11.571     11.691        -1.0911
    -15.571     11.698       -0.40179
    -15.002     8.5262       -0.86119
    -13.597     8.4242       0.056309
    -7.1922     9.6007       -0.02415
    -7.5379     10.288       0.048821
     -12.02     9.8864       -0.51152
    -10.917     9.8441       -0.20703
    -19.267      9.663       -0.13269
    -14.909     7.6621       -0.48936
    -13.548     9.9361       -0.34424
    -13.139     7.8646       -0.25521
    -12.451     8.4235       -0.49721
     -17.67     10.199       -0.31927
    -13.158     9.3965        -0.6586
    -13.863     8.8122       -0.36361
    -12.531     8.2583       -0.15177
    -15.602     9.6998       -0.12454
    -12.226     9.4963        0.11024
    -11.991     7.4644        0.15783
    -13.783      8.954       -0.87133
    -11.553      10.11       -0.14618
    -11.537      9.577      -0.025184
    -14.037     8.3119         0.5106
    -16.142     9.4993      -0.001043
    -13.476     9.7225       -0.21789
    -8.6592     10.296      -0.022526
    -11.515     9.4754        0.45797
    -14.739     9.1938        0.10624
    -12.342     8.9546       -0.35878
    -14.672     7.4629       -0.63594
    -7.4518     7.9691       -0.34871
    -8.4286     9.3456       -0.15355
    -13.575     8.5694       0.014801
    -15.475     9.7327       -0.46556
    -12.044     9.6674       -0.21842
    -13.597     10.116        0.35298
    -14.672      8.745        0.68948
    -13.822     8.8485       -0.31221
    -9.1788     11.121        0.55979
    -12.844     10.092       -0.13446
    -10.733     10.878       -0.63176
    -12.268     9.3707       -0.14751
    -16.016     10.574       -0.12669
    -12.797     8.4665        -0.4603
    -12.059     8.3942       0.056455
    -12.759     10.964       -0.57691
    -8.6912     8.5128       -0.52951
    -9.5533      8.803       -0.46828
    -12.143     8.4933      -0.071902
     -11.77      8.315       -0.20492
    -11.638     9.1925       -0.57525
    -8.5869     8.9612       -0.64028
    -13.422      10.97       -0.46274
    -7.9818     9.8227        0.38613
    -14.332      7.184       -0.10823
     -14.33      10.58      0.0098456
    -11.008     8.5583       -0.34852
    -13.364     7.2709      -0.084094
    -9.3459     9.7076      -0.068299
    -12.551     8.5141        0.11843
     -10.94     8.5804       -0.29017
    -11.455     10.844       -0.48666
    -11.594     10.497      -0.054977
    -12.814     11.813       -0.24304
    -14.026     10.287        0.25835
    -15.574     8.3801        0.42777
    -12.237     8.7415      0.0042414
    -11.691     7.4731       -0.17868
    -9.6122     9.4537       -0.36294
    -12.796     10.897       -0.06051
    -14.753     10.128       -0.24194
    -12.159      9.672       0.015908
    -11.419     9.1923       -0.13886
    -14.137     10.215       -0.28192
    -11.462     8.9819       -0.18782
     -11.72     11.027       -0.85009
    -13.038     8.1047      -0.076963
    -16.104     8.2361      -0.067973
    -11.283     7.8684       -0.48933
    -18.779      8.774       0.037639
    -11.846     6.8659        0.47356
     -14.78     9.0196       -0.55452
     -16.14     9.1466        0.19428
    -14.557     10.162       -0.13524
    -12.505     9.3753       -0.55235
     -10.95     8.6246       0.033574
    -12.773     9.0994       -0.16716
    -10.226     9.1388        0.58453
    -14.431     8.9317       -0.52844
    -10.557     9.0574       -0.43089
    -10.625     8.3233       -0.12931
     -10.12     9.8389        0.18173
    -10.762     10.004       -0.24057
    -12.427     7.5602         0.1684
    -14.284     9.1606       -0.45082
    -12.888     9.8435        0.26688
    -10.514     8.5223       -0.14533
    -15.422     10.297       -0.28867
    -15.254     9.2413       0.049599
    -11.309     8.8907       -0.25619
    -13.256     8.4712        0.12293
    -11.429     7.0945        0.38768
    -11.721     9.9262       -0.30695
    -10.132     8.1071        0.23801
    -11.965     10.189        0.11787
    -16.773     10.768       -0.68242
    -11.481      7.858       -0.46117
    -15.266      8.385        0.41031
    -9.9244     8.4111       -0.16275
    -12.307     9.7087       -0.60802
    -16.499     9.6967       -0.10678
    -13.941     8.0518       -0.37264
    -13.492     9.1636       0.027407
    -10.685     9.7481      0.0079134
    -9.0599     7.7472        0.15729
    -14.811     9.9796        0.11011
    -11.324     10.051       -0.38627
    -9.8357     9.5898       -0.73177
    -9.9449     7.8378       -0.19205
    -14.815     9.4255       0.019623
    -15.316     11.952       -0.48317
    -7.1656     8.6744        0.16412
    -15.161     7.2397       -0.11303
    -11.837     11.117       0.088012
    -18.355      7.693        0.16011
    -11.131      9.205       -0.41743
    -12.091     7.4651        0.26095
    -9.5492     9.9804        0.44152
    -11.718     9.3244       0.054006
     -13.36     10.479        -0.2302
    -7.8657     6.9141       -0.30853
    -13.814     10.133     -0.0069634
    -13.931     9.2072       -0.11694
    -14.603     11.517       -0.34365
    -10.457     10.205       -0.26172
    -11.372     9.9582      -0.017456
    -12.866     8.7051         0.2156
     -10.07     8.1978       -0.04944
    -12.356     9.0407        -0.6718
     -10.63     8.5738         -0.429
    -14.767     8.4283       -0.40155
    -15.615     9.3335       0.086926
    -14.651     9.3304      -0.017087
    -11.153     7.5419       -0.40763
    -11.411     7.3764       -0.30635
    -12.743     9.0213       -0.10116
    -15.288     10.738       -0.36471
    -12.788     8.2905       -0.15886
    -15.459     9.3295       -0.18563
    -14.739      8.544       0.088541
    -8.0286     8.6121        0.26746
     -13.91     9.4134       -0.64177
    -14.132     10.191       -0.05091
     -9.693      9.043      -0.010066
    -11.646     8.4097        -0.9599
     -11.72     10.246       -0.45823
    -12.403     8.2894       -0.13586
    -12.018     7.9132    -7.6477e-05
     -15.09     10.211        -1.0145
    -11.157     9.7689       -0.35889
    -14.951     8.8196        -0.5958
    -10.881     7.1268       -0.29999
    -10.743     8.6398       0.096954
     -12.72     8.2052       -0.49498
    -12.466     9.2715       -0.57185
    -12.808     7.8949      -0.075391
    -9.9369      10.05        0.10621
    -12.503     9.9012       -0.15461
     -12.52     9.1314        -0.5811
    -11.825     8.5484       -0.15814
    -11.853     8.6238       -0.31496
    -10.264     8.2766        -0.5059
    -8.7921     9.3709       -0.26923
    -16.238     10.315      -0.084605
      -12.6     8.7992       -0.26501
    -8.6182     7.8114       -0.12846
    -10.834     9.2324       0.071669
    -13.772     8.1921        -0.6162
    -12.759     9.4333       -0.56762
    -15.117     8.4449        0.06833
    -10.242     7.7471       -0.29144
    -12.436     11.166       -0.20591
    -10.178      8.531        0.32553
    -10.329      8.966       -0.34867
    -14.316     11.558       -0.30152
    -17.327     10.381      -0.052799
    -20.472     7.1767       -0.18804
    -14.519     8.7341         0.2092
    -13.926     10.462       0.088017
    -14.247     8.3384      -0.011289
    -12.465     8.4384      -0.037456
    -10.968     7.4701        -0.1631
    -12.179     8.6307      -0.066286
    -13.546     9.5232       -0.29602
    -10.611     8.6466        0.25379
    -11.324      8.319        0.14707
    -8.6875     7.8071       -0.24371
    -11.001     8.2911       -0.75729
    -7.5007     6.9796      -0.016177
    -13.779     9.3142        0.24567
    -11.294     8.9436        0.19114
    -9.9305     10.403      -0.033809
    -14.722      8.095        0.64271
    -15.507     9.4576       0.098042
     -15.45     9.6496      -0.020466
    -13.435     8.4325       -0.47617
    -17.094     8.4682         0.1503
    -10.642     9.2558       -0.52276
     -12.87     9.2905       -0.28026
    -12.936      7.564       -0.17797
    -9.2562     10.685       -0.36053
    -15.638     9.7295       -0.51642
    -12.736     9.8416       -0.44325
    -8.6025     9.1702       -0.17295
    -13.023     9.3112      -0.058482
    -10.267     10.082        0.86579
    -13.435     10.111       -0.32773
    -8.8562     7.4169        0.35886
    -14.892     9.0669       -0.31274
    -15.418     8.9765       -0.30362
    -12.892     7.6457        0.11947
    -10.535     7.4072      0.0051066
    -11.489     10.249       -0.47236
     -10.22     8.1191      0.0078062
    -15.882     10.424       -0.40049
    -12.644     10.104       -0.12278
    -11.513     8.9279        -0.1195
    -14.615     9.3313        0.26151
    -14.159     8.8559       -0.30013
     -13.64     8.7677        -0.2574
    -11.852     10.911        -0.2527
    -12.974     7.9844        0.19101
    -15.389     9.0427       -0.39374
    -9.7076     8.3207        0.22657
    -12.414     9.1684       -0.22388
    -13.773     9.9239        0.08453
     -10.17     10.231       -0.66727
    -9.6535     9.4791         0.1611
    -16.086     9.6155       -0.70133
    -13.319     8.8919       -0.83013
    -13.029     8.6663       -0.49992
    -14.803     7.3606       -0.10295
    -13.961     8.8455       -0.18246
    -9.3835     8.2569        0.20535
    -11.002     9.0665     -0.0016919
    -12.708     8.2306       0.045368
    -10.382     8.7583       -0.11996
    -15.048       7.73       -0.45905
    -12.071     8.7134       -0.32148
    -14.662     11.465      -0.019135
      -14.1     7.9169       0.045064
    -13.783      10.63       -0.60807
    -9.3103     9.3517       -0.33755
    -9.3642     8.4987       -0.43865
    -10.076     7.5781      -0.079522
    -12.042     7.7997      -0.076237
    -11.623     10.161      -0.032402
     -12.46     8.9365       -0.88548
    -10.108     7.5029       -0.40698
    -14.173     8.9937       -0.17675
    -10.909     8.7544       -0.52799
     -10.46      10.19       -0.74665
    -13.543     9.1123        -0.2849
    -10.839     7.4071         0.2618
    -10.806     9.1723       -0.23255
    -12.347     8.5202        -0.1784
    -12.843     10.674       -0.35566
    -15.119     10.233       0.077294
    -15.011     10.558       -0.16678
    -16.375     10.797       -0.22083
    -15.265     8.6287      0.0023465
    -13.946     8.2356         0.2339
     -14.71     8.5884       -0.43324
    -11.045     7.3188     -0.0086192
    -13.853     8.4749       -0.59771
    -8.7321     10.756        0.20276
    -11.689      9.717      -0.024992
    -13.707     8.0517        -1.2038
    -16.477      8.999         0.2735
    -15.181     8.6323       -0.51313
    -12.634     6.5342        0.16569
    -14.552     10.128       -0.31327
    -11.626     7.1027      -0.065246
    -13.394     9.8834      -0.099957
    -13.474     9.0078       -0.47441
     -10.24     8.3384       -0.13999
     -13.18      9.282       -0.67239
    -11.459     8.2292      -0.085279
    -15.071     9.5624        0.12169
    -12.519     8.5672       -0.33067
    -13.836     9.0906       -0.29904
    -15.188     10.369       -0.31482
    -13.969     11.401        0.14784
    -8.7625     9.5603      -0.098373
    -14.085     8.7533     -0.0012614
    -14.747     11.075       -0.30126
    -11.171     9.6154        0.08224
    -8.6555     9.8302       -0.40218
    -13.483     8.5102        0.20631
    -12.069     11.246       -0.45547
    -14.857     10.291       -0.48665
    -9.0203     9.4681      -0.068831
     -13.54     10.725       -0.46339
    -8.8573     9.5178       -0.34958
    -16.657     11.324      -0.014062
    -9.8729     9.0423        0.34569
    -11.064     9.9862       -0.11257
    -8.9856     10.101       -0.61782
    -13.697     9.3308        -0.1478
    -9.7476     11.749       -0.27602
    -8.9689     8.6941       -0.73875
    -9.8857     9.2373       -0.25497
    -11.598     8.9971      -0.066316
    -14.831     10.109        0.22116
    -14.294      8.197       0.088886
    -13.915     7.6576       -0.16785
     -13.49     8.7687       -0.34075
    -14.908     8.7725        0.63468
     -11.02     10.912       -0.11649
     -11.44     9.0577       -0.38925
    -7.3302      10.38       0.044733
    -14.939     8.7142        0.21311
    -11.241     10.502     -0.0054851
    -11.647      8.735     -0.0044959
    -10.169     9.1804        -0.4149
    -10.796     8.6239        0.11353
    -10.115     9.6186      -0.099636
    -10.743     9.3759        0.33618
    -10.504     8.7693       -0.23308
    -13.269     10.214        0.22643
    -9.8272     7.5169        0.11745
    -11.055     8.4085       0.095146
    -7.1825     9.3007        -0.6145
    -11.144     8.5926        0.15077
    -11.405      8.278       -0.11187
    -14.472     9.1952       0.092399
    -13.816     9.8787      -0.079428
    -13.017     10.583      -0.050262
     -7.985     10.181       0.018431
    -8.5095     8.5758       -0.38094
    -15.586     9.8762        -0.1227
    -12.571     8.8682      0.0079654
    -11.691     9.2171       -0.33847
    -12.005     7.8037       -0.15156
    -6.0284     7.5967      -0.063336
    -14.693     8.6364       0.015749
    -10.206     9.5707       0.003098
    -11.302     10.207       -0.13733
    -6.4223     8.1888       -0.58778
    -10.726     10.002       -0.22314
     -8.243      7.818      -0.075371
    -12.321     8.3958       -0.20766
    -14.136     8.9583       -0.23315
    -7.0473     11.743       -0.31406
    -13.137      9.032        0.61544
    -10.422     8.8779        0.21145
    -16.873     10.792       -0.15465
    -8.9356      7.091       0.032885
    -10.489     6.7962       -0.50313
    -11.622     9.0831       -0.17745
    -10.069      6.778       -0.27776
    -14.192     9.9015        0.36853
    -8.8449     9.1932       -0.30894
    -10.684     9.2623       -0.11894
    -9.1293     6.3564       -0.41942
    -12.402     10.789      -0.014917
    -13.021     11.662      -0.036916
    -10.348     9.0356       -0.40691
    -12.672     7.6146        0.18017
    -13.196     10.597        0.16737
    -12.015     9.8637       -0.46375
     -14.56      7.829       -0.12732
     -14.58     8.4692       -0.50872
    -10.427     9.3853        -0.3528
    -14.243      9.039      -0.078444
    -6.5685      7.723        0.44657
    -11.136     11.264       -0.30449
    -13.157      8.397       0.050066
    -11.881      9.189       -0.23912
    -13.326     8.6774       0.021469
    -13.035     7.6521       -0.39293
    -13.813      9.158       -0.85229
     -16.89     10.058       0.085437
    -8.5003     10.771      -0.054419
    -11.346     9.5837       -0.56692
    -9.6704     8.4143      -0.027424
    -12.368     9.6856        -0.3926
    -13.474     9.2101       -0.52564
    -18.331      11.06      -0.067636
    -12.914      8.967       -0.36413
    -11.858     8.6827        -0.2833
    -11.344     9.0463       -0.48403
    -9.3938     6.3004       -0.56791
    -9.3533     8.2901      -0.023173
    -14.562     11.211       -0.27038
    -9.9252     9.1234       -0.29689
    -10.575     8.7279      -0.072002
    -10.435     11.658       -0.95136
    -14.686     10.829       -0.14208
    -7.7263     7.5189      -0.065626
    -12.682     8.7586      -0.018272
    -11.306      10.53       0.079929
    -10.241     8.7462       -0.11542
    -12.053     8.7302        0.05363
    -11.021      8.855       -0.41903
    -7.9967     9.8361        0.38314
     -13.72     10.581       -0.33803
    -12.798     8.4698        0.22784
    -12.302     8.3322       -0.62709
    -9.9685     8.7389       -0.19609
    -15.431     8.5618       -0.79236
    -14.225     8.2306       0.050127
    -14.217       9.35       -0.14902
    -16.288     8.8708      -0.074834
    -16.672      10.35       -0.54144
    -8.7936     10.079       -0.14881
    -14.075     8.1672       -0.33853
    -12.511      10.49       -0.22652
    -12.858     9.4991        0.15993
    -10.727     8.7385      -0.010567
    -11.721     10.011       -0.34052
    -13.296     7.8256       0.083693
    -11.422     10.476      -0.025637
    -12.435     9.9271      -0.062027
    -17.535     7.7349       0.035985
    -6.3713     8.4069      -0.030196
    -9.6176     8.6377       -0.10508
    -11.175     8.9982        -0.4992
    -10.047     8.9139        0.21089
    -12.164     7.9598       -0.45499
    -12.865     10.444       -0.15474
    -10.767     10.369      -0.032759
    -11.403     9.1382        0.13412
    -8.6593     8.7109       0.058517
    -15.503     8.4087       -0.46534
    -8.5138     8.5732        -0.4342
    -14.055     7.8058        0.23657
    -14.758     8.8739        0.19512
    -10.895     7.5758        0.19436
    -14.332     8.4865       -0.13286
    -10.745     9.7407       -0.15471
    -16.696     8.6391       -0.27018
    -15.226     6.7961       -0.12022
    -12.287     8.8648       -0.14319
    -15.625     8.0666       -0.26957
    -13.435     9.0695        0.02864
    -15.252     10.025       -0.30657
    -12.168     9.1553       -0.22604
    -14.235     7.9109       -0.64933
    -11.322     9.9446      -0.071112
    -12.417     9.9911       -0.27683
    -12.028     9.3887        0.13105
    -14.761      8.866         0.1504
    -10.874     7.5371        0.24217
    -14.463      10.77       -0.48153
    -17.631     9.9868      -0.037963
    -9.7107      9.531       -0.56177
    -12.764      7.165       -0.26819
    -12.617     8.9679       -0.33715
    -12.996     9.4842       -0.13207
    -14.346     7.1786      -0.033478
    -12.984     7.8179        0.24251
    -10.346     10.664       -0.11445
    -8.9277     8.3973       -0.56371
    -14.508     7.5809       0.035422
    -15.526      8.627       -0.29012
    -12.649     7.6816        0.10662
    -16.394     9.2783       -0.19202
     -12.24     10.442        -0.1608
    -13.945     9.1453        -0.3504
    -12.542     8.5528       -0.81412
    -10.242     8.4779       0.011403
    -13.552     8.1844       -0.38707
     -10.09     8.2149       0.007975
    -13.523     10.246       -0.16964
    -9.5264     6.6243       -0.44633
    -11.661     7.3381       -0.27946
    -10.538     7.3448      -0.025964
     -9.822     7.2462         0.1315
    -12.287     10.651       -0.89322
     -17.05      9.706       0.023962
    -12.579     8.2072       0.014511
    -17.511      9.256       -0.11851
    -14.965      9.031       -0.57304
    -12.438     8.7654        -0.3403
    -14.785     8.4664        0.24001
    -11.388     8.5948        0.17644
    -14.527     7.2961        0.02723
    -12.862     9.2226        0.21537
    -14.985     9.0039       -0.53561
    -11.597     6.8472       -0.41002
    -13.443     8.9852       -0.24363
    -14.919     10.243       -0.19436
    -16.524     10.086        -0.2267
    -14.231     9.4058       -0.13707
    -14.697      8.199        0.36816
    -13.117     8.4614       -0.25547
    -10.612     9.1206       -0.18568
    -14.137     11.631       -0.26815
    -12.072     7.7873       -0.42271
    -14.709     6.9133       -0.05287
    -14.646     10.233       0.081783
     -13.53     8.0178       -0.28224
     -13.64     10.279       -0.07442
    -17.908     9.3199       0.040256
    -13.847      10.19       -0.12878
    -13.825     9.9464      -0.012879
    -9.5604     7.6474        -1.0229
    -9.3782     8.4289       -0.28867
    -13.876      9.482       -0.23684
    -12.733     8.2656       -0.62301
    -11.369     11.048       -0.96515
    -7.8552     8.3296        -0.2018
    -11.964     9.0745      -0.072353
    -10.226     8.5017        0.11714
    -10.515      8.623       -0.73212
    -7.3403     7.3408        0.27436
    -12.699     10.509      -0.077431
     -14.23     9.5993      -0.029574
    -10.843     9.2841       -0.17831
    -14.389     7.2529       -0.15169
    -11.529     9.9265        0.52047
    -12.987     10.129      -0.091729
    -13.236     7.9747       -0.16324
    -12.716     7.8676       -0.18199
    -12.382     8.9824       -0.45261
    -13.346     10.975       -0.33512
    -10.632     8.2069        0.28661
    -13.621     6.3365       -0.29194
    -14.345     9.3248      -0.049436
    -13.289     10.263       -0.27066
    -14.749     9.9685      -0.083735
    -13.548     9.1569       -0.23215
    -12.536     8.1372       -0.39053
    -10.424     8.0234       -0.40373
    -9.1236     9.5217      -0.083311
    -10.401     9.6659        0.15379
    -10.156     8.8745       -0.45416
    -8.6125      8.299       -0.18565
    -11.018     9.8556       -0.19194
    -13.816     7.5085      -0.017968
    -17.108     8.5542       -0.10611
    -11.024     9.4148       -0.42487
    -14.302     7.1427       0.027275
     -13.13     10.278       -0.59996
     -11.32     9.2712       0.019749
    -14.129     10.847       -0.22465
    -7.3092      10.17       -0.65864
    -9.5336     8.1551       -0.61412
     -10.81     8.1255      -0.015834
     -11.63       9.42       -0.18595
    -12.625     11.703       -0.46563
    -9.6842     8.9846        0.12281
    -13.202     10.076       -0.27208
    -13.954     9.2687      -0.045815
    -11.026     8.5123      -0.074393
    -11.765     7.7115       -0.43964
    -11.395     8.7895       0.084954
    -11.332     9.9358       -0.22916
    -12.039     9.7247       -0.43185
    -13.697     8.9149      0.0050931
    -12.231     9.6172        -1.0044
    -13.711     8.5549       -0.15988
    -15.668     10.691       -0.53235
    -13.599     6.5739       -0.13112
    -15.142     9.5398         0.2475
    -14.281     9.2655      -0.083945
    -11.267     9.3728       -0.24047
    -10.479     9.8895       0.087497
     -13.32     9.6852       -0.27036
    -13.418     7.2755      -0.095219

************************************************************
Time to compute the log-likelihood once (in ms)
            <strong>Gaussian</strong>        <strong>CSN()</strong>       <strong>CSN(1e-06)</strong>    <strong>CSN(1e-04)</strong>    <strong>CSN(1e-02)</strong>
            <strong>_________</strong>    <strong>___________</strong>    <strong>__________</strong>    <strong>__________</strong>    <strong>__________</strong>

    <strong>Mean</strong>    0.2613727    545.2174348    8.4083112     8.1237267     4.4245559 
    <strong>Low </strong>       0.2206       485.3956      7.54855       7.33435        3.9832 
    <strong>High</strong>      0.47995      631.35775       13.892       12.5877       7.42815 

Total computing time : 0h00m32s


Latex Table Entries:

DGP1 & 150 & $\underset{[0.22;0.48]}{0.2614}$ & $\underset{[485.40;631.36]}{545.2174}$ & $\underset{[7.55;13.89]}{8.4083}$ & $\underset{[7.33;12.59]}{8.1237}$ & $\underset{[3.98;7.43]}{4.4246}$ \\
