************************************************************
             mc_replic: 1000
             prune_tol: [0 1.000000000000000e-06 1.000000000000000e-04 0.010000000000000]
           data_burnin: 100
         Harvey_factor: 10
           cdfmvna_fct: "logmvncdf_ME"
               poolobj: [0×0 parallel.Pool]
    physical_cores_nbr: 24
         computer_arch: 'glnxa64'
         parameter_set: 'DGP1'
              seed_nbr: 4.112460544000000e+09
           sample_size: 50
              filename: 'results_computing_time_DGP1_T50_R1000_glnxa64'
               logfile: 'results/results_computing_time_DGP1_T50_R1000_glnxa64.log'

************************************************************
Parameter Matrix G:
   0.800000000000000

Parameter Matrix F:
    10

Parameter Matrix R:
     1

Parameter Matrix mu_eps:
     1

Parameter Matrix Sigma_eps:
   0.010000000000000

Parameter Matrix mu_eta:
   0.300000000000000

Parameter Matrix Sigma_eta:
   0.640000000000000

Parameter Matrix nu_eta:
     0

Parameter Matrix Gamma_eta:
  -1.112500000000000

Parameter Matrix Delta_eta:
   0.207900000000000

Parameter Matrix lambda_eta:
  -0.890000000000000

Parameter Matrix sqrt_Sigma_eta:
   0.800000000000000

************************************************************
************************************************************
          SUMMARY STATISTICS
    <strong>mean(y1)</strong>    <strong>sd(y1)</strong>     <strong>skew(y1)</strong>  
    <strong>________</strong>    <strong>______</strong>    <strong>___________</strong>

    -16.974     9.1232      -0.089219
    -8.8988     7.2906      -0.090247
    -9.6412     7.1665       -0.91215
    -9.1357     8.1672         0.2302
     -11.91     8.6925       -0.51481
     -10.22     8.7436        0.66074
    -10.142     9.9389       0.090844
    -10.894     10.557      -0.076697
     -12.97       10.5       -0.38722
    -11.552     7.6695       -0.38906
    -12.416     7.8653        0.33133
    -10.977     7.5362       -0.32456
    -13.842     7.1295       -0.39456
    -10.177     10.255       -0.33772
    -14.269     7.1397        0.41203
    -14.805     6.3306       -0.65352
    -10.214     9.9975      -0.064802
    -11.366     9.1723        -1.0218
    -10.571     7.4886       -0.12673
    -12.537     7.9265       -0.47743
    -13.949     8.3822       -0.10629
    -13.589     7.8334       -0.51247
    -15.031     7.0908       -0.71224
     -15.07      7.759        0.15361
    -9.3957      7.686       -0.47288
    -10.889     10.596        -1.0097
    -15.651     9.6472       -0.62697
    -10.808     11.612       -0.85765
    -10.176     10.175        0.42777
    -5.7211     7.9292       -0.91834
    -9.2427     8.7634      -0.047966
     -17.47     11.763        0.29249
    -11.309     6.3651        0.24068
    -11.539     8.2163        0.27219
    -7.8415     8.9132        0.40906
    -10.028     7.8584       -0.11557
     -6.665     8.5303       -0.30589
    -12.734     12.184        -1.1189
    -13.504     9.2722       -0.40241
     -9.468     7.9601       -0.10007
     -5.403     10.111       -0.08792
    -4.4511     6.8897       -0.31385
    -10.654     10.212        0.17604
     -15.18     8.7253       -0.37405
    -15.083     7.3491       -0.45778
    -18.317     12.092        -0.3828
    -7.0166     8.1769       -0.41328
    -14.203     8.2305        0.18628
    -13.106     5.9278       0.061318
    -12.596     8.2403        0.25071
    -3.8875     6.6277       0.060284
    -12.236     8.4475       -0.36699
    -13.707     7.8477        -0.1296
    -13.297     8.0713       -0.35325
    -12.504     7.3198        0.04012
    -9.2784     10.377       0.027962
    -8.2798     6.1005       -0.80056
    -14.084      9.886       -0.12688
    -12.594     7.5097        -0.3027
    -12.962     7.5855       -0.35875
    -18.257     10.189        0.42685
    -9.2553     7.8626     -0.0074944
    -16.508     12.395       -0.53663
    -7.3406     11.647       -0.17455
    -9.4837     9.6431        0.23426
    -15.824     11.742        -1.0823
    -15.856     7.6418       -0.32996
    -5.7883     11.825        -1.1415
    -10.314     6.8829       -0.24383
    -11.815     8.2523       -0.39591
    -13.513     8.1185       -0.66073
    -12.544     7.6197       -0.48428
    -4.4719     7.9555      -0.032534
    -10.065       7.97      -0.061586
    -16.891     5.9756       -0.15671
    -15.768     12.677        0.34439
    -8.4118     7.5406       -0.35036
    -15.497     8.7142       -0.13418
    -16.839     11.324        0.24911
    -16.734     10.914       -0.56731
    -10.339     6.8635       -0.50846
    -17.666     6.9982      -0.068507
    -17.126     7.9287       -0.54887
    -12.824      10.21      0.0071095
    -17.231     10.365        0.32831
    -11.726     6.0226      -0.073712
    -8.8473     7.4771        -0.2673
    -15.323      5.791       0.049733
    -11.686     7.2538      -0.036475
    -15.103      10.88       -0.28466
     -16.45     9.9033       0.042481
    -8.9208     8.4227        -0.3279
    -11.717     10.826       -0.13621
    -14.167     7.6164       -0.34746
    -13.799     5.9852        0.23419
    -14.873      10.85       -0.32878
    -14.319     9.3862         0.2138
    -15.016     8.2905       -0.70434
    -14.458     8.4646        -1.2307
    -11.028     7.5001      -0.044864
     -13.61     6.3367       -0.67936
    -19.152       10.8       0.015744
    -12.998     8.9866       -0.16738
    -11.797     8.8288      -0.092183
     -12.51     10.485       -0.25921
    -10.311     11.898       -0.58713
    -12.789     8.9968      -0.073151
    -7.3249     5.6338       0.084513
    -11.822     7.7718       -0.29124
     -15.42     9.1637       -0.71806
    -9.5325     9.6603       -0.31744
    -13.844     8.7536       -0.19148
    -12.549     8.6928       -0.41977
    -2.6277     7.7633       -0.68228
    -11.622     12.857       -0.35553
    -7.3967     9.2847       -0.24939
    -11.031     8.1354       -0.35691
    -3.9041     9.7242       -0.57821
    -10.901     11.911        0.14093
     -11.17     7.1768       -0.66114
    -9.8325     4.9831        0.32618
    -12.875     6.9318       -0.14976
     -13.74      7.888        -0.1103
    -9.0218     8.2616       -0.21008
     -14.64     10.289       0.010743
    -10.187     7.9525      -0.096349
    -9.4719     6.4926        0.10553
    -13.033     6.8581        0.55485
    -17.229     6.5596       -0.17482
    -18.126     8.6494       0.034256
    -3.5659     5.6637       -0.13772
    -12.162     6.3463       -0.11699
    -13.427     9.7118       -0.55459
     -14.79     9.5956         -0.266
    -15.216     9.5922       -0.50067
    -24.521     6.7891       0.074262
    -12.161     9.6724        0.41767
    -12.391      8.562        0.21508
    -11.981     6.9141        0.30749
       -7.2     6.3138       -0.22748
    -6.3666     7.1901      -0.015914
    -11.258     7.6544        0.18842
    -9.6139     6.2669      -0.024748
     -17.01      7.099       -0.61005
    -6.9615     5.9676       -0.27326
    -15.158     8.3745       -0.45999
    -6.3949     6.5423       -0.31825
    -6.6266     8.5397        0.26713
    -12.695     8.4276       0.010001
    -8.0881     7.6361        0.24695
     -14.01     7.3769       0.089926
    -17.055      10.43       0.086194
    -12.391     7.5475       0.075034
    -15.474     7.4194        0.16661
    -10.901     8.6429        -1.0402
    -15.888     8.3515        0.11411
    -9.0131     10.173        0.34341
    -18.841     8.3622      -0.029148
    -10.987     12.015       -0.12475
    -9.8951     11.722       -0.10793
    -9.1479     8.0535        -0.4268
    -9.3941     11.839        0.32952
    -8.4861     11.063       -0.12823
    -15.344     7.8152        0.20148
     -12.62     9.3455        -1.0712
    -13.019     7.6657         -0.419
    -11.336     8.5336       -0.70003
    -10.514      8.821       -0.19949
    -5.4095     4.7982       -0.33623
    -13.064     7.3372       -0.16548
    -8.0447     10.188        0.45483
    -11.056     9.3465       0.051197
      -9.12     5.7446        0.30034
    -14.221      12.41        0.21732
    -12.463     7.3197       -0.32419
    -14.173     9.4532       -0.14713
    -6.3683      7.007       -0.33091
    -7.8963     7.5457       -0.83094
    -17.866     7.6072       0.037937
    -12.081      10.03       -0.30848
    -15.028     8.2511        0.74944
    -15.083     9.8658         -0.129
    -23.374     14.194        -0.2798
    -14.081     9.2771       -0.37238
    -10.374     7.7736        0.34998
    -6.0905      8.135       -0.74009
     -13.13     8.0583       -0.77964
     -12.71     7.6819       -0.56404
    -11.509     7.5438       -0.27976
    -10.005     10.519       -0.21249
    -11.649     7.7857      -0.098539
    -22.322     8.5017       -0.06094
    -10.973     6.4728          0.144
    -13.707     11.089         1.0626
    -15.068     8.7254       -0.11984
    -11.993     7.9648        -0.4069
      -5.09      7.091      0.0040153
    -9.4808     8.2322        0.75343
    -11.906     11.485       -0.27823
    -10.488     8.3577       -0.13843
    -12.345     8.7221       0.029111
    -11.815     8.8927       -0.01955
    -18.924     8.6826       -0.58109
    -3.1739     10.522       -0.20191
     -19.29     7.9435        0.46285
    -5.6828     5.9727       -0.30603
    -13.875     10.354       -0.14919
    -8.1196      6.566      0.0049605
     -11.29     5.6295      -0.048643
    -11.539     8.4394      -0.057197
    -14.405     13.604      -0.019587
    -18.149     9.1981       -0.53207
    -16.409     8.9703        -1.3589
    -11.687     10.832       -0.93102
    -12.528     9.4207       -0.52835
    -6.4529     8.1823       -0.20089
     -17.65     12.064      -0.036119
    -8.8859     11.552        -0.8678
    -10.531     6.9565       -0.39264
    -12.404     5.4294      -0.015664
      -15.8     12.217       -0.53427
    -14.163     9.5724        0.21138
    -14.861     7.2154     -0.0049159
    -11.032     13.235       -0.12763
    -8.0484     5.4104        0.30018
    -8.1982     6.9687      -0.037637
     -17.89     8.5208       -0.32663
    -16.661     9.9198        0.36341
    -11.582     7.9906       -0.10738
    -11.951     6.3747        0.11433
    -13.046     9.1973       -0.75037
    -18.449     9.4168         0.6063
    -14.722     7.5371        0.13172
    -6.3946     9.4114       -0.45398
    -14.025     11.316       -0.44925
    -15.002     8.8775        -0.3928
    -10.223     12.639      -0.026582
    -11.101     10.185        0.68118
    -10.488     6.6398       -0.19593
    -11.766     6.7021        0.23183
    -15.522     11.895       0.076128
    -14.296     6.9154        0.31938
    -12.648     7.1197        0.32173
    -11.016     9.7588       0.073721
    -9.0166      6.596        0.11916
    -6.2279     6.8012       -0.44576
    -7.3303     6.6458       -0.56727
    -14.871     11.424      -0.011672
    -13.964      9.513        0.08739
    -12.513     6.4063        0.91124
    -10.233      6.921       -0.41928
    -5.0501     9.6058        0.52751
    -14.086     9.6701        0.12488
    -13.479     9.9122       -0.49904
    -12.851     11.675       -0.54557
    -5.5237     13.682      -0.055007
    -7.2643     6.9931       -0.40659
    -21.796     7.5973       -0.16822
    -12.516     12.409        0.46436
    -11.264     6.5038       -0.18532
    -12.191     12.159       -0.58753
    -10.321     5.6856        0.19239
    -5.6709     7.4881        0.35378
    -11.472     7.0523       0.011525
    -10.824     8.9578         0.5205
     -15.78     7.2543       -0.36739
    -12.375     6.7115       0.071331
    -9.9888     8.1082       -0.53113
    -13.013     11.198       -0.34455
    -15.297     10.159        -0.8301
    -17.143      9.014        0.15165
     -14.41     9.3419       -0.66517
    -13.257     7.7671        -0.0903
    -12.858     8.8997        -1.4568
    -17.553     6.8949       -0.18078
    -8.6418     11.804       0.083001
    -12.529     7.5423       0.089958
    -18.221     10.506       0.032965
    -11.005     8.1975       -0.13743
    -15.811     7.4364       -0.17357
     -14.25     10.779       -0.35023
    -6.8587     7.3104        0.32282
    -17.612     10.485        0.31368
    -16.031     9.7415       -0.20281
      -13.5      7.598       -0.72887
    -12.573     11.007       -0.12913
    -9.0156     8.3865         0.2781
    -15.222      8.763        0.80139
    -9.6564     6.2709       -0.33707
     -11.01     9.2729        0.19734
     -16.41     7.2785       0.044046
    -18.771     10.612        0.61475
    -11.625     5.0057         0.3389
    -12.782     10.797      -0.015334
    -15.257     8.5094       -0.25582
    -13.544     7.1286       -0.23383
    -6.7968     7.6191      -0.010438
    -10.026     9.0932       -0.51831
    -8.6834     6.0903       -0.23774
    -10.193     5.2354        0.36854
    -21.441     10.743        0.35322
    -14.294     6.8683       -0.31785
    -13.244     14.877       -0.29269
    -9.9931     9.4256       0.044497
    -5.9289     11.489       -0.28336
    -14.498     8.3593      -0.030305
    -9.4972     13.958       0.083819
    -5.5082     8.0049       -0.15971
    -13.127     7.7528       -0.24516
    -23.315     9.1228        0.32758
    -17.349     7.3858       0.091837
    -12.427     6.6864       0.013129
     -17.21     10.722      -0.026114
    -10.672     8.5648       0.015899
    -9.1363     9.1194        0.14514
    -9.7431     7.3885       -0.16956
    -15.516       8.85        0.11839
    -12.296     8.5972       -0.50994
    -10.171     6.7131         0.2717
    -8.8194     6.1506        -0.2586
    -16.543     9.3259        0.62307
    -9.2765     7.8753       -0.36582
    -12.341     7.2564      -0.036237
    -12.663      12.28       -0.63401
    -21.753     11.975        -0.4367
    -8.3292     9.3031      -0.095115
    -11.321     8.4489      -0.020271
    -12.377     8.3158        0.30463
    -15.948     8.1384       -0.48023
     -9.983     9.1023        -0.4254
    -13.432      7.294        0.65976
    -10.649     8.8843        0.32164
    -15.021     8.9958       -0.40806
    -17.017     8.4514       0.087021
    -8.6943     8.7845        0.29675
    -17.929     9.1687      -0.025008
     -18.39     10.042       -0.45374
    -8.9339     14.096       -0.44147
     -6.178     7.2361       -0.42598
    -25.095     7.1256       -0.12454
     -11.04     7.7722         0.5279
    -11.779     8.7492        0.24904
    -9.9854     10.591      -0.095448
    -8.3191     5.3957       -0.13302
     -17.05     7.1685       -0.29075
    -10.696     12.524       -0.37045
    -13.828      6.095       -0.28105
    -6.3332     6.2823       -0.89776
    -5.4874      7.564       -0.45243
    -13.294     6.9117        0.65547
    -6.9026     10.638       -0.26846
    -16.971     8.9821       -0.51118
    -19.245     8.6637       0.059481
    -13.999     6.0494         -0.422
    -14.061     7.5316       0.047186
    -9.6854     7.2091       -0.31891
     -15.72     10.206      -0.065918
    -14.583     9.0996        0.39145
    -11.092     8.1163      -0.021755
    -10.831     8.5772       -0.24684
    -7.8868     6.9369        0.59081
    -6.0458     13.873       -0.30939
    -15.611     11.704        0.56487
    -10.251     8.3399        0.55075
    -12.397     11.744       -0.80556
    -15.398     7.8095       -0.37642
    -8.5498     5.4871        0.25913
    -10.976      9.008        0.12159
    -12.142     6.7202        0.17641
     -6.269     7.3856       -0.56558
    -15.401     10.796       -0.47777
    -7.8452     5.5834        0.33168
    -14.238     7.4276       -0.82234
    -15.293     6.8301       -0.29453
     -7.018     10.803       -0.76525
     -10.87     5.3106        0.33803
    -16.309     7.3396       -0.39353
    -11.389     8.9415       -0.05258
    -8.9467     6.7959       -0.56451
    -17.108     7.6799         0.1624
    -15.791     6.2908        -0.3965
    -14.454      10.25       -0.44382
    -12.374      6.389       0.097865
    -13.103      6.914        -0.3865
    -13.571      7.854       -0.36158
    -11.865     7.0654        0.80271
    -14.299     9.7989       -0.23637
    -15.236     8.5577       0.058654
    -11.578      7.893      -0.059003
    -13.563     8.1286       -0.30878
    -13.019     8.3481       -0.71648
    -20.281     11.267        0.54909
    -22.053     9.5705      -0.028008
    -9.8544     9.5716      -0.032862
    -11.002     9.3952        -0.2484
    -2.2619     7.4649       -0.15644
    -10.862     6.6824       -0.15071
    -15.097     7.8809      -0.084846
     -15.36     8.5058       0.054122
    -5.5751     8.5249       -0.80721
    -11.742     5.8319       -0.59435
    -16.489     10.607        -0.0552
    -5.7414     9.8309        -0.6055
     -10.98     9.1519       -0.94093
    -12.274     8.6483      -0.087244
    -15.299     7.4478       -0.28016
    -19.164     4.8023         0.2811
     -7.424     5.9302       -0.25017
    -12.346     8.8511      -0.071847
    -10.724     6.2089        0.37953
    -20.369     12.793       0.082604
    -18.399     9.4816       -0.13027
    -10.497      5.993       -0.12541
    -19.609     12.637       -0.27836
    -7.6423     7.0463        0.49703
    -11.067     10.143       -0.63324
     -17.48     8.2201        0.18372
    -9.5225     8.6856       -0.36998
    -15.421     8.7763        0.30137
    -18.282     10.436        0.19684
    -9.2563     6.3771       -0.19035
    -25.664      9.843        0.55174
    -5.0743     8.4306       -0.24649
    -16.004     11.054        0.21853
    -12.281     7.2877       0.093425
    -8.4807       11.6       -0.47297
    -11.399     8.5238        0.26223
    -6.3651     7.4533       -0.47136
    -6.7305     7.0892      -0.022049
     -18.47     11.047        0.18042
    -21.246     8.9149       -0.57443
    -15.964     8.0632        0.21602
    -3.5368     8.9475       -0.20467
    -8.1592     10.098       -0.34946
     -6.961     7.4141       -0.10603
    -15.409     7.6398        -0.9331
    -16.664     8.4796      -0.012891
    -15.416     8.7552       -0.66381
    -9.7501     8.2017       -0.99208
    -12.221     7.3336       -0.63504
    -14.079     8.6536       -0.31517
     -16.57      8.606        0.16641
    -17.322     11.281       -0.59784
    -10.182     8.1551       -0.67021
    -7.5276     5.8043       -0.48743
     -18.16     8.3231      -0.067353
    -14.008     12.161        0.51898
    -13.057     7.2249        0.24165
    -13.675     8.3057       -0.51742
    -3.7303     7.5885       0.086387
    -15.089     7.6365         0.2276
    -15.062     8.7043      -0.049081
    -20.666     9.0511       0.057832
    -11.068     7.8365        -0.7354
    -5.7977     11.287       -0.39083
    -9.3173     11.209        0.60167
    -15.219     8.2192       -0.13624
    -16.019     7.2082        0.62841
    -17.594     8.6529       -0.58747
     -8.314     9.5184       -0.16909
    -12.073     9.1788       -0.10391
    -16.403     7.7978      -0.093493
    -22.024     9.8407       -0.16071
     -7.337     10.093       -0.92188
    -15.839     11.383        0.14702
    -14.342     8.5232        0.53258
    -10.211     7.6399       -0.28929
    -2.0245     13.096       0.046002
    -13.019     7.8949       -0.57549
    -12.135      13.26       -0.76348
    -14.449     8.5454       -0.33095
    -16.632     9.5967        0.33707
    -17.262      6.504        0.15586
    -16.272     7.4758        0.23212
    -14.108      12.36       -0.81637
    -8.4597      7.477       -0.21682
    -4.5192      7.062       -0.62093
    -15.626     7.6086        -0.4531
    -11.344     10.695       -0.36542
    -12.023      11.37       -0.71485
    -7.1365     7.1564       -0.42199
    -9.0947     8.9577       -0.51971
    -9.1215     7.7108      -0.087665
    -13.659      7.239       -0.21102
    -13.775     9.4427       -0.43128
    -11.569     7.0683        0.12301
    -13.487     8.0297       0.031656
    -11.257     10.113       -0.46113
    -13.082     7.5743       -0.41276
    -14.118     8.5637       -0.33933
    -5.1264     7.6052       -0.26938
    -10.409     8.8657        0.32177
    -9.1746     11.701       -0.48283
    -9.2962     11.928        0.08304
    -12.078     9.6781        0.30068
    -12.558      10.42         0.1551
    -11.438     6.4798       0.054995
    -12.079     8.5488       -0.73539
    -11.398     12.782        -0.1756
     -13.69     7.9477        -0.5221
    -4.8245     8.8911       -0.62314
    -10.658     7.0707        0.24342
    -14.527     8.7649        0.64407
    -15.222     7.3807        0.27297
    -17.604     13.449         -0.603
    -14.579     6.9178       -0.44103
    -14.551     8.8758       -0.36273
    -12.338     9.6626       -0.50289
    -17.007     7.8894        0.43954
    -15.714     5.2231       -0.11747
    -13.304     6.0587        0.18824
    -13.646     9.9591        0.42369
    -7.6984     9.2405       -0.71216
    -16.225     10.385        -1.1079
    -7.4167     7.4019       0.060143
    -10.947      8.147       -0.83643
    -10.518     6.5372       -0.89857
    -10.629     6.4777       -0.77687
    -8.5434     8.8796       -0.75977
    -15.128     7.5364        0.49246
    -10.608     7.7302      -0.039209
    -18.248     8.8924       0.050399
    -15.921      6.895      -0.027764
    -9.8173     6.3603        -0.6329
    -16.134     6.8716     -0.0050304
    -8.3325     8.7967        0.39184
    -9.7527     7.6455       -0.20721
    -13.811     10.359        0.23632
    -12.048      7.741        0.13704
    -10.188     9.7107        0.11261
    -11.692     5.8408      -0.022091
    -8.6148     8.1984       -0.22096
    -14.596     7.0736        0.42175
    -12.891     9.6594     -0.0047655
    -15.929     9.8762        0.17634
    -12.622     8.2131       -0.93738
    -17.413     7.9194        0.70675
    -7.6163     7.4389       -0.17306
    -15.322     10.685       -0.70282
    -18.518     11.136      -0.006935
    -13.717     7.1355       -0.42772
    -10.483     6.9811       -0.03536
    -7.4066     10.438      -0.054786
    -9.6668     6.7647      -0.077951
    -14.281     12.518       -0.16173
    -9.4493     10.426       -0.51977
    -4.0406     7.3286       -0.58544
    -12.701     8.4818        -0.3866
    -8.6176     8.9579       -0.72799
    -17.957      13.08       -0.58632
    -7.1434     9.0861        0.43456
     -13.62     8.0174        -0.7575
     -10.13     14.278       0.041187
    -20.179     8.2321         0.2825
    -13.063     8.3381        0.22615
    -13.359     6.9456        0.14009
    -11.094     8.6286        0.75895
    -12.095     7.8361       -0.12129
    -11.197     9.0151       -0.26151
    -8.3788      6.381       -0.12195
    -11.991     8.1008        0.45925
     -12.23     8.0943       -0.42226
    -10.992     7.4672       -0.38371
    -15.363     11.054       0.063403
    -13.521     8.8304       -0.54893
    -15.134     5.2112        0.41545
    -11.765     7.2673        0.31506
     -11.58     11.827         -1.423
    -11.766     8.6194        -0.8865
    -11.367     5.6958       -0.60374
    -11.206     10.156       -0.84614
    -12.996     8.6919        0.51203
    -9.6199     8.6791       -0.70908
    -11.041      6.826       -0.67128
    -13.253     8.1908        -0.1436
    -20.076     9.7421       -0.82156
    -15.476     8.3336      -0.024851
    -16.297     7.2894      -0.088279
    -11.044     8.3413       -0.46947
     -11.16     7.8232       0.019849
    -16.226     9.6324        0.15349
    -10.209     7.0321        -0.1607
    -8.7217     9.2702        0.10431
    -17.428     9.7925       -0.22946
    -16.641     9.9474        0.15194
    -11.942     7.5325       -0.30337
    -11.928     8.3401         0.1725
    -15.795     6.6895         0.2598
    -7.2677     8.5611       -0.50978
    -21.645     7.7264       -0.48136
     -10.48     5.8479        0.67765
    -12.173     7.8612       0.027797
     -11.68     5.6075       -0.57915
    -10.387     7.3127        0.42497
    -11.961     6.6677       -0.34181
     -13.55     8.2097       -0.28449
    -4.9929     7.5611       -0.24734
    -15.796     8.5328       -0.14859
     -14.76     9.7872        0.21708
    -9.0682     6.0574       -0.19384
    -9.3811     9.4987       -0.97682
    -8.9328     11.086      -0.065137
    -13.558     9.7042        0.70023
     -5.955     5.8536      -0.099688
    -8.7219     8.8656        0.40577
    -17.243      6.334        0.34894
    -14.183     10.556         -0.566
    -16.229     9.4792       -0.19452
    -19.049     6.6304      -0.096439
    -8.2153     7.2578      -0.036301
    -11.888     14.275       -0.27668
    -8.8789      10.26        0.10457
    -7.2157     8.2383       -0.21755
    -14.645     14.307       -0.41647
    -22.368     7.9397        0.10324
    -20.947      6.986       -0.35281
    -7.5794     7.6665       0.075273
    -8.8661     11.349      -0.077633
    -15.653     7.0293       -0.13008
    -8.9997      7.003       -0.62768
    -10.407     7.7552       -0.10985
    -13.528     7.3008       -0.49074
    -14.405     9.6434        0.22899
    -6.9126     7.6436       -0.21934
    -16.673     6.3892       -0.97759
    -9.2686     7.0818      -0.098272
     -12.33     5.7269       -0.88982
    -8.9919     7.0145      -0.067051
    -12.993     7.7523       -0.23993
    -10.308     11.917      0.0092442
    -7.4528     10.036       -0.64045
    -14.939     6.6607        0.47721
    -14.719     9.0127        0.11383
    -11.259     8.9438      -0.040891
    -14.341     8.1429        -1.0994
    -18.881     7.1907      -0.059219
    -13.066     9.6525       -0.18305
    -13.911     7.4696       0.053127
    -10.299      6.253       -0.27126
    -10.691     11.941       -0.49489
    -20.566     10.479       -0.70734
    -12.374     7.4994         0.4345
    -12.079     9.7165        0.49265
    -6.6722     7.3653       -0.38942
    -11.379     6.2559       -0.27759
    -7.9579       8.79        0.47274
    -7.2669     8.7078         0.1238
    -10.259     7.6627       -0.44072
    -18.706     8.8846       -0.01081
    -14.286     8.2143       0.014402
    -7.9574     7.2029       -0.50082
    -7.9859     7.6731      -0.069504
    -11.158     9.4183       0.059594
    -12.238     7.9055       -0.16423
    -12.882     9.7496       -0.19269
     -12.72     11.962        0.28076
    -18.166     6.2935       -0.49876
    -14.805     9.8387       -0.63166
    -13.337     6.6209       -0.06501
    -16.411     10.895       -0.20144
    -11.754     6.9303        0.76489
    -9.4956     6.4778       -0.27561
    -10.019     6.8972      -0.060888
    -12.015     8.8122       -0.23338
    -10.649     11.855       -0.65387
    -17.631     9.2797       -0.70234
    -10.855     9.9072        0.16841
    -16.365     13.648       -0.68397
     -17.92     10.169        -0.5125
    -11.425     8.7653       -0.44199
    -14.876     8.5364       -0.20636
    -14.441     10.312       -0.41197
    -10.115     6.9147      -0.020537
    -8.1318     9.5921       0.095376
    -14.571     10.891        0.47596
    -5.3115     7.5876       0.091284
    -14.183     6.3274       -0.60905
    -13.089     7.7694       -0.63719
    -16.561     12.641        -0.4591
    -17.258     6.7892       -0.18963
    -11.563     7.6286        -0.5248
    -10.604     8.8237       0.077772
    -7.8297      5.865       -0.17989
    -9.8265     7.0103        0.28976
    -12.082     7.6353       0.051666
    -6.1772     9.1019       -0.85648
    -10.835     6.2347       -0.51738
    -9.8495     6.4592       -0.63896
    -8.5624     7.4392       -0.57786
    -11.588     8.1002       -0.22922
    -14.394     11.961        -1.0914
     -14.53     8.4699        0.27502
    -11.688     7.7196       0.095075
    -9.5516     8.4851        0.40073
    -13.911     8.8427       -0.11483
     -13.61     12.101       -0.17001
    -18.186     8.1938        0.55781
     -14.96     12.448     -0.0058819
    -17.981     9.4294       -0.38719
    -21.152     6.3948       -0.29388
     -15.96     7.9496        0.01385
    -11.979     6.5844       -0.31613
    -12.528     7.2137       -0.15262
     -12.89     10.488        -1.1479
    -16.164     7.0553       -0.26696
    -13.996     7.2216       -0.39736
    -12.024      6.009       0.022969
    -16.792     6.1379        0.15189
    -15.981     9.8035       -0.39657
    -13.384     6.8302        0.42965
    -14.082     10.553        0.16673
    -13.817      7.124        0.15919
    -13.188     7.3856      -0.024904
    -14.194      12.17       -0.41497
    -12.161     6.8429       -0.10398
    -10.127      7.893        -1.5276
     -12.38     5.0381        -0.9897
    -12.734     10.625        0.32439
     -14.69     8.4382        0.07032
    -18.566     9.9094       -0.39119
    -21.359     11.992        0.19532
    -12.529     9.7227        0.63594
    -8.2771     10.845        0.15162
     -15.64     8.9584       -0.47379
     -12.56     8.6277       -0.91044
    -8.3428     10.957       0.025514
    -6.2131     8.5032      -0.050496
    -12.404     7.6489       -0.20498
    -14.932     12.059       -0.75639
    -21.824     10.795      -0.079855
    -6.2834     7.3237       -0.42918
    -8.9369     9.7138        0.22987
    -5.9769     8.6951      -0.068989
     -10.83     14.257        -0.7253
    -7.2551     9.7018         0.3501
    -8.4816     8.4694       -0.28578
    -10.389     13.037       -0.52864
     -11.42     8.3799        0.25351
    -7.2521     11.968       -0.69718
    -7.4685     6.9629       -0.26724
    -8.2268     10.426        -0.3994
    -13.799     8.7449        0.20304
    -16.955      9.392        0.49124
    -13.221     9.7859        0.33929
     -12.41      8.698        0.12651
     -20.17     7.5938       -0.13287
    -12.924     11.289        0.52033
    -12.653     9.0593       0.033103
      -12.4     11.137         -0.249
    -3.3442     8.5422       -0.39767
    -13.771      9.905        0.11596
     -9.539      10.56       -0.10396
     -12.07     8.4772       -0.15317
    -6.1453     6.9455       0.058579
    -12.166     8.8167        0.32401
    -4.3822     9.8487        -0.5543
    -12.802     11.259        0.49174
     -13.85     7.1595      -0.047275
    -13.557     8.0681       -0.22185
    -9.5844     7.6964       -0.60209
    -11.257      5.869       -0.61274
    -3.3448     5.4967       0.011296
    -13.235     5.7513        0.36097
    -11.218     7.5409       -0.22234
    -12.167     11.529      -0.076081
    -12.823     8.6842        0.42659
    -11.923     9.9943        0.44796
    -1.6308     7.6856       -0.53142
    -5.7865     7.4918       -0.61793
    -8.7832     6.2703       -0.24435
    -15.389     9.6124        0.29215
    -8.7143     8.1526       0.040405
     -9.531      6.178       -0.34917
    -6.6398     7.1181        0.16041
    -17.599     9.7745         0.7427
    -9.3772     6.2199       -0.16143
    -16.669     9.7767        0.42658
    -4.7969     9.0315       -0.63828
    -12.995     8.5795        0.01747
    -6.2773     6.2416        0.54036
    -14.333     9.2418       -0.12858
    -15.324     9.8241       -0.18982
     1.2853     10.917       -0.44515
    -13.944     7.1438        0.19126
    -14.859     7.3682       -0.11396
    -14.011     10.797        -0.1781
     -7.245     4.7736     -0.0022639
    -11.859     5.7617       -0.71945
    -14.879      8.902       -0.16219
    -8.5793     6.5679       -0.28027
    -15.707     9.1456       -0.11765
    -9.0338     8.4902        0.12268
     -15.19     8.8583        0.39023
    -10.315     6.2825       -0.70879
    -17.567     9.9293        0.25409
    -13.136     15.012       0.077858
    -5.5101     7.3077       -0.28502
    -8.6121     8.1239       0.022694
    -14.231     11.583        0.33384
    -18.451     9.6887       -0.74809
    -14.633     7.9142       -0.28167
    -14.365     9.3148       -0.67762
    -5.9578     6.6333        0.39791
    -11.707     8.9274       -0.19187
    -4.2238       6.99       0.059754
    -12.198     14.794       -0.14929
    -16.071     8.1131       -0.66163
    -13.179      10.77       -0.21815
    -17.351     7.4079       -0.46402
    -16.637     7.6467        -1.0216
    -11.413     8.0523       -0.29406
    -12.653     9.9264       -0.11383
    -8.3645     8.8101        0.78734
    -14.102     9.9465        -0.6517
     -13.77     6.8969       -0.19175
    -10.434     7.7909       -0.65456
    -17.443     10.598       -0.35412
    -13.841     11.074       -0.10059
    -17.674      8.982     -0.0049292
    -7.6298      8.089       -0.11814
      -8.78     6.8484        0.32606
    -10.892     6.0606       -0.44418
    -10.116     7.3625       -0.06251
    -17.531     9.7615       -0.25347
    -10.815     7.1592       -0.63237
    -11.476     8.3983       -0.11161
    -5.2682     8.7796        -0.3274
    -16.622     12.263     -0.0061409
    -7.2693     8.5982       -0.22109
    -7.1199     7.2787        0.36204
    -9.2613     13.405      -0.084544
    -13.715     7.6315       -0.19787
    -11.211     10.004       -0.30404
    -9.1064      8.409       -0.55293
    -4.4428     9.3051        0.75057
    -11.976     8.0725       -0.58004
    -8.7081     10.234       -0.24168
    -10.129     8.8838        -1.4908
    -12.374     7.1842          -1.01
    -14.458     6.6868       -0.36866
    -14.255     6.8046        0.23779
    -11.637     9.4658      -0.080524
    -12.924     9.4773       -0.57561
    -13.265     7.9941        0.22395
    -1.0957     8.4895       -0.76478
    -13.426      6.892        0.55664
    -18.266     9.0716       -0.25099
     -14.55     8.8687       -0.28784
    -13.452     8.5943       -0.20749
    -10.675     11.336       -0.29418
    -10.023     8.5124       0.056356
    -18.148     9.2954       -0.79678
    -9.9679      7.834       -0.25338
     -19.89     6.7763       -0.98863
    -6.3804     7.2628        -0.2177
    -11.784     7.0589       -0.47301
    -11.659     6.5102        0.10714
    -11.884     7.1064       -0.40947
    -14.539     9.0143       -0.22735
    -15.426     12.183        0.15129
     -7.545     10.541        0.09257
    -11.625     6.0964       -0.37151
    -8.2345      9.963        0.29453
    -14.093     8.1808       -0.37943
    -8.3442     5.8071       -0.14076
    -11.861     9.5678      0.0020399
    -17.521      7.867        0.36704
    -14.868     5.2157       -0.45422
    -13.972     9.7434       0.073416
     -16.11     7.8065       -0.54308
    -15.688     8.2548       -0.42259
    -15.299     6.1014         0.2357
    -10.827     8.6768        0.20678
    -14.124     8.0861       -0.37703
     -10.93     8.0551        0.46358
     -10.93     7.7804       -0.27665
    -18.328     9.6285        0.23653
    -15.459     9.6426        -1.0936
    -16.345     8.8323     -0.0047998
     -10.48     9.5736       -0.58668
    -10.415     9.1157       -0.44659
    -17.195      9.076        0.25429
    -12.804     7.3935        0.12158
    -12.719     12.782       -0.64982
    -15.619     9.4274       -0.16838
    -14.273      10.08      0.0080808
    -10.858     6.9239       0.056834
    -5.9169     5.5478       0.076736
    -13.884     8.4904      -0.047275
     -14.36     5.9997       -0.65757
    -18.013     6.4632        0.24847
    -8.3702     10.927       -0.20459
    -9.7382     10.744       -0.45689
    -15.625     6.6938        0.13739
    -12.762     5.4389       -0.37694
    -12.656     6.9077       -0.77467
    -16.492     10.911       -0.26994
    -13.291     8.2517       -0.47705
    -21.486      7.886       -0.28684
    -9.3456     6.3159       -0.28355
    -5.5386     8.0204        0.19009
    -10.662     8.0652       -0.10004
    -13.632     9.3843        0.32869
    -13.476     9.6513       -0.10921
     -8.615     6.9486       -0.74159
    -11.643     8.4668       -0.43245
    -8.2893     7.2495        0.18051
    -10.829     6.7925       -0.27456
    -15.492     12.817       -0.99904
    -16.296     12.708       -0.11043
    -9.8509     7.9418        0.08599
    -15.953     7.4794       -0.18249
     -17.23     10.844       -0.53037
    -13.324     8.1875       0.033384
    -13.174     6.4858       0.042084
    -9.3461     10.378        0.12351
    -16.454      6.766        0.17196
    -8.3183     9.2036        0.32506
    -17.135      12.01       -0.20266
    -14.645     6.1346       -0.13158
    -8.3288     7.3874       -0.83326
    -10.454     9.0529        0.12623
    -11.864     9.4942       -0.69699
    -10.474     9.9176       -0.27306
    -16.602     6.7496       0.046154
    -14.927     8.4288         0.5436
    -12.757     10.799       -0.12037
    -17.353     11.145       -0.98615
    -14.458     7.0853       -0.30069
     -14.44     5.8548        0.37408
    -17.057     9.1498       -0.44365
    -11.861     6.4408       -0.46653
    -18.861     9.6619       -0.44335
    -22.644     9.9447        0.42628
    -10.178     11.664       -0.15741
    -11.571     8.5124       -0.31334
    -12.762     9.7941       -0.81984
    -8.4303     8.6687     -0.0019085
    -14.927     10.187       -0.69386
    -13.818     10.058       -0.36696
    -11.505     15.624       -0.97052
      -8.42     9.6223       -0.15737
    -9.7591     7.0624       -0.38193
    -10.548     7.2536        0.16598
    -8.8681     7.9655       -0.90333
     -3.819     7.3932        0.21104
     -18.83     9.3373        0.35004
    -9.9525     8.6283       -0.11878
    -5.6644     8.6481       0.080263
    -16.144     7.4627        0.39527
    -13.452     6.4791       -0.57226
    -9.8094     7.9913       -0.38661
    -10.588     8.0652       -0.41662
    -10.317     6.6615      -0.032397
    -5.8317     6.1824     -0.0016117
    -20.272     10.473       -0.25827
    -9.3599     7.8326        0.71007
    -11.944     5.6732       -0.32823
     -9.102     8.8733       -0.51915
     -7.471     8.7777       -0.45402
    -12.101     10.356       0.052922
    -6.5506       5.39       -0.14244
    -9.4142     6.9493       -0.43241
    -8.8434     8.7952       0.032295
    -5.3434     6.7144        0.22581
    -8.4586     10.049       -0.20384
    -11.417     9.3788       -0.23424
    -8.8337      8.127       -0.44029
    -10.334     11.174       -0.62819
    -12.635      8.354        0.11147
    -13.688     8.9235        -0.3659
    -10.061     8.3956       -0.45138
    -16.923     6.9186        0.33453
    -14.037     12.032       -0.54516
      -12.2     10.518        0.19667
    -19.366     10.247      -0.083327
    -3.9073     6.7034        0.45343
     -5.186     6.7336        0.22159
     -10.33     7.4712        0.53111
    -17.667     10.481        0.77476
     -16.27      10.72      0.0086821
    -7.5604     10.548       -0.58838
    -10.982     9.2915       -0.59883
    -18.499     8.3765       -0.10559
    -8.2036     8.0656       -0.09175
      -13.4     7.4427       -0.40382
    -10.058     8.7016       -0.19992
    -15.561     9.5702        0.41093
    -11.285     8.7517       -0.81902
    -14.783     11.058       0.065405
    -9.8612     5.5137       -0.45343
     -14.33     8.6429       -0.26126
    -11.847     6.4159        0.04348
    -12.063     6.4072       -0.44306
    -12.943     12.263       0.031588
    -13.394      9.777        0.12696
    -11.092     10.879       -0.16741
    -18.134     7.8833    -0.00040743
    -11.052     8.8596      -0.092491
    -16.917     7.9544        0.03455

************************************************************
Time to compute the log-likelihood once (in ms)
            <strong>Gaussian</strong>      <strong>CSN()</strong>      <strong>CSN(1e-06)</strong>    <strong>CSN(1e-04)</strong>    <strong>CSN(1e-02)</strong>
            <strong>________</strong>    <strong>_________</strong>    <strong>__________</strong>    <strong>__________</strong>    <strong>__________</strong>

    <strong>Mean</strong>    0.515626    57.463853     5.568662      3.983805      2.642566 
    <strong>Low </strong>       0.076       23.895       2.3615         2.204         1.202 
    <strong>High</strong>      2.3075      123.106       16.518         6.501         3.044 

Total computing time : 0h00m04s


Latex Table Entries:

DGP1 & 50 & $\underset{[0.08;2.31]}{0.5156}$ & $\underset{[23.89;123.11]}{57.4639}$ & $\underset{[2.36;16.52]}{5.5687}$ & $\underset{[2.20;6.50]}{3.9838}$ & $\underset{[1.20;3.04]}{2.6426}$ \\
