************************************************************
             mc_replic: 2400
             prune_tol: [0 1.000000000000000e-06 1.000000000000000e-04 0.010000000000000]
           data_burnin: 100
              x_burnin: 20
         Harvey_factor: 10
              loss_fct: [1×1 struct]
           cdfmvna_fct: "logmvncdf_ME"
               poolobj: [0×0 parallel.Pool]
    physical_cores_nbr: 24
         computer_arch: 'glnxa64'
         parameter_set: 'DGP1'
              seed_nbr: 4.112460544000000e+09
           sample_size: 80
              filename: 'results_state_estimation_DGP1_T80_R2400_glnxa64'
               logfile: 'results/results_state_estimation_DGP1_T80_R2400_glnxa64.log'

************************************************************
Parameter Matrix G:
   0.800000000000000

Parameter Matrix F:
    10

Parameter Matrix R:
     1

Parameter Matrix mu_eps:
     1

Parameter Matrix Sigma_eps:
   0.010000000000000

Parameter Matrix mu_eta:
   0.300000000000000

Parameter Matrix Sigma_eta:
   0.640000000000000

Parameter Matrix nu_eta:
     0

Parameter Matrix Gamma_eta:
  -1.112500000000000

Parameter Matrix Delta_eta:
   0.207900000000000

Parameter Matrix lambda_eta:
  -0.890000000000000

Parameter Matrix sqrt_Sigma_eta:
   0.800000000000000

************************************************************
************************************************************
          SUMMARY STATISTICS
    <strong>mean(y1)</strong>    <strong>sd(y1)</strong>     <strong>skew(y1)</strong>  
    <strong>________</strong>    <strong>______</strong>    <strong>___________</strong>

     -10.841    12.023      0.0027221
     -7.4394      7.08       -0.16089
     -11.744    7.6616       -0.46554
     -8.5477    6.9241        0.02744
     -12.199    8.5004       -0.34365
     -13.582    8.9353        0.67878
      -9.816    9.0106       0.063453
     -9.7039     10.09       -0.13935
     -9.6397    9.7611       -0.84201
     -16.545    11.015       -0.74944
     -10.834    7.8326      -0.043385
     -11.298    7.7838      -0.088059
     -15.139    7.2646       -0.41898
     -9.2312    9.1806       -0.41176
      -15.65    7.6773       0.037933
     -15.153    7.1128      -0.054923
     -5.2062    11.557      -0.017005
     -9.1506    8.1974        -1.3597
     -11.155    8.3042       -0.16928
     -12.573    7.4843       -0.38292
     -10.525     9.713       0.092824
     -12.748    8.9204       -0.32516
     -14.477    6.4713       -0.57855
     -15.112    7.1276        0.26117
     -9.1634    9.2806       -0.48498
     -12.468    10.243       -0.61267
     -10.846    10.314       -0.75593
     -10.235    10.241       -0.94274
     -9.8706    9.9894       0.059607
     -8.3517    8.8017       -0.65647
     -13.596    9.8717        0.02988
     -18.727    11.248        0.36576
     -11.437    6.9612        0.03646
     -12.342    9.1479       -0.13927
     -9.6614    9.0451        0.12827
     -8.6054    7.9625        0.20341
     -8.8557    9.5232       -0.60325
     -10.407    10.683         -1.422
     -13.017    9.8389       -0.18637
     -10.354    7.5447      -0.070554
     -7.9269    9.0549        0.43169
     -5.5931    7.8234       -0.15504
     -8.3145    9.5743       -0.12084
     -15.353    9.0882       -0.32596
     -12.054    8.8337        0.37007
     -17.192    12.754      -0.058373
     -6.7367    8.2344      -0.077063
     -12.555    8.6119        0.22046
     -11.024    6.2297      -0.093462
     -12.474    8.0584         0.4854
     -3.0758    6.3468        0.17235
     -10.537    8.8922       -0.26969
     -11.667    7.8876       -0.21834
     -16.816    8.6629       0.084412
     -11.719    7.3532        0.33137
     -11.155    10.693        0.09446
         -12    7.9628       -0.59523
     -10.572    10.077       -0.36805
     -10.553     8.701        0.28937
     -14.082    7.4386        -0.4621
     -14.437    10.098       -0.13243
     -9.2926    8.4588      0.0081191
     -16.021    10.801       -0.63447
     -8.5696    11.299       -0.37672
      -10.88    10.129       -0.43727
     -16.821    10.708       -0.68569
     -12.988    8.6962       -0.14631
     -9.5846    13.086       -0.60965
     -9.5622    7.0818       -0.39312
      -12.02    7.4327       -0.42695
       -16.2    10.179       -0.26059
     -12.225     8.232       0.061323
     -8.3506    8.9201        0.13395
     -11.246    7.3949        0.11112
     -14.562    7.4333      -0.060544
     -16.222    11.665        0.16714
     -10.474    8.2068       -0.27662
     -11.273    9.5259       -0.31477
     -15.975    10.164         0.1972
      -11.74    11.417       -0.73639
     -10.319    6.7114       -0.29882
     -13.654    8.7799        0.20876
     -18.758    8.8548       -0.49915
     -11.264    9.0982       -0.22921
     -14.038    10.274       -0.23586
     -12.054     5.743        0.15075
     -11.772    8.5988      -0.043218
     -11.579    7.8659        0.21786
     -11.142    6.6992       -0.07193
     -12.918    9.8594        -0.5665
     -17.984    9.1579        0.22164
     -12.017    9.3518       -0.12447
     -12.362    9.7653      -0.063995
     -13.319    8.3255       -0.27839
     -12.885    7.2757        0.13113
     -15.684    9.3984       -0.17417
     -15.917    9.4087        0.24769
     -15.834    8.3978       -0.80559
     -11.834    8.1436        -1.2274
     -8.6838    9.2443        0.40137
     -9.8712    7.8791       -0.15594
      -19.36     10.23       0.012659
      -14.73    9.0462        0.10345
       -15.1    9.0974        0.28808
     -12.079    9.4784       -0.28488
     -9.3967    10.265       -0.74051
      -16.07    9.4699       0.099583
     -6.8074    5.3641        0.16154
     -12.486    6.9015        -0.1636
     -16.121    8.2353       -0.53126
      -13.86    10.754       -0.12132
     -15.745    8.7412      -0.036644
     -16.422    10.648       -0.53685
     -8.6136    11.484       -0.55803
     -11.837    10.807       -0.31974
     -10.932    9.1232        0.37543
     -8.3554    8.8082      -0.063297
     -8.7479    11.292       -0.28368
     -10.516    11.117      -0.014502
     -10.511    9.2827       -0.48938
     -13.343     9.748       -0.87631
     -13.416    7.1033        -0.1313
     -11.409    7.7052        -0.4226
     -11.263    9.4965       -0.65681
     -15.648    9.0325        0.15367
     -12.433    7.7679        0.17992
      -11.08    7.1582       0.050447
     -11.071    7.1215        0.25149
     -15.824    7.2215       -0.11983
     -18.815    8.0684       0.067621
     -6.3457    9.0342       -0.29513
     -12.105    6.1607       0.005006
     -12.596    8.6028       -0.64053
     -14.969    9.1865       -0.25118
      -13.71    9.7415       -0.19142
     -18.102    11.086        0.32195
     -11.322    8.9189        0.15541
     -15.188    8.0367        0.68382
     -10.457     8.895        0.45286
     -8.6728    6.9492      -0.069034
     -7.1578    8.9498       -0.42114
     -11.258    7.2746       0.023787
     -11.189    6.8322        0.11893
     -13.247    8.8896       0.069851
      -11.17    8.1517       -0.31818
     -14.243    8.1172       -0.48865
     -7.8819    7.5058       -0.62172
     -8.5033    8.3269        0.36217
     -12.819    8.5314        0.21336
     -13.468    10.498       -0.21048
     -11.718    7.6836      -0.091351
     -16.898    8.8109       0.098082
     -11.352    7.1435      -0.070612
     -14.682    8.7144      -0.035356
     -11.361     8.137       -0.82039
     -13.889    7.6207       -0.30362
     -12.556    11.236     -0.0085494
      -19.08     7.661      -0.029305
     -10.815    11.005       -0.10699
     -9.3879    11.076       0.053714
     -11.709    10.007       -0.89048
     -10.246    11.128        0.40121
     -9.6814    10.141       0.048676
     -12.035     9.584         0.4273
     -11.057    9.0412       -0.87974
     -11.501    7.5615        -0.5567
     -12.266    7.6522        -0.5505
     -10.315    8.2548      -0.010864
     -5.8546    5.6731       -0.23869
     -16.274    8.4133       0.064226
     -11.482    12.576       -0.17679
      -9.947    9.0038        -0.2087
      -11.39    6.4984          0.117
     -13.092    11.734       0.091949
     -13.375    6.7814        -0.1902
     -13.314    8.3425       -0.31818
     -6.8163    8.0513       -0.52585
     -11.487    9.1728       -0.63095
     -13.056    9.1965       -0.28762
     -11.121    9.7317       -0.39485
     -12.211    10.227        0.41093
      -13.88    8.3652        -0.4532
     -19.205    13.449       -0.59742
     -13.293    8.2635       -0.51053
     -12.391    7.9222        0.17934
     -8.8554     8.422       -0.33215
     -15.555    8.2184       -0.42069
     -13.324    8.3488       -0.37813
     -12.319     10.07       -0.36272
      -10.06    9.0004        -0.1956
     -11.932    7.4298      -0.089703
     -18.558    9.6721      0.0092409
     -14.297    7.9548     -0.0062621
     -13.801    11.989        0.37917
      -14.06    8.4168       -0.28658
     -10.587    9.9234       -0.34706
     -10.243    10.227       -0.53718
     -10.876    7.6688        0.65359
     -10.614    10.155       -0.41146
     -11.406    7.5904       0.049552
       -14.4    8.0207        0.33658
     -10.159    8.8297       -0.13389
     -18.754    8.0627       -0.45271
     -6.0873    9.7681        0.29458
     -19.178    7.6301        0.16802
     -5.2862    5.9998       -0.19429
     -14.743    10.207        0.15705
     -10.125    7.9318       -0.38519
     -15.271    8.1453       -0.32413
     -11.974    7.4811      -0.013244
     -13.775    11.966       -0.26639
     -15.619    10.057      -0.083853
     -19.707    9.6608       -0.72875
      -11.64     10.94       -0.72049
     -13.711    8.4073       -0.25478
     -6.2593    7.7113       -0.13863
     -14.881    11.174       -0.36166
     -9.5306    9.9572       -0.70756
     -12.678     8.377       -0.55853
      -14.08    7.2938       -0.59745
     -12.235    11.875       -0.72425
     -15.423    9.4063         0.3067
     -12.114    8.8953        0.18853
     -10.533     11.35       -0.23694
     -8.1873    5.4994         0.1929
     -11.354    8.6414       -0.60769
     -16.742    10.515        0.27723
     -14.423    9.2861      -0.013718
      -10.65    7.9916       -0.12972
     -13.772    8.9664        -0.5716
     -15.959    10.156       -0.02571
     -16.647     8.691        0.19918
     -12.271    7.9862       -0.09172
     -8.1086    9.0514       -0.11184
     -14.038    9.9326       -0.48588
     -17.118    10.183       -0.43834
       -14.1    11.673        0.53834
     -12.008    8.8687        0.78125
     -7.2408    7.4737       -0.28472
     -12.744    9.7354       -0.64655
     -18.199    11.109         0.2373
     -14.973    7.4163      -0.025755
     -12.593    6.7897        0.10266
     -7.1037    10.227       -0.15972
     -6.4866    7.3171        0.11782
     -9.0663    8.4216       -0.74167
     -7.6272    8.2749       -0.19176
     -17.497     12.55       -0.35997
     -18.692    10.735        0.20874
     -17.214    8.9249       -0.09271
     -10.919    6.9542        -0.1712
     -7.2314    8.8453        0.67062
     -16.577    11.434       -0.12659
     -13.958    8.7108       -0.37426
     -14.242    9.9812       -0.29358
     -7.5795    12.772      -0.084907
     -9.2455    7.2915       -0.28458
     -15.592    10.879       0.089992
     -12.847    10.664        0.48265
     -12.642    6.1533        0.06577
      -12.58     10.52       -0.44906
     -11.826    6.0558      -0.087919
     -4.7273    7.0805      -0.022888
     -11.005    7.8975       -0.21083
      -10.67    8.1699        0.49688
     -13.672    7.3575       -0.37232
     -10.713    6.6233       -0.12328
     -14.236    9.7936       -0.40335
     -12.602    10.907       -0.40219
     -12.684    9.9516       -0.73612
     -12.648    9.5168       -0.42878
     -13.602    8.9232       -0.31891
     -13.169    6.9955      0.0043061
     -16.757    9.8123       -0.55659
     -13.328    8.8913       0.056934
     -8.5595    9.8729       0.032516
     -11.171     6.817        -0.1944
     -15.358    10.013       -0.23129
     -13.001    8.1042       -0.12098
     -14.985    7.8283       0.055324
     -11.984    11.703      -0.065822
     -9.8905    8.4407      -0.063567
     -17.625    10.715        0.49933
     -13.596     9.547       -0.33528
     -13.514    7.1523       -0.79289
     -12.411    10.037       -0.20724
     -9.5303    7.5564        0.35082
     -15.177    8.7831        0.34185
     -7.7866    6.4935       -0.35437
     -11.185    8.3067        0.17923
     -13.181    8.6578        0.17326
      -18.06    9.0408        0.47012
     -13.396    8.3243       -0.99288
     -10.782    9.7345       -0.33883
     -15.144    7.6064       -0.24099
     -11.018    8.5174         0.3535
     -8.7868    7.6351       0.041758
     -10.748    7.5816       -0.34068
     -10.497    9.0041        -1.2375
     -9.1256    8.2192        0.51072
     -17.315     10.77       -0.20838
     -12.343    7.1028       -0.20655
     -10.891    12.758        -0.6704
      -12.59    9.4152        0.21102
     -8.4343    10.361        0.17131
     -16.433    7.9044        0.30616
     -8.3006    11.375       -0.16645
     -11.864    11.072       -0.04928
      -12.87    7.1637       -0.18417
     -18.698    10.974        0.20972
     -14.249    8.0723       0.013021
     -11.345    6.6023      -0.092578
     -14.599    10.133       -0.42939
     -10.909    7.9516      -0.017747
     -11.673    9.4551        0.20254
     -10.311    7.2666       -0.20137
     -13.677    8.0576       -0.17414
     -9.6531    8.9888        -0.4129
     -13.434    8.0433       -0.12113
     -11.715    8.2915       -0.49069
     -15.204    8.6113        0.35438
     -10.293    7.8412       -0.52397
      -12.13    8.4775       -0.22793
     -11.991    10.481       -0.77231
     -22.252    10.748        -0.4624
     -8.7597    9.0188       -0.29823
     -13.011    11.439       -0.18126
     -11.907    8.0913        0.51809
     -16.909    7.2614       -0.28015
     -11.017    8.1998       -0.27763
     -12.868    7.1899        0.14481
      -11.78    8.3745        0.33937
     -13.108    8.9511       -0.39238
     -17.741    8.2023       0.022946
       -11.1    9.6136        0.29835
     -16.898    8.4823       -0.18106
     -15.844    10.236       -0.39537
     -9.9054    12.688       -0.28594
     -6.3793    7.6663       -0.26757
     -19.733    9.5696        -0.0996
     -11.764    8.3572        0.43796
     -10.646    7.6161      -0.036113
     -10.594    9.0886      -0.028173
     -9.2568    6.0896       -0.45253
     -19.205    8.0601       -0.23144
      -13.26    11.346       0.029286
     -11.278    7.9166        0.48216
     -10.534     8.406       -0.33132
     -7.4669    7.3046       -0.10623
     -9.5028    8.1248        0.14708
     -9.6345    11.771       -0.24196
     -19.891    9.2775       -0.20889
     -15.122    11.743        0.20896
     -12.903    7.2765       -0.29987
     -12.405    7.2338        -0.2039
     -13.036    9.3039       -0.34425
     -15.497    8.5787       -0.14106
     -17.501    9.7644         0.1798
     -11.586    7.9916      -0.040491
     -10.422    7.7207       -0.29746
     -10.121    8.2873       -0.38292
     -5.8811    11.335       -0.39332
     -15.543    10.757        0.18488
     -7.6691    10.738        0.12119
     -9.7902    10.593        -1.1524
     -13.524      7.22       -0.62133
     -9.6356    5.7659      -0.070909
     -12.684    8.4676        0.16194
     -11.621    7.7773       -0.28911
     -10.013    10.019       -0.91753
     -14.333    10.084       -0.44491
     -8.4071    6.2603      -0.057087
     -14.292    8.1719      -0.094278
     -14.307    7.2627        -0.3534
     -9.4505    9.6898       -0.26308
      -11.98    5.7335      0.0055522
     -14.758    6.9658       -0.46174
     -12.707    9.2804      -0.034895
     -8.5121    8.4734        0.20441
     -13.984    8.2161       -0.11776
     -13.309    7.0312       -0.18406
     -12.947    9.6822       -0.51149
     -12.993    7.0485       0.035839
     -9.9353    9.0492      -0.053593
     -14.673    8.6175        -0.1598
     -12.987    6.5961        0.69669
      -15.09    8.3602       -0.02168
     -12.107    9.3608        0.16645
     -10.432    7.7675       -0.72905
     -11.325    10.709        0.10885
       -11.4    7.9536       -0.69593
     -18.913    11.364         0.2626
     -18.045    10.662       -0.14787
     -10.185    10.659       -0.40135
     -11.658    8.2681       -0.20409
      -6.471    9.1551       -0.21039
     -6.9515    8.8122      -0.016388
     -12.962    7.9902       -0.11908
     -18.627    8.7738        0.31843
      -5.069    9.4689       -0.45468
     -12.699    6.6086        -0.3432
     -17.784     10.36        0.15161
     -4.5325    8.9699       -0.70578
     -8.4151    9.2741       -0.63069
     -14.732    9.0128      -0.046254
      -14.73     7.935       0.070552
     -16.916    6.2975        0.52848
     -10.686     6.791        0.15108
     -14.419    10.681       -0.58613
      -12.81     6.748         0.4167
     -17.483     12.09       -0.23625
     -12.465    12.999        0.43326
      -11.84     6.044      -0.017275
     -17.644    11.162       -0.56234
     -10.357    8.6762       -0.11112
     -11.891    9.2579       -0.54193
     -13.159    9.1568       -0.24222
     -12.552    9.4275      -0.031785
     -11.205    9.7534      -0.060997
      -17.53    9.5112        0.16119
     -9.7679    7.9026       -0.42627
     -21.088    11.156         0.1984
     -10.319    10.317       0.064477
     -17.009    10.157        0.20804
     -12.823    6.8092        0.10182
     -8.9091    10.294       -0.25426
       -13.9    10.964       -0.21127
     -8.1921    8.4361       -0.45697
     -11.354    13.213        -1.4994
       -16.8    11.559       0.044978
     -18.881    9.0044       -0.49405
     -13.446    8.2434       0.065845
     -8.2797    10.135        0.12428
     -8.2576    9.0541       -0.25005
     -8.4593    9.1785       -0.49579
     -10.488    9.4217       -0.44414
     -19.367    8.6554        0.20355
     -15.222    8.0008       -0.52162
     -9.6672     8.403       -0.57357
     -11.672    6.9729       -0.26179
     -14.577    8.4151       -0.15145
     -16.828    11.376       -0.46095
     -15.337    10.923       -0.50949
     -12.709    8.2315        -0.1796
     -10.394    7.0009       -0.29634
     -18.027    8.4573       -0.16445
     -13.054     10.61        0.26112
     -12.201    7.0254        0.15728
     -12.308    7.3408       -0.75276
      -5.415    6.9855        0.35538
     -12.222    8.6392      -0.075815
     -12.938    9.5962        0.48813
     -19.196    9.2511        0.15574
      -12.74    9.6583      -0.057259
     -5.9286    9.9555       -0.31011
      -10.03      9.38        0.79304
     -16.855    8.2189       -0.12921
     -15.587    8.8048      -0.083137
     -16.053    8.0489         -0.791
     -8.1712    8.4381       -0.27468
      -10.91    9.1445        0.13364
     -17.029    7.3806      -0.092199
     -18.384    9.7075       -0.54455
     -8.6625    9.2286       -0.69456
     -12.322    12.559       0.085065
     -16.104    8.2962        0.47677
     -14.599    9.9118       -0.36318
     -4.0899    11.075        0.45601
     -13.498    9.2597       -0.66357
     -10.318    12.384       -0.75622
     -12.914    8.7013       -0.35438
     -18.947    10.689     -0.0062554
     -15.432    6.9296      -0.047963
     -13.979     7.664      -0.062613
      -15.93    10.648       -0.46061
     -7.1336     7.125       -0.35469
     -10.527     10.39       -0.26965
      -12.15    8.8806       -0.11271
     -10.541    9.0004        -0.5723
     -11.484     9.604       -0.88644
     -8.8384    9.0996       -0.74901
     -10.074    9.1192       -0.20377
     -6.1944    10.064        -0.1687
     -13.802    7.5121       -0.60924
      -15.44    9.6329       -0.42981
     -10.717    8.1655      -0.032879
     -12.354    7.8674      -0.080112
     -9.5406    8.8291         -0.788
      -12.76     7.101       -0.38689
     -12.736    8.1106       -0.22284
     -12.133    13.005        -0.5547
      -13.75    10.234       -0.14274
     -15.389    13.166         0.1378
     -12.016    10.864        0.38097
     -12.652    8.5303        0.34436
     -12.167    9.7928        0.11802
     -10.529    7.4141       -0.57639
     -13.525    8.7895       -0.61404
     -12.255    10.779      0.0046257
     -13.603    11.642       -0.43391
     -9.7136    10.853       -0.25147
      -7.792    7.7506        0.10321
     -15.396    10.369        0.19388
     -15.468    8.3373       -0.14154
     -16.188    11.636       -0.77062
     -15.921    6.6629       -0.18773
     -17.024    8.8646      -0.026475
     -12.188    8.5631       -0.50555
     -18.234    8.1531       0.015184
     -12.648    6.9714        0.56136
     -14.162    6.8673       -0.14665
     -14.716    10.003        0.32415
     -12.929    10.855        -0.1186
     -13.524    10.331        -0.9627
     -9.1497    8.2778          -0.23
     -14.794    9.3892       -0.47503
     -11.974    6.5517       -0.61583
     -12.678    8.4033        -0.6984
      -8.881    9.8069       -0.83148
     -13.787    7.6128       0.069834
     -8.9809    10.228        0.23216
     -16.312    8.8765        0.16597
     -14.164    7.0393      0.0070094
     -12.101    8.7712       -0.72186
     -16.301    8.2187         0.2714
     -8.3981    7.9043        0.46743
     -13.135    9.5915        -0.2812
     -15.898    9.7351        0.39068
     -12.471    7.4228       -0.13632
     -12.804     9.536        0.18617
     -12.772    5.7907      -0.017907
     -14.238    10.947       -0.16205
     -10.494    8.9798        0.40566
     -10.998    10.312        0.11424
     -14.893    8.5335       -0.09405
     -10.919    7.5489        -1.1458
     -18.825    7.1631        0.85883
     -7.5718    7.7288      -0.028994
     -16.018    9.5573       -0.45286
       -18.1    10.542      -0.097033
     -12.696    7.5869       -0.33624
     -11.087    9.4306       -0.24483
     -7.8904    9.2759       -0.10763
     -10.254     6.763       -0.21152
     -16.317    10.626        0.25405
     -9.8718    9.4026       -0.31525
     -6.1966    7.3715       -0.19379
     -11.941    7.9298       -0.40384
     -13.547    10.775       -0.16435
     -13.438    12.268        -1.0544
     -7.8815    8.6625        0.34573
      -15.23    7.6661       -0.44871
     -10.184    11.807       0.043055
     -19.177    8.0507        0.21576
     -11.089    8.7485       0.012542
     -13.274    6.7798        0.13579
     -6.0863    10.275        0.14866
     -13.651     7.381        0.11985
     -10.266    9.9603       -0.11614
     -8.1261    7.4386       -0.21117
     -15.461    9.4501      -0.063894
     -15.669    8.5368       0.062089
     -10.736    8.1051        0.31819
     -13.319    10.198       -0.29032
     -13.205    7.9053       -0.49957
     -16.055    5.7442        0.18483
     -11.917    7.3952      -0.029758
     -10.328    10.853         -1.224
     -10.202     9.418       -0.61459
     -11.687    5.9773       -0.75464
     -12.188    9.7782       -0.45939
     -13.862    8.7598        0.30544
     -9.8912    7.7912       -0.63941
     -9.7985    6.1202       -0.90858
      -14.96    8.5453     -0.0015667
     -19.171    8.7948       -0.75295
     -12.246    8.7243       -0.18983
     -13.754    7.8438       0.025497
     -12.315    7.6007      -0.088479
     -9.6005    8.3089        0.14107
     -15.874    10.639       -0.46991
     -12.972    10.386       -0.62498
      -10.65    9.0258        0.21474
     -14.043    9.2584       -0.74015
     -13.929    9.5131       -0.15748
      -11.69    7.7763       -0.26416
     -10.327     7.928       -0.08775
     -13.335    7.2424       -0.10827
     -12.029    10.466       -0.27587
      -19.23    8.7467       -0.32221
     -9.5876    5.9019        0.17376
     -10.077    8.4315         0.2331
      -10.68    6.9363       -0.17329
     -10.641    7.2744     0.00085289
     -10.125    7.1052       -0.20575
     -10.748     8.368       -0.49131
     -9.3695    10.081       -0.25662
     -15.966    7.8808      -0.046327
     -12.174     9.045       -0.23335
     -9.9149    7.0977        0.14679
     -8.0421    8.6649       -0.85976
     -6.2253    9.9495       -0.52555
      -11.73     8.564        0.24394
     -11.339    9.1737       -0.31141
     -8.5046    8.7776     -0.0035217
      -15.47    7.7876        0.51534
     -13.905    9.1309       -0.60248
     -17.206    9.4829       -0.28069
     -15.836    7.4647       -0.23131
     -10.758    8.0365       -0.11841
     -13.366    12.918       -0.21794
     -10.442    8.7303        0.47106
     -8.6002    7.5339      -0.018593
     -14.435    12.549       -0.25765
     -16.892    10.252       0.010416
     -20.738    7.2223       -0.16155
         -11    9.0324       -0.11701
     -14.156    12.167        0.25937
      -16.24    7.2768       -0.24689
     -11.956     7.979       -0.33524
      -10.59    6.9762       -0.10931
     -12.797     6.444        -0.5741
     -15.908    9.8745       -0.36817
      -9.837    8.4125      -0.070396
     -15.245    6.0128        -1.0566
      -9.694    6.4397      -0.093945
      -12.87    8.1099       -0.99473
        -7.9    7.9927       0.083891
     -11.749      9.07        0.12207
     -11.369    10.157        0.24319
     -5.6443    10.317       -0.30754
     -16.551    7.3453        0.34948
     -15.164    9.3037        0.22725
     -13.274    9.0559        0.11519
     -14.594    7.3146       -0.84746
     -17.838    8.3343        0.29965
     -10.597    10.158       -0.19437
     -10.908    8.5724      0.0065104
     -13.407    7.8851       -0.47548
     -7.4263    10.921        -0.8609
     -19.505    9.3079       -0.80476
     -12.625    8.3588       -0.10672
     -9.0397    9.6414       0.075248
     -10.662    9.4235       -0.51592
     -12.453    6.8858       -0.13329
     -11.878    10.725       -0.19586
     -9.6928    8.2326        0.39716
     -12.607    9.7928       -0.82783
     -18.154    9.2018       -0.20802
     -12.778    7.3604       -0.28016
     -10.356    7.3732      -0.072227
     -10.449    9.0507       -0.40305
     -9.8277    8.8613      -0.087934
     -16.103    9.8732       -0.11103
     -11.036    10.524      -0.089333
     -12.883    9.8563        0.37829
     -17.113    7.3937       -0.37517
     -13.661    8.4238       -0.88259
     -14.401    6.7817       -0.31456
     -12.511    11.403       -0.33034
      -13.23    6.7131        0.68432
     -11.877    8.1754       -0.33688
     -10.735    8.3052       0.027585
     -13.538    8.7191      -0.091931
     -14.353    11.014       0.042211
     -14.046    9.3898       -0.74011
     -9.3266    9.9664       -0.08217
     -15.718    11.378       -0.87604
     -14.626    9.9104       -0.77707
     -13.568    9.8114       -0.43214
     -14.869    7.7524       -0.31334
     -14.762    8.9788       -0.25532
     -9.2527    7.1416       -0.29087
     -9.6416    8.7452        0.12152
     -12.913     9.731         0.1574
     -7.8952    8.6139       -0.15276
     -13.624     5.765        -0.7137
     -11.207    8.1542        -0.5072
     -16.918    11.316       -0.41455
     -15.556    7.5161        0.17362
     -14.838    10.675       -0.78968
     -12.528    9.7172      -0.078258
      -6.646    6.9485      -0.035825
     -10.342     6.211        0.36193
     -11.629    8.0148        -0.1861
     -7.4685    10.523       -0.59657
     -13.797    10.344       -0.79306
     -10.362    7.9148       -0.24931
     -9.9109    8.4728        -0.9106
     -12.071     8.616       -0.35646
     -10.956    11.555        -1.0591
     -12.548    7.8958      -0.060474
     -11.061    7.0791       0.068046
     -8.0465    7.7465        0.10631
     -12.594    7.7423       -0.37401
     -16.302    11.155        0.20143
      -16.15    8.6328         0.1663
     -12.725    11.232       -0.31244
     -21.827    9.9476       0.035842
     -16.302    10.102        0.28627
     -14.828    7.3479       -0.13375
     -15.016    9.3059       -0.80875
     -13.175    7.0735       0.048486
     -15.045    9.5296       -0.63232
     -10.958    10.785        0.54065
     -16.104    8.0668       -0.29045
     -11.751    5.9347      -0.056522
     -17.594    8.2059         0.1072
     -14.412    9.5706       -0.60202
     -11.736    7.0485        0.12107
     -16.198    11.246      -0.014309
     -12.392    7.0295       -0.04676
     -14.596    8.7777       -0.23769
     -14.518    10.411        -0.3821
     -10.841    6.9209       -0.25124
     -10.649    8.5491        -1.4281
     -10.331    6.8988       0.046285
     -15.741    10.369        0.35354
     -13.469    7.6967       -0.13386
     -17.614    8.4814       -0.56648
     -19.287    10.278       -0.26391
      -14.12    11.571        0.32434
     -9.1057    9.4933        0.32178
     -14.862    9.6144        -0.1075
     -12.087    8.7423       -0.61384
     -10.206    10.284      -0.052719
     -7.0263     7.196         0.1685
     -11.473    7.7611       0.010842
      -15.11    10.724       -0.70209
     -18.332    10.136       -0.57842
     -9.3845    8.3194       -0.34115
     -13.971    12.887       -0.32568
     -8.6005    9.0499       -0.21259
     -14.084    12.736       -0.18936
     -9.6763    9.3016        0.44255
     -7.8851    10.048       -0.23361
     -10.025    11.168       -0.65124
     -11.751    8.4742         0.1042
     -8.4185    11.009       -0.47388
     -10.215      9.58       -0.90025
     -9.3979    9.5111       -0.30155
     -13.274     8.867       0.029354
     -15.936    9.2298      -0.095591
     -15.655    9.0785        0.53307
     -13.606    8.7519       -0.12223
     -16.605    8.7492      -0.052492
     -13.269    9.9718        0.50732
     -10.729    9.9368       0.062128
     -13.316    10.082       -0.16854
     -5.8189     8.961       -0.44995
     -15.694    9.4568        0.22795
     -7.7253    10.705       -0.16095
     -12.747    8.3529       -0.23147
     -10.343    10.302       -0.53236
     -11.929    8.6559       0.084977
     -5.8251    8.9866       -0.42268
     -12.318    9.9496        0.41394
     -13.082    8.0197       -0.15901
     -14.233    7.7665       -0.21225
     -9.2232    8.7403       -0.11358
     -9.1079    7.1705        0.33495
     -7.5145    10.162       -0.97848
     -11.371    6.9918        0.20284
     -12.435    8.0515       -0.31403
     -12.667     9.874      -0.021425
     -12.998    7.7848        0.39802
     -13.504    11.323       0.058641
     -5.6681    9.0651       -0.36538
     -7.4005    8.3793       -0.66107
      -13.09    8.2107       -0.10911
     -12.491    10.546        0.04265
     -9.8687    9.4074       -0.52319
     -12.814    7.1446       0.012282
     -7.0486    7.5841        0.16552
     -15.561    9.0382        0.33213
     -13.747    8.8534       -0.30408
     -11.442    11.271      -0.018858
     -7.5202    9.1671       -0.54047
     -9.6701    9.2228       -0.12859
     -8.6276    7.1684       -0.29979
      -13.83    8.0908        -0.2611
     -13.836    8.4131       -0.54714
     -4.7011      14.6       -0.70429
     -11.684    9.3969        0.28626
     -12.416    8.7197        0.43264
     -15.273    10.557      -0.090139
     -6.6051    6.0277        0.27962
     -12.066    7.0267       -0.83303
     -14.434    8.2359       -0.30657
     -8.6682    6.1464       -0.16879
     -12.746    10.988        0.22394
     -10.236    9.1954       -0.16651
     -10.072     10.23      -0.097289
     -9.3989    6.2321       -0.38256
     -14.575    10.368       0.034825
     -13.442    13.043        0.13584
     -6.3713    7.9513       -0.34119
     -11.213    8.2878       0.079005
     -12.369    11.559      0.0074079
     -13.636    10.957         -0.527
     -14.902    7.0026       -0.22743
     -13.816    8.4976       -0.60316
     -8.2312    8.5712       -0.63185
     -11.408    8.9409       -0.28746
     -6.1427    7.1186        0.19606
      -12.04    13.037      -0.070253
     -16.029    7.6424       -0.35745
      -12.98    9.9367       -0.20503
      -17.49    6.7256       -0.36499
     -14.954    8.0589       -0.36214
     -11.724    7.4924       -0.28306
     -17.268    10.999        0.20119
      -6.027    8.7434         0.2162
     -11.195    9.8234       -0.67238
     -10.048    8.5439       0.028561
     -11.069    9.7711       -0.60395
     -14.989    9.9592        -0.5091
     -14.267     10.47      -0.066742
     -15.556    8.2143       -0.43298
     -10.264    8.7705       -0.45233
     -7.1879    6.9657       0.095139
     -8.7692    6.0695       -0.53473
     -8.2181    9.1936      -0.041951
     -16.839    10.365       -0.28968
     -10.023     9.003       -0.28831
     -11.841    9.0066       0.063546
     -5.6866    8.6484       -0.35541
      -14.84    11.225       -0.26847
     -9.1271    7.7893        0.15455
      -12.34    10.013      -0.091474
     -10.425    11.486       0.072077
     -11.289    7.7407       -0.40993
     -10.306    9.7544       -0.18368
     -8.9845    8.1562       -0.52133
     -6.8314    9.4884        0.69736
      -13.82    9.4534        -0.7881
     -11.154    9.8618      -0.025091
     -10.989    8.3187       -0.98272
     -8.7393    8.9825       -0.14322
     -14.584    6.9207       -0.12926
     -12.636    7.6959        0.44025
     -14.562    9.8606       0.060614
     -15.929    9.4796       -0.09702
      -15.53    7.6774        0.38659
     -5.6021    9.5941       -0.11801
     -12.919    7.2684         0.4716
     -14.031    9.6508       -0.51255
     -10.471    10.455      -0.041551
      -13.41    7.8109       -0.14065
     -12.725    10.996        -0.2745
     -12.614    8.4825        0.14358
      -15.13    9.2706       -0.82315
     -9.1306     8.925         0.4423
     -19.543    7.2869       -0.14332
      -7.637     8.185       -0.33935
     -10.903    7.4231        -0.5162
     -10.196    6.9913       0.082401
     -8.6806    9.4302        0.24133
      -13.53    8.9223       -0.27273
     -12.126    11.651       -0.24211
     -9.6249    9.9729        0.27702
     -11.265    6.7766       -0.26297
     -6.2219    8.8673       -0.10695
      -14.01    8.5072        -0.3587
      -7.674     7.454       -0.40984
     -11.786    8.5556       0.035672
     -16.993    9.2952        0.30432
     -11.553    7.1003        0.13162
     -13.269    8.7658     -0.0070494
     -11.502    9.1877       -0.56124
     -16.219    8.4628        -0.3512
     -14.919    6.5891        0.37737
     -13.433    8.5596         0.4175
      -15.43    8.3654       -0.17829
      -10.43    8.5346        0.13701
     -12.002    10.392       -0.44416
      -14.94    9.7786      -0.092519
     -15.036    8.4459        -1.0545
     -13.585    9.8549        0.26454
     -10.433    9.9076       -0.46146
     -12.677    9.2713      -0.027192
     -15.273    9.4894       0.034637
     -10.808    8.3111        0.30537
     -14.841    11.958       -0.39238
     -19.468    10.175       0.042258
     -10.997    9.7342       -0.44751
     -11.631    6.6956       -0.36489
     -7.2558    6.1325       0.064631
     -16.425    8.6066        0.14926
     -14.678    6.0548       -0.21409
     -14.867    7.9569        0.40085
     -5.2404    9.9979       -0.68801
     -9.4486    9.6621       -0.65936
     -16.002    6.9292        0.25958
     -15.582    7.8419       -0.75353
     -14.857    6.9536       -0.19089
     -15.117    9.6066       -0.43836
     -14.741    8.6829       -0.14166
     -17.953    9.1848       -0.23957
     -12.787    9.0456       -0.83161
     -8.7831    8.3851        0.39145
     -11.801     7.399       0.085374
     -10.348    9.7469       0.044403
     -12.316    11.299       -0.20649
     -10.396    7.3558       -0.49379
     -11.736    7.2655       -0.33626
     -10.339    7.8947      -0.057103
     -9.7815    7.3985      0.0072859
     -16.478    11.006       -0.84988
     -16.472    10.922      -0.024115
     -11.086    7.5824        0.12291
     -13.406    7.7186       -0.21566
     -15.216    10.229       -0.64103
     -12.031    7.8757      -0.010018
     -13.072    7.1256       -0.21156
     -11.309    9.9275        0.17339
     -15.706    6.0767        0.05063
     -11.991    10.008        0.28577
     -15.037    10.429       -0.62318
     -12.773    6.1324       -0.26684
     -11.525      8.25       -0.35891
      -16.56    11.636        0.04237
     -17.255    11.384       -0.25659
     -12.999    10.193       -0.18519
     -17.784    6.5564        0.14488
     -12.444     8.037      -0.022842
     -12.594    9.4539      -0.053737
     -20.431     10.36       -0.33242
      -15.46    6.8605         -0.153
      -14.32    6.0611        0.44836
     -13.618    10.174       -0.10759
       -11.5    6.9348       -0.17873
     -16.746     9.076       -0.65142
      -20.43    9.0731        0.05568
     -11.903    10.412      -0.019367
     -15.026    8.7769        0.17948
     -11.224    8.4571         -1.085
     -6.4739    8.0911       -0.42283
     -15.602    9.7946       -0.47344
     -12.055    8.9241       -0.67447
     -12.374    12.912       -0.90829
     -6.8688    9.2995       -0.34256
     -12.105     9.014       -0.33604
     -7.8723    8.1192      0.0028914
     -10.768    8.0329       -0.61196
     -5.5492    7.4647        0.16587
     -15.222    9.9301       -0.11403
     -14.858    9.9523        0.23069
     -8.0174    9.2159       -0.16949
     -15.093    7.3434        0.14396
     -13.872    7.1375       -0.24509
      -12.77    8.7236       -0.25307
     -12.287    8.3106       -0.56326
       -10.2     6.994       -0.35516
     -8.6867    7.8492       -0.65839
     -16.014    11.277       -0.34476
     -8.2467    8.6962        0.11258
     -12.392    5.2518        -0.2168
     -9.7484    8.2894       -0.33665
     -10.004    9.2848       -0.46147
     -11.958    9.4523        -0.0803
     -9.6054     7.408       -0.57678
     -11.838    7.8938       -0.40504
     -9.9389    8.0643        0.18099
     -4.8031    7.8581      -0.077375
     -8.7449    9.4814       -0.28895
     -9.0759    9.2487       -0.40815
     -8.7692    8.1568       -0.25024
     -12.336    10.551       -0.24632
     -14.417    8.6231        0.16288
     -16.261    8.8166       -0.16852
     -9.4503    8.6967       -0.66947
     -15.671    6.6238        0.13236
     -14.556    10.529       -0.37132
     -12.391    8.8919        0.23025
       -17.3    10.444        -0.2253
     -4.9329    8.7048        -1.0998
     -6.5111    6.7755     -0.0033873
     -10.665    7.8633       0.042097
     -15.711    10.019        0.51641
     -18.184    11.624       -0.10474
     -6.5782    10.239       -0.48273
     -13.674    10.094       -0.22019
     -13.372    10.275       -0.11752
      -9.385    8.7229       -0.31559
     -12.627    7.5102       -0.25584
     -12.107    8.5324       0.014028
     -10.833     10.13       -0.26831
     -15.007    10.212       -0.31094
     -14.206    9.3135      -0.042271
     -12.214    8.8437        -1.1518
     -13.201    8.9435       -0.32867
     -15.267    8.8965       -0.75148
     -12.552    6.2416       -0.35108
     -14.341    10.756        0.16069
     -15.437    9.3837        0.13206
     -10.062    10.175       -0.17206
     -12.869    10.616        0.35708
     -14.011    10.456       -0.37061
     -14.851    7.8602      -0.085262
     -13.287     8.533      -0.048423
     -8.9253    8.8534        -0.1049
     -19.991    7.7393      -0.031141
     -11.745    9.3268       -0.34773
     -7.6549    9.1091       -0.44705
     -15.275    7.0814       -0.76285
     -10.981    8.2841        0.14187
     -20.013     10.12       -0.47241
     -12.706    8.1568        0.30034
     -15.862    9.8214       -0.29787
     -10.515    10.041      -0.029921
     -12.524    8.1029       -0.67996
     -13.845    9.1182       -0.22161
     -10.883    7.0033        0.73128
     -13.387    10.132      -0.035136
     -8.3227    7.2611       -0.47536
     -7.2935    7.4838       -0.71227
     -10.844     7.927        0.28222
     -15.792    8.2064       0.034972
     -10.236    5.8617       -0.31723
     -15.983    9.2837        -0.1839
     -11.376    9.6814       -0.69869
     -13.043    7.9182         0.4837
     -14.058      9.53       -0.24044
      -21.43    13.831        0.14818
     -10.509     7.883        0.27596
     -15.956    7.6466       -0.19413
     -11.979    8.9551       -0.18697
     -13.243    10.383        0.55198
     -12.502    9.9947       -0.12054
     -11.615    6.5179       -0.68474
     -12.875     9.905       -0.54017
     -6.4657    5.6574       -0.10385
     -11.696    11.052       -0.52123
     -16.553    10.395       -0.21409
     -6.6781    8.6744       0.098431
     -9.0198    9.0704        -0.1581
     -8.5729     8.608         -0.266
     -10.094    7.1676       -0.44348
     -16.248    8.9431        0.04034
     -11.594    8.9592       -0.32119
     -17.804    13.657       -0.72888
     -10.237    9.5198        0.20938
      -10.97    9.0115         -0.965
     -14.788    10.016       -0.38517
     -12.819    7.3575       -0.13771
     -9.9902    9.9045        0.25878
     -15.196    8.7704       -0.31486
     -11.029    9.5641       -0.65639
     -14.529    11.295       -0.83706
     -14.121    9.5825       0.023661
     -19.717    8.0502       -0.36044
     -15.341    10.471      -0.025814
     -6.5414    9.3608        0.11767
     -10.555    8.8473       -0.24528
     -12.976    9.0209     -0.0017127
     -11.602    9.5183       -0.81686
     -13.726    11.285       -0.24395
     -12.212    7.7256       -0.04568
     -13.612    8.7067       -0.21666
      -10.71    9.3612       -0.54422
     -17.058    10.518        -0.1102
     -15.859    9.1796        0.60252
     -9.5705    8.1182        0.52671
     -14.338    9.0162       -0.52166
     -9.6105    7.8504       -0.40529
     -9.5008    9.2049       -0.12783
     -15.855    9.1321        -0.1156
     -4.5029    5.9934        0.17228
       -12.2    9.5783       -0.15529
     -13.556    10.013      -0.038197
     -15.857    10.141       -0.51054
     -10.008    7.0269        0.55913
     -8.5312    7.4555        0.31159
     -13.459    7.7612       -0.24071
     -15.644    9.3388       -0.57343
     -9.1839    10.294       -0.54899
     -12.008    7.8563       -0.33322
     -12.727    10.842       -0.26385
     -12.821    7.7005       0.092768
     -8.8048    9.0472       -0.68906
     -12.202    8.4759        0.15994
     -19.559    8.1041       -0.27213
     -2.9989    8.1078       -0.64029
     -14.809    9.2073        0.31822
     -14.677    9.3301       -0.10773
      -8.393    8.8282      -0.076097
     -11.348    10.153       -0.12735
     -8.1705    10.279       -0.46396
     -13.862    8.2144       -0.12855
     -13.749    9.9681       -0.42551
      -8.066    7.2513        0.27538
     -9.5034    6.9734        0.02221
     -13.472    7.3343     -0.0095514
     -12.325    8.9992       -0.30499
     -12.888    7.7327        0.43954
     -14.334    7.2894      -0.077703
     -8.7437    11.666        0.15835
     -8.8408    9.3576        0.23451
      -12.54    8.9556       -0.82927
     -12.835    7.2005       -0.14931
     -16.526    10.029       -0.18885
     -14.686     6.897       -0.39053
     -16.553    8.1199        -0.4001
     -15.243    8.8514       -0.24127
     -12.279    12.071       -0.42695
     -11.838    7.3584        0.13429
     -10.657    9.3707        0.27034
     -12.769    7.9022        0.13802
     -13.142    11.636       -0.60872
       -20.2     8.553       -0.14953
     -8.9308    8.8856       -0.24159
     -15.834    5.8228       -0.27331
    -0.65987    7.2211       -0.40574
     -10.827    11.727       -0.46653
     -11.863    7.1961      0.0013601
     -11.273    8.9228      -0.094378
     -11.931     8.306        0.19894
     -11.712    6.4319       -0.22997
     -12.538    8.0723       0.046695
     -13.064    7.2062       -0.29741
     -14.234    8.0221       -0.74255
     -15.377    9.3077        -0.1488
      -11.31    7.1147       -0.26184
     -16.073     10.33      -0.023074
     -14.247    8.8181        0.41324
     -16.383    10.118       -0.02744
     -14.512     6.917       0.084932
     -11.325     8.101        0.10167
     -9.8461    8.4685       -0.13126
     -12.246    9.0802       -0.21117
     -11.622    9.7722       -0.32041
      -13.12    7.4631       -0.58206
     -16.862    9.4761       -0.36046
     -10.754    8.1974        -0.1434
     -10.386    10.052        0.11264
     -10.303    9.5109       -0.24252
     -13.978    12.876        -1.2395
     -12.404    8.6662      -0.060766
     -9.9646    8.5064        0.69386
     -12.524    10.125       -0.25828
     -8.7272    10.059       -0.51137
     -9.9405    6.8502       -0.26771
     -13.841     9.432       -0.16508
     -16.534    10.115       -0.30638
     -14.316    8.4199         0.3543
     -10.174    6.9512        0.23301
     -13.177    9.1319       -0.33082
     -16.262    8.9196       -0.44224
     -9.0774    6.6401       -0.31256
     -11.487    12.778      -0.071602
     -10.718    9.3922       -0.20322
     -14.809    8.9047      -0.049343
     -11.022    10.093       -0.13306
     -15.389    10.345       -0.41495
     -11.505    9.0701       0.088725
     -12.652    8.4649       -0.17519
     -14.996    12.041       -0.10524
     -9.8081    10.874        0.25501
      -12.42    6.9425       -0.48371
     -11.418    8.6432       -0.54315
     -8.8465    9.2337        0.13977
     -13.881    8.5969       -0.72829
     -14.517      9.67       -0.59936
     -14.786    10.653       -0.53285
     -14.827    8.8613       -0.83593
     -17.819    10.303       -0.18229
     -12.784    8.6541       -0.35268
     -16.122    7.8697       0.015655
     -10.146     7.729       -0.40917
     -12.101    6.4432       -0.13654
     -14.259    8.1566       -0.47581
     -12.784    10.312        0.53896
     -19.105    8.1421      -0.084476
     -12.836    8.9994       -0.08915
     -15.033    11.061       -0.55802
     -19.153    7.7666       -0.29021
     -14.145    8.4847        -1.5109
     -12.723    8.8365      -0.058048
     -8.7342    9.8728        0.39212
     -7.7545    9.3574        0.24131
     -19.555    11.229       -0.29461
     -12.595    8.1036       -0.21356
     -13.873    10.766       -0.90708
     -16.539    10.399       -0.20257
     -8.3011    5.7236       -0.33427
      -13.65    8.0687        0.15094
     -18.017    9.1976       0.086552
     -16.006    10.967        -1.0257
     -8.2884    8.8002        -1.0755
      -16.46    6.5987        0.12248
      -12.27    8.7429       -0.22796
     -13.069    10.057          0.284
     -13.673    12.893       -0.90476
     -11.536    10.485       -0.13435
         -17    10.465        0.46249
     -16.268    7.3684      -0.070626
     -15.617    9.2041        -0.1906
     -13.281     9.917      -0.031591
     -11.886    10.515       -0.24551
     -13.281    7.4555      -0.071413
     -8.8996    9.6695       0.036636
     -14.025      6.58       -0.17414
     -13.179    9.8489        0.12454
     -11.626    10.632       -0.47269
     -10.967    10.276       0.013979
     -7.0376    9.3861       -0.17459
     -5.0427    11.125       -0.63691
     -13.818    6.8325        -0.3367
     -12.119    8.4625        0.01294
     -15.863     9.015      0.0053884
     -12.315    6.9014       -0.32801
     -17.221    9.2343       -0.21423
     -16.417    8.9336        -0.6419
     -11.505    8.6535       -0.39986
     -14.188    9.0608      -0.072799
     -12.937    7.9235        -1.3477
     -11.691    6.9535        0.25127
     -14.894    9.7328       -0.61277
     -5.5572    9.5791         0.1651
     -12.075     7.238         -0.388
     -10.426    9.0779       -0.43337
     -15.896    9.7405        0.12694
     -12.014    9.2441      -0.039181
     -12.342    11.614       -0.51067
     -11.954    10.952       -0.43213
     -10.634    9.3908       -0.58231
     -8.7159    7.8345        0.15004
     -21.199    7.1485        -1.1266
     -18.061    7.8566         0.2847
     -12.964    7.9392        0.24466
     -8.3773    6.5906       -0.25484
     -12.433    7.3616        0.19369
     -12.473    9.7102       0.074396
      -8.693    8.9958       0.082327
     -14.849    8.2403       -0.45936
      -11.35    9.7451       -0.29096
     -12.405    7.7306       0.053151
     -11.967    8.3706       -0.49183
     -12.012    9.0804       -0.09879
      -10.27    8.0476       -0.64318
     -11.475    8.0056      -0.073023
     -8.4565    8.6398        0.50991
     -14.955    7.8882       -0.16426
     -9.0027    11.417       -0.50193
     -12.327    9.1202       -0.34825
     -11.851    7.5896       -0.40641
     -13.027     6.919      0.0090786
     -13.207    10.271       -0.81338
     -9.1254    9.0377       -0.61417
     -11.041    10.692       -0.23786
     -10.246    10.507        0.21084
     -18.249    8.3212       -0.83702
     -14.435    9.8947        0.15157
     -8.5705    5.5643       0.018676
      -9.416    7.5518        0.18258
     -8.4587    9.0459       -0.25743
     -13.586    10.057       -0.21034
     -9.2431    9.8048       -0.66022
     -8.2929    7.4282        0.38255
     -12.926    9.2473       0.025412
     -8.0724     7.578       0.016642
      -12.58    9.5937        0.12319
     -14.856     9.644      -0.014678
     -13.421    9.3667        0.15748
     -11.781    9.3102       -0.15289
     -12.792    9.2979        0.31768
     -15.847    7.3869       -0.44923
     -16.039     11.56       -0.55932
     -9.8278    7.5177        0.57781
     -16.269    9.2502       0.052976
     -13.155    10.522      -0.061273
     -11.682     10.11       -0.05879
     -18.839    8.1096        -0.5721
     -10.409    8.6068       -0.36434
     -14.095     9.545        0.10801
     -9.7104    8.9226       -0.16652
     -11.817    6.9069        0.05249
     -10.592     7.267       -0.10926
      -16.27    11.881       -0.62862
     -13.624    8.4238       -0.25937
     -7.8851    6.7636       -0.21237
     -9.7226    6.9894       -0.19595
     -11.364    6.9375        -0.7429
      -13.83      7.56      -0.010638
     -9.1254    11.129       -0.40334
     -16.078    13.631        0.16023
     -15.114    7.5938        0.28977
     -11.604     9.334        0.64715
     -15.451    9.7228       -0.22182
     -15.625    8.0683        -0.4628
     -6.6384    7.0898         -0.191
     -11.814    9.9153       -0.54274
     -7.5668    9.8601         0.1335
     -11.672    11.602       0.077708
     -14.322    9.8506        0.20388
     -7.1114    7.3988        0.17471
     -14.512    9.2441       -0.57889
     -11.407    6.7286        -0.2494
     -12.507    7.0564        0.17699
     -12.584    10.488       0.032003
     -15.528    11.462       -0.16025
     -14.893    9.8881       0.075391
     -16.557    8.0165       0.026589
     -15.731    10.365        0.11829
     -9.3046    8.3576        0.33849
     -15.656     11.34        0.39259
      -13.36    7.0626       0.054471
     -9.6724    10.059       -0.20228
      -9.157    5.6907       -0.15051
     -14.011    7.3534       -0.64372
     -13.864    8.7068        0.12746
     -12.401    8.3617       -0.50707
     -11.492    8.1229       -0.12167
     -11.738     9.313       0.080698
     -10.684    8.5447        -1.0533
     -5.0625    9.6261        0.11954
     -6.8609    9.4067       0.063377
     -10.516    9.8821        0.38176
     -12.841    6.8201       -0.56669
     -6.9653    7.9135        -0.1123
     -11.156    8.2092       -0.23555
     -9.3755    8.7516      -0.080108
     -10.284    9.2562       0.072439
     -9.2374    9.9049       -0.19427
      -12.11     9.859        0.11711
     -14.374     11.69       0.099124
      -14.59    8.4301       -0.76389
     -16.249    7.4277      -0.072125
     -13.565    11.943       -0.18913
      -12.59    14.073         0.1008
     -11.709    8.2166       -0.71533
     -12.409     8.294        0.18367
     -12.061    8.2694        0.16123
     -11.115    8.6671        0.35991
     -8.3437    8.1787       -0.21181
      -15.02    10.479        -1.3067
     -15.438    7.8525       -0.76881
     -7.8109    7.1925      -0.050761
     -14.935    11.272       -0.17622
     -10.912    8.9302       0.079631
     -4.9224    9.7276       -0.35549
     -11.188    6.0165        0.11173
     -5.8508    8.1315       -0.11153
     -12.211    8.4182       -0.74859
     -14.876    8.3895        0.20804
     -9.7531    9.5164       -0.88593
      -9.452    8.0828      -0.026771
     -8.6992    8.4175        -1.0251
     -20.916    13.572       -0.50191
     -8.2817    7.5175       0.018084
     -10.659    7.9946       -0.15017
     -9.3078     9.629       -0.52569
     -14.054    11.001       0.077336
     -15.985    8.2044       -0.17774
     -16.198    9.0127       0.027781
     -15.186    8.8258        0.17106
     -13.149    10.497        -0.2094
     -8.8227    8.2446      -0.087282
     -6.3967    7.6396        -0.3921
     -11.623    7.9687        0.80615
     -13.274    10.661       -0.38873
     -12.388      8.37       0.040899
     -7.1265     11.23       -0.60372
     -17.757    8.4218       -0.35056
      -7.384    7.9957       0.029809
     -11.477    8.6141        0.40209
     -13.194    8.8422       -0.33804
     -12.294    7.8064       -0.38198
      -13.94    6.1536        0.35594
     -9.8162    6.9611       -0.20801
      -17.29    8.2743       -0.25269
     -14.393    9.0913        -0.3293
     -12.317    6.3806     -0.0083579
     -9.5906    8.1985      3.506e-05
     -13.786    8.4512       -0.12809
     -9.7827    8.5676      -0.053218
     -13.534    9.2619       -0.24771
     -12.483     8.077       -0.66854
     -11.788    11.392       -0.46409
     -11.015    7.8011       -0.17362
     -10.286    5.6046       -0.17335
      -5.995    9.0457       0.010346
     -14.691    7.7569       0.022159
     -5.6295    5.8693        0.28194
     -13.129    6.5715        0.41429
     -15.978    9.0938       -0.22983
     -15.734    9.4962       -0.11698
      -9.713    8.3455        0.19653
     -7.4168    9.5414        0.95927
     -12.077    8.4219       0.061981
     -22.165    8.7608       -0.34084
     -11.617    6.9386       -0.31267
     -17.283    9.3125        -0.4783
     -14.106    10.045        0.13429
     -12.867    9.9333        -1.4874
     -7.9018    10.926        0.26446
     -15.292    10.714        0.11568
     -17.629    8.4723       -0.64647
     -9.4873    9.9857        0.16578
       -11.7    8.3375       -0.28265
     -14.335    7.5924       0.016529
     -11.043    8.8614       0.023334
     -14.219    9.6241       -0.22192
     -15.526    7.0955        0.22379
     -11.475    7.3237       0.068748
       -9.49    9.5782        0.65027
      -7.407    10.834       -0.17192
     -11.355    7.4131      -0.073924
     -12.876    6.1865       0.087861
     -12.125    7.7512        0.32935
     -8.9289    9.7963         0.1092
     -11.364    10.081       -0.48436
     -11.401    6.9319        0.14773
     -15.589    8.8423        0.12802
      -11.52    7.9895        -0.3077
     -11.838    7.8729       -0.14819
     -14.047    7.6307        0.12506
     -16.064    11.426       -0.18266
     -14.335    8.9223        0.50104
     -13.877    10.384        0.29769
     -13.066    9.1214       -0.29454
     -13.117    7.9237        0.44228
     -14.876    6.7863       -0.31842
     -19.192    7.3415        0.12792
     -13.454     7.593        0.14136
     -11.364     8.713       -0.27135
     -10.118    8.9036       -0.12936
     -11.008    7.7891       -0.46127
     -10.089    7.9026        0.24235
     -16.293    12.045       -0.13988
      -14.23    8.8308      -0.092321
     -11.218    5.9453       -0.57727
     -14.988    8.9667        -0.2062
     -15.001    9.8975      -0.042371
     -10.408    8.7193       0.017922
     -14.722    11.975         0.1824
     -10.652    6.9204        0.02173
     -12.211    9.9854        -0.6409
     -11.186     10.15       -0.32632
     -11.161    7.8517      0.0078632
     -13.184    7.2836       -0.12915
     -11.753    6.6449        0.13846
     -7.7176    7.9989      -0.080618
      -15.48    9.2695         -0.981
     -12.619    7.2784        0.16872
     -16.654    10.626       -0.40087
      -11.09    8.3236       -0.48553
     -10.784    6.9108       -0.46884
      -12.35    9.3439       -0.65978
     -16.302    10.697       -0.24167
     -15.284    9.2892        0.11428
     -11.834    7.9901       -0.44563
     -11.938    8.7565        0.32055
     -10.064    9.8277      -0.044917
     -12.867     8.339       -0.11383
     -14.133    9.1893    -0.00053025
      -9.665    8.9996        0.28581
     -12.096    8.8024        0.23357
     -12.624     8.068       -0.29974
     -8.9238    8.2096       -0.21085
         -10     7.525        0.12402
     -13.232    9.2516        0.12076
     -15.245    8.2424       -0.78137
     -10.634    6.8997       -0.35609
     -17.323    11.091       -0.38648
      -12.75    8.3809       -0.12441
     -13.416     8.803       -0.10518
     -14.077    7.9528     -0.0043381
     -11.045     7.537        0.21569
     -16.385     9.123       -0.26683
     -13.369    8.0681       -0.12178
      -15.02    7.3973       -0.27888
     -16.427    7.1503        0.11156
     -9.4424    9.5734       -0.25615
     -14.433    7.9897        0.21844
     -14.944    9.6549        0.43395
     -12.936    6.7379       -0.11613
     -13.789    9.4418       -0.24618
      -13.74    7.7818        -0.3063
     -16.231    8.4195        -0.2767
     -8.1568    6.5363        0.24996
     -11.555    8.9728       0.072215
       -10.7    8.3438        -0.2323
     -9.9968     10.44       -0.59185
     -12.542      7.26       -0.34663
     -12.074    8.9749       -0.27758
     -16.467     8.193        0.23231
     -11.098    8.1012      -0.076033
     -8.9847    6.1807      0.0067235
     -13.598    7.3287        -1.0973
     -8.9976    6.6834       -0.31233
     -11.671    7.8798        0.41265
     -11.252    7.1523        0.45238
     -14.113    9.4813       -0.13373
     -17.094    10.956        0.61919
     -8.1512    11.183       -0.72591
     -13.342    7.2319        0.43038
     -7.5737    9.4729       -0.37906
     -9.8475    8.2006        0.15964
     -9.4453    8.7347       0.054791
      -19.92    8.8556       -0.17308
     -12.138     8.939        0.22415
      -13.22    7.5819        0.30968
     -14.137    11.088      -0.014498
     -8.4706    8.4054        0.16412
     -12.161    8.5724       0.035094
     -16.742    7.3362        0.83639
     -13.049    7.9774        0.27624
     -10.617    7.7312       -0.31759
     -8.1987    10.542       -0.35287
     -12.965    6.9065        0.50417
     -12.145    9.0501       -0.54169
     -12.821    9.9429       -0.16573
      -16.16    8.8585       -0.11112
     -15.388    6.2693        0.69383
     -14.236    8.0999       -0.37163
     -10.918    8.4805       -0.24271
     -14.406    8.7644        0.38693
      -12.32    7.9269        0.28701
     -16.707     8.126       -0.61902
     -14.256    13.567       -0.57478
     -15.653    8.2772       -0.15095
     -10.978     7.391        0.12481
     -9.4099    8.9512       -0.18544
     -13.659    9.3933        0.14911
     -8.4438    8.0518       -0.54113
     -7.1514    7.9544       -0.77956
     -16.199    8.8154       -0.47211
     -10.678    7.8362       -0.36656
     -19.327    9.9702       0.071119
     -16.826    8.4511       0.080811
     -10.938     12.15       -0.27642
     -13.192    7.6328       -0.19831
     -11.256    8.8475      -0.034346
     -7.5252      9.03       -0.14847
     -15.363    7.3952        0.24623
     -15.397    6.6136       0.053251
     -12.529    7.5904       0.043129
     -13.192    10.306       -0.13403
     -9.8946    8.8478        0.33687
     -4.0571    8.4253       -0.21983
      -6.797    11.174       -0.73951
     -15.185    8.8711       -0.71422
         -13     8.932       -0.72753
     -8.0643    10.624        0.45504
     -12.708     8.083      -0.050338
     -7.4309    6.9846        0.60566
     -14.531    9.5163       -0.28717
     -14.827    8.3805       -0.33242
      -12.97    6.7614        0.13932
     -14.781    10.141        0.31119
     -8.5897    9.3633        -0.3021
     -12.337    7.5698       -0.21642
     -14.352    11.428       -0.77147
     -10.355    8.5523        0.10064
     -13.731    7.6865       -0.52592
     -13.265    8.5661       -0.43019
     -7.7957    8.5637       -0.40296
     -15.165    10.647       -0.21906
     -11.849    9.3377        0.42767
     -10.918    8.7807       -0.67958
     -18.845    9.0806       -0.28414
     -14.007    10.816       0.099091
     -16.972    9.2715       -0.36256
     -12.979    7.4244       -0.38842
     -12.397    7.6024       -0.54109
      -9.067    9.7046         0.3663
     -14.187    7.5621      -0.071013
     -17.582    6.1168     -0.0089072
     -17.222    8.2839        0.17036
     -17.477     7.575        0.64053
     -9.4137    7.5797       -0.28913
      -17.81    10.957         0.1734
     -11.277    9.6065        0.32781
     -17.372    10.696       -0.53193
     -15.452    8.6272      -0.072237
     -17.045    9.3585       -0.16063
     -11.923    8.0028        0.13307
     -14.878    10.442       0.025892
     -15.313    8.4688        0.13614
     -17.224    9.3629        0.51806
     -16.064    9.7234        0.15274
     -14.126    7.2077        0.05944
     -11.397    7.6842       -0.13948
     -10.463    9.4721        0.08706
      -11.62    10.806      -0.038182
     -11.609    9.1654       -0.06034
     -11.003     11.57       -0.23706
      -15.94    9.1929       -0.39126
     -15.945    7.5193       -0.24744
     -10.091    8.0048       0.010288
     -13.245    9.1823       -0.17024
     -12.652    7.6591       -0.73219
     -6.2432    9.9122       -0.69283
     -12.774    10.677        0.42987
     -11.393    9.2742       -0.41804
     -12.069    7.6753        0.21207
     -12.993    8.6068      -0.095761
     -13.261    10.517        -1.1969
     -14.388    8.2058       -0.38761
     -13.609    10.078       -0.27353
     -10.139    8.2735        0.23416
     -11.067    9.4238        0.46334
     -15.505    10.321       -0.82715
     -10.573    6.2401       -0.56561
     -16.718    12.658       -0.38614
     -12.795    11.108       -0.97617
     -10.098    7.7612       -0.10011
     -8.4779    9.8337        0.52171
     -8.4927    7.3034        -0.6736
     -11.273    7.5165       -0.20294
     -10.502    7.7669       -0.22825
     -13.733    7.9164       0.001353
     -8.7355    8.4852       -0.10636
     -10.356    9.3792       -0.38343
     -14.875    10.346       0.028345
     -14.149    6.1891        0.10307
      -8.842    9.0882        0.12547
     -13.631    8.5927       -0.46265
     -10.121    7.4698       -0.57363
     -14.642    12.488       -0.82002
     -18.782     8.157       0.025623
     -10.607    6.9255      -0.080753
     -11.552    8.3485       -0.50435
     -16.296    6.0848      -0.026369
     -14.983    10.064        -1.1684
     -11.914    7.4869       -0.45533
     -10.335    6.3582       -0.14452
      -14.26    8.7015       -0.16533
     -14.188    9.5205        0.97296
     -13.367    9.6525       -0.15981
     -9.9549     6.472        0.12495
     -10.396    8.8662       -0.40499
     -17.402     8.684       -0.17516
     -12.609    8.1089       -0.22322
     -8.4905    7.8006       -0.18555
     -13.943    8.5768       0.090628
     -12.946    7.2272       -0.02688
     -9.4493    7.0609       0.057502
      -14.93    8.7667        0.45974
     -19.561    9.6037       -0.18507
     -11.315     6.782         0.0963
     -16.427    7.2607        0.50823
     -11.953    9.3067       -0.31224
     -10.308    9.4865       -0.60027
     -10.551    8.8587       0.059059
     -13.315    8.9433       -0.35573
     -10.728    8.6957       -0.10391
     -14.005    8.4492        0.37142
     -5.3331    12.153        0.12311
       -18.7    10.205       0.040477
     -15.353    8.1972       -0.44831
     -11.919    10.098        0.12372
     -12.356    8.7996       -0.14991
     -17.461    10.189        0.32626
     -7.9668    8.3041        0.54825
     -12.128    8.7298       -0.47253
     -13.067    9.5977        0.29463
     -13.849    9.9249        0.48356
     -8.8722    10.217       -0.22341
     -12.651     7.368       -0.37812
     -11.205    9.1651       0.038206
      -12.37    9.4782        -1.0999
     -15.108    9.1005        0.65621
     -16.463    8.5103        0.05178
     -13.488    10.713        0.10986
     -7.9407    9.6028       -0.64108
     -13.109     7.921       0.055503
     -8.5815    8.5806       -0.31229
     -16.029    10.243       -0.54341
     -10.394    9.1514       -0.07699
     -20.541    7.9195        0.10907
     -12.425    7.2536       -0.73563
     -15.625    9.3945        0.45779
      -13.21    8.7397       0.080478
     -17.799    7.6404     -0.0037844
     -10.791    7.6235       0.016583
     -13.586    8.3087       -0.33917
     -9.5726     11.89       -0.53923
     -12.919    10.336       -0.64103
     -8.2574    9.5635       0.065009
     -10.552    8.1313       -0.23805
     -13.673    7.9077      -0.055272
     -16.474    8.7658       -0.66197
     -12.525    8.0532        0.29368
     -12.868    10.252       -0.09574
     -14.409    10.386        -1.0401
     -14.885    9.1538       -0.45924
     -13.448    10.116          -0.51
     -11.787    8.4244       -0.59635
     -11.898    8.4949       -0.61212
      -11.18    8.4745       -0.53289
     -14.025    11.424      -0.081114
      -7.188    11.541       -0.10883
     -18.026    6.9715       -0.26641
     -15.354    7.7391       -0.59039
     -9.9567      9.39       -0.03146
     -11.695    8.4751       -0.35403
     -15.207    10.496        0.30215
     -16.069    8.5662       -0.11077
         -17    7.6235       -0.26648
     -13.258    9.6895       -0.13504
     -9.8683    10.879       -0.89655
     -14.671    10.732       -0.94087
     -11.628      9.46       -0.52881
     -14.785    7.0074       -0.33764
     -11.368     10.63       -0.82992
     -13.582    7.2504       -0.60082
     -14.132    8.2539       -0.11726
     -7.5225    8.5442      -0.054488
     -15.835    11.517       -0.08971
     -12.474    12.716        0.19176
     -14.629    7.8481       -0.32991
     -19.355    10.338        0.20089
     -15.438    7.4031        0.25787
     -14.489    9.4397        0.14892
     -6.8686     9.904       -0.32212
     -8.4044    5.6731       -0.31366
     -9.7255    7.5787      -0.073547
       -15.9    9.4582       0.037611
     -11.284    7.8608       -0.45954
     -12.606    10.784       -0.32289
     -11.469    9.1159       -0.42862
      -16.47    11.551          0.512
      -16.75    9.7152        0.27334
     -15.176    9.4453       -0.24934
     -7.6031    9.3264       -0.45074
     -10.522     10.31       -0.27088
     -7.7398     7.296        0.26154
     -14.988    9.9821       0.038449
     -11.037    6.5104       -0.13837
      -9.649    10.039        0.36543
     -9.1871    9.0392        0.10668
     -11.513    8.9711       -0.34877
     -12.356    7.4964       -0.74386
     -12.028    7.8872        0.29304
     -12.188    10.617       -0.51225
      -9.448    8.3175       -0.66619
     -14.256    8.8707        0.46035
      -17.04     9.553        0.12858
     -15.326    7.7124       -0.35862
       -14.3    9.9832      0.0054464
     -15.187    7.1778        0.28491
      -14.65    9.6096      -0.097269
      -10.21    8.2818       -0.19393
     -17.235    8.6459        0.61346
     -6.0084    11.642        0.10648
      -12.97    8.9794       -0.09904
     -11.698     10.81       0.010891
     -12.197    10.065       -0.19161
     -15.473    6.9707      -0.071574
     -12.706    7.9992        0.80856
     -5.4339    8.0719       -0.18122
     -8.6552    7.8883       -0.62521
     -12.392    8.2616       -0.23586
     -9.6364    7.6082       0.016409
     -12.012    10.102       -0.74743
     -11.078    7.7212        0.21356
     -7.3405    8.5374       -0.62773
     -14.639    8.5633        0.40221
     -10.557    8.0964       -0.92261
      -15.05    8.7486       -0.53841
     -10.258    8.8527        0.29727
     -17.456    7.6079       -0.12315
     -15.968    9.4441       -0.55285
     -12.133    8.5068      -0.082257
     -14.937    10.205       -0.17369
     -6.6547     10.37     -0.0081202
     -10.229    9.5682       -0.33275
     -13.956    10.507       -0.72874
     -9.8279    8.6795       -0.86995
     -10.411     9.119         0.5949
     -12.078    8.0352       -0.32227
     -5.3593    8.1344         0.3878
     -19.361    9.1396       -0.22425
     -13.875    7.0166       -0.23311
     -14.511    8.2354     -0.0061799
     -11.386    12.017       -0.36854
     -13.362    10.884       -0.21168
     -17.069    8.3686      -0.055435
     -9.6129    10.653       -0.17739
     -12.005    8.8395       -0.37651
     -16.006    8.3812       -0.08618
     -11.171    8.2034       -0.59444
     -13.088    9.8712        0.20131
     -14.238    9.3131     -0.0021153
     -14.502    10.582       -0.10479
     -11.997    6.9721      -0.073794
     -8.0098    8.1766       -0.31531
     -8.4085    8.8194       -0.27618
     -13.409    7.9264       -0.24357
     -18.231    6.7237       -0.56867
     -6.8874    6.3985       -0.11274
     -12.553    8.3699      -0.012133
     -19.739    8.8885       -0.36601
     -12.308    10.967        0.50102
     -14.665    9.5075       -0.86264
     -15.898    9.6738       -0.25512
      -14.62    12.401       -0.50374
     -14.886    6.9915        -0.2564
     -15.204    8.6524       0.049774
     -21.502    11.169        -0.2564
     -16.241    7.8096       -0.44312
     -16.953    8.8071       0.038541
     -8.3986    8.5209        0.36144
     -9.1418    7.8761       -0.12469
     -13.356    7.9889       -0.31299
     -11.591    10.361         0.1851
     -13.586    7.7596       -0.47778
     -15.167    9.2148      -0.046605
     -12.329    7.3504        0.29622
      -10.87    6.6514       -0.41603
     -12.277    9.3149       -0.53058
     -16.032    10.404       -0.66293
     -7.6745    8.7466       -0.39278
     -13.731      8.21       -0.55838
     -18.531    11.825         0.3049
     -15.235    7.8866       -0.29469
      -12.26    9.3454        -0.3111
     -13.338    10.085        0.12251
     -15.146    8.8192       -0.26004
     -13.439    9.4437       -0.21174
     -11.776    7.3306       -0.32265
     -9.1215    8.6702       -0.40022
     -10.876    8.7111       0.093665
     -11.143    8.2929       -0.25833
     -17.504    7.2736      -0.072496
     -14.007    8.2238       -0.16944
     -9.4502    7.5277       -0.37883
     -13.371    7.2351       -0.25659
     -8.0934    7.8238       -0.14719
     -12.049    12.743      -0.014816
     -12.508    9.8964      -0.016743
       -9.73    8.7937      -0.053872
     -12.913    10.914        0.49317
     -12.891    9.2901        0.51673
     -11.776    8.5208        0.11435
     -18.141    7.2256       -0.20241
     -10.602    8.8649       -0.31563
     -13.951    8.2969        0.60138
     -15.763    10.353       -0.15767
     -17.657    7.2411       -0.21445
     -8.5055    7.3963        0.35522
     -14.467    9.3892       0.031647
     -11.144    9.6736        0.38613
      -12.56    6.3742       -0.23491
     -13.794    8.0495      -0.047481
      -12.34    11.129       -0.14322
     -14.466    6.6986       -0.40225
     -14.156    7.6734        0.25463
     -9.2871    7.2862       -0.20296
      -16.89    8.4064        0.42754
     -9.5994    8.7189       -0.10559
      -10.25      6.51        -0.2001
     -12.651    7.5618       -0.14664
     -14.828     6.613       0.081835
     -6.9463    7.8482        -0.6031
     -17.538    11.458        0.03226
      -11.73    7.8719        0.18313
     -13.745    7.6819       -0.62187
     -13.389    7.9723       -0.26011
     -10.568    6.8113       -0.20437
     -8.6264    7.1442       -0.29869
     -11.944    10.174       -0.15143
     -11.185    9.3072       -0.44657
      -7.364     9.714       0.073871
       -10.7    10.234        0.41946
     -15.293    8.2865       -0.62145
     -13.527    6.6721         0.1142
     -14.558    9.3971       0.090602
     -8.3645    11.464       -0.37414
     -16.126    10.542      -0.085452
     -15.521    10.612       -0.17474
     -13.801    9.3728       -0.62727
     -18.073    8.2327        0.24041
     -10.273    7.9821       -0.62964
      -9.939    8.2554        0.20649
     -10.855    8.3561       -0.54726
     -12.346    9.4894         0.3478
     -15.111    9.4444      -0.027003
     -12.324    8.7495      -0.072266
     -12.831     7.158      -0.076041
     -10.735    8.7644       -0.40076
     -10.496    8.9234       -0.31268
     -17.246    11.781        -0.2818
     -13.011    8.9625       -0.94906
     -16.315    8.0391      -0.027791
     -9.8265     8.305       -0.27066
     -4.2774    8.4459      -0.053169
     -7.8828      7.62       -0.14262
     -14.487     11.14        -0.3646
     -10.163    10.792        -0.8003
      -8.422    7.3721        0.35052
     -17.822    7.8602      -0.074476
     -13.824    7.5158       -0.63971
     -13.283    9.9106       -0.30809
     -13.833    8.5029       -0.39744
      -14.67    9.2753       -0.56618
     -14.039    9.5121        0.38802
     -11.093    6.4759        0.03306
     -7.4588    9.3729       -0.34148
     -19.541    9.5609      -0.061308
     -9.0409    6.5137        0.15082
      -10.29    10.767       -0.14638
     -14.169    7.7223         0.2803
      -14.54    8.8163        0.13562
     -8.2445    9.4927       -0.74241
     -10.708    9.7238       -0.17599
      -11.19    6.5309       -0.16713
     -13.212    8.8228       -0.55912
     -6.8587      7.87       -0.15886
     -14.753    7.5626        0.16711
     -8.3546    7.5495        -0.3115
     -14.066    10.176        0.17746
     -9.5308    7.8938       -0.67417
     -7.1987    10.505       -0.05096
     -10.836    11.287       -0.55458
     -10.999    9.4571        -0.5448
     -13.983    9.4707       -0.20487
     -9.1244    7.6805       -0.23367
     -10.017    7.7436      -0.060307
     -8.8736    8.3371       -0.18681
     -14.502    13.134       -0.72533
     -10.604    9.0619       -0.25194
     -10.094    10.821      -0.077641
     -13.754    7.8568       -0.39579
     -14.304    8.3022       -0.54579
     -14.464    8.7175        -0.5751
      -5.199    9.6219       -0.64067
     -10.628    8.5155       -0.28583
     -19.302    6.6366        0.42167
     -10.561    10.055      0.0050436
     -12.826    12.455       -0.27478
     -11.221    8.3149        0.34683
     -12.824    9.6098        0.06427
     -9.4302    7.8146        0.10529
     -13.868    10.458      -0.076598
     -11.962    8.9436         0.1017
     -10.817    7.6628      -0.080836
     -16.807    10.115        -0.1326
     -15.872     9.767      -0.033163
     -15.492    9.1989       -0.21426
     -11.037     8.484        0.12477
     -12.878    8.2275    -0.00095819
     -8.2803    8.3305       -0.80882
     -16.387    7.0349       -0.30857
     -12.892    9.1082       0.012784
     -13.188    10.256       -0.33792
     -14.135    8.6633       -0.14186
     -15.477    9.0571       -0.61554
      -13.76    8.9563        0.47667
     -11.616       7.1       -0.13009
     -13.258    9.0142       -0.74563
     -12.773    7.7222       0.038951
     -9.2916    7.4103       -0.19671
     -11.832    8.2684       -0.29586
     -13.577    8.7174     -0.0003624
      -16.26    8.8994       -0.13278
     -9.8324    8.7564       -0.78129
     -11.449    10.398        0.25318
     -13.161    7.8362       -0.70204
     -22.085    8.8693       -0.45763
     -8.1906    7.7705        0.23618
     -12.185    11.511         -1.045
     -16.463    12.145       -0.79315
      -10.35    9.9186       -0.28785
     -9.2975    7.1498        0.32529
     -15.187    8.9399       -0.39069
     -13.901    7.3496      -0.077023
     -6.4427    6.8642       -0.12408
     -12.749    9.2626       -0.13248
      -10.09    6.7257       0.016258
      -13.07    8.0693        0.19656
     -13.182     8.521       0.073201
     -15.176    8.1669        0.42367
     -7.9169    9.6961        0.35406
     -10.291    7.1125       -0.72103
     -15.253    11.877       -0.40595
     -12.214    8.3691       -0.20065
     -7.4012    6.1672       -0.24828
     -15.226     6.443      -0.022758
     -10.829    8.1258        -0.1916
     -17.108    9.7787      -0.075354
     -9.6691    8.8461         -0.193
     -15.863    10.864       -0.13457
     -11.209    12.378       -0.74155
     -14.733    10.326        -0.5127
     -15.349    7.1597       0.030674
     -12.873    8.2637        0.14065
     -15.636    8.9541      -0.011513
     -12.853    9.5587       -0.50458
     -10.498    11.846       -0.70022
     -16.513    7.7394       0.065865
     -12.649    7.6088       -0.28407
     -11.558    8.3835        0.22979
     -14.433     10.07     -0.0083247
     -11.295    9.0815       -0.33757
     -10.015      8.02       -0.18141
     -5.6639    5.6017       -0.28715
     -13.805    9.9698       -0.79189
     -11.667     11.89       -0.18878
     -14.676    6.3726       -0.64243
      -11.22    11.411        0.10366
     -9.8535    8.8529       -0.49525
     -18.482    6.3065       0.076922
     -9.6672    8.8866       -0.33631
     -8.6671    7.6682        0.26545
     -12.919    7.9461       -0.43496
     -12.549    6.4271       0.062569
     -11.951    9.3854       -0.14347
     -12.835    8.2063       -0.24752
     -16.644    9.1424       -0.67592
     -12.502    9.3508       -0.21915
     -6.9961    8.0603       -0.18036
     -15.243    8.3072      -0.067064
      -13.87    9.8389       0.025784
      -4.249    6.3609        0.27925
     -15.333    7.4871        -0.6369
     -11.239    9.5203        0.18118
     -14.098    9.1998        0.19026
     -10.647    7.3287        0.07846
     -12.283    7.1764       -0.86026
     -12.317    8.2369       0.025471
     -10.577    7.0873       -0.17285
     -18.317    9.7542       -0.17003
     -19.379    8.8385        0.23177
     -15.724      7.85        -0.1246
     -10.333    8.4594        -0.4556
      -13.48    7.1586       0.044306
     -13.776    11.104       -0.19368
     -11.059    7.6954        0.27233
     -15.455    9.5644       -0.29348
     -10.609    7.3567       -0.10123
     -11.385    7.4484     -0.0088276
     -14.986     9.571        0.70888
     -16.848    7.8698        0.38769
     -11.522    8.2541        0.33166
     -4.2144    8.3538       -0.28477
     -11.309     13.93       -0.31152
     -15.252    12.073        0.21993
     -7.4305    7.0627        0.47514
     -9.3682    8.9755       -0.21343
     -11.959    10.633       -0.16987
     -7.9444    4.8414        -0.2483
     -10.819    9.9082       -0.92169
     -11.157    11.075        0.49629
     -14.051    9.7693        0.11074
     -14.149    7.5467       -0.10331
     -16.072    9.2506       -0.92399
     -10.698     9.108      -0.051225
     -13.755    11.424      -0.015951
     -11.267    6.5561       -0.52519
     -11.504    8.7543        0.38394
     -12.964    9.3546       0.059295
     -10.499      10.7       -0.21006
     -10.125     6.046       -0.27274
     -5.3999    8.0534        0.16002
     -18.936    8.4372       -0.41381
     -14.058    10.466       -0.89853
     -12.121     9.196       -0.20935
     -13.968    8.2174        0.50329
     -7.3197    6.9963      0.0089561
     -12.987    8.7395       -0.61541
     -17.018    8.3446       -0.21305
     -12.083    8.4418      -0.090565
     -17.695    6.3788      -0.038887
     -7.4218    8.2384       -0.25533
     -15.449    9.8389       -0.22052
     -9.0281     6.555      -0.073133
     -12.736    8.5342        0.58536
     -11.682    12.435        -0.5229
     -8.8197    6.3336        0.32707
     -10.573    8.0066       -0.28814
      -13.62    9.3924       -0.49478
     -13.123    10.093        0.29909
     -9.6115    12.164        -0.2658
     -11.479    8.7504       -0.19735
     -10.057    7.9868        0.16187
     -14.561    7.3877        0.35971
     -14.362    9.3266         0.4991
     -17.483    10.814        0.27147
     -12.345    12.371      -0.016152
      -11.73    11.847        0.31895
     -15.203    9.0151         0.1126
     -4.8838     7.824       0.080298
     -9.4228    9.4601       -0.42856
     -8.9817    8.5898       -0.34552
     -11.834    10.453       -0.71301
     -10.249    7.7827        -0.2013
     -10.642    8.2478       -0.25628
     -14.945    8.8193        0.79494
     -15.688    8.9224      -0.035412
     -14.621    7.7452       -0.39185
     -11.291    6.8655       -0.35768
     -15.995     8.118       0.035778
      -12.57    9.5861       0.091661
     -14.812     9.585       -0.43297
     -5.8106    8.4827      -0.060758
     -10.312    8.4284       -0.43792
     -7.2163    9.2027       -0.71449
     -11.917    11.026       -0.20883
     -13.433     9.671       -0.60758
     -9.6223    10.618        0.87717
     -15.692    7.7484        0.18011
     -17.344    7.7564      -0.017988
     -12.783    8.4448       -0.65393
     -12.946    8.4733        0.04275
     -14.026    14.654       -0.76527
     -13.782    9.8625      -0.069975
       -14.5    9.9083       -0.67011
       -8.05    8.6693        0.14131
     -18.418    7.7923       -0.28843
     -11.789     9.635      -0.037344
     -12.575    8.0701       -0.46838
     -12.621    10.002       -0.70716
     -7.8948    8.9494         -0.396
       -12.8    6.1957      -0.062346
      -18.55    8.5983       -0.44049
     -11.655    9.0822        0.46787
     -10.272    7.4703        0.20282
     -11.559    9.6653        0.32236
     -11.511    11.433       -0.25091
     -13.163    5.9952       -0.17544
     -8.2579    10.696       0.013682
     -18.263    7.8694        0.10577
     -18.565    7.7754       -0.20397
     -10.596    7.3861       -0.28572
     -9.2933    6.6401       -0.36006
     -10.822    8.5266       -0.35483
     -12.765    9.0728        -1.0723
     -15.463    8.5598       -0.41819
     -14.821    8.5535       -0.35781
     -13.164    8.2815       -0.86669
     -14.145    6.4615        -0.5738
     -12.198    7.8603       -0.99008
     -11.524    7.3136      -0.011383
     -10.066    10.034       -0.37928
     -14.055    9.6684       -0.17086
     -16.845    9.9132       -0.26008
     -10.749    10.182       -0.22739
     -11.481    11.441       0.090879
     -7.4605     9.347        0.27576
     -12.633    8.3785       -0.39691
     -13.846    8.5094        0.21798
     -9.6762    8.6729       -0.15136
     -10.461    6.7334       -0.12995
     -20.015    9.9216        -0.1445
     -10.633    9.3301       -0.35666
     -15.384    9.3107        0.18177
     -7.2123    10.723        0.16836
     -12.639    7.5821      -0.011962
     -17.314    11.468       0.022553
     -9.9665    7.0957       -0.32838
     -9.2268    7.2149       0.029254
     -11.616    7.1325       -0.52752
      -9.634    7.9376        0.18153
      -7.693    7.8431       -0.28342
     -10.723    8.4465        0.10979
     -7.4408    8.1527        -0.3685
     -15.459     8.184         0.3972
     -12.141    12.216       -0.37074
     -7.3301    8.2261       -0.59537
      -12.86    7.6606      -0.074231
     -10.829    7.9894      -0.089554
     -16.307     7.731        -0.4533
     -14.424    7.2289        0.14925
     -16.104    10.238         0.2508
     -13.577    9.0465         0.2648
     -11.321    8.1224       -0.10474
     -15.992    9.6638        0.28027
     -12.736    7.2862       -0.31855
     -9.6477       8.1       -0.36471
     -13.011    6.8447        -0.3489
     -10.782    8.3632      0.0083928
     -14.165    9.4039        0.18928
     -10.907    8.1175        0.39881
     -8.1705    7.9579      -0.070241
      -15.38    8.8929       -0.26159
      -11.53    7.1218       -0.55232
     -11.887    5.9186       -0.57294
     -17.575    10.659       -0.37552
     -11.814     9.195       -0.12431
     -12.581    8.5195       -0.17621
     -13.481    9.9535        -1.1885
     -12.212    9.6874       -0.27568
      -5.946    10.226       0.068558
     -8.9403    5.5281       -0.37459
     -12.922    8.2051        -0.2341
     -14.554    8.6723        -1.0711
     -9.8962    10.034        -0.3592
     -10.233    9.3379       -0.33267
     -8.1894    9.5297       -0.83587
     -13.877    8.1846       -0.55953
     -13.739      7.16        0.26191
     -13.828    7.5946       0.045947
     -13.029    7.0945        0.10788
     -9.6984    8.3703       0.018142
     -11.133    9.1508        0.16975
     -15.455    11.584       -0.20597
     -6.8522    8.6364        -0.1768
     -10.184    9.0259        0.13655
     -12.139    8.3053       -0.18968
     -8.7978    10.689       -0.29785
     -16.871    10.288       0.092103
     -16.173    7.4766        0.38059
      -10.76    7.2791     -0.0017179
     -15.052    7.7954       -0.40322
       -17.5     9.327       -0.24235
     -19.874    8.0947       -0.10055
     -8.0298    8.9501       -0.63137
     -14.735    9.8313      -0.090718
     -13.617     6.945       -0.11845
     -16.659    11.117        -0.5269
     -14.237    9.1718       -0.17149
      -9.239    8.0824      0.0015299
     -16.595    9.1148       0.066361
     -14.112    8.6126       -0.28119
     -15.746    9.4199       -0.27389
     -8.3879    9.9712        0.44565
     -12.834    8.0685        0.48617
     -15.711    12.123       -0.28333
     -12.921    8.7197       -0.81671
     -16.425    10.417        0.67808
      -19.93    8.3964        0.46007
     -7.0615    7.6202       -0.11891
     -11.267     7.783        0.88172
     -12.485    9.0923       -0.25925
     -13.422    8.5618        0.24321
     -15.479    8.2072        0.10011
     -18.166    8.8269       -0.43246
     -10.688    8.1984       -0.14881
     -10.227    7.1804         0.4018
     -13.695    7.6661       -0.19984
     -17.125    8.6657      0.0027493
     -10.716    7.1996       0.051396
     -15.392    9.2611       -0.29179
     -14.141    6.3987       -0.14857
     -9.6891    8.8536       -0.36183
     -10.821    9.8652       -0.05326
     -14.371    10.506       0.038329
     -18.338    11.032       -0.13657
     -10.994    9.2495       -0.55931
     -14.848    6.3375       -0.29575
     -14.648    6.2999      -0.066559
     -13.283    10.225       -0.52889
     -12.905    6.9652        -1.0168
     -13.026    7.9233       -0.39076
     -13.741    7.7022       0.052878
     -6.4622    6.9443        0.31939
     -9.7115    7.7612       -0.30217
     -9.4278     8.641        0.27695
     -11.526    6.7841       -0.37062
     -17.608    8.0417       -0.12085
     -11.786    9.3134       -0.18177
     -12.189    8.7159      -0.062268
     -13.701    10.636        0.30538
     -16.096    6.1657       -0.28395
      -13.43    10.368       -0.28185
     -14.589    7.9693       -0.11066
     -11.721     10.37       -0.15449
     -11.339    10.676        0.72878
     -11.127    7.5463        0.30449
     -11.495    9.6917        0.08927
      -11.15    7.8182       -0.32499
     -8.6214    6.3066        0.14443
     -17.415    6.7755       -0.31516
     -10.906    7.9795       -0.65512
     -17.662    7.5084        0.70761
     -11.043    6.7299       0.092521
     -14.361    7.6794       -0.26823
     -13.296    10.748       -0.31561
     -9.1418    9.1466        -0.4814
     -12.751    7.7487       -0.27183
     -10.051     7.574       -0.15277
     -11.727    10.222       -0.37573
     -11.127    8.3912       -0.82177
     -20.697    10.394       -0.32797
     -12.089    10.859        0.13201
     -10.129    9.1455       -0.11151
     -9.4284    10.217        0.51392
     -13.186    10.165       -0.77452
     -10.494    9.7455        0.16064
     -7.3325    8.6102       -0.56302
     -10.157    11.316       -0.72542
     -6.3107    8.3461        0.08067
     -17.759    9.7909      0.0052587
     -16.005      7.79      -0.089045
     -11.422    7.6031       -0.10276
     -12.431    7.4339       -0.25097
     -13.425    8.4557       0.049859
     -6.7538     9.126       -0.38223
      -9.799     8.276      -0.010886
     -9.6512     8.605      -0.011694
     -13.395    7.4682       -0.47646
     -10.211    9.6433        -0.6999
     -15.819     11.12       -0.83733
      -5.498    8.6069      -0.027452
     -11.566    7.7978        0.26355
     -13.816    8.5257       -0.39642
     -12.615    12.467        0.78266
     -9.8685    7.8121       -0.17286
     -8.5776    10.245       -0.15826
     -15.613    8.5799        0.22962
      -10.39     7.656        -1.2112
     -13.294    9.2953        0.33367
     -13.919     11.78       -0.41829
     -9.5852    7.3362       -0.88146
       -8.83    8.1778      -0.013975
     -13.792    8.7093        0.12615
     -8.2588    8.0115         0.1458
     -10.659    7.5316       -0.20054
     -11.423    7.6568       -0.51135
     -10.537    8.9509       -0.11088
     -10.675    7.7965       -0.43971
     -8.8373    8.2251       -0.45426
     -3.6331    10.687       -0.39189
         -12    8.7431        0.52912
     -14.319    10.639       -0.25525
     -11.939    8.6253        0.32126
     -9.1448    9.6739       0.068985
     -14.276    9.3774       -0.42968
     -14.403    10.871       -0.18378
     -9.9325      9.52       -0.22452
     -15.158    8.6151        -0.2647
     -10.022    8.4914         1.1296
     -8.8981     7.704      -0.085306
     -18.719    9.6406       -0.36193
      -17.67    7.7052       -0.15925
     -15.348    10.127       -0.03713
     -13.905    8.6171       -0.14511
     -16.383    10.249       -0.52846
     -11.547    6.9356        0.20319
     -9.8998    9.7118       -0.84444
     -9.7233    8.5685       -0.20809
     -8.7512    7.1639        0.76334
     -10.768    12.996       -0.54148
      -12.34    7.8912       -0.54374
     -11.269    7.4675      -0.020637
     -13.542    7.3768       -0.36592
     -14.061    7.1341       -0.23106
     -12.573    9.6556         1.1767
     -12.501    9.0222        0.15617
     -6.7559    9.7485       0.036611
     -9.6227    10.336       -0.36545
     -10.389    8.6076     -0.0097589
     -12.768    6.6221       0.098405
     -11.137    7.1104      -0.037404
     -13.516    8.2122         0.4601
     -11.281    10.419       -0.38458
     -11.273    7.4547       -0.96898
     -10.896    9.5222        -0.7148
     -11.607    7.1757        -0.3511
     -15.917    8.5483       0.043618
     -16.651    8.9301       0.094308
      -7.427     10.16        0.16599
     -13.584    9.0815         -0.033
     -14.619    9.5189         0.2108
     -10.982    9.6438        0.23967
     -18.883    9.7305        -0.3574
     -11.983    6.1338       -0.29718
     -18.097    9.5433       -0.54975
     -12.829    10.398        0.30036
     -10.153     11.24      -0.038882
     -17.854    7.5398       -0.19735
     -13.375    9.3322       -0.98096
     -13.374    8.3366        0.07417
     -12.086    8.0166       -0.68023
     -10.078    7.2875      -0.073696
     -13.052    8.4062        0.33138
      -11.68    8.5677        0.30677
     -12.559    9.2052      -0.074154
     -18.458    8.8093        0.31246
     -13.593    9.7713        0.17498
     -9.6831    10.096       0.053429
     -13.994    8.7871       -0.64554
     -6.7459    6.1989       -0.19158
     -13.837    11.385       -0.45637
     -11.058    8.6916        0.24601
     -14.106    9.0835       -0.42286
     -10.816    6.8572        -0.1192
     -17.001    8.1456      -0.024366
     -13.249    9.6224        0.12398
     -12.731    6.6012       -0.53256
     -11.099    9.9544       -0.17222
     -12.272     7.773      -0.043494
     -11.799    10.256        0.34605
      -13.54    10.045       -0.18325
     -13.522    8.6219       0.060722
     -14.681      7.76       -0.48447
     -7.8108    10.154        -1.3518
     -16.028    7.3159        0.17373
     -7.1267    8.0646         0.1689
     -10.999    6.6001       -0.82516
      -13.16    7.7238       -0.83142
     -10.833    7.9641        0.19876
     -9.8987    7.5924       -0.49015
     -11.677    11.696       -0.29511
     -12.906    9.7024        0.15446
     -9.9902    11.271        0.12433

************************************************************
Expected Losses: filt
                    <strong>Gaussian</strong>                 <strong>CSN()</strong>               <strong>CSN(1e-06)</strong>             <strong>CSN(1e-04)</strong>             <strong>CSN(1e-02)</strong>     
               <strong>___________________</strong>    <strong>___________________</strong>    <strong>___________________</strong>    <strong>___________________</strong>    <strong>___________________</strong>

    <strong>Mean L1</strong>      0.486149061036325      0.486122323186032      0.486122323187131      0.486122323187131      0.486122326753259
    <strong>Std L1 </strong>    0.00608796422795013    0.00608748541524645    0.00608748541525225    0.00608748541525225    0.00608748548759743
    <strong>Low L1 </strong>      0.853449643027527      0.853414296627746      0.853414296625693      0.853414296625693      0.853414287186716
    <strong>High L1</strong>     0.0453735387095385     0.0453727941769399     0.0453727941786506     0.0453727941786506     0.0453727980629808
    <strong>Mean L2</strong>    0.00106024151526699    0.00106008392769199    0.00106008392770722    0.00106008392770722    0.00106008400941935
    <strong>Std L2 </strong>     0.0882969166116672     0.0882567592392353     0.0882567592756466     0.0882567592756466     0.0882568904244764
    <strong>Low L2 </strong>      0.415076582884975      0.415073110552999      0.415073110611977      0.415073110611977      0.415073075585073
    <strong>High L2</strong>    0.00447177341671017    0.00447207902880867    0.00447207902936404    0.00447207902936404    0.00447208647808865
    <strong>Mean La</strong>      0.712875621595893      0.712682996225189      0.712682996288565      0.712682996288565      0.712683105175242
    <strong>Std La </strong>       0.56385530662624      0.563776537514818      0.563776537424725      0.563776537424725       0.56377652356674
    <strong>Low La </strong>    0.00796631442587067    0.00797049398371781    0.00797049398351119    0.00797049398351119    0.00797049380594627
    <strong>High La</strong>       1.00174798903546       1.00081855437878        1.0008185542119        1.0008185542119       1.00081835691059



Latex Table Entries for filt:

(1) & 80 & $L_1$ & $\underset{[0.4151;0.5639]}{0.486149061}$ & $\underset{[0.4151;0.5638]}{0.486122323}$ & $\underset{[0.4151;0.5638]}{0.486122323}$ & $\underset{[0.4151;0.5638]}{0.486122323}$ & $\underset{[0.4151;0.5638]}{0.486122327}$ \\
(1) & 80 & $L_2$ & $\underset{[0.0045;0.0080]}{0.006087964}$ & $\underset{[0.0045;0.0080]}{0.006087485}$ & $\underset{[0.0045;0.0080]}{0.006087485}$ & $\underset{[0.0045;0.0080]}{0.006087485}$ & $\underset{[0.0045;0.0080]}{0.006087485}$ \\
(1) & 80 & $L_a$ & $\underset{[0.7129;1.0017]}{0.853449643}$ & $\underset{[0.7127;1.0008]}{0.853414297}$ & $\underset{[0.7127;1.0008]}{0.853414297}$ & $\underset{[0.7127;1.0008]}{0.853414297}$ & $\underset{[0.7127;1.0008]}{0.853414287}$ \\
************************************************************
Expected Losses: smooth
                    <strong>Gaussian</strong>                 <strong>CSN()</strong>               <strong>CSN(1e-06)</strong>             <strong>CSN(1e-04)</strong>             <strong>CSN(1e-02)</strong>     
               <strong>___________________</strong>    <strong>___________________</strong>    <strong>___________________</strong>    <strong>___________________</strong>    <strong>___________________</strong>

    <strong>Mean L1</strong>      0.486116199812604      0.486083757272769      0.486083757273006      0.486083761363468      0.486083761363468
    <strong>Std L1 </strong>    0.00608751678240644    0.00608664526826919    0.00608664526824089    0.00608664530684471    0.00608664530684471
    <strong>Low L1 </strong>      0.853428859189739      0.853347301123957      0.853347301118196      0.853347286101286      0.853347286101286
    <strong>High L1</strong>     0.0453655012670286     0.0453658258707156     0.0453658258723204     0.0453658318388972     0.0453658318388972
    <strong>Mean L2</strong>    0.00106000918918929    0.00105984873110894    0.00105984873108235    0.00105984886328987    0.00105984886328987
    <strong>Std L2 </strong>     0.0882659870483376      0.088244504326674     0.0882445043339077      0.088244537483369      0.088244537483369
    <strong>Low L2 </strong>      0.415307697142883      0.415591457664708      0.415591457747002      0.415591723589925      0.415591723589925
    <strong>High L2</strong>    0.00445948663206931    0.00446197745171591    0.00446197745369257    0.00446198100694331    0.00446198100694331
    <strong>Mean La</strong>      0.713305019280474      0.712536892743867      0.712536892708794      0.712537306290732      0.712537306290732
    <strong>Std La </strong>      0.564511504867933      0.564422526926532       0.56442252689902      0.564422979131856      0.564422979131856
    <strong>Low La </strong>    0.00795628020707477    0.00796144931990618    0.00796144931992656    0.00796144333986953    0.00796144333986953
    <strong>High La</strong>       1.00150850667004       1.00103707525454       1.00103707524752       1.00103700025277       1.00103700025277



Latex Table Entries for smooth:

(1) & 80 & $L_1$ & $\underset{[0.4153;0.5645]}{0.486116200}$ & $\underset{[0.4156;0.5644]}{0.486083757}$ & $\underset{[0.4156;0.5644]}{0.486083757}$ & $\underset{[0.4156;0.5644]}{0.486083761}$ & $\underset{[0.4156;0.5644]}{0.486083761}$ \\
(1) & 80 & $L_2$ & $\underset{[0.0045;0.0080]}{0.006087517}$ & $\underset{[0.0045;0.0080]}{0.006086645}$ & $\underset{[0.0045;0.0080]}{0.006086645}$ & $\underset{[0.0045;0.0080]}{0.006086645}$ & $\underset{[0.0045;0.0080]}{0.006086645}$ \\
(1) & 80 & $L_a$ & $\underset{[0.7133;1.0015]}{0.853428859}$ & $\underset{[0.7125;1.0010]}{0.853347301}$ & $\underset{[0.7125;1.0010]}{0.853347301}$ & $\underset{[0.7125;1.0010]}{0.853347286}$ & $\underset{[0.7125;1.0010]}{0.853347286}$ \\
Total computing time : 0h34m15s
