
options_ = 

  <a href="matlab:helpPopup struct" style="font-weight:bold">struct</a> with fields:

         computer_arch: 'win64'
                  dsge: 1
             optim_opt: [1×1 struct]
                kalman: [1×1 struct]
            parameters: [1×1 struct]
              filename: 'results_ireland2004_stderrskew1_KalmanInit1_FixAx0_FixAp0_R2022b_win64'
               poolobj: [0×0 parallel.Pool]
    physical_cores_nbr: 18
               logfile: 'results/results_ireland2004_stderrskew1_KalmanInit1_FixAx0_FixAp0_R2022b_win64.log'


ans = 

  <a href="matlab:helpPopup struct" style="font-weight:bold">struct</a> with fields:

                   Display: 'final'
               MaxFunEvals: 100000
                   MaxIter: 10000
                    TolFun: 1.0000e-04
                      TolX: 1.0000e-04
               FunValCheck: []
                 OutputFcn: []
                  PlotFcns: []
           ActiveConstrTol: []
                 Algorithm: []
    AlwaysHonorConstraints: []
           DerivativeCheck: []
               Diagnostics: []
             DiffMaxChange: []
             DiffMinChange: []
            FinDiffRelStep: []
               FinDiffType: []
         GoalsExactAchieve: []
                GradConstr: []
                   GradObj: []
                   HessFcn: []
                   Hessian: []
                  HessMult: []
               HessPattern: []
                HessUpdate: []
          InitBarrierParam: []
     InitTrustRegionRadius: []
                  Jacobian: []
                 JacobMult: []
              JacobPattern: []
                LargeScale: []
                  MaxNodes: []
                MaxPCGIter: []
             MaxProjCGIter: []
                MaxSQPIter: []
                   MaxTime: []
             MeritFunction: []
                 MinAbsMax: []
        NoStopIfFlatInfeas: []
            ObjectiveLimit: []
      PhaseOneTotalScaling: []
            Preconditioner: []
          PrecondBandWidth: []
            RelLineSrchBnd: []
    RelLineSrchBndDuration: []
              ScaleProblem: []
       SubproblemAlgorithm: []
                    TolCon: []
                 TolConSQP: []
                TolGradCon: []
                    TolPCG: []
                 TolProjCG: []
              TolProjCGAbs: []
                  TypicalX: []
               UseParallel: []
                     names: ["cmaes"    "cmaes_dsge"    "fminsearch"    …    ]
        penalize_objective: 0


ans = 

  <a href="matlab:helpPopup struct" style="font-weight:bold">struct</a> with fields:

         csn: [1×1 struct]
    lik_init: 1


ans = 

  <a href="matlab:helpPopup struct" style="font-weight:bold">struct</a> with fields:

          prune_tol: 0.0100
        cdfmvna_fct: "logmvncdf_ME"
    prune_algorithm: "correlations"
     initval_search: 0


ans = 

  <a href="matlab:helpPopup struct" style="font-weight:bold">struct</a> with fields:

    skewness_bounds: [-0.9500 0.9500]
    use_stderr_skew: 1
                fix: [1×1 struct]
          transform: [1×1 struct]


ans = 

  <a href="matlab:helpPopup struct" style="font-weight:bold">struct</a> with fields:

                    OMEGA: 1
                   RHO_PI: 0
                    RHO_G: 0
                    RHO_X: 0
                    RHO_A: 0
                    RHO_E: 0
               skew_eta_a: 1
               skew_eta_e: 1
               skew_eta_z: 1
               skew_eta_r: 1
             stderr_eta_a: 1
             stderr_eta_e: 1
             stderr_eta_z: 1
             stderr_eta_r: 1
    sqrt_diag_Sigma_eta_a: 1
    sqrt_diag_Sigma_eta_e: 1
    sqrt_diag_Sigma_eta_z: 1
    sqrt_diag_Sigma_eta_r: 1
         diag_Gamma_eta_a: 1
         diag_Gamma_eta_e: 1
         diag_Gamma_eta_z: 1
         diag_Gamma_eta_r: 1
                  ALPHA_X: 1
                 ALPHA_PI: 1


ans = 

  <a href="matlab:helpPopup struct" style="font-weight:bold">struct</a> with fields:

     ALPHA_X: 0
    ALPHA_PI: 0

****************************************************************************************************
SUMMARY GAUSSIAN

  Point Estimates
                    <strong>fminsearch</strong>    <strong>fminsearchbnd</strong>    <strong>cmaes_dsge</strong>     <strong>fmincon</strong>        <strong>cmaes</strong>       <strong>fminunc</strong>
                    <strong>__________</strong>    <strong>_____________</strong>    <strong>__________</strong>    <strong>__________</strong>    <strong>__________</strong>    <strong>_______</strong>

    <strong>stderr_eta_a</strong>      0.030168       0.030167        0.030166      0.030161      0.030167    0.0302 
    <strong>stderr_eta_e</strong>    0.00024766     0.00024767      0.00024763    0.00024765    0.00024764    0.0002 
    <strong>stderr_eta_z</strong>     0.0088647      0.0088646       0.0088647     0.0088645     0.0088647    0.0089 
    <strong>stderr_eta_r</strong>     0.0027903      0.0027903       0.0027903     0.0027904     0.0027903    0.0028 
    <strong>OMEGA       </strong>      0.058085       0.058096        0.058105      0.058116      0.058103    0.0581 
    <strong>ALPHA_X     </strong>         1e-05     1.8976e-05      2.0008e-05    1.9993e-05    2.1467e-05     2e-05 
    <strong>ALPHA_PI    </strong>         1e-05     1.7831e-05      1.9223e-05    1.9981e-05    2.0405e-05     2e-05 
    <strong>RHO_PI      </strong>        0.3865         0.3865         0.38647       0.38645       0.38648    0.3866 
    <strong>RHO_G       </strong>       0.39601        0.39601         0.39602       0.39602       0.39602     0.396 
    <strong>RHO_X       </strong>       0.16539        0.16539         0.16539       0.16545        0.1654    0.1654 
    <strong>RHO_A       </strong>        0.9048        0.90479         0.90479       0.90477       0.90479    0.9048 
    <strong>RHO_E       </strong>       0.99067        0.99067         0.99068       0.99066       0.99067    0.9907 
    <strong>Log-Lik     </strong>        1207.6         1207.6          1207.6        1207.6        1207.6    1206.2 

  Standard Errors (original variables)
                    <strong>fminsearch</strong>    <strong>fminsearchbnd</strong>    <strong>cmaes_dsge</strong>     <strong>fmincon</strong>        <strong>cmaes</strong>             <strong>fminunc</strong>       
                    <strong>__________</strong>    <strong>_____________</strong>    <strong>__________</strong>    <strong>__________</strong>    <strong>__________</strong>    <strong>____________________</strong>

    <strong>stderr_eta_a</strong>      0.016584       0.016581        0.016573       0.01658      0.016579     0.0067745+0i       
    <strong>stderr_eta_e</strong>    0.00012712     0.00012714      0.00012711    0.00012723    0.00012713    3.1148e-05+0i       
    <strong>stderr_eta_z</strong>     0.0014509      0.0014511        0.001451     0.0014523     0.0014512    0.00049703+0i       
    <strong>stderr_eta_r</strong>    0.00037031      0.0003703      0.00037029    0.00037034     0.0003703    0.00036985+0i       
    <strong>OMEGA       </strong>       0.08766       0.087674        0.087678      0.087782      0.087693      0.015614+0i       
    <strong>ALPHA_X     </strong>     0.0043424      0.0043424       0.0043422     0.0043417     0.0043419     0.0042983+0i       
    <strong>ALPHA_PI    </strong>     0.0025321       0.002532        0.002532      0.002532      0.002532     0.0027973+0i       
    <strong>RHO_PI      </strong>       0.12728        0.12729         0.12727       0.12733       0.12729       0.11788+0i       
    <strong>RHO_G       </strong>      0.065009        0.06501         0.06501      0.065032      0.065014      0.052364+0i       
    <strong>RHO_X       </strong>       0.06149       0.061492        0.061489       0.06156      0.061502             0+0.037325i
    <strong>RHO_A       </strong>      0.059602       0.059597        0.059565       0.05961      0.059584      0.028385+0i       
    <strong>RHO_E       </strong>      0.015508        0.01551        0.015503       0.01555      0.015507      0.005855+0i       
    <strong>Log-Lik     </strong>        1207.6         1207.6          1207.6        1207.6        1207.6        1206.2+0i       

  Standard Errors (transformed variables)
                                <strong>fminsearch</strong>    <strong>fminsearchbnd</strong>    <strong>cmaes_dsge</strong>    <strong>fmincon</strong>      <strong>cmaes</strong>      <strong>fminunc</strong> 
                                <strong>__________</strong>    <strong>_____________</strong>    <strong>__________</strong>    <strong>________</strong>    <strong>________</strong>    <strong>________</strong>

    <strong>transformed_stderr_eta_a</strong>       0.53273       0.53268          0.5325      0.53266     0.53261     0.40727
    <strong>transformed_stderr_eta_e</strong>       0.72718        0.7272         0.72732      0.72727     0.72726     0.17553
    <strong>transformed_stderr_eta_z</strong>       0.14169        0.1417         0.14169       0.1417     0.14169     0.12156
    <strong>transformed_stderr_eta_r</strong>       0.13434       0.13434         0.13434      0.13435     0.13434     0.15567
    <strong>transformed_OMEGA       </strong>        1.2517        1.2515          1.2512       1.2517      1.2513      1.6015
    <strong>transformed_ALPHA_X     </strong>    1.2286e+05        164.32          155.61       155.71      145.36      154.11
    <strong>transformed_ALPHA_PI    </strong>    1.9644e+05        102.57          94.519       90.858      88.986      100.29
    <strong>RHO_PI                  </strong>       0.20978       0.20978         0.20981      0.20984      0.2098     0.30228
    <strong>RHO_G                   </strong>       0.06125       0.06125         0.06125     0.061256    0.061252     0.08998
    <strong>RHO_X                   </strong>      0.097548      0.097556        0.097552     0.097614    0.097564     0.14138
    <strong>RHO_A                   </strong>      0.057945      0.057942        0.057922     0.057952    0.057932    0.036337
    <strong>RHO_E                   </strong>      0.013041      0.013042        0.013036     0.013063    0.013038    0.013699
    <strong>Log-Lik                 </strong>        1207.6        1207.6          1207.6       1207.6      1207.6      1206.2

Final value of the best Gaussian log-likelihood function: 1207.5617
****************************************************************************************************



Run maximum likelihood estimation with Pruned Skewed Kalman filter for all parameters using different optimizers in parallel:
****************************************************************************************************
SUMMARY CSN

  Point Estimates
                    <strong>fminsearchbnd</strong>    <strong>fminsearch</strong>    <strong>cmaes_dsge</strong>      <strong>cmaes</strong>        <strong>fmincon</strong>       <strong>fminunc</strong>  
                    <strong>_____________</strong>    <strong>__________</strong>    <strong>__________</strong>    <strong>__________</strong>    <strong>__________</strong>    <strong>__________</strong>

    <strong>skew_eta_a  </strong>       -0.20943        -0.20777      -0.21966      -0.20861      -0.20682      -0.19503
    <strong>skew_eta_e  </strong>       -0.21984        -0.21727      -0.22317      -0.21743      -0.19814      -0.18494
    <strong>skew_eta_z  </strong>        -0.9496        -0.94929      -0.91645      -0.91215      -0.91206      -0.91198
    <strong>skew_eta_r  </strong>        0.80919         0.80853       0.80887       0.81574       0.80957       0.80902
    <strong>stderr_eta_a</strong>       0.024499        0.024217      0.024934      0.025135      0.024378      0.024503
    <strong>stderr_eta_e</strong>     0.00019924      0.00019706    0.00019649    0.00019399    0.00018476    0.00018384
    <strong>stderr_eta_z</strong>      0.0080067       0.0080099     0.0079759      0.008015     0.0080642     0.0080632
    <strong>stderr_eta_r</strong>      0.0028351       0.0028364      0.002838     0.0028402     0.0028516     0.0028537
    <strong>OMEGA       </strong>         0.1525         0.15411       0.15126       0.14796       0.14927       0.14933
    <strong>ALPHA_X     </strong>     1.0057e-05           1e-05    1.0046e-05     1.005e-05    1.0049e-05    1.0049e-05
    <strong>ALPHA_PI    </strong>     1.0083e-05      1.0048e-05    1.1363e-05    1.1326e-05    1.1324e-05    1.1322e-05
    <strong>RHO_PI      </strong>        0.27111         0.27009       0.26659        0.2635       0.25542       0.25441
    <strong>RHO_G       </strong>        0.33984         0.34008       0.34074       0.34061       0.34217       0.34225
    <strong>RHO_X       </strong>        0.28665         0.28705        0.2858       0.28806       0.29715        0.2964
    <strong>RHO_A       </strong>        0.91334          0.9123       0.91565       0.91643       0.91409       0.91437
    <strong>RHO_E       </strong>        0.98122         0.98187       0.98149       0.98141       0.98219       0.98223
    <strong>Log-Lik     </strong>         1215.8          1215.8        1215.8        1215.8        1215.8        1215.8

  Standard Errors
                        <strong>fminsearchbnd</strong>         <strong>fminsearch</strong>          <strong>cmaes_dsge</strong>            <strong>cmaes</strong>              <strong>fmincon</strong>                   <strong>fminunc</strong>        
                    <strong>______________________</strong>    <strong>__________</strong>    <strong>______________________</strong>    <strong>__________</strong>    <strong>______________________</strong>    <strong>______________________</strong>

    <strong>skew_eta_a  </strong>      0.021104+0i               0.026957      0.018518+0i              0.0033452             0+0.15279i          0.28948+0i         
    <strong>skew_eta_e  </strong>      0.022616+0i               0.021761             0+0.0019104i       0.003435       0.11874+0i                0.22752+0i         
    <strong>skew_eta_z  </strong>      0.059036+0i               0.066912      0.014403+0i               0.014725       0.31051+0i                0.40807+0i         
    <strong>skew_eta_r  </strong>      0.078871+0i                 0.1169      0.021243+0i               0.013384        0.1529+0i               0.091384+0i         
    <strong>stderr_eta_a</strong>     0.0043461+0i               0.011436     0.0010866+0i             0.00048516     0.0032846+0i              0.0026377+0i         
    <strong>stderr_eta_e</strong>             0+1.6699e-05i     0.0003291    0.00012721+0i               4.37e-05             0+2.6409e-05i             0+2.7639e-05i
    <strong>stderr_eta_z</strong>    0.00044185+0i              0.0015773    0.00046804+0i             0.00043043    0.00084213+0i             0.00084791+0i         
    <strong>stderr_eta_r</strong>    0.00039464+0i             0.00075555    0.00022988+0i             0.00024012    0.00024683+0i              0.0003457+0i         
    <strong>OMEGA       </strong>       0.01503+0i               0.029403     0.0039377+0i              0.0024554      0.026879+0i               0.020012+0i         
    <strong>ALPHA_X     </strong>     0.0038511+0i              0.0038142             0+0.00061605i    0.00050569     0.0037739+0i              0.0039141+0i         
    <strong>ALPHA_PI    </strong>     0.0018803+0i              0.0018816     0.0031012+0i              0.0017296     0.0018768+0i              0.0018789+0i         
    <strong>RHO_PI      </strong>      0.027207+0i                0.12641             0+0.036586i        0.007032      0.068079+0i                0.10834+0i         
    <strong>RHO_G       </strong>      0.021758+0i               0.029723     0.0079136+0i              0.0052978      0.034925+0i               0.040791+0i         
    <strong>RHO_X       </strong>      0.047684+0i               0.038181     0.0054858+0i               0.004576             0+0.011866i        0.027992+0i         
    <strong>RHO_A       </strong>      0.035399+0i               0.092004       0.02296+0i               0.011987     0.0063209+0i              0.0067284+0i         
    <strong>RHO_E       </strong>       0.02524+0i                0.13718      0.066762+0i               0.020324       0.01674+0i                0.01323+0i         
    <strong>Log-Lik     </strong>        1215.8+0i                 1215.8        1215.8+0i                 1215.8        1215.8+0i                 1215.8+0i         

Final value of the best CSN log-likelihood function: 1215.8160
Likelihood Ratio Test Statistic = 16.51 with p-val = 0.0024
****************************************************************************************************

