
options_ = 

  <a href="matlab:helpPopup struct" style="font-weight:bold">struct</a> with fields:

         computer_arch: 'maca64'
                  dsge: 1
             optim_opt: [1×1 struct]
                kalman: [1×1 struct]
            parameters: [1×1 struct]
              datafile: "post_1980"
              filename: 'results_ireland2004_post_1980_maca64'
           optim_names: ["cmaes"    "fminsearch"    "fminsearchbnd"    "fminunc"]
               poolobj: [1×1 parallel.ProcessPool]
    physical_cores_nbr: 8
               logfile: 'results/results_ireland2004_post_1980_maca64.log'


ans = 

  <a href="matlab:helpPopup struct" style="font-weight:bold">struct</a> with fields:

                   Display: 'final'
               MaxFunEvals: 1000000
                   MaxIter: 10000
                    TolFun: 1.0000e-04
                      TolX: 1.0000e-04
               FunValCheck: []
                 OutputFcn: []
                  PlotFcns: []
           ActiveConstrTol: []
                 Algorithm: []
    AlwaysHonorConstraints: []
           DerivativeCheck: []
               Diagnostics: []
             DiffMaxChange: []
             DiffMinChange: []
            FinDiffRelStep: []
               FinDiffType: []
         GoalsExactAchieve: []
                GradConstr: []
                   GradObj: []
                   HessFcn: []
                   Hessian: []
                  HessMult: []
               HessPattern: []
                HessUpdate: []
          InitBarrierParam: []
     InitTrustRegionRadius: []
                  Jacobian: []
                 JacobMult: []
              JacobPattern: []
                LargeScale: []
                  MaxNodes: []
                MaxPCGIter: []
             MaxProjCGIter: []
                MaxSQPIter: []
                   MaxTime: []
             MeritFunction: []
                 MinAbsMax: []
        NoStopIfFlatInfeas: []
            ObjectiveLimit: []
      PhaseOneTotalScaling: []
            Preconditioner: []
          PrecondBandWidth: []
            RelLineSrchBnd: []
    RelLineSrchBndDuration: []
              ScaleProblem: []
       SubproblemAlgorithm: []
                    TolCon: []
                 TolConSQP: []
                TolGradCon: []
                    TolPCG: []
                 TolProjCG: []
              TolProjCGAbs: []
                  TypicalX: []
               UseParallel: []
        penalize_objective: 0


ans = 

  <a href="matlab:helpPopup struct" style="font-weight:bold">struct</a> with fields:

         csn: [1×1 struct]
    lik_init: 1


ans = 

  <a href="matlab:helpPopup struct" style="font-weight:bold">struct</a> with fields:

          prune_tol: 0.0100
        cdfmvna_fct: "logmvncdf_ME"
    prune_algorithm: "correlations"
     initval_search: 0


ans = 

  <a href="matlab:helpPopup struct" style="font-weight:bold">struct</a> with fields:

    skewness_bounds: [-0.9900 0.9900]
    use_stderr_skew: 1
          transform: [1×1 struct]


ans = 

  <a href="matlab:helpPopup struct" style="font-weight:bold">struct</a> with fields:

           OMEGA: 1
         ALPHA_X: 1
        ALPHA_PI: 1
      skew_eta_a: 1
      skew_eta_e: 1
      skew_eta_z: 1
      skew_eta_r: 1
    stderr_eta_a: 1
    stderr_eta_e: 1
    stderr_eta_z: 1
    stderr_eta_r: 1

****************************************************************************************************
SUMMARY GAUSSIAN

  Point Estimates
                    <strong>fminsearch</strong>    <strong>fminsearchbnd</strong>      <strong>cmaes</strong>       <strong>fminunc</strong>
                    <strong>__________</strong>    <strong>_____________</strong>    <strong>__________</strong>    <strong>_______</strong>

    <strong>stderr_eta_a</strong>      0.030168       0.030168         0.03017    0.0302 
    <strong>stderr_eta_e</strong>    0.00024765     0.00024765      0.00024757    0.0002 
    <strong>stderr_eta_z</strong>     0.0088647      0.0088647       0.0088658    0.0089 
    <strong>stderr_eta_r</strong>     0.0027903      0.0027903       0.0027904    0.0028 
    <strong>OMEGA       </strong>      0.058086       0.058086        0.058014    0.0581 
    <strong>ALPHA_X     </strong>    1.3599e-53      2.673e-13      0.00011235    0.0001 
    <strong>ALPHA_PI    </strong>    9.4018e-14     4.9956e-26      0.00012168    0.0001 
    <strong>RHO_PI      </strong>       0.38649        0.38649         0.38643    0.3866 
    <strong>RHO_G       </strong>       0.39602        0.39602         0.39601     0.396 
    <strong>RHO_X       </strong>        0.1654         0.1654          0.1654    0.1654 
    <strong>RHO_A       </strong>        0.9048         0.9048          0.9048    0.9048 
    <strong>RHO_E       </strong>       0.99067        0.99067         0.99068    0.9907 
    <strong>Log-Lik     </strong>        1207.6         1207.6          1207.6    1206.2 

  Standard Errors
                    <strong>fminsearch</strong>    <strong>fminsearchbnd</strong>      <strong>cmaes</strong>        <strong>fminunc</strong>  
                    <strong>__________</strong>    <strong>_____________</strong>    <strong>__________</strong>    <strong>__________</strong>

    <strong>stderr_eta_a</strong>      0.016584       0.016584        0.032521     0.0072298
    <strong>stderr_eta_e</strong>    0.00012712     0.00012712      0.00033739    3.6577e-05
    <strong>stderr_eta_z</strong>      0.001451       0.001451       0.0040247    0.00059552
    <strong>stderr_eta_r</strong>    0.00037031     0.00037031      0.00066168    0.00039759
    <strong>OMEGA       </strong>      0.087667       0.087667          0.1715       0.03678
    <strong>ALPHA_X     </strong>     0.0043425      0.0043425         0.58817       0.18531
    <strong>ALPHA_PI    </strong>     0.0025322      0.0025322         0.28121      0.089743
    <strong>RHO_PI      </strong>       0.12728        0.12728         0.24619       0.11955
    <strong>RHO_G       </strong>      0.065011       0.065011         0.15797      0.057703
    <strong>RHO_X       </strong>      0.061493       0.061493          0.0716      0.027427
    <strong>RHO_A       </strong>      0.059602       0.059602         0.11151      0.028999
    <strong>RHO_E       </strong>      0.015509       0.015509        0.020792      0.010196
    <strong>Log-Lik     </strong>        1207.6         1207.6          1207.6        1206.2

Final value of the best Gaussian log-likelihood function: 1207.5619
****************************************************************************************************



Run maximum likelihood estimation with Pruned Skewed Kalman filter for all parameters using different optimizers in parallel:
