
options_ = 

  <a href="matlab:helpPopup struct" style="font-weight:bold">struct</a> with fields:

         computer_arch: 'glnxa64'
                  dsge: 1
             optim_opt: [1×1 struct]
                kalman: [1×1 struct]
            parameters: [1×1 struct]
              filename: 'results_ireland2004_stderrskew1_KalmanInit1_FixAx0_FixAp0_glnxa64'
               poolobj: [1×1 parallel.ProcessPool]
    physical_cores_nbr: 24
               logfile: 'results/results_ireland2004_stderrskew1_KalmanInit1_FixAx0_FixAp0_glnxa64.log'


ans = 

  <a href="matlab:helpPopup struct" style="font-weight:bold">struct</a> with fields:

                   Display: 'final'
               MaxFunEvals: 1000000
                   MaxIter: 10000
                    TolFun: 1.0000e-04
                      TolX: 1.0000e-04
               FunValCheck: []
                 OutputFcn: []
                  PlotFcns: []
           ActiveConstrTol: []
                 Algorithm: []
    AlwaysHonorConstraints: []
           DerivativeCheck: []
               Diagnostics: []
             DiffMaxChange: []
             DiffMinChange: []
            FinDiffRelStep: []
               FinDiffType: []
         GoalsExactAchieve: []
                GradConstr: []
                   GradObj: []
                   HessFcn: []
                   Hessian: []
                  HessMult: []
               HessPattern: []
                HessUpdate: []
          InitBarrierParam: []
     InitTrustRegionRadius: []
                  Jacobian: []
                 JacobMult: []
              JacobPattern: []
                LargeScale: []
                  MaxNodes: []
                MaxPCGIter: []
             MaxProjCGIter: []
                MaxSQPIter: []
                   MaxTime: []
             MeritFunction: []
                 MinAbsMax: []
        NoStopIfFlatInfeas: []
            ObjectiveLimit: []
      PhaseOneTotalScaling: []
            Preconditioner: []
          PrecondBandWidth: []
            RelLineSrchBnd: []
    RelLineSrchBndDuration: []
              ScaleProblem: []
       SubproblemAlgorithm: []
                    TolCon: []
                 TolConSQP: []
                TolGradCon: []
                    TolPCG: []
                 TolProjCG: []
              TolProjCGAbs: []
                  TypicalX: []
               UseParallel: []
                     names: ["simulannealbnd"    "cmaes"    "cmaes_dsge"    "sa_resampling"    "fminsearch"    "fminsearchbnd"    "fmincon"    "fminunc"]
        penalize_objective: 0


ans = 

  <a href="matlab:helpPopup struct" style="font-weight:bold">struct</a> with fields:

         csn: [1×1 struct]
    lik_init: 1


ans = 

  <a href="matlab:helpPopup struct" style="font-weight:bold">struct</a> with fields:

          prune_tol: 0.0100
        cdfmvna_fct: "logmvncdf_ME"
    prune_algorithm: "correlations"
     initval_search: 1


ans = 

  <a href="matlab:helpPopup struct" style="font-weight:bold">struct</a> with fields:

    skewness_bounds: [-0.9500 0.9500]
    use_stderr_skew: 1
                fix: [1×1 struct]
          transform: [1×1 struct]


ans = 

  <a href="matlab:helpPopup struct" style="font-weight:bold">struct</a> with fields:

           OMEGA: 1
      skew_eta_a: 1
      skew_eta_e: 1
      skew_eta_z: 1
      skew_eta_r: 1
    stderr_eta_a: 1
    stderr_eta_e: 1
    stderr_eta_z: 1
    stderr_eta_r: 1
         ALPHA_X: 1
        ALPHA_PI: 1


ans = 

  <a href="matlab:helpPopup struct" style="font-weight:bold">struct</a> with fields:

     ALPHA_X: 0
    ALPHA_PI: 0

****************************************************************************************************
SUMMARY GAUSSIAN

  Point Estimates
                    <strong>fminsearchbnd</strong>    <strong>fminsearch</strong>     <strong>fmincon</strong>      <strong>sa_resampling</strong>      <strong>cmaes</strong>       <strong>cmaes_dsge</strong>    <strong>simulannealbnd</strong>    <strong>fminunc</strong>
                    <strong>_____________</strong>    <strong>__________</strong>    <strong>__________</strong>    <strong>_____________</strong>    <strong>__________</strong>    <strong>__________</strong>    <strong>______________</strong>    <strong>_______</strong>

    <strong>stderr_eta_a</strong>       0.030168        0.030168      0.030161       0.030151        0.030166      0.029955        0.045012      0.0302 
    <strong>stderr_eta_e</strong>     0.00024765      0.00024765    0.00024763     0.00024804      0.00024774    0.00024801      0.00022816      0.0002 
    <strong>stderr_eta_z</strong>      0.0088647       0.0088647     0.0088646      0.0088653       0.0088645      0.008845       0.0091383      0.0089 
    <strong>stderr_eta_r</strong>      0.0027903       0.0027903     0.0027904      0.0027896       0.0027902     0.0027921       0.0028188      0.0028 
    <strong>OMEGA       </strong>       0.058086        0.058086      0.058121       0.058035        0.058068       0.06033        0.028729      0.0581 
    <strong>ALPHA_X     </strong>     7.8215e-13      2.4472e-51    1.5448e-07              0      0.00010338    0.00010118      7.1431e-05      0.0001 
    <strong>ALPHA_PI    </strong>     6.6497e-25      2.3806e-13     6.775e-13              0      9.4082e-05     9.454e-05      0.00011265      0.0001 
    <strong>RHO_PI      </strong>        0.38649         0.38649       0.38643        0.38684         0.38659       0.38606         0.35549      0.3866 
    <strong>RHO_G       </strong>        0.39602         0.39602       0.39602        0.39596         0.39601       0.39604         0.39977       0.396 
    <strong>RHO_X       </strong>         0.1654          0.1654       0.16546        0.16512         0.16534       0.16629         0.17469      0.1654 
    <strong>RHO_A       </strong>         0.9048          0.9048       0.90478        0.90471         0.90479       0.90429         0.93923      0.9048 
    <strong>RHO_E       </strong>        0.99067         0.99067       0.99066        0.99064         0.99068       0.99054         0.98753      0.9907 
    <strong>Log-Lik     </strong>         1207.6          1207.6        1207.6         1207.6          1207.6        1207.6          1207.2      1206.2 

  Standard Errors
                    <strong>fminsearchbnd</strong>    <strong>fminsearch</strong>     <strong>fmincon</strong>      <strong>sa_resampling</strong>      <strong>cmaes</strong>       <strong>cmaes_dsge</strong>      <strong>simulannealbnd</strong>        <strong>fminunc</strong>  
                    <strong>_____________</strong>    <strong>__________</strong>    <strong>__________</strong>    <strong>_____________</strong>    <strong>__________</strong>    <strong>__________</strong>    <strong>___________________</strong>    <strong>__________</strong>

    <strong>stderr_eta_a</strong>       0.016584        0.016584      0.016581       0.016503        0.032565      0.042941             0+0.07379i     0.0072298
    <strong>stderr_eta_e</strong>     0.00012712      0.00012712    0.00012724     0.00012695      0.00033772    0.00048556    0.00010982+0i          3.6577e-05
    <strong>stderr_eta_z</strong>       0.001451        0.001451     0.0014525      0.0014462       0.0040275     0.0058472     0.0014268+0i          0.00059552
    <strong>stderr_eta_r</strong>     0.00037031      0.00037031    0.00037035     0.00037004      0.00066202    0.00083696    0.00037064+0i          0.00039759
    <strong>OMEGA       </strong>       0.087667        0.087667        0.0878       0.087246         0.17161       0.25208      0.046024+0i             0.03678
    <strong>ALPHA_X     </strong>      0.0043425       0.0043425     0.0043419      0.0043494         0.58894       0.81454     0.0036695+0i             0.18531
    <strong>ALPHA_PI    </strong>      0.0025322       0.0025322     0.0025322      0.0025329         0.28116       0.39021       0.13321+0i            0.089743
    <strong>RHO_PI      </strong>        0.12728         0.12728       0.12733        0.12713         0.24645       0.34224      0.095035+0i             0.11955
    <strong>RHO_G       </strong>       0.065011        0.065011      0.065037       0.064896         0.15802       0.22046      0.062059+0i            0.057703
    <strong>RHO_X       </strong>       0.061493        0.061493      0.061569       0.061289        0.071695      0.072854      0.059989+0i            0.027427
    <strong>RHO_A       </strong>       0.059602        0.059602       0.05961       0.059469         0.11174       0.14395             0+0.11377i      0.028999
    <strong>RHO_E       </strong>       0.015509        0.015509      0.015552       0.015535        0.020767       0.02789      0.023307+0i            0.010196
    <strong>Log-Lik     </strong>         1207.6          1207.6        1207.6         1207.6          1207.6        1207.6        1207.2+0i              1206.2

Final value of the best Gaussian log-likelihood function: 1207.5619
****************************************************************************************************

INITIAL VALUES: For initial value search, we use a pruning threshold of 10%. This will be re-set at the final stage.


INITIAL VALUES: Running grid search for CSN skewness/gamma parameters:
  0%[>                                                  ]
                      <strong>best 1</strong>        <strong>best 2</strong>        <strong>best 3</strong>  
                    <strong>__________</strong>    <strong>__________</strong>    <strong>__________</strong>

    <strong>stderr eta_a</strong>      0.030168      0.030168      0.030168
    <strong>stderr eta_e</strong>    0.00024765    0.00024765    0.00024765
    <strong>stderr eta_z</strong>     0.0088647     0.0088647     0.0088647
    <strong>stderr eta_r</strong>     0.0027903     0.0027903     0.0027903

                   <strong>best 1</strong>      <strong>best 2</strong>      <strong>best 3</strong> 
                  <strong>________</strong>    <strong>________</strong>    <strong>________</strong>

    <strong>skew eta_a</strong>    -0.13571    -0.13571    -0.13571
    <strong>skew eta_e</strong>    -0.13571    -0.13571    -0.27143
    <strong>skew eta_z</strong>    -0.67857    -0.81429    -0.27143
    <strong>skew eta_r</strong>     0.54286     0.54286     0.54286

               <strong>best 1</strong>    <strong>best 2</strong>    <strong>best 3</strong>
               <strong>______</strong>    <strong>______</strong>    <strong>______</strong>

    <strong>Log-Lik</strong>     1212     1211.9    1211.9


INITIAL VALUES: Optimize over both Sigma_eta/stderr_eta as well as Gamma_eta/Skew_eta using best values from grid search for CSN skewness/gamma parameter:
****************************************************************************************************
SUMMARY INITVAL STAGE 1

  Point Estimates
                    <strong>cmaes_dsge_init_2</strong>    <strong>sa_resampling_init_1</strong>    <strong>cmaes_init_2</strong>    <strong>cmaes_dsge_init_1</strong>    <strong>cmaes_init_1</strong>    <strong>sa_resampling_init_3</strong>    <strong>sa_resampling_init_2</strong>    <strong>simulannealbnd_init_1</strong>    <strong>simulannealbnd_init_3</strong>    <strong>simulannealbnd_init_2</strong>    <strong>fminsearch_init_2</strong>    <strong>fminsearchbnd_init_2</strong>    <strong>cmaes_init_3</strong>    <strong>fminsearch_init_1</strong>    <strong>fminsearchbnd_init_1</strong>    <strong>cmaes_dsge_init_3</strong>    <strong>fminsearch_init_3</strong>    <strong>fminsearchbnd_init_3</strong>    <strong>fmincon_init_3</strong>    <strong>fminunc_init_1</strong>    <strong>fmincon_init_1</strong>    <strong>fminunc_init_2</strong>    <strong>fminunc_init_3</strong>    <strong>fmincon_init_2</strong>
                    <strong>_________________</strong>    <strong>____________________</strong>    <strong>____________</strong>    <strong>_________________</strong>    <strong>____________</strong>    <strong>____________________</strong>    <strong>____________________</strong>    <strong>_____________________</strong>    <strong>_____________________</strong>    <strong>_____________________</strong>    <strong>_________________</strong>    <strong>____________________</strong>    <strong>____________</strong>    <strong>_________________</strong>    <strong>____________________</strong>    <strong>_________________</strong>    <strong>_________________</strong>    <strong>____________________</strong>    <strong>______________</strong>    <strong>______________</strong>    <strong>______________</strong>    <strong>______________</strong>    <strong>______________</strong>    <strong>______________</strong>

    <strong>skew_eta_a  </strong>         -0.13546               -0.13918            -0.13683          -0.14016           -0.14057            -0.16475                -0.13844                -0.14452                 -0.18353                 -0.12477                -0.1398                -0.1398            -0.15324          -0.14185               -0.14185              -0.15796             -0.15064              -0.15064              -0.16143          -0.13582          -0.13977          -0.13588          -0.13636          -0.13577  
    <strong>skew_eta_e  </strong>          -0.2065            -0.00094383            -0.19431           -0.1968           -0.19661             -0.2536               -0.077675                -0.20586                 -0.27392                 -0.23255               -0.13748               -0.13748            -0.30589          -0.14487               -0.14487              -0.31642             -0.25389              -0.25389               -0.2767          -0.13584          -0.14039          -0.13588          -0.27151          -0.13577  
    <strong>skew_eta_z  </strong>           -0.813                  -0.95            -0.78921          -0.66787           -0.64893               -0.95                -0.81429                -0.43942                 -0.35087                 -0.82896               -0.77546               -0.77546            -0.31688          -0.67184               -0.67184              -0.31655             -0.27884              -0.27884              -0.28384          -0.67855          -0.67783          -0.81426          -0.27165          -0.81428  
    <strong>skew_eta_r  </strong>          0.61798                0.48419             0.60104           0.59481            0.59286             0.54919                 0.56118                 0.55158                  0.50545                  0.58318                0.57497                0.57497             0.59175           0.53167                0.53167                0.5938              0.54376               0.54376               0.53858           0.54276           0.53942            0.5427           0.54265           0.54281  
    <strong>stderr_eta_a</strong>         0.027485               0.027816            0.027716          0.027762           0.027767            0.027608                0.027752                0.027876                 0.027617                 0.026605               0.027957               0.027957            0.027941          0.028815               0.028815               0.02792             0.028083              0.028083               0.02808          0.030059          0.026844           0.02998          0.029921          0.030106  
    <strong>stderr_eta_e</strong>       0.00027754             0.00027452          0.00027403        0.00027201         0.00027165          0.00028551              0.00027611              0.00026627                0.0002809               0.00027321             0.00027148             0.00027148          0.00026679        0.00025164             0.00025164            0.00026684            0.0002643             0.0002643            0.00027598        0.00024847        0.00027705        0.00024943        0.00024881        0.00024824  
    <strong>stderr_eta_z</strong>        0.0089603              0.0087347            0.008918          0.008895          0.0088916           0.0091646               0.0089167               0.0086736                0.0087834                0.0086138              0.0088708              0.0088708           0.0088717         0.0090038              0.0090038             0.0088736             0.008762              0.008762             0.0089065         0.0088764         0.0092324         0.0088925         0.0088744         0.0088739  
    <strong>stderr_eta_r</strong>        0.0028311              0.0027719           0.0028355         0.0028202          0.0028191           0.0027401               0.0027891               0.0028462                0.0027059                0.0028922              0.0028131              0.0028131             0.00281         0.0028605              0.0028605             0.0028141            0.0028612             0.0028612             0.0027184         0.0027895          0.002762         0.0027891         0.0027906         0.0027899  
    <strong>Log-Lik     </strong>           1213.2                 1213.2                1213            1212.9             1212.9              1212.9                  1212.9                  1212.9                   1212.7                   1212.6                 1212.6                 1212.6              1212.6            1212.6                 1212.6                1212.6               1212.4                1212.4                1212.2            1212.1            1212.1              1212              1212              1212  

  Standard Errors
                      <strong>cmaes_dsge_init_2</strong>       <strong>sa_resampling_init_1</strong>          <strong>cmaes_init_2</strong>         <strong>cmaes_dsge_init_1</strong>         <strong>cmaes_init_1</strong>         <strong>sa_resampling_init_3</strong>     <strong>sa_resampling_init_2</strong>     <strong>simulannealbnd_init_1</strong>    <strong>simulannealbnd_init_3</strong>     <strong>simulannealbnd_init_2</strong>    <strong>fminsearch_init_2</strong>    <strong>fminsearchbnd_init_2</strong>        <strong>cmaes_init_3</strong>         <strong>fminsearch_init_1</strong>    <strong>fminsearchbnd_init_1</strong>    <strong>cmaes_dsge_init_3</strong>    <strong>fminsearch_init_3</strong>    <strong>fminsearchbnd_init_3</strong>    <strong>fmincon_init_3</strong>    <strong>fminunc_init_1</strong>        <strong>fmincon_init_1</strong>        <strong>fminunc_init_2</strong>       <strong>fminunc_init_3</strong>        <strong>fmincon_init_2</strong>
                    <strong>_____________________</strong>    <strong>______________________</strong>    <strong>______________________</strong>    <strong>_________________</strong>    <strong>______________________</strong>    <strong>____________________</strong>    <strong>______________________</strong>    <strong>_____________________</strong>    <strong>______________________</strong>    <strong>_____________________</strong>    <strong>_________________</strong>    <strong>____________________</strong>    <strong>_____________________</strong>    <strong>_________________</strong>    <strong>____________________</strong>    <strong>_________________</strong>    <strong>_________________</strong>    <strong>____________________</strong>    <strong>______________</strong>    <strong>______________</strong>    <strong>______________________</strong>    <strong>______________</strong>    <strong>_____________________</strong>    <strong>______________</strong>

    <strong>skew_eta_a  </strong>      0.081811+0i               0.17344+0i                0.16711+0i                  0.026671            0.2027+0i                0.20048+0i              0.17609+0i                 0.1892+0i              0.023882+0i                      0+0.048i              0.19385                0.19385          0.0004963+0i                0.0047463              0.0047463              0.003111              0.19688                0.19688               0.1997           0.18946         0.18555+0i                  0.22241         0.18244+0i                 0.22019  
    <strong>skew_eta_e  </strong>             0+0.0041894i    0.00053549+0i                      0+0.2913i            0.0043261           0.33466+0i                0.30028+0i                    0+0.056409i         0.31707+0i                     0+0.17128i          0.27413+0i                  0.26185                0.26185                  0+0.0039507i        0.0048548              0.0048548              0.035534              0.35055                0.35055              0.35589          0.058967        0.011931+0i                  0.28805               0+0.0038571i         0.28834  
    <strong>skew_eta_z  </strong>       0.48692+0i                     0+0.094327i               0+1.6855i             0.028106             0.423+0i                      0+0.072351i             0+0.13581i          0.53976+0i               0.49462+0i                0.43577+0i                  0.57523                0.57523                  0+0.03166i           0.022393               0.022393               0.16719              0.52018                0.52018              0.52858           0.66642         0.53589+0i                  0.68048               0+0.0084524i         0.66443  
    <strong>skew_eta_r  </strong>      0.071334+0i                     0+0.36622i                0+0.071078i           0.021231           0.13826+0i                0.18381+0i                    0+0.017089i        0.051604+0i                0.1886+0i                      0+0.012122i           0.05256                0.05256            0.01559+0i                 0.017965               0.017965              0.056263              0.22008                0.22008              0.19067           0.20083         0.20501+0i                  0.22734       0.0091253+0i                 0.20811  
    <strong>stderr_eta_a</strong>     0.0022063+0i             0.0026047+0i                      0+0.00056967i       0.00047708         0.0024491+0i              0.0025811+0i             0.002298+0i                      0+0.0002531i     0.0027376+0i                      0+0.0076985i        0.0041622              0.0041622         0.00081317+0i               0.00099248             0.00099248             0.0046799            0.0029308              0.0029308            0.0040425         0.0070134       0.0026159+0i                 0.003542       0.0012842+0i               0.0034788  
    <strong>stderr_eta_e</strong>    3.2031e-05+0i            2.7825e-05+0i                      0+3.9456e-05i       2.8168e-05        2.8056e-05+0i             3.0209e-05+0i           2.8281e-05+0i             3.6711e-05+0i            3.4163e-05+0i             3.0766e-05+0i               3.7679e-05             3.7679e-05         2.8605e-05+0i                2.679e-05              2.679e-05            2.8571e-05            3.757e-05              3.757e-05           3.8419e-05        4.7451e-05      3.3642e-05+0i               5.0854e-05      2.5806e-05+0i              4.9143e-05  
    <strong>stderr_eta_z</strong>    0.00093326+0i            0.00046896+0i                      0+0.00044228i       0.00087794                 0+0.00012669i    0.00072732+0i                    0+0.00017163i      0.002329+0i             0.0010575+0i                      0+0.002166i         0.0010176              0.0010176         0.00045607+0i               0.00074539             0.00074539              0.001355           0.00087177             0.00087177            0.0014787         0.0012426               0+3.7248e-05i       0.0010547               0+0.0010809i       0.0010195  
    <strong>stderr_eta_r</strong>    0.00021434+0i                     0+0.00045784i    0.00018871+0i                 0.0002206        0.00023337+0i             0.00022394+0i           0.00022654+0i              0.0003586+0i                     0+0.00019327i    0.00025266+0i               0.00024068             0.00024068         0.00022254+0i               0.00026298             0.00026298            0.00028692           0.00031749             0.00031749           0.00022218        0.00042052      0.00025699+0i               0.00024603      0.00022197+0i              0.00022979  
    <strong>Log-Lik     </strong>        1213.2+0i                1213.2+0i                   1213+0i                    1212.9            1212.9+0i                 1212.9+0i               1212.9+0i                 1212.9+0i                1212.7+0i                 1212.6+0i                   1212.6                 1212.6             1212.6+0i                   1212.6                 1212.6                1212.6               1212.4                 1212.4               1212.2            1212.1          1212.1+0i                     1212            1212+0i                    1212  

Final value of the best log-likelihood function: 1213.2017
****************************************************************************************************



INITIAL VALUES: Run maximum likelihood estimation with Pruned Skewed Kalman filter for all parameters using different optimizers in parallel:
****************************************************************************************************
SUMMARY INITVAL STAGE 2

  Point Estimates
                    <strong>cmaes_dsge</strong>      <strong>cmaes</strong>        <strong>fmincon</strong>      <strong>sa_resampling</strong>    <strong>fminsearch</strong>    <strong>fminsearchbnd</strong>     <strong>fminunc</strong>      <strong>simulannealbnd</strong>
                    <strong>__________</strong>    <strong>__________</strong>    <strong>__________</strong>    <strong>_____________</strong>    <strong>__________</strong>    <strong>_____________</strong>    <strong>__________</strong>    <strong>______________</strong>

    <strong>skew_eta_a  </strong>      -0.16788      -0.18451      -0.24287       -0.14889        -0.13609       -0.13279        -0.13546        -0.13546  
    <strong>skew_eta_e  </strong>      -0.32789      -0.33826      -0.16653       -0.15147        -0.25019       -0.20849         -0.2065         -0.2065  
    <strong>skew_eta_z  </strong>      -0.80248      -0.81714      -0.83094          -0.95        -0.76467       -0.81666          -0.813          -0.813  
    <strong>skew_eta_r  </strong>       0.82796       0.81643       0.85408           0.95         0.68116        0.62679         0.61798         0.61798  
    <strong>stderr_eta_a</strong>      0.026487      0.026028       0.02286       0.040606         0.02825       0.027934        0.027485        0.027485  
    <strong>stderr_eta_e</strong>    0.00018425     0.0001856    0.00016087     0.00014285      0.00029358     0.00027159      0.00027754      0.00027754  
    <strong>stderr_eta_z</strong>      0.008676     0.0086679     0.0086536      0.0088226       0.0086048      0.0090278       0.0089603       0.0089603  
    <strong>stderr_eta_r</strong>     0.0027475     0.0027252     0.0028578      0.0029189       0.0027175      0.0028638       0.0028311       0.0028311  
    <strong>OMEGA       </strong>       0.10904       0.11012       0.12702       0.075837        0.082711       0.059905        0.058086        0.058086  
    <strong>ALPHA_X     </strong>    3.0999e-13    1.0328e-12    7.8215e-13              0      6.5762e-07     4.2194e-14      7.8215e-13      7.8215e-13  
    <strong>ALPHA_PI    </strong>    1.2377e-24    1.0786e-24    6.6497e-25              0      2.7097e-21      3.239e-24      6.6497e-25      6.6497e-25  
    <strong>RHO_PI      </strong>       0.24752       0.24888       0.21797        0.18637         0.38893        0.38631         0.38649         0.38649  
    <strong>RHO_G       </strong>        0.3389       0.33817       0.33454        0.33824         0.35356        0.37703         0.39602         0.39602  
    <strong>RHO_X       </strong>       0.28437       0.28302       0.32249        0.35757         0.15869        0.16778          0.1654          0.1654  
    <strong>RHO_A       </strong>       0.91536       0.91241       0.90414        0.95187         0.90873        0.90453          0.9048          0.9048  
    <strong>RHO_E       </strong>       0.98143       0.98155        0.9809         0.9789         0.99182        0.99105         0.99067         0.99067  
    <strong>Log-Lik     </strong>        1215.4        1215.4        1215.3           1215          1213.8         1213.5          1213.2          1213.2  

  Standard Errors
                          <strong>cmaes_dsge</strong>                  <strong>cmaes</strong>                    <strong>fmincon</strong>                <strong>sa_resampling</strong>               <strong>fminsearch</strong>              <strong>fminsearchbnd</strong>                <strong>fminunc</strong>                <strong>simulannealbnd</strong>    
                    <strong>______________________</strong>    <strong>______________________</strong>    <strong>______________________</strong>    <strong>______________________</strong>    <strong>______________________</strong>    <strong>______________________</strong>    <strong>______________________</strong>    <strong>______________________</strong>

    <strong>skew_eta_a  </strong>             0+0.12005i          0.28429+0i                0.30914+0i               0.082506+0i              0.0057324+0i                0.24779+0i                      0+0.061683i               0+0.061683i  
    <strong>skew_eta_e  </strong>       0.15289+0i                      0+0.037881i         0.22867+0i                      0+0.15203i         0.010822+0i                0.34343+0i                      0+0.012583i               0+0.012581i  
    <strong>skew_eta_z  </strong>             0+0.40143i          0.28826+0i                0.34727+0i                      0+0.22172i         0.025271+0i                0.67729+0i                      0+0.26692i                0+0.26692i   
    <strong>skew_eta_r  </strong>             0+0.094492i         0.18702+0i                0.18372+0i                      0+0.026585i        0.022807+0i                      0+0.040137i        0.014645+0i               0.014651+0i         
    <strong>stderr_eta_a</strong>             0+0.0038311i              0+0.0031556i              0+0.0041674i              0+0.019025i      0.00063972+0i              0.0020454+0i                      0+0.0028472i              0+0.0028472i 
    <strong>stderr_eta_e</strong>             0+0.00015317i             0+2.112e-05i              0+1.5304e-05i             0+1.6562e-05i    3.7871e-05+0i             0.00010037+0i                      0+2.7371e-05i             0+2.7368e-05i
    <strong>stderr_eta_z</strong>             0+0.0014902i     0.00087199+0i             0.00094175+0i              0.0010221+0i              0.0015431+0i              0.0001515+0i             0.00099005+0i             0.00099006+0i         
    <strong>stderr_eta_r</strong>    0.00014686+0i             0.00023643+0i               0.000289+0i                      0+7.0949e-05i    0.00023315+0i             0.00030828+0i             0.00040078+0i              0.0004008+0i         
    <strong>OMEGA       </strong>             0+0.0049367i       0.045699+0i               0.050075+0i              0.0053036+0i              0.0022009+0i               0.066073+0i                      0+0.0032228i              0+0.0032224i 
    <strong>ALPHA_X     </strong>    0.00070229+0i             0.00089845+0i             0.00063816+0i             0.00020906+0i                      0+0.00048516i             0+0.00031061i             0+0.00031701i             0+0.00031701i
    <strong>ALPHA_PI    </strong>             0+0.00063157i             0+0.00059567i             0+0.00080223i             0+0.00062284i             0+0.0001541i              0+0.0005227i              0+0.00054637i             0+0.00054638i
    <strong>RHO_PI      </strong>             0+0.20528i         0.058702+0i               0.073143+0i               0.079095+0i               0.010279+0i                0.11004+0i                      0+0.025996i               0+0.025996i  
    <strong>RHO_G       </strong>             0+0.0013772i       0.039158+0i               0.042242+0i               0.032932+0i              0.0078984+0i               0.051852+0i               0.085583+0i               0.085587+0i         
    <strong>RHO_X       </strong>             0+0.019882i               0+0.0033706i       0.064033+0i                      0+0.050572i        0.006195+0i                      0+0.00091146i      0.002464+0i              0.0024638+0i         
    <strong>RHO_A       </strong>             0+0.014259i               0+0.015423i               0+0.024587i               0+0.027584i        0.011573+0i              0.0031494+0i                      0+0.010629i               0+0.010629i  
    <strong>RHO_E       </strong>             0+0.020407i        0.017374+0i               0.018671+0i               0.014943+0i              0.0094436+0i               0.013378+0i               0.011873+0i               0.011873+0i         
    <strong>Log-Lik     </strong>        1215.4+0i                 1215.4+0i                 1215.3+0i                   1215+0i                 1213.8+0i                 1213.5+0i                 1213.2+0i                 1213.2+0i         

Final value of the best log-likelihood function: 1215.3727
Likelihood Ratio Test Statistic = 15.62 with p-val = 0.0036
****************************************************************************************************



Run maximum likelihood estimation with Pruned Skewed Kalman filter for all parameters using different optimizers in parallel:
