
options_ = 

  <a href="matlab:helpPopup struct" style="font-weight:bold">struct</a> with fields:

         computer_arch: 'glnxa64'
                  dsge: 1
             optim_opt: [1×1 struct]
                kalman: [1×1 struct]
            parameters: [1×1 struct]
              datafile: "post_1980"
              filename: 'results_ireland2004_post_1980_glnxa64'
           optim_names: "fminsearchbnd"
               poolobj: [1×1 parallel.ProcessPool]
    physical_cores_nbr: 24
               logfile: 'results/results_ireland2004_post_1980_glnxa64.log'


ans = 

  <a href="matlab:helpPopup struct" style="font-weight:bold">struct</a> with fields:

                   Display: 'final'
               MaxFunEvals: 1000000
                   MaxIter: 10000
                    TolFun: 1.000000000000000e-04
                      TolX: 1.000000000000000e-04
               FunValCheck: []
                 OutputFcn: []
                  PlotFcns: []
           ActiveConstrTol: []
                 Algorithm: []
    AlwaysHonorConstraints: []
           DerivativeCheck: []
               Diagnostics: []
             DiffMaxChange: []
             DiffMinChange: []
            FinDiffRelStep: []
               FinDiffType: []
         GoalsExactAchieve: []
                GradConstr: []
                   GradObj: []
                   HessFcn: []
                   Hessian: []
                  HessMult: []
               HessPattern: []
                HessUpdate: []
          InitBarrierParam: []
     InitTrustRegionRadius: []
                  Jacobian: []
                 JacobMult: []
              JacobPattern: []
                LargeScale: []
                  MaxNodes: []
                MaxPCGIter: []
             MaxProjCGIter: []
                MaxSQPIter: []
                   MaxTime: []
             MeritFunction: []
                 MinAbsMax: []
        NoStopIfFlatInfeas: []
            ObjectiveLimit: []
      PhaseOneTotalScaling: []
            Preconditioner: []
          PrecondBandWidth: []
            RelLineSrchBnd: []
    RelLineSrchBndDuration: []
              ScaleProblem: []
       SubproblemAlgorithm: []
                    TolCon: []
                 TolConSQP: []
                TolGradCon: []
                    TolPCG: []
                 TolProjCG: []
              TolProjCGAbs: []
                  TypicalX: []
               UseParallel: []
        penalize_objective: 0


ans = 

  <a href="matlab:helpPopup struct" style="font-weight:bold">struct</a> with fields:

         csn: [1×1 struct]
    lik_init: 1


ans = 

  <a href="matlab:helpPopup struct" style="font-weight:bold">struct</a> with fields:

          prune_tol: 0.010000000000000
        cdfmvna_fct: "logmvncdf_ME"
    prune_algorithm: "correlations"
     initval_search: 0


ans = 

  <a href="matlab:helpPopup struct" style="font-weight:bold">struct</a> with fields:

    skewness_bounds: [-0.990000000000000 0.990000000000000]
    use_stderr_skew: 1
          transform: [1×1 struct]


ans = 

  <a href="matlab:helpPopup struct" style="font-weight:bold">struct</a> with fields:

           OMEGA: 1
         ALPHA_X: 1
        ALPHA_PI: 1
      skew_eta_a: 1
      skew_eta_e: 1
      skew_eta_z: 1
      skew_eta_r: 1
    stderr_eta_a: 1
    stderr_eta_e: 1
    stderr_eta_z: 1
    stderr_eta_r: 1

****************************************************************************************************
SUMMARY GAUSSIAN

  Point Estimates
                       <strong>fminsearchbnd</strong>    
                    <strong>____________________</strong>

    <strong>stderr_eta_a</strong>      0.0301682128171041
    <strong>stderr_eta_e</strong>    0.000247649846973965
    <strong>stderr_eta_z</strong>     0.00886472172252444
    <strong>stderr_eta_r</strong>     0.00279031484923346
    <strong>OMEGA       </strong>      0.0580863801063956
    <strong>ALPHA_X     </strong>    7.82146894362964e-13
    <strong>ALPHA_PI    </strong>    6.64969124336779e-25
    <strong>RHO_PI      </strong>       0.386487659090437
    <strong>RHO_G       </strong>         0.3960150299785
    <strong>RHO_X       </strong>       0.165397061090034
    <strong>RHO_A       </strong>       0.904798400634533
    <strong>RHO_E       </strong>       0.990673164151818
    <strong>Log-Lik     </strong>        1207.56187557594

  Standard Errors
                       <strong>fminsearchbnd</strong>    
                    <strong>____________________</strong>

    <strong>stderr_eta_a</strong>      0.0165843725394132
    <strong>stderr_eta_e</strong>    0.000127123365498182
    <strong>stderr_eta_z</strong>     0.00145098045360481
    <strong>stderr_eta_r</strong>    0.000370309114166725
    <strong>OMEGA       </strong>       0.087667119531761
    <strong>ALPHA_X     </strong>     0.00434253852285128
    <strong>ALPHA_PI    </strong>     0.00253218989667347
    <strong>RHO_PI      </strong>       0.127283223386075
    <strong>RHO_G       </strong>      0.0650113653311074
    <strong>RHO_X       </strong>      0.0614933444839923
    <strong>RHO_A       </strong>      0.0596022823355991
    <strong>RHO_E       </strong>      0.0155087827089404
    <strong>Log-Lik     </strong>        1207.56187557594

Final value of the best Gaussian log-likelihood function: 1207.5619
****************************************************************************************************



Run maximum likelihood estimation with Pruned Skewed Kalman filter for all parameters using different optimizers in parallel:
****************************************************************************************************
SUMMARY CSN

  Point Estimates
                       <strong>fminsearchbnd</strong>    
                    <strong>____________________</strong>

    <strong>skew_eta_a  </strong>      -0.199476845780698
    <strong>skew_eta_e  </strong>      -0.219831819632701
    <strong>skew_eta_z  </strong>      -0.980638598133572
    <strong>skew_eta_r  </strong>       0.802096112557712
    <strong>stderr_eta_a</strong>      0.0246276415135945
    <strong>stderr_eta_e</strong>    0.000207256302224018
    <strong>stderr_eta_z</strong>     0.00788801449800429
    <strong>stderr_eta_r</strong>     0.00284034920521158
    <strong>OMEGA       </strong>       0.158436799099959
    <strong>ALPHA_X     </strong>    0.000249329107848503
    <strong>ALPHA_PI    </strong>    6.42038772032608e-05
    <strong>RHO_PI      </strong>       0.282938068633378
    <strong>RHO_G       </strong>       0.340171292305377
    <strong>RHO_X       </strong>       0.284027787910484
    <strong>RHO_A       </strong>         0.9145838239028
    <strong>RHO_E       </strong>       0.981044802546858
    <strong>Log-Lik     </strong>        1215.84676901989

  Standard Errors
                       <strong>fminsearchbnd</strong>    
                    <strong>____________________</strong>

    <strong>skew_eta_a  </strong>      0.0176448381418047
    <strong>skew_eta_e  </strong>      0.0174512150552463
    <strong>skew_eta_z  </strong>       0.060701491373001
    <strong>skew_eta_r  </strong>      0.0432426319166267
    <strong>stderr_eta_a</strong>     0.00241578471201394
    <strong>stderr_eta_e</strong>    7.49419162884851e-05
    <strong>stderr_eta_z</strong>      0.0005337214814254
    <strong>stderr_eta_r</strong>    0.000221086483437503
    <strong>OMEGA       </strong>     0.00907507320622419
    <strong>ALPHA_X     </strong>    1.77398512910385e-06
    <strong>ALPHA_PI    </strong>     0.00192492515060152
    <strong>RHO_PI      </strong>       0.022472347783179
    <strong>RHO_G       </strong>      0.0222863139715665
    <strong>RHO_X       </strong>     0.00301135069396514
    <strong>RHO_A       </strong>      0.0100830422166699
    <strong>RHO_E       </strong>      0.0324107881235321
    <strong>Log-Lik     </strong>        1215.84676901989

Final value of the best CSN log-likelihood function: 1215.8468
Likelihood Ratio Test Statistic = 16.57 with p-val = 0.0023
****************************************************************************************************

