
options_ = 

  <a href="matlab:helpPopup struct" style="font-weight:bold">struct</a> with fields:

         computer_arch: 'glnxa64'
                  dsge: 1
             optim_opt: [1×1 struct]
                kalman: [1×1 struct]
            parameters: [1×1 struct]
              filename: 'results_ireland2004_stderrskew1_KalmanInit1_FixAx1_FixAp0_glnxa64'
               poolobj: [0×0 parallel.Pool]
    physical_cores_nbr: 24
               logfile: 'results/results_ireland2004_stderrskew1_KalmanInit1_FixAx1_FixAp0_glnxa64.log'


ans = 

  <a href="matlab:helpPopup struct" style="font-weight:bold">struct</a> with fields:

                   Display: 'final'
               MaxFunEvals: 1000000
                   MaxIter: 10000
                    TolFun: 1.0000e-04
                      TolX: 1.0000e-04
               FunValCheck: []
                 OutputFcn: []
                  PlotFcns: []
           ActiveConstrTol: []
                 Algorithm: []
    AlwaysHonorConstraints: []
           DerivativeCheck: []
               Diagnostics: []
             DiffMaxChange: []
             DiffMinChange: []
            FinDiffRelStep: []
               FinDiffType: []
         GoalsExactAchieve: []
                GradConstr: []
                   GradObj: []
                   HessFcn: []
                   Hessian: []
                  HessMult: []
               HessPattern: []
                HessUpdate: []
          InitBarrierParam: []
     InitTrustRegionRadius: []
                  Jacobian: []
                 JacobMult: []
              JacobPattern: []
                LargeScale: []
                  MaxNodes: []
                MaxPCGIter: []
             MaxProjCGIter: []
                MaxSQPIter: []
                   MaxTime: []
             MeritFunction: []
                 MinAbsMax: []
        NoStopIfFlatInfeas: []
            ObjectiveLimit: []
      PhaseOneTotalScaling: []
            Preconditioner: []
          PrecondBandWidth: []
            RelLineSrchBnd: []
    RelLineSrchBndDuration: []
              ScaleProblem: []
       SubproblemAlgorithm: []
                    TolCon: []
                 TolConSQP: []
                TolGradCon: []
                    TolPCG: []
                 TolProjCG: []
              TolProjCGAbs: []
                  TypicalX: []
               UseParallel: []
                     names: ["cmaes"    "cmaes_dsge"    "fminsearch"    "fminsearchbnd"    "fmincon"    "fminunc"]
        penalize_objective: 0


ans = 

  <a href="matlab:helpPopup struct" style="font-weight:bold">struct</a> with fields:

         csn: [1×1 struct]
    lik_init: 1


ans = 

  <a href="matlab:helpPopup struct" style="font-weight:bold">struct</a> with fields:

          prune_tol: 0.0100
        cdfmvna_fct: "logmvncdf_ME"
    prune_algorithm: "correlations"
     initval_search: 1


ans = 

  <a href="matlab:helpPopup struct" style="font-weight:bold">struct</a> with fields:

    skewness_bounds: [-0.9500 0.9500]
    use_stderr_skew: 1
                fix: [1×1 struct]
          transform: [1×1 struct]


ans = 

  <a href="matlab:helpPopup struct" style="font-weight:bold">struct</a> with fields:

           OMEGA: 1
      skew_eta_a: 1
      skew_eta_e: 1
      skew_eta_z: 1
      skew_eta_r: 1
    stderr_eta_a: 1
    stderr_eta_e: 1
    stderr_eta_z: 1
    stderr_eta_r: 1
        ALPHA_PI: 1


ans = 

  <a href="matlab:helpPopup struct" style="font-weight:bold">struct</a> with fields:

     ALPHA_X: 1
    ALPHA_PI: 0

****************************************************************************************************
SUMMARY GAUSSIAN

  Point Estimates
                    <strong>fminsearch</strong>     <strong>fmincon</strong>      <strong>fminsearchbnd</strong>    <strong>cmaes_dsge</strong>    <strong>cmaes</strong>     <strong>fminunc</strong>
                    <strong>__________</strong>    <strong>__________</strong>    <strong>_____________</strong>    <strong>__________</strong>    <strong>______</strong>    <strong>_______</strong>

    <strong>stderr_eta_a</strong>      0.030168      0.030161       0.030164        0.030151    0.0302    0.0302 
    <strong>stderr_eta_e</strong>    0.00024765    0.00024764     0.00024772      0.00024765    0.0002    0.0002 
    <strong>stderr_eta_z</strong>     0.0088647     0.0088645      0.0088639       0.0088644    0.0089    0.0089 
    <strong>stderr_eta_r</strong>     0.0027903     0.0027904      0.0027904       0.0027904    0.0028    0.0028 
    <strong>OMEGA       </strong>      0.058086      0.058122       0.058192        0.058209    0.0581    0.0581 
    <strong>ALPHA_PI    </strong>    1.8084e-13    3.8558e-09     6.4803e-05      9.5478e-05    0.0001    0.0001 
    <strong>RHO_PI      </strong>       0.38649       0.38643        0.38652         0.38647    0.3866    0.3866 
    <strong>RHO_G       </strong>       0.39602       0.39602        0.39601         0.39602     0.396     0.396 
    <strong>RHO_X       </strong>        0.1654       0.16546        0.16541         0.16543    0.1654    0.1654 
    <strong>RHO_A       </strong>        0.9048       0.90478        0.90479         0.90474    0.9048    0.9048 
    <strong>RHO_E       </strong>       0.99067       0.99066        0.99067         0.99067    0.9907    0.9907 
    <strong>Log-Lik     </strong>        1207.6        1207.6         1207.6          1207.6    1206.2    1206.2 

  Standard Errors
                    <strong>fminsearch</strong>     <strong>fmincon</strong>      <strong>fminsearchbnd</strong>    <strong>cmaes_dsge</strong>           <strong>cmaes</strong>                 <strong>fminunc</strong>      
                    <strong>__________</strong>    <strong>__________</strong>    <strong>_____________</strong>    <strong>__________</strong>    <strong>___________________</strong>    <strong>___________________</strong>

    <strong>stderr_eta_a</strong>      0.016584      0.016582       0.016596        0.016937     0.0072261+0i           0.0072261+0i      
    <strong>stderr_eta_e</strong>    0.00012712    0.00012725      0.0001273      0.00014562    3.6275e-05+0i          3.6275e-05+0i      
    <strong>stderr_eta_z</strong>      0.001451     0.0014525      0.0014532       0.0016897     0.0005651+0i           0.0005651+0i      
    <strong>stderr_eta_r</strong>     0.0003703    0.00037034     0.00037031       0.0003706    0.00036984+0i          0.00036984+0i      
    <strong>OMEGA       </strong>      0.087667      0.087805       0.087859        0.099024      0.030525+0i            0.030525+0i      
    <strong>ALPHA_PI    </strong>     0.0025322     0.0025322      0.0025314          0.1356      0.086888+0i            0.086888+0i      
    <strong>RHO_PI      </strong>       0.12728       0.12733        0.12736         0.13629       0.11894+0i             0.11894+0i      
    <strong>RHO_G       </strong>      0.065011      0.065037       0.065031        0.067707      0.054262+0i            0.054262+0i      
    <strong>RHO_X       </strong>      0.061493      0.061571       0.061539        0.062432             0+0.01081i             0+0.01081i
    <strong>RHO_A       </strong>      0.059602      0.059614       0.059634        0.060025      0.028736+0i            0.028736+0i      
    <strong>RHO_E       </strong>      0.015509      0.015554       0.015528        0.016335     0.0095454+0i           0.0095454+0i      
    <strong>Log-Lik     </strong>        1207.6        1207.6         1207.6          1207.6        1206.2+0i              1206.2+0i      

Final value of the best Gaussian log-likelihood function: 1207.5619
****************************************************************************************************

INITIAL VALUES: For initial value search, we use a pruning threshold of 10%. This will be re-set at the final stage.


INITIAL VALUES: Running grid search for CSN skewness/gamma parameters:
  0%[>                                                  ]
                      <strong>best 1</strong>        <strong>best 2</strong>        <strong>best 3</strong>  
                    <strong>__________</strong>    <strong>__________</strong>    <strong>__________</strong>

    <strong>stderr eta_a</strong>      0.030168      0.030168      0.030168
    <strong>stderr eta_e</strong>    0.00024765    0.00024765    0.00024765
    <strong>stderr eta_z</strong>     0.0088647     0.0088647     0.0088647
    <strong>stderr eta_r</strong>     0.0027903     0.0027903     0.0027903

                   <strong>best 1</strong>      <strong>best 2</strong>      <strong>best 3</strong> 
                  <strong>________</strong>    <strong>________</strong>    <strong>________</strong>

    <strong>skew eta_a</strong>    -0.13571    -0.13571    -0.13571
    <strong>skew eta_e</strong>    -0.13571    -0.13571    -0.27143
    <strong>skew eta_z</strong>    -0.67857    -0.81429    -0.27143
    <strong>skew eta_r</strong>     0.54286     0.54286     0.54286

               <strong>best 1</strong>    <strong>best 2</strong>    <strong>best 3</strong>
               <strong>______</strong>    <strong>______</strong>    <strong>______</strong>

    <strong>Log-Lik</strong>     1212     1211.9    1211.9


INITIAL VALUES: Optimize over both Sigma_eta/stderr_eta as well as Gamma_eta/Skew_eta using best values from grid search for CSN skewness/gamma parameter:
****************************************************************************************************
SUMMARY INITVAL STAGE 1

  Point Estimates
                    <strong>cmaes_init_2</strong>    <strong>cmaes_dsge_init_1</strong>    <strong>cmaes_dsge_init_2</strong>    <strong>cmaes_init_1</strong>    <strong>cmaes_init_3</strong>    <strong>cmaes_dsge_init_3</strong>    <strong>fminsearch_init_2</strong>    <strong>fminsearchbnd_init_2</strong>    <strong>fminsearch_init_1</strong>    <strong>fminsearchbnd_init_1</strong>    <strong>fminsearch_init_3</strong>    <strong>fminsearchbnd_init_3</strong>    <strong>fmincon_init_3</strong>    <strong>fminunc_init_1</strong>    <strong>fmincon_init_1</strong>    <strong>fminunc_init_2</strong>    <strong>fminunc_init_3</strong>    <strong>fmincon_init_2</strong>
                    <strong>____________</strong>    <strong>_________________</strong>    <strong>_________________</strong>    <strong>____________</strong>    <strong>____________</strong>    <strong>_________________</strong>    <strong>_________________</strong>    <strong>____________________</strong>    <strong>_________________</strong>    <strong>____________________</strong>    <strong>_________________</strong>    <strong>____________________</strong>    <strong>______________</strong>    <strong>______________</strong>    <strong>______________</strong>    <strong>______________</strong>    <strong>______________</strong>    <strong>______________</strong>

    <strong>skew_eta_a  </strong>       -0.13565          -0.14292             -0.13668           -0.13859        -0.15306          -0.15312              -0.1398                -0.1398              -0.14173               -0.14173              -0.15063               -0.15063             -0.16143          -0.13582          -0.13977          -0.13588          -0.13636          -0.13577  
    <strong>skew_eta_e  </strong>       -0.20599          -0.20751             -0.19675           -0.19506        -0.23129           -0.3114             -0.13748               -0.13748              -0.14466               -0.14466              -0.25393               -0.25393              -0.2767          -0.13584          -0.14039          -0.13588          -0.27151          -0.13577  
    <strong>skew_eta_z  </strong>       -0.79809           -0.7257             -0.78942           -0.72073        -0.31357           -0.3173             -0.77546               -0.77546              -0.67211               -0.67211              -0.27869               -0.27869             -0.28384          -0.67855          -0.67783          -0.81426          -0.27165          -0.81428  
    <strong>skew_eta_r  </strong>        0.61351           0.60372              0.60148            0.59569         0.57647           0.59297              0.57497                0.57497               0.53181                0.53181               0.54373                0.54373              0.53858           0.54276           0.53942            0.5427           0.54265           0.54281  
    <strong>stderr_eta_a</strong>       0.027498          0.027666             0.027709            0.02776        0.027875          0.027929             0.027957               0.027957              0.028798               0.028798              0.028084               0.028084              0.02808          0.030059          0.026844           0.02998          0.029921          0.030106  
    <strong>stderr_eta_e</strong>     0.00027719        0.00027281           0.00027401         0.00027228      0.00026856         0.0002668           0.00027148             0.00027148            0.00025135             0.00025135            0.00026423             0.00026423           0.00027598        0.00024847        0.00027705        0.00024943        0.00024881        0.00024824  
    <strong>stderr_eta_z</strong>       0.008915         0.0089359              0.00892          0.0089117       0.0088318         0.0088731            0.0088708              0.0088708              0.009003               0.009003             0.0087635              0.0087635            0.0089065         0.0088764         0.0092324         0.0088925         0.0088744         0.0088739  
    <strong>stderr_eta_r</strong>      0.0028348         0.0028267            0.0028372          0.0028281       0.0027902         0.0028114            0.0028131              0.0028131             0.0028579              0.0028579             0.0028609              0.0028609            0.0027184         0.0027895          0.002762         0.0027891         0.0027906         0.0027899  
    <strong>Log-Lik     </strong>         1213.2              1213                 1213               1213          1212.7            1212.6               1212.6                 1212.6                1212.6                 1212.6                1212.4                 1212.4               1212.2            1212.1            1212.1              1212              1212              1212  

  Standard Errors
                    <strong>cmaes_init_2</strong>    <strong>cmaes_dsge_init_1</strong>      <strong>cmaes_dsge_init_2</strong>          <strong>cmaes_init_1</strong>             <strong>cmaes_init_3</strong>           <strong>cmaes_dsge_init_3</strong>       <strong>fminsearch_init_2</strong>    <strong>fminsearchbnd_init_2</strong>      <strong>fminsearch_init_1</strong>        <strong>fminsearchbnd_init_1</strong>     <strong>fminsearch_init_3</strong>    <strong>fminsearchbnd_init_3</strong>    <strong>fmincon_init_3</strong>    <strong>fminunc_init_1</strong>        <strong>fmincon_init_1</strong>        <strong>fminunc_init_2</strong>       <strong>fminunc_init_3</strong>        <strong>fmincon_init_2</strong>
                    <strong>____________</strong>    <strong>_________________</strong>    <strong>_____________________</strong>    <strong>____________________</strong>    <strong>______________________</strong>    <strong>______________________</strong>    <strong>_________________</strong>    <strong>____________________</strong>    <strong>______________________</strong>    <strong>______________________</strong>    <strong>_________________</strong>    <strong>____________________</strong>    <strong>______________</strong>    <strong>______________</strong>    <strong>______________________</strong>    <strong>______________</strong>    <strong>_____________________</strong>    <strong>______________</strong>

    <strong>skew_eta_a  </strong>        0.21317            0.1984           0.18595+0i               0.19661+0i                    0+0.022804i       0.0019576+0i                   0.19385                0.19385                  0+0.0044973i              0+0.0044973i           0.19689                0.19689               0.1997           0.18946         0.18555+0i                  0.22241         0.18244+0i                 0.22019  
    <strong>skew_eta_e  </strong>        0.32274           0.29973                 0+0.10918i         0.29372+0i             0.063875+0i              0.0023973+0i                   0.26185                0.26185                  0+0.0046291i              0+0.0046291i           0.35058                0.35058              0.35589          0.058966        0.011931+0i                  0.28805               0+0.0038571i         0.28834  
    <strong>skew_eta_z  </strong>        0.57289           0.54661                 0+0.014236i        0.47539+0i              0.48078+0i                      0+0.058475i            0.57523                0.57523                  0+0.021582i               0+0.021582i             0.5203                 0.5203              0.52858           0.66642         0.53589+0i                  0.68048               0+0.0084524i         0.66443  
    <strong>skew_eta_r  </strong>         0.1862           0.18196                 0+0.070664i         0.1778+0i              0.15456+0i                      0+0.010825i            0.05256                0.05256                  0+0.016592i               0+0.016592i            0.22008                0.22008              0.19067           0.20082         0.20501+0i                  0.22734       0.0091253+0i                 0.20811  
    <strong>stderr_eta_a</strong>      0.0027663         0.0027032                 0+0.0063789i     0.0025946+0i                    0+0.00027493i             0+0.00064065i        0.0041622              0.0041622                  0+0.00058188i             0+0.00058188i        0.0029312              0.0029312            0.0040425         0.0070133       0.0026159+0i                 0.003542       0.0012842+0i               0.0034788  
    <strong>stderr_eta_e</strong>     4.1849e-05         3.534e-05        2.3347e-05+0i            3.2768e-05+0i            3.086e-05+0i             2.8366e-05+0i                3.7679e-05             3.7679e-05         2.7572e-05+0i             2.7572e-05+0i                3.7573e-05             3.7573e-05           3.8419e-05         4.745e-05      3.3642e-05+0i               5.0854e-05      2.5806e-05+0i              4.9143e-05  
    <strong>stderr_eta_z</strong>      0.0014494         0.0009371                 0+0.0004231i             0+0.002093i             0+2.3482e-05i     0.0007538+0i                 0.0010176              0.0010176          0.0014697+0i              0.0014697+0i                0.00087191             0.00087191            0.0014787         0.0012426               0+3.7248e-05i       0.0010547               0+0.0010809i       0.0010195  
    <strong>stderr_eta_r</strong>     0.00022248        0.00022213        0.00017729+0i            0.00020945+0i           0.00024238+0i              0.0002406+0i                0.00024068             0.00024068         0.00027824+0i             0.00027824+0i                0.00031739             0.00031739           0.00022218        0.00042052      0.00025699+0i               0.00024603      0.00022197+0i              0.00022979  
    <strong>Log-Lik     </strong>         1213.2              1213              1213+0i                  1213+0i               1212.7+0i                 1212.6+0i                    1212.6                 1212.6             1212.6+0i                 1212.6+0i                    1212.4                 1212.4               1212.2            1212.1          1212.1+0i                     1212            1212+0i                    1212  

Final value of the best log-likelihood function: 1213.2115
****************************************************************************************************



INITIAL VALUES: Run maximum likelihood estimation with Pruned Skewed Kalman filter for all parameters using different optimizers in parallel:
****************************************************************************************************
SUMMARY INITVAL STAGE 2

  Point Estimates
                    <strong>cmaes_dsge</strong>      <strong>cmaes</strong>       <strong>fminsearch</strong>    <strong>fminsearchbnd</strong>     <strong>fmincon</strong>       <strong>fminunc</strong>  
                    <strong>__________</strong>    <strong>__________</strong>    <strong>__________</strong>    <strong>_____________</strong>    <strong>__________</strong>    <strong>__________</strong>

    <strong>skew_eta_a  </strong>      -0.18566     -0.053245       -0.1393       -0.13565        -0.13565      -0.13565
    <strong>skew_eta_e  </strong>      -0.32809      -0.26432      -0.20937       -0.20599        -0.20599      -0.20599
    <strong>skew_eta_z  </strong>      -0.76888      -0.80128       -0.7904       -0.79809        -0.79809      -0.79809
    <strong>skew_eta_r  </strong>       0.83381       0.79347       0.60594        0.61351         0.61351       0.61351
    <strong>stderr_eta_a</strong>      0.025777       0.02108      0.028787       0.027498        0.027498      0.027498
    <strong>stderr_eta_e</strong>    0.00017335    0.00015014    0.00026377     0.00027719      0.00027719    0.00027719
    <strong>stderr_eta_z</strong>     0.0087882     0.0087113     0.0088393       0.008915        0.008915      0.008915
    <strong>stderr_eta_r</strong>     0.0027591     0.0027791     0.0027827      0.0028348       0.0028348     0.0028348
    <strong>OMEGA       </strong>       0.10495       0.12232      0.068089       0.058086        0.058086      0.058086
    <strong>ALPHA_PI    </strong>    1.1053e-13    1.0964e-13    8.4468e-16     6.0177e-14      1.8084e-13    1.8084e-13
    <strong>RHO_PI      </strong>       0.21561       0.21208       0.37332        0.38649         0.38649       0.38649
    <strong>RHO_G       </strong>       0.34295       0.33923       0.36745        0.39602         0.39602       0.39602
    <strong>RHO_X       </strong>       0.29386       0.34577       0.16568         0.1654          0.1654        0.1654
    <strong>RHO_A       </strong>       0.91161       0.88989        0.9076         0.9048          0.9048        0.9048
    <strong>RHO_E       </strong>        0.9767        0.9833       0.99164        0.99067         0.99067       0.99067
    <strong>Log-Lik     </strong>        1215.4        1214.9        1213.6         1213.2          1213.2        1213.2

  Standard Errors
                         <strong>cmaes_dsge</strong>                <strong>cmaes</strong>                  <strong>fminsearch</strong>              <strong>fminsearchbnd</strong>                <strong>fmincon</strong>                   <strong>fminunc</strong>        
                    <strong>____________________</strong>    <strong>____________________</strong>    <strong>______________________</strong>    <strong>______________________</strong>    <strong>______________________</strong>    <strong>______________________</strong>

    <strong>skew_eta_a  </strong>     0.27676+0i                    0+0.58273i          0.21677+0i                      0+0.053003i               0+0.052998i               0+0.052998i  
    <strong>skew_eta_e  </strong>     0.22468+0i                    0+0.67945i          0.35281+0i                0.28664+0i                0.28663+0i                0.28663+0i         
    <strong>skew_eta_z  </strong>     0.21415+0i              0.38977+0i                0.67431+0i                      0+0.50214i                0+0.50215i                0+0.50215i   
    <strong>skew_eta_r  </strong>           0+0.023669i             0+0.70457i        0.0072671+0i                0.16929+0i                0.16929+0i                0.16929+0i         
    <strong>stderr_eta_a</strong>           0+0.003683i      0.003013+0i                      0+0.00093186i             0+0.0019829i              0+0.001983i               0+0.001983i  
    <strong>stderr_eta_e</strong>           0+3.3054e-05i           0+9.8935e-05i             0+6.5865e-05i             0+0.00010613i             0+0.00010613i             0+0.00010613i
    <strong>stderr_eta_z</strong>           0+0.00030041i           0+0.0016454i     0.00071555+0i                      0+0.0026885i              0+0.0026885i              0+0.0026885i 
    <strong>stderr_eta_r</strong>           0+0.00026047i           0+0.00015911i    0.00028215+0i             0.00032036+0i             0.00032036+0i             0.00032036+0i         
    <strong>OMEGA       </strong>    0.023205+0i                    0+0.08924i         0.056601+0i                      0+0.11233i                0+0.11233i                0+0.11233i   
    <strong>ALPHA_PI    </strong>           0+0.00071099i           0+0.00078807i             0+0.00051134i             0+0.00053932i             0+0.00053931i             0+0.00053931i
    <strong>RHO_PI      </strong>           0+0.039922i             0+0.058536i               0+0.038552i        0.078746+0i               0.078745+0i               0.078745+0i         
    <strong>RHO_G       </strong>           0+0.016795i             0+0.090605i        0.052452+0i                0.05176+0i                0.05176+0i                0.05176+0i         
    <strong>RHO_X       </strong>           0+0.031754i             0+0.04715i        0.0064504+0i                      0+0.00035778i             0+0.00035779i             0+0.00035779i
    <strong>RHO_A       </strong>           0+0.02794i              0+0.0073345i      0.0086695+0i                      0+0.021061i               0+0.021061i               0+0.021061i  
    <strong>RHO_E       </strong>           0+0.0098587i            0+0.058942i       0.0089318+0i               0.011807+0i               0.011808+0i               0.011808+0i         
    <strong>Log-Lik     </strong>      1215.4+0i               1214.9+0i                 1213.6+0i                 1213.2+0i                 1213.2+0i                 1213.2+0i         

Final value of the best log-likelihood function: 1215.3859
Likelihood Ratio Test Statistic = 15.65 with p-val = 0.0035
****************************************************************************************************



Run maximum likelihood estimation with Pruned Skewed Kalman filter for all parameters using different optimizers in parallel:
****************************************************************************************************
SUMMARY CSN

  Point Estimates
                      <strong>cmaes</strong>       <strong>cmaes_dsge</strong>     <strong>fmincon</strong>      <strong>fminsearch</strong>    <strong>fminsearchbnd</strong>     <strong>fminunc</strong>  
                    <strong>__________</strong>    <strong>__________</strong>    <strong>__________</strong>    <strong>__________</strong>    <strong>_____________</strong>    <strong>__________</strong>

    <strong>skew_eta_a  </strong>       -0.2038      -0.20338      -0.19551      -0.15856       -0.20066        -0.18566
    <strong>skew_eta_e  </strong>      -0.22383      -0.22244      -0.21221      -0.20879       -0.20277        -0.32809
    <strong>skew_eta_z  </strong>      -0.94996      -0.94959         -0.95      -0.89596       -0.84535        -0.76888
    <strong>skew_eta_r  </strong>       0.81266       0.81272        0.8177       0.81201        0.82806         0.83381
    <strong>stderr_eta_a</strong>      0.025632      0.025616      0.024913      0.024164       0.024446        0.025777
    <strong>stderr_eta_e</strong>    0.00020701    0.00020671    0.00020104    0.00018821     0.00016884      0.00017335
    <strong>stderr_eta_z</strong>     0.0079239     0.0079252     0.0080051     0.0081373      0.0081976       0.0087882
    <strong>stderr_eta_r</strong>     0.0028411     0.0028421     0.0028412     0.0028272      0.0028528       0.0027591
    <strong>OMEGA       </strong>       0.15026        0.1504       0.14991        0.1452        0.14258         0.10495
    <strong>ALPHA_PI    </strong>    1.9415e-13    1.0536e-12    1.1052e-13    6.5823e-14     2.1524e-18      1.1053e-13
    <strong>RHO_PI      </strong>        0.2774       0.27719       0.27183       0.25076        0.22866         0.21561
    <strong>RHO_G       </strong>       0.33925       0.33931       0.33878       0.34026        0.34221         0.34295
    <strong>RHO_X       </strong>       0.28386       0.28395       0.29028       0.29927         0.3048         0.29386
    <strong>RHO_A       </strong>       0.91881       0.91881       0.91571        0.9121        0.91444         0.91161
    <strong>RHO_E       </strong>       0.97976       0.97979       0.97999       0.97935        0.98188          0.9767
    <strong>Log-Lik     </strong>        1215.8        1215.8        1215.8        1215.8         1215.7          1215.2

  Standard Errors
                            <strong>cmaes</strong>                   <strong>cmaes_dsge</strong>                 <strong>fmincon</strong>                 <strong>fminsearch</strong>              <strong>fminsearchbnd</strong>               <strong>fminunc</strong>       
                    <strong>______________________</strong>    <strong>______________________</strong>    <strong>______________________</strong>    <strong>_____________________</strong>    <strong>______________________</strong>    <strong>____________________</strong>

    <strong>skew_eta_a  </strong>      0.011115+0i               0.012168+0i               0.023875+0i              0.0070139+0i             0.0079882+0i              0.27676+0i         
    <strong>skew_eta_e  </strong>      0.010185+0i               0.010228+0i               0.025586+0i              0.0091148+0i              0.008206+0i              0.22468+0i         
    <strong>skew_eta_z  </strong>      0.061954+0i               0.061801+0i               0.057742+0i               0.038494+0i              0.032243+0i              0.21415+0i         
    <strong>skew_eta_r  </strong>      0.043087+0i               0.046066+0i               0.089227+0i               0.035299+0i              0.030108+0i                    0+0.023669i  
    <strong>stderr_eta_a</strong>     0.0018171+0i              0.0018818+0i              0.0052828+0i              0.0013522+0i            0.00059926+0i                    0+0.003683i  
    <strong>stderr_eta_e</strong>             0+3.3588e-05i             0+3.9955e-05i    3.4547e-05+0i             0.00011581+0i                     0+0.00019722i           0+3.3054e-05i
    <strong>stderr_eta_z</strong>    0.00077721+0i             0.00077743+0i             0.00081861+0i             0.00098695+0i                     0+0.0013536i            0+0.00030041i
    <strong>stderr_eta_r</strong>    0.00020758+0i             0.00021023+0i             0.00063671+0i             0.00023902+0i            0.00023137+0i                    0+0.00026047i
    <strong>OMEGA       </strong>     0.0083933+0i              0.0090863+0i               0.021545+0i              0.0066605+0i             0.0049188+0i             0.023205+0i         
    <strong>ALPHA_PI    </strong>             0+0.00070703i             0+0.0007103i              0+0.00073116i             0+0.0010184i             0+0.00096156i           0+0.00071099i
    <strong>RHO_PI      </strong>      0.016837+0i               0.017959+0i               0.038314+0i               0.013176+0i                     0+0.0052466i            0+0.039922i  
    <strong>RHO_G       </strong>      0.015204+0i               0.015847+0i               0.031541+0i               0.014124+0i             0.0060877+0i                    0+0.016795i  
    <strong>RHO_X       </strong>             0+0.011767i               0+0.013301i        0.039993+0i                0.01328+0i                     0+0.01034i              0+0.031754i  
    <strong>RHO_A       </strong>     0.0099588+0i               0.011426+0i               0.039412+0i               0.015038+0i                     0+0.018485i             0+0.02794i   
    <strong>RHO_E       </strong>             0+0.023385i               0+0.026072i        0.025163+0i               0.055181+0i                     0+0.099049i             0+0.0098587i 
    <strong>Log-Lik     </strong>        1215.8+0i                 1215.8+0i                 1215.8+0i                 1215.8+0i                1215.7+0i               1215.2+0i         

Final value of the best CSN log-likelihood function: 1215.8281
Likelihood Ratio Test Statistic = 16.53 with p-val = 0.0024
****************************************************************************************************

