
options_ = 

  <a href="matlab:helpPopup struct" style="font-weight:bold">struct</a> with fields:

         computer_arch: 'win64'
                  dsge: 1
             optim_opt: [1×1 struct]
                kalman: [1×1 struct]
            parameters: [1×1 struct]
              filename: 'results_ireland2004_stderrskew1_KalmanInit1_FixAx0_FixAp0_R2023a_win64'
               poolobj: [1×1 parallel.ProcessPool]
    physical_cores_nbr: 18
               logfile: 'results/results_ireland2004_stderrskew1_KalmanInit1_FixAx0_FixAp0_R2023a_win64.log'


ans = 

  <a href="matlab:helpPopup struct" style="font-weight:bold">struct</a> with fields:

                   Display: 'final'
               MaxFunEvals: 100000
                   MaxIter: 10000
                    TolFun: 1.000000000000000e-04
                      TolX: 1.000000000000000e-04
               FunValCheck: []
                 OutputFcn: []
                  PlotFcns: []
           ActiveConstrTol: []
                 Algorithm: []
    AlwaysHonorConstraints: []
           DerivativeCheck: []
               Diagnostics: []
             DiffMaxChange: []
             DiffMinChange: []
            FinDiffRelStep: []
               FinDiffType: []
         GoalsExactAchieve: []
                GradConstr: []
                   GradObj: []
                   HessFcn: []
                   Hessian: []
                  HessMult: []
               HessPattern: []
                HessUpdate: []
          InitBarrierParam: []
     InitTrustRegionRadius: []
                  Jacobian: []
                 JacobMult: []
              JacobPattern: []
                LargeScale: []
                  MaxNodes: []
                MaxPCGIter: []
             MaxProjCGIter: []
                MaxSQPIter: []
                   MaxTime: []
             MeritFunction: []
                 MinAbsMax: []
        NoStopIfFlatInfeas: []
            ObjectiveLimit: []
      PhaseOneTotalScaling: []
            Preconditioner: []
          PrecondBandWidth: []
            RelLineSrchBnd: []
    RelLineSrchBndDuration: []
              ScaleProblem: []
       SubproblemAlgorithm: []
                    TolCon: []
                 TolConSQP: []
                TolGradCon: []
                    TolPCG: []
                 TolProjCG: []
              TolProjCGAbs: []
                  TypicalX: []
               UseParallel: []
                     names: ["cmaes"    "cmaes_dsge"    "fminsearch"    "fminsearchbnd"    "fmincon"    "fminunc"]
        penalize_objective: 0


ans = 

  <a href="matlab:helpPopup struct" style="font-weight:bold">struct</a> with fields:

         csn: [1×1 struct]
    lik_init: 1


ans = 

  <a href="matlab:helpPopup struct" style="font-weight:bold">struct</a> with fields:

          prune_tol: 0.010000000000000
        cdfmvna_fct: "logmvncdf_ME"
    prune_algorithm: "correlations"
     initval_search: 0


ans = 

  <a href="matlab:helpPopup struct" style="font-weight:bold">struct</a> with fields:

    skewness_bounds: [-0.950000000000000 0.950000000000000]
    use_stderr_skew: 1
                fix: [1×1 struct]
          transform: [1×1 struct]


ans = 

  <a href="matlab:helpPopup struct" style="font-weight:bold">struct</a> with fields:

                    OMEGA: 1
                   RHO_PI: 0
                    RHO_G: 0
                    RHO_X: 0
                    RHO_A: 0
                    RHO_E: 0
               skew_eta_a: 1
               skew_eta_e: 1
               skew_eta_z: 1
               skew_eta_r: 1
             stderr_eta_a: 1
             stderr_eta_e: 1
             stderr_eta_z: 1
             stderr_eta_r: 1
    sqrt_diag_Sigma_eta_a: 1
    sqrt_diag_Sigma_eta_e: 1
    sqrt_diag_Sigma_eta_z: 1
    sqrt_diag_Sigma_eta_r: 1
         diag_Gamma_eta_a: 1
         diag_Gamma_eta_e: 1
         diag_Gamma_eta_z: 1
         diag_Gamma_eta_r: 1
                  ALPHA_X: 1
                 ALPHA_PI: 1


ans = 

  <a href="matlab:helpPopup struct" style="font-weight:bold">struct</a> with fields:

     ALPHA_X: 0
    ALPHA_PI: 0

****************************************************************************************************
SUMMARY GAUSSIAN

  Point Estimates
                         <strong>fminsearch</strong>            <strong>fminsearchbnd</strong>              <strong>fmincon</strong>                  <strong>cmaes</strong>               <strong>cmaes_dsge</strong>           <strong>fminunc</strong>     
                    <strong>____________________</strong>    <strong>____________________</strong>    <strong>____________________</strong>    <strong>____________________</strong>    <strong>________________</strong>    <strong>________________</strong>

    <strong>stderr_eta_a</strong>      0.0301680284506133      0.0301669301388058      0.0301607231057469       0.030260502936335              0.0302              0.0302
    <strong>stderr_eta_e</strong>    0.000247656247963507    0.000247667442769046    0.000247647469794015    0.000246548294578449              0.0002              0.0002
    <strong>stderr_eta_z</strong>     0.00886470795617054     0.00886457413107703     0.00886454225328327     0.00887907125163064              0.0089              0.0089
    <strong>stderr_eta_r</strong>     0.00279030526124307     0.00279029843419195     0.00279038822854886      0.0027886272055932              0.0028              0.0028
    <strong>OMEGA       </strong>      0.0580852429371911       0.058095798731577       0.058116228619776      0.0565223330119105              0.0581              0.0581
    <strong>ALPHA_X     </strong>    1.00000002173477e-05    1.89759891648368e-05    1.99934867097207e-05    2.06416800304202e-05               2e-05               2e-05
    <strong>ALPHA_PI    </strong>                   1e-05    1.78313174342337e-05    1.99812432332832e-05    1.95025460500838e-05               2e-05               2e-05
    <strong>RHO_PI      </strong>       0.386495021054571       0.386499818026712       0.386448802713832       0.385703674202501              0.3866              0.3866
    <strong>RHO_G       </strong>       0.396013739926323       0.396012259953528       0.396015935099668       0.395918121069977               0.396               0.396
    <strong>RHO_X       </strong>       0.165392800515066       0.165392421975326       0.165446627140315       0.165213183356198              0.1654              0.1654
    <strong>RHO_A       </strong>       0.904797281936984       0.904794392561828       0.904774835268769       0.904985422296887              0.9048              0.9048
    <strong>RHO_E       </strong>       0.990673295303714       0.990672239038219         0.9906578629721       0.990746554728991              0.9907              0.9907
    <strong>Log-Lik     </strong>        1207.56171298046        1207.56158089982        1207.56154980063        1207.56127592104    1206.22393291434    1206.22393291434

  Standard Errors (original variables)
                         <strong>fminsearch</strong>            <strong>fminsearchbnd</strong>              <strong>fmincon</strong>                  <strong>cmaes</strong>                           <strong>cmaes_dsge</strong>                                   <strong>fminunc</strong>                 
                    <strong>____________________</strong>    <strong>____________________</strong>    <strong>____________________</strong>    <strong>____________________</strong>    <strong>________________________________________</strong>    <strong>________________________________________</strong>

    <strong>stderr_eta_a</strong>      0.0165835971263839      0.0165812256917863      0.0165803334121734      0.0164861967613502     0.00677445191208432+0i                      0.00677445191208432+0i                 
    <strong>stderr_eta_e</strong>     0.00012712094955821    0.000127136803531439    0.000127234581927639    0.000124851991935671    3.11484708271761e-05+0i                     3.11484708271761e-05+0i                 
    <strong>stderr_eta_z</strong>     0.00145090088716998     0.00145106999823659     0.00145226700872697      0.0014217832825075    0.000497033674176422+0i                     0.000497033674176422+0i                 
    <strong>stderr_eta_r</strong>    0.000370305222041609    0.000370301848787212     0.00037033917436922    0.000369823986204718    0.000369849057003821+0i                     0.000369849057003821+0i                 
    <strong>OMEGA       </strong>      0.0876604921772656       0.087673870843736      0.0877824803888696       0.085049511310831      0.0156138804258614+0i                       0.0156138804258614+0i                 
    <strong>ALPHA_X     </strong>     0.00434243750089148      0.0043423744755957     0.00434168401806061     0.00434159482932731     0.00429831764534995+0i                      0.00429831764534995+0i                 
    <strong>ALPHA_PI    </strong>     0.00253210302652555      0.0025320017041284      0.0025319923312951     0.00253561126179115     0.00279728243337427+0i                      0.00279728243337427+0i                 
    <strong>RHO_PI      </strong>        0.12728225869836       0.127288627131697       0.127326243180941       0.126185237415337       0.117876542135879+0i                        0.117876542135879+0i                 
    <strong>RHO_G       </strong>      0.0650094229648469      0.0650102738230585      0.0650320460672562      0.0646851367784022      0.0523638402271354+0i                       0.0523638402271354+0i                 
    <strong>RHO_X       </strong>      0.0614895305296777      0.0614922125849162      0.0615595756780588      0.0608772130303587                       0+0.0373247357886337i                       0+0.0373247357886337i
    <strong>RHO_A       </strong>      0.0596016961794616      0.0595965402519691      0.0596102661571714      0.0591950391511844      0.0283849353144171+0i                       0.0283849353144171+0i                 
    <strong>RHO_E       </strong>      0.0155078154387216       0.015510335440953      0.0155499192310771      0.0152654928905524     0.00585497843763119+0i                      0.00585497843763119+0i                 
    <strong>Log-Lik     </strong>        1207.56171298046        1207.56158089982        1207.56154980063        1207.56127592104        1206.22393291434+0i                         1206.22393291434+0i                 

  Standard Errors (transformed variables)
                                    <strong>fminsearch</strong>          <strong>fminsearchbnd</strong>            <strong>fmincon</strong>                <strong>cmaes</strong>               <strong>cmaes_dsge</strong>             <strong>fminunc</strong>      
                                <strong>__________________</strong>    <strong>__________________</strong>    <strong>__________________</strong>    <strong>__________________</strong>    <strong>__________________</strong>    <strong>__________________</strong>

    <strong>transformed_stderr_eta_a</strong>     0.532730202833654     0.532683527511072      0.53265663843509     0.533340458139706     0.407265253241623     0.407265253241623
    <strong>transformed_stderr_eta_e</strong>     0.727181383738893     0.727200356547414     0.727274232244756     0.726192137806026     0.175530565817771     0.175530565817771
    <strong>transformed_stderr_eta_z</strong>     0.141693496237535     0.141701410600055     0.141701204071616      0.14106881247409     0.121559572652663     0.121559572652663
    <strong>transformed_stderr_eta_r</strong>     0.134339156790341      0.13434001693363     0.134352051178435     0.134257773293034     0.155665743036282     0.155665743036282
    <strong>transformed_OMEGA       </strong>      1.25173233076287      1.25154504191654      1.25168295561667      1.28383002611185      1.60151140804398      1.60151140804398
    <strong>transformed_ALPHA_X     </strong>      122858.294612315      164.319108077779      155.705413921408       150.88585464137      154.105014932212      154.105014932212
    <strong>transformed_ALPHA_PI    </strong>      196442.474525219      102.573942597507      90.8579713056254      93.2509213986264      100.289709949958      100.289709949958
    <strong>RHO_PI                  </strong>     0.209778675587894     0.209783733049772     0.209839292031133      0.20922891050794     0.302276122343121     0.302276122343121
    <strong>RHO_G                   </strong>    0.0612499368488562     0.061250258955226    0.0612556023357051    0.0611750028121398    0.0899795183315607    0.0899795183315607
    <strong>RHO_X                   </strong>    0.0975482651468583    0.0975559252044139    0.0976141885677256    0.0967894377343571     0.141380229323486     0.141380229323486
    <strong>RHO_A                   </strong>     0.057945248175218    0.0579421683649854    0.0579524381771541    0.0579160220267578    0.0363370745190539    0.0363370745190539
    <strong>RHO_E                   </strong>    0.0130405418344552    0.0130419842167093    0.0130633866824004    0.0129508782030951    0.0136987382629648    0.0136987382629648
    <strong>Log-Lik                 </strong>      1207.56171298046      1207.56158089982      1207.56154980063      1207.56127592104      1206.22393291434      1206.22393291434

Final value of the best Gaussian log-likelihood function: 1207.5617
****************************************************************************************************



Run maximum likelihood estimation with Pruned Skewed Kalman filter for all parameters using different optimizers in parallel:
****************************************************************************************************
SUMMARY CSN

  Point Estimates
                       <strong>fminsearchbnd</strong>             <strong>fminsearch</strong>              <strong>cmaes_dsge</strong>               <strong>fmincon</strong>                 <strong>fminunc</strong>                 <strong>cmaes</strong>       
                    <strong>____________________</strong>    <strong>____________________</strong>    <strong>____________________</strong>    <strong>____________________</strong>    <strong>____________________</strong>    <strong>__________________</strong>

    <strong>skew_eta_a  </strong>      -0.209433935494109      -0.207766135875467      -0.216769831912351      -0.206822309925103      -0.195030918484132    -0.195030894510672
    <strong>skew_eta_e  </strong>      -0.219835338252995      -0.217268872728395      -0.220728177035805      -0.198142107737002      -0.184942731233679     -0.18494271585543
    <strong>skew_eta_z  </strong>      -0.949595644184032      -0.949291952239516      -0.910355884035684      -0.912055747208223       -0.91197519411942     -0.91197519404287
    <strong>skew_eta_r  </strong>       0.809188186217188        0.80853331165409       0.800792177710797       0.809567032219063       0.809018592215379     0.809018589416853
    <strong>stderr_eta_a</strong>      0.0244986260732659      0.0242167296815267      0.0249143893474745      0.0243781172903091       0.024502963389669     0.024502963310865
    <strong>stderr_eta_e</strong>    0.000199235765496247    0.000197060003634244    0.000192141768880269     0.00018475648747514     0.00018384375328516     0.000183843755439
    <strong>stderr_eta_z</strong>     0.00800668828346752     0.00800990691968692      0.0079854740880766      0.0080641759785524     0.00806322373410648     0.008063223789748
    <strong>stderr_eta_r</strong>     0.00283508630373568     0.00283640512135636     0.00283764403173927     0.00285164080256396     0.00285365641881213     0.002853656419181
    <strong>OMEGA       </strong>       0.152503859916696       0.154110956271963       0.151414438706104       0.149273323302714       0.149332321677146     0.149332315900222
    <strong>ALPHA_X     </strong>    1.00572311323684e-05    1.00000040943608e-05    1.00500159213793e-05    1.00487378087137e-05     1.0048674642123e-05      1.0048674642e-05
    <strong>ALPHA_PI    </strong>    1.00830263539401e-05    1.00480932358137e-05    1.12901477671115e-05    1.13244883777142e-05    1.13215294908318e-05      1.1321529489e-05
    <strong>RHO_PI      </strong>       0.271109684107097        0.27008582469866       0.261443922946377       0.255422310565114       0.254409825759798     0.254409816433547
    <strong>RHO_G       </strong>       0.339839492431897       0.340075550608268       0.341768921250884       0.342165141491921       0.342252589517992     0.342252617505345
    <strong>RHO_X       </strong>       0.286650045420128       0.287048488074016       0.286345065486659       0.297151140956896       0.296402154230493     0.296402129547985
    <strong>RHO_A       </strong>       0.913337751137598       0.912300835763783       0.915782087856393       0.914093385263485       0.914365560236713     0.914365516759944
    <strong>RHO_E       </strong>       0.981222668040499       0.981874692608427       0.981992349148764       0.982189856626938         0.9822283567637     0.982228332044889
    <strong>Log-Lik     </strong>        1215.81604760256        1215.81556989601        1215.80900378595        1215.78775211131         1215.7821994198      1215.78219049218

  Standard Errors
                                  <strong>fminsearchbnd</strong>                        <strong>fminsearch</strong>              <strong>cmaes_dsge</strong>                          <strong>fmincon</strong>                                       <strong>fminunc</strong>                                        <strong>cmaes</strong>                   
                    <strong>__________________________________________</strong>    <strong>____________________</strong>    <strong>____________________</strong>    <strong>__________________________________________</strong>    <strong>__________________________________________</strong>    <strong>__________________________________________</strong>

    <strong>skew_eta_a  </strong>      0.0211039108101504+0i                         0.0269572610024856     0.00813290352567144                       0+0.152785931213325i          0.289477129903134+0i                                          0+0.167622462422128i   
    <strong>skew_eta_e  </strong>      0.0226160142474596+0i                         0.0217614534753796     0.00794576763015447       0.118738482077872+0i                          0.227519574235912+0i                                          0+0.143931279367716i   
    <strong>skew_eta_z  </strong>       0.059036137135316+0i                         0.0669121924952003      0.0349659032494805        0.31051019724577+0i                          0.408065874201141+0i                          0.217761279038114+0i                   
    <strong>skew_eta_r  </strong>      0.0788713425675212+0i                           0.11689561916354      0.0263834037793108        0.15289576740248+0i                         0.0913839929530274+0i                         0.0875614473400311+0i                   
    <strong>stderr_eta_a</strong>     0.00434605026705966+0i                         0.0114363182122565     0.00114595611755387     0.00328457779906174+0i                        0.00263772660167024+0i                                          0+0.000844707518957775i
    <strong>stderr_eta_e</strong>                       0+1.66994098513707e-05i    0.000329102452140747    7.65565066034615e-05                       0+2.64094576158482e-05i                       0+2.76390269928745e-05i                       0+2.50553424978208e-05i
    <strong>stderr_eta_z</strong>    0.000441846588978476+0i                        0.00157725209175189    0.000763245942554443    0.000842134027263766+0i                       0.000847910526559484+0i                       0.000858137719316755+0i                   
    <strong>stderr_eta_r</strong>    0.000394636418087436+0i                       0.000755548843573725    0.000244481650581671    0.000246833546961769+0i                       0.000345704525103563+0i                       0.000326278198311412+0i                   
    <strong>OMEGA       </strong>      0.0150300849664968+0i                         0.0294029025923839     0.00516997080101196      0.0268793132853139+0i                          0.020012146709872+0i                          0.020560355457413+0i                   
    <strong>ALPHA_X     </strong>     0.00385111313735678+0i                        0.00381417501997531     0.00119257263026035      0.0037738571318542+0i                        0.00391406710374251+0i                        0.00381715389423324+0i                   
    <strong>ALPHA_PI    </strong>     0.00188027066977951+0i                        0.00188158694706538     0.00159354183662625     0.00187677978854502+0i                        0.00187889817414854+0i                        0.00187745227959957+0i                   
    <strong>RHO_PI      </strong>      0.0272071673682352+0i                          0.126410999708732     0.00597559901223144      0.0680785909232948+0i                          0.108338126320317+0i                         0.0484969636924291+0i                   
    <strong>RHO_G       </strong>      0.0217578331572961+0i                         0.0297234592807149      0.0108179149730796      0.0349247101138823+0i                         0.0407905323479225+0i                          0.039648286079873+0i                   
    <strong>RHO_X       </strong>      0.0476838578211265+0i                         0.0381805047992392     0.00829315884427781                       0+0.0118657340959295i        0.0279922371719014+0i                         0.0260883902408546+0i                   
    <strong>RHO_A       </strong>      0.0353991591851943+0i                         0.0920044422724405      0.0129791687854467     0.00632092352204223+0i                        0.00672836052585887+0i                                          0+0.00888476163477126i 
    <strong>RHO_E       </strong>      0.0252401897077527+0i                          0.137177128906178      0.0380646535917046      0.0167401261838808+0i                          0.013230082547403+0i                         0.0187623524318467+0i                   
    <strong>Log-Lik     </strong>        1215.81604760256+0i                           1215.81556989601        1215.80900378595        1215.78775211131+0i                            1215.7821994198+0i                           1215.78219049218+0i                   

Final value of the best CSN log-likelihood function: 1215.8160
Likelihood Ratio Test Statistic = 16.51 with p-val = 0.0024
****************************************************************************************************

