************************************************************
             mc_replic: 1000
             prune_tol: [0 1.000000000000000e-06 1.000000000000000e-04 0.010000000000000]
           data_burnin: 100
         Harvey_factor: 10
           cdfmvna_fct: "logmvncdf_ME"
               poolobj: [0×0 parallel.Pool]
    physical_cores_nbr: 24
         computer_arch: 'glnxa64'
         parameter_set: 'DGP1'
              seed_nbr: 4.112460544000000e+09
           sample_size: 100
              filename: 'results_computing_time_DGP1_T100_R1000_glnxa64'
               logfile: 'results/results_computing_time_DGP1_T100_R1000_glnxa64.log'

************************************************************
Parameter Matrix G:
   0.800000000000000

Parameter Matrix F:
    10

Parameter Matrix R:
     1

Parameter Matrix mu_eps:
     1

Parameter Matrix Sigma_eps:
   0.010000000000000

Parameter Matrix mu_eta:
   0.300000000000000

Parameter Matrix Sigma_eta:
   0.640000000000000

Parameter Matrix nu_eta:
     0

Parameter Matrix Gamma_eta:
  -1.112500000000000

Parameter Matrix Delta_eta:
   0.207900000000000

Parameter Matrix lambda_eta:
  -0.890000000000000

Parameter Matrix sqrt_Sigma_eta:
   0.800000000000000

************************************************************
************************************************************
          SUMMARY STATISTICS
    <strong>mean(y1)</strong>    <strong>sd(y1)</strong>     <strong>skew(y1)</strong>  
    <strong>________</strong>    <strong>______</strong>    <strong>___________</strong>

    -10.551     11.326       0.030763
    -8.2451     7.9126       -0.30285
    -11.527     7.4582       -0.46072
    -7.1859     7.5858        0.11194
    -10.059     9.3098       -0.19682
    -14.666     8.9846         0.6599
    -10.099     9.1977        0.12914
    -10.096      9.239       -0.05534
     -9.405     9.8326       -0.53703
    -14.356     11.103        -0.8283
    -11.915     8.0192        0.11707
    -9.9044      8.777      -0.034716
    -13.689     7.7366       -0.27118
    -8.5755     8.8514       -0.48364
    -14.057     8.2245       -0.10098
    -15.379     7.6492       -0.77981
    -5.6232     10.552       0.076533
     -8.488     7.8433        -1.3233
     -13.48     9.0713     -0.0068257
    -13.349     7.5955        -0.1825
    -10.893      9.595        0.20263
    -13.623     8.7293       -0.18695
    -14.731     7.2263       -0.35467
    -16.168     7.2698        0.24861
    -9.6834     9.0189       -0.43927
    -13.554     10.224       -0.45594
    -11.327     9.8246       -0.69136
     -10.27     10.022       -0.89546
    -9.5121     9.4852      0.0076019
    -9.4849     8.9726       -0.30907
     -14.02     9.4828        0.15318
     -18.37     10.552        0.22033
    -12.626     7.7667       -0.37659
    -12.237     8.9576       -0.10084
    -10.933     9.1121        0.16404
     -7.996     8.6235         0.4508
    -7.8847     9.2545       -0.59744
     -10.83     9.9715        -1.3406
    -14.573     9.7194       0.020851
    -11.795     7.8415      0.0024535
    -10.868     11.125       -0.21504
    -7.6755     8.4729       0.023607
    -9.1692     9.1594    -0.00030657
    -14.862     8.5245       -0.41764
    -11.162     8.5686        0.22736
    -18.453     12.689       0.026228
     -8.565     9.0295       -0.21126
    -10.406      9.524        0.15501
    -11.939     6.8408       -0.23748
    -11.655     7.8777        0.29787
    -4.0952     7.4067       -0.26633
    -8.6301     9.0173       -0.47649
    -11.881     8.0404      -0.087103
    -18.297     8.6144        0.25258
    -11.722     6.9265        0.25864
    -12.273     10.694       0.042424
    -12.084     7.5565       -0.57428
    -13.018     10.918       -0.18551
     -10.43     8.2101        0.26357
     -13.13     7.4158       -0.50242
    -15.226     10.225      -0.026425
    -9.1183     8.1933    -0.00014286
    -14.121     11.342       -0.45363
    -9.0528     10.638       -0.28331
    -10.937     9.8768       -0.27615
    -16.564     10.383       -0.60945
    -11.031     9.3302       -0.13623
    -10.621     12.214       -0.42422
     -8.562     7.3397       -0.36814
    -13.125     7.9832       -0.46661
    -16.267     9.5308       -0.22752
    -12.947     7.7845        0.21423
    -9.4853     9.5609       -0.14312
    -12.285     7.8145      -0.064394
    -12.896      8.256        0.19222
    -14.518     11.261      -0.096786
    -9.8203     8.3774       -0.21762
    -9.3585     9.6627       -0.43987
    -14.624     9.7778      -0.054009
    -11.296     10.996        -0.6421
     -9.248     6.9173       -0.30629
    -13.051     8.3716       0.060855
    -18.402     8.2354       -0.55896
    -9.5679     9.4897       -0.19753
    -12.976     10.241       -0.20863
     -11.76      5.863        0.28588
    -12.704     9.7702       0.083993
    -12.192     7.7205        0.27177
    -12.525     7.3629       -0.24418
    -12.113     9.4542        -0.6509
     -15.75     10.651        0.17038
    -13.018     9.1364      -0.026537
    -11.675     9.2593       -0.13805
    -11.996     9.1215       -0.33454
    -13.413      8.228      -0.046055
    -14.397     9.7009       -0.12277
    -16.927     9.5148        0.19211
    -14.193     8.4311       -0.89475
    -12.461     8.0566        -0.8757
    -9.3326     8.7811        0.47668
    -11.336     8.8239       -0.30065
    -19.369     9.9292      -0.038177
    -15.451     9.6345        -0.0706
    -17.321     9.5322        0.41048
    -11.839     9.0111       -0.31156
    -9.0415     9.7596        -0.7989
    -15.027     9.8249         0.1205
    -6.4127     6.3242        0.34798
    -12.969     6.9173    -0.00098723
    -13.087     10.322        0.12471
    -14.546     10.992        -0.1825
    -14.718      9.032      -0.058886
    -16.872     9.9635       -0.42625
    -9.7746     11.929       -0.54302
    -12.247     11.302       -0.14833
    -9.6356     9.0047         0.1505
    -8.0415     8.7605      -0.055433
    -8.9799     10.454         -0.213
    -11.441     10.652        0.05932
     -10.96     9.1374       -0.40746
    -12.984      9.149       -0.87674
    -14.179     7.0801       -0.12727
    -11.455     8.3137       -0.47662
    -12.125     8.8391       -0.43974
    -15.675      8.288        0.17417
    -11.792     7.9675        0.13356
    -11.257     6.8246       0.055014
    -9.4297     7.7034         0.1948
    -15.947     7.6235        -0.1313
    -18.206     7.6327      -0.032367
    -6.3045     8.4956       -0.27292
    -12.729     6.0133       0.063882
    -11.801     8.1297       -0.76474
     -14.16      8.704       -0.40337
    -14.025     9.9818       -0.24661
    -18.179     10.327        0.31693
    -11.233     8.6471       0.045831
    -14.706     7.8346        0.51353
    -10.096     8.2439        0.33262
    -7.9828     8.1237        0.33072
     -8.344     9.0572       -0.34122
      -13.4     8.3602        -0.1747
    -11.047     6.7455       0.050096
    -13.156      8.852       -0.12461
    -10.627     7.8272       -0.38039
    -13.994     8.4905        -0.5599
    -9.4184     8.1124       -0.56499
     -9.535     8.6474        0.10325
    -12.632     8.8584        0.27398
    -12.572     10.371       -0.29529
    -10.162     8.4638        0.08281
    -14.945     8.9924        -0.1864
    -9.6128     7.6432       -0.09468
    -15.437     8.7385      -0.058707
     -12.33     8.1979       -0.67536
    -13.933      7.278       -0.29404
    -12.263     10.752      -0.052942
    -19.023     8.4069       -0.15614
     -8.556     11.057       -0.36639
    -6.8134     11.708      -0.062815
    -11.512     9.5004       -0.87807
    -9.9517     10.744        0.29639
    -9.0686     9.5688      -0.047153
    -11.138     9.0965        0.24237
    -11.944     8.6841       -0.66732
    -13.969     9.5637       -0.41743
    -11.989     7.2089       -0.54365
    -10.744     7.9945       0.077103
    -7.7028     6.9593       -0.49126
        -15     8.6193      -0.050249
    -11.613     12.807       -0.13923
    -10.976     8.6866      -0.025869
    -12.909     7.3932       -0.15309
     -12.36     11.111      -0.021039
    -14.138     6.6661      -0.078836
     -15.54     9.2452       -0.24915
    -9.2946     9.4356       -0.39713
     -11.19     8.9668       -0.53562
    -12.139     8.5988       -0.51371
    -10.143     9.3347       -0.48781
    -11.915     9.6033        0.33104
    -14.186     7.9406       -0.35163
    -17.004     13.147       -0.76646
    -14.345     8.1838       -0.36951
    -11.691      9.138        0.11096
    -7.9648      9.054       -0.24598
    -13.175     9.6642       0.055979
     -13.98     8.2633       -0.38386
    -12.181     9.4906       -0.36488
    -10.549     8.4741      -0.066139
     -11.01     7.7333      -0.090324
    -17.932     9.4803       -0.10521
    -14.884     8.2048       -0.23965
    -12.213     11.612        0.16837
    -13.041     8.6546       -0.26344
    -12.185     9.9317      -0.097939
    -10.189     9.3335       -0.59193
    -13.442     9.9735       -0.38887
     -9.658     10.207        -0.4479
    -10.129     8.6486        0.20557
    -14.302      7.952        0.31455
     -9.747     8.3901       -0.14508
    -17.727     8.2769       -0.37116
    -5.0213     9.4186        0.11895
    -16.615     8.8434        0.10035
    -7.8242     9.2383        -1.1083
    -15.364     9.7727        0.19559
    -10.603     7.5679       -0.20801
    -13.275     8.7029        -0.2934
    -11.464     7.0839       -0.12725
    -16.393     13.799       -0.39861
    -16.056     9.5872       -0.10079
    -18.839     8.9596       -0.93438
    -9.3047     11.228       -0.76674
    -14.779     9.0966       -0.46447
    -6.9662     7.7012       -0.12148
    -16.935     11.559       -0.15336
    -10.197     9.3934       -0.53439
    -12.896     7.8906       -0.55893
    -12.806     7.7478       -0.39385
    -12.265     10.975       -0.71747
    -13.972     9.8598        0.27643
    -12.339     8.5997        0.16515
    -13.068     12.146       -0.20782
      -8.97     6.3788       -0.28459
    -10.388       8.42       -0.69964
    -14.099     11.029      -0.042566
    -13.022     9.0944       -0.19417
    -11.823     7.9631        0.08806
    -14.833     8.7405       -0.36584
     -12.58     11.508       -0.14536
      -16.4      8.124        0.14646
    -13.936     8.7694       -0.20732
    -7.9802     8.4058         -0.114
    -14.696     9.1998       -0.33169
    -17.283     10.017       -0.23541
    -13.873     11.315         0.4603
    -12.752      8.485         0.8173
    -7.7283     7.2942         -0.207
    -14.935     10.989       -0.52578
    -18.027     10.351        0.20931
    -14.405     6.9269       -0.16677
    -13.384     7.8936       -0.14069
    -7.1218     11.047       -0.16084
      -6.56     7.4125        0.13663
    -11.043     8.7568       -0.32171
    -8.4593     8.6472       -0.12297
    -18.359     11.835       -0.20767
    -17.696     10.482       0.094053
    -16.529      9.473      -0.065462
    -11.385     6.7388      -0.097254
     -8.217     8.5344        0.70554
    -17.508      11.11      -0.078237
    -15.009     9.0089         -0.483
     -13.45     9.2524       -0.47848
    -8.1563     11.785       0.016352
    -9.2413     6.9953       -0.22505
    -15.777     10.307        0.08581
    -14.862     11.177        0.33208
    -12.902     6.0668       0.093928
    -13.075     10.006       -0.34661
     -10.16     7.3116        0.42545
    -5.5757     7.9746      -0.058458
    -14.681     10.638       -0.39632
      -10.5     7.6835        0.48959
    -14.555     7.7312       -0.35583
    -10.449     6.5751      -0.093935
    -14.943     9.1187        -0.2292
    -11.538     11.122       -0.41411
    -13.349     9.4969       -0.60533
    -11.925     9.8742      -0.090455
    -13.284     8.6715       -0.25363
    -13.142     7.2423       -0.22729
    -17.871     9.1486       -0.26704
     -12.76     9.3675       0.051821
    -8.7901     9.6473      -0.073478
    -11.022     6.4709       -0.25494
    -15.134     9.1096        -0.3071
    -13.094     7.8552       -0.16547
    -13.206      8.151       -0.13849
    -11.386      10.76       -0.21135
    -10.807     8.9112       -0.45727
    -15.139     11.685        0.31932
    -13.465      8.786       -0.38882
     -13.89      8.068       -0.92779
     -13.93     9.8898      -0.044217
    -10.881     8.0283       0.095246
    -13.836     8.5336       0.041779
    -9.8721     7.5801       -0.36992
    -11.083      7.698        0.14601
    -13.431     8.2529        0.14521
    -16.875     8.7994        0.23095
    -11.868     8.7236       -0.75407
    -9.5187     9.3558       -0.50788
    -13.451      7.915       -0.33158
    -11.106      8.603        0.18168
    -7.8801     7.5483      -0.012933
    -11.762     8.0638       -0.33879
    -11.202     8.5664         -1.035
    -11.186     8.7742        0.43581
     -15.13     11.072       -0.34278
    -13.158     8.1469       -0.44415
    -12.617     12.806       -0.45031
    -11.468     9.3723        0.11303
    -10.013       10.1        0.37859
    -15.529     7.9659        0.32265
    -10.133     11.343       0.012343
    -11.712     10.238      -0.063881
    -13.212     8.0552       -0.37308
    -19.516     10.626        0.15555
    -12.178     8.5801       -0.14138
    -11.044     6.5359      -0.075367
    -14.638     9.9027       -0.28691
    -12.763     9.3758       -0.57632
    -13.541     9.7187        0.25817
    -10.536     7.4006         -0.196
    -12.973      8.028       -0.23432
    -10.201     8.7348       -0.24192
    -13.083     8.2757      -0.081119
    -11.484     7.8018       -0.56831
    -14.655      9.022       0.015753
    -12.223      8.498        -0.3389
    -12.194     8.4544       -0.22085
    -14.153     10.964       -0.47702
    -21.051     10.147       -0.66873
    -8.9213     8.3602       -0.23647
    -12.287      10.98       -0.29443
    -9.8761     9.1765        0.45561
    -15.836      7.251       -0.31552
     -11.69     7.8228       -0.11864
    -12.201     6.6797      -0.084003
    -12.668     8.0471        0.41591
    -12.416     8.7082       -0.42806
    -17.639     8.2301       -0.11077
    -12.301     9.7211         0.2954
    -14.396     9.5458      -0.083198
    -13.837     10.158       -0.64078
    -12.416     12.865     -0.0082886
    -8.2284     8.1829       -0.15195
    -18.871     9.2779      -0.097686
    -12.309      8.097        0.44312
    -11.718     8.5035       -0.12064
    -11.268     8.9961       0.060628
     -9.961     6.2551       -0.23279
    -16.908     9.2354      -0.017548
     -11.43     11.153       -0.21697
    -11.898      7.614        0.53375
     -10.59     8.3321      0.0035211
    -8.4594     7.2474       0.039708
    -9.8298     7.8975        0.24029
    -10.249     11.157       -0.20143
    -17.974     9.7123         -0.237
    -13.386     11.401      -0.072802
    -12.137     7.7263       -0.10225
    -12.747     7.2749       -0.14133
    -13.024     11.081     -0.0014881
    -15.227     8.8669        -0.4015
    -15.511     10.001      -0.037095
    -10.557      9.637        0.39911
    -11.718     8.1855       -0.25949
    -10.884     8.0035       -0.14625
    -7.0638     10.656       -0.15402
    -15.503     9.9229        0.17985
     -7.578     10.384      0.0013368
    -8.6296     10.152        -1.2333
    -15.145     7.7122       -0.29927
    -9.0118     5.7017        -0.2264
     -12.51     8.1087         0.1085
    -10.814     7.7159       -0.34521
    -11.038     9.8077       -0.63126
    -14.207     9.2943       -0.49074
    -7.8053     6.2281      -0.016768
    -12.082     9.1366     -0.0087993
    -11.811     9.1407        0.41918
    -9.5984     10.007       -0.22823
    -11.941     6.2981        0.13271
    -14.032     7.4517       -0.15647
    -12.105     8.8546       -0.18226
    -11.423     9.9981       0.021831
    -11.759     9.4042       0.097084
    -11.577     7.6475       -0.14124
     -12.92     8.9548        -0.5144
    -13.078     6.7294        0.04288
    -11.903     10.671       -0.67977
    -14.727      8.052       -0.13733
    -14.089     7.2247        0.28807
    -13.825      8.441       -0.16472
    -11.085     10.308       0.031086
    -11.258     9.1252        -1.2729
    -11.708     9.9786        0.14333
    -12.271     7.6299       -0.44486
    -18.184     10.518        0.10489
    -17.856     9.9844       -0.13826
    -12.302     10.891       -0.18995
    -12.432     8.3369       -0.12464
    -7.5563     8.8556      -0.057249
    -6.9417     8.1652      -0.048146
    -12.515     8.1008       -0.13874
    -19.663      9.032         0.1995
     -6.177     9.7623       -0.43451
    -12.647     6.4524       -0.25215
    -17.701     10.243        0.11033
    -6.4918     10.537       -0.77329
    -10.384     9.7172       -0.35901
    -12.862     9.1638       -0.25558
    -14.112     7.7509       0.033664
    -16.748     6.6051        0.36744
     -8.863     7.7263        0.17185
    -13.946     10.239       -0.60367
     -12.43     7.5083      -0.036755
    -15.748     11.494       -0.53249
    -13.292     12.068        0.58021
    -11.731     6.1422        0.13584
    -16.706     10.748       -0.62246
    -12.723     9.4296      0.0082194
    -13.884     9.5259       -0.21827
    -12.825     8.7518        -0.3136
    -12.994     8.8055        0.01505
    -9.5887     9.8409       -0.20757
    -16.033     9.1659        -0.1683
    -9.8292     7.5548        -0.3538
    -18.022     12.024      -0.081049
    -10.242     10.535      -0.068712
    -16.658     9.4933        0.14446
    -13.322     7.2481      -0.033727
    -9.5617      9.671       -0.10976
    -12.042     11.301       -0.19363
    -7.4839     8.5419       -0.45596
    -13.023     12.839        -1.0769
    -15.573      10.82       -0.17841
    -17.367     8.8725       -0.64635
    -12.607     8.1245      -0.044141
    -8.3241     9.8312        0.04053
    -9.6687     8.7504       0.060008
    -10.173     10.317       -0.70092
    -8.6158     9.7956       -0.38051
    -19.066     8.1194        0.15004
    -14.629     8.2094       -0.47618
    -12.321     9.5383       -0.28532
    -10.912     6.8522       -0.32166
    -14.841     8.5782       -0.33978
    -15.989     10.592       -0.61291
    -14.857     10.028       -0.62374
    -13.829     8.6487       -0.28383
     -12.37      7.695      -0.087936
    -17.797     9.0045        -0.2898
     -12.22     10.287        0.18575
    -12.191     7.5617        0.28985
    -14.767     9.4391       -0.90611
    -7.6635     9.2061       -0.54123
    -10.938     8.4348       -0.30752
    -13.491     9.0824        0.55432
    -19.157      8.688        0.13801
    -14.591     10.475        -0.1892
    -7.7899     10.116       -0.12629
    -10.219     9.6042        0.57629
    -17.596     8.1108      -0.058115
    -14.459     8.5254       -0.30742
    -15.298     8.0786       -0.60265
    -7.1706     8.1397        -0.4065
    -9.5583     8.9441       -0.10949
    -16.187     7.4421       -0.25529
    -17.593     9.0532       -0.72226
     -10.39     9.2981       -0.38045
     -12.92      11.43        0.22973
      -14.3     9.4118        0.60198
    -14.598     9.1248        -0.3691
    -6.2592     11.466        0.44709
    -12.496      9.161       -0.63582
    -10.646     11.495       -0.70863
    -10.683     9.1417       -0.49874
    -15.969     11.617       -0.14236
    -16.164     7.7244       -0.43647
    -12.167      8.544        0.12007
    -16.311     10.743       -0.57743
    -9.2555     8.7824       -0.48389
    -9.8828     9.7901       -0.41678
    -12.605     8.8119      0.0073408
    -11.424     8.4251       -0.32567
     -11.25     8.8767       -0.94389
    -10.248      8.988       -0.48394
    -9.6597     9.1902       -0.11348
    -4.9918     10.338       -0.11938
    -13.587     7.3445       -0.53206
    -17.311     9.8652       -0.17153
    -11.983     8.7635       -0.31046
    -12.449     7.3586      -0.037339
    -8.0695     10.387       -0.22519
    -12.081     6.9702       -0.38837
    -12.182     8.8866        -0.2867
    -13.008      11.94       -0.39076
    -12.023     10.927       0.027092
    -13.409     12.754        -0.1071
     -13.63     10.874        0.39219
    -13.056     8.3286        0.31109
    -12.235      8.924        0.14307
    -10.467     6.9947       -0.52225
    -11.633     9.5927        -0.3378
    -12.448     11.173       -0.15062
     -15.03     11.065       -0.18866
    -11.348     10.829      -0.046044
    -9.1599     8.8462       -0.17432
    -14.555     9.9672       0.048439
    -14.314     8.4041       -0.18309
    -14.696     11.088       -0.96106
     -14.67     7.0471       -0.21073
    -16.841     9.0026       0.031813
    -11.507     8.3759       -0.42044
    -18.805     8.7958       -0.11296
    -12.314     7.2119         0.6776
    -16.701     8.9111       -0.55365
    -16.436     10.351        0.31747
    -14.656     11.183      -0.026589
    -13.443     9.4191        -1.0313
    -7.9947     8.2545       -0.34526
    -15.064     8.7394       -0.41497
    -12.571     7.0332       -0.38626
    -11.857      7.886       -0.88917
    -9.5662     9.3494       -0.68529
    -13.245     8.1247        0.15181
    -9.6467     10.617        0.15317
    -13.459     10.198       0.079277
    -13.748     6.7054      -0.035605
    -11.285     8.3364       -0.84932
    -14.821     8.5911        0.14017
    -10.722     9.3997       -0.12317
    -15.508     10.584       -0.17845
    -16.521     9.4934        0.26452
    -10.643      8.342        0.01282
    -12.578     9.1741       0.063726
    -13.302     5.6053        0.07847
    -12.652     10.982        -0.2171
    -9.9973        8.3        0.27513
    -9.8006     10.418       0.029731
    -14.182     8.7678       -0.14352
    -11.988     7.5102       -0.87001
    -17.437     7.6195         0.6061
    -8.8028     8.1381      -0.073653
    -15.587     9.2728       -0.55089
    -17.372     10.394        -0.1028
    -13.215     7.3085       -0.27445
    -12.175     9.5158       -0.12628
    -8.5693     9.9797       -0.20189
    -9.1621     6.9375       -0.24045
    -16.916     10.082        0.29931
    -8.8009     9.0147       -0.48238
    -6.2681      7.172       -0.29555
    -10.108     8.6618       -0.17768
    -13.843     10.355       -0.15801
    -13.503     12.048       -0.88906
    -6.9985     9.5487        0.18936
    -14.944      7.393       -0.41675
    -10.821     10.799        0.18689
    -19.061     7.7777        0.23298
    -11.249     8.7188       0.021239
    -12.809     7.1794        0.32653
    -6.4698     9.9198        0.23786
    -14.211     8.8664       0.079383
    -12.438     11.038       -0.31229
    -7.9216     7.1507       -0.26817
    -14.164     9.2184       -0.21672
    -14.641     8.5185       -0.05183
    -11.473     9.1044      -0.049602
    -12.049     10.086       -0.40324
    -15.261     8.5661       -0.15933
    -16.702     6.4294       -0.15481
    -10.656     7.6641     -0.0035351
    -11.469     10.286       -0.94045
    -11.483     9.2369       -0.28635
     -12.17     7.4059       -0.70841
     -13.52     9.6207       -0.24745
    -13.406     8.5832        0.32219
    -11.392     8.1323       -0.46442
    -9.8381     7.0085       -0.49943
    -13.874      9.182       0.028334
    -16.641     9.7052       -0.53568
      -11.3      8.327       -0.34519
    -14.882     9.0752       -0.16338
    -12.424     7.6568       0.027532
    -7.8122     9.1566        0.33703
    -15.655     10.053       -0.45591
    -14.121     9.8665       -0.37204
    -9.9775     8.9457         0.2143
    -12.399     9.3501       -0.78623
     -11.87      9.803       -0.32192
    -13.654     8.4322       -0.11479
    -12.044     8.5198       -0.11079
    -12.428     7.5066      -0.017553
    -11.671     10.208       -0.34334
    -18.035     8.6541       -0.38954
    -9.4547     5.8907        0.11427
    -11.205     9.0076       0.039994
    -10.862     6.8601       -0.15715
    -13.388     9.6701       -0.52375
    -10.959     8.3334       -0.38392
    -10.793      8.242       -0.42778
     -11.46     10.836       -0.21642
    -14.251     8.5131       -0.09046
    -12.764     8.4248      -0.086543
    -10.026     7.4449        0.15949
    -9.1337     8.9188        -0.7802
     -7.532     9.4927       -0.22142
    -13.512     9.0343        0.25696
    -12.572     9.1152       -0.10125
     -9.107     8.2437        0.12426
    -12.433     9.4373        0.25873
    -12.968     8.6654       -0.76888
    -14.225     10.476       -0.37876
    -14.877      8.522       -0.12286
    -9.9272     7.6467       -0.28633
    -12.504     12.101       -0.32088
    -10.854      8.255        0.47502
    -9.0995     7.3238       0.048666
    -14.204     11.999       -0.24075
    -17.933     9.7433        0.21377
    -19.981     7.3018       -0.06647
    -12.184     8.8072       0.044172
    -13.205     11.439       0.056084
    -14.899     8.5312       0.046266
      -11.8     8.0708       -0.21385
     -10.58     6.8812       0.016293
    -14.116     6.9025       -0.49061
    -15.961     9.2618       -0.35969
    -8.2311     8.8498      -0.061283
    -14.328     6.2882       -0.70061
    -10.092     7.3569       -0.30289
    -11.538     7.9236         -1.124
     -6.965     7.6561       -0.13399
    -13.141     9.2761        0.16228
    -10.642     9.9004        0.12104
    -6.9552     9.9132      -0.096473
    -15.639     7.1772        0.17673
    -14.601      8.995        0.14026
    -14.409     8.6922        0.33628
    -13.394      7.632       -0.73823
    -18.092     8.3495        0.33304
    -11.878     10.358       -0.24018
    -11.526     9.1526      -0.093215
    -12.082     8.1662       -0.38603
    -6.1608     10.669       -0.92047
    -18.261     9.6157       -0.58987
    -11.226     8.9033       -0.12814
    -7.6618     9.4114       -0.11677
    -12.294     9.3558       -0.19898
    -13.325     7.1961       -0.21467
    -12.675     10.589       -0.20393
     -9.946     7.7958         0.4185
    -13.788     9.7482       -0.56887
     -17.78     8.8271       -0.20847
    -11.879     8.0527       0.022237
    -10.646     7.4611       0.023817
    -8.8318     9.1811       -0.44366
    -10.047     8.5687      -0.094463
    -15.996      9.187       -0.17084
    -11.407     10.676      -0.065099
     -12.01     9.2314        0.16504
    -14.585     10.011        0.40273
    -14.284     8.3118       -0.63945
    -13.263     7.1582       -0.40543
    -13.741         11       -0.11189
    -13.581     7.2687         0.2964
    -12.682     8.0853        -0.1742
     -9.946      8.515        0.15381
    -11.846     8.8744       -0.27396
    -14.475     10.325       0.084452
     -12.46     9.8243       -0.57764
    -8.4755     10.221       0.014475
    -16.825     10.538       -0.63232
    -14.371     9.1707       -0.84322
    -13.839     9.8261       -0.29759
    -14.216     7.4693       -0.41454
    -14.963     8.6434       -0.21953
    -7.8227     8.1812        0.15575
    -10.146     9.0322       -0.14017
    -13.313     9.1682        0.23037
    -9.1296     8.9668      -0.059883
    -15.065     7.3267       -0.97869
    -10.363     8.2851       -0.47577
    -16.803     10.849       -0.38583
    -14.484     7.8254        0.22799
     -15.04      10.52       -0.70248
    -11.951     9.3164       -0.13963
    -6.1844      6.669       -0.13704
    -11.278      6.546        0.19204
    -10.999     7.7954       -0.27746
    -9.5339     10.713       -0.29173
    -13.472     9.8014       -0.85356
      -9.53      7.558       -0.43545
    -11.281     8.5601       -0.55655
    -13.033     9.0175       -0.35261
    -11.405     10.521        -1.0076
    -14.295     8.8255        -0.1736
    -9.4852     7.7695        0.13268
    -8.3295     7.7481      -0.032729
    -10.464      8.404       -0.35487
    -15.012     10.514      -0.062597
    -17.669     9.1965      -0.028902
    -12.989     10.355       -0.27667
    -18.681     11.279      0.0044264
    -15.725     9.5471        0.16151
    -14.396     8.6788        0.22414
    -15.732     8.6906       -0.61907
    -11.703     7.3997      -0.062591
    -14.819     9.3328       -0.45503
    -11.293     10.454        0.44809
    -15.625     8.0123       -0.28381
    -11.647     5.7509      -0.080724
    -17.492     7.6334        0.10017
    -14.993     9.1911       -0.49789
    -12.442     6.9911        0.16144
    -16.063     10.939      -0.093377
    -11.514     7.3222       0.035797
    -14.955     8.7866       -0.32798
    -14.128     9.9163       -0.43435
    -10.197     7.2883       -0.20403
    -10.809     8.2686        -1.1756
    -9.5082     6.8882       0.008164
    -14.954     10.133        0.21252
    -11.799     7.8558       -0.35377
    -15.633     9.3844       -0.20497
    -17.781      10.19        -0.3082
    -12.658      11.17       0.072243
     -8.372     8.9093        0.11308
    -14.679     8.9237      -0.094859
    -12.788     9.3857       -0.22577
    -10.923     9.8261       0.046637
     -5.788      7.929        0.34951
    -13.332     8.3128       0.087097
    -14.289     11.599       -0.39082
    -16.019     10.396       -0.70192
    -10.156     8.4498       -0.32307
    -14.307     12.216       -0.36816
    -8.3149      8.405       -0.27867
    -14.969     11.891      -0.050157
    -10.406     9.3017        0.40509
    -8.5149     9.4287      -0.095863
    -10.283     10.458       -0.58139
    -12.404     7.9727        0.24235
    -6.8377     10.799       -0.55788
    -10.272      8.878       -0.92307
    -9.3249      9.054       -0.31991
    -12.908     8.9574      -0.087544
    -16.036     9.1765      -0.025695
    -15.086     8.4389         0.3946
    -13.312     8.1988       -0.15893
    -16.128     8.6191      -0.096454
     -13.05     9.3352        0.47293
    -12.946     10.646       0.093897
    -12.578     9.5227       -0.28065
    -5.7602     8.5738       -0.44851
    -14.983     9.7381        0.16047
    -9.5908     10.714       0.047082
    -10.437     9.1766       -0.19767
      -10.8     9.7041       -0.46931
    -12.757     8.4203        0.17659
    -7.7228       9.82       -0.39203
    -10.834     10.241        0.28392
    -11.698     8.2309       -0.13155
    -15.307     8.4512       -0.41731
    -8.7185     8.3245       -0.11025
    -8.6746     6.9483        0.32146
    -8.7559     9.7191       -0.69665
    -10.459     8.5551        0.32851
    -12.146      8.844       -0.11287
    -12.959     9.7543      -0.057681
    -13.439     7.6261        0.30493
    -14.304     10.619        0.22079
    -8.0029     9.8299       -0.15812
    -8.1267     8.2579       -0.52439
    -14.256     8.8294      -0.087087
    -12.942     9.9447        0.10486
    -12.139     10.063        -0.2828
    -13.789      7.953        -0.1284
      -7.11     7.9427      -0.012811
    -15.317     8.7865        0.23425
    -12.166     9.2092       -0.27435
    -10.707     10.943       -0.08864
    -7.2173     8.4822       -0.61604
    -12.178     10.166      -0.070471
    -8.8369     7.0805       -0.34316
    -13.568     7.6285       -0.31094
    -13.415     9.1785       -0.57402
    -6.2692     13.566       -0.42793
    -13.106     9.1444        0.49357
    -11.749     8.8084         0.5388
    -14.331     10.316        -0.1087
    -6.9443     6.2569        0.24641
    -11.018     7.0345       -0.78075
    -11.699       9.61       -0.10514
    -9.1533     6.8018       -0.35605
    -13.951     10.529        0.39649
    -10.806     9.5998       -0.18543
    -10.904      10.34      -0.081916
    -9.6116     6.2698       -0.27237
    -12.463     11.238       0.051189
    -14.671     12.556        0.22753
    -8.3496     8.3136      0.0082807
    -11.729     7.9561        0.13735
    -12.316     11.823       0.071384
    -11.855     11.136       -0.49127
    -15.532     7.0064       -0.27102
    -14.405     8.4239       -0.59403
    -8.3875     8.7665       -0.43748
    -12.739     9.2286       -0.25834
    -7.1069       6.98        0.37678
    -11.072     11.995       -0.25931
    -15.022     8.0522        -0.1028
    -12.668     9.2131       -0.25459
    -16.949     6.8937       -0.18984
    -14.579     7.8145       -0.30396
    -11.471     7.4934       -0.29234
    -15.965     10.535      -0.013158
     -8.677     10.142       -0.03759
    -12.523     10.039       -0.48467
    -10.822     8.3527        0.13158
    -11.135     9.6581       -0.57012
    -15.415     9.3307       -0.42176
    -15.122     9.9891       0.094749
    -13.374     8.8707       -0.40368
    -11.082     8.5397        -0.2824
    -9.0629     8.7819        -0.6113
     -8.703     5.8017       -0.45382
    -10.115     9.4733        0.11685
    -16.914     10.829       -0.38323
    -8.8023     9.1631       -0.25631
    -10.784     8.5608       -0.16318
    -7.6833     9.7639       -0.54773
     -12.88     11.217       -0.37325
    -7.8312     7.9264      -0.037302
    -11.588     9.4926       -0.20612
    -10.457     11.208       0.095121
    -10.025      8.221       -0.22804
    -11.585     9.2334         0.1152
    -8.7302      7.663       -0.58764
    -6.0046     8.8926        0.50759
     -12.23     9.4919       -0.72506
    -11.293     9.2926      -0.048602
    -11.305      8.688       -0.82682
    -8.5237     8.5429       -0.20266
    -15.544     8.6025       -0.93031
    -12.907     8.0004        0.19627
    -15.433     9.8868       0.037785
    -16.404     9.1989       0.035263
    -14.224     7.7994        0.13836
    -6.4316     9.7718       -0.16066
    -12.486     6.8916          0.357
    -13.493     10.116       -0.25262
    -11.314     9.8759        0.11068
    -12.763     7.4494       -0.22316
    -12.553     10.853       -0.17387
    -12.528     7.9152        0.13523
     -13.41     9.2499       -0.90634
    -9.7755     8.7824        0.41262
    -18.043     7.8638    -0.00031092
    -7.2061     7.8499       -0.35588
    -11.721     7.8838        -0.4963
    -8.3104     7.5346      -0.089087
    -9.2193     8.7197        0.36075
    -12.917     8.4556       -0.37501
    -12.416     11.676       -0.22696
    -8.7093     9.7349        0.11703
    -12.563      7.056      -0.079813
    -6.9255       8.35       0.058014
     -14.34     8.3646       -0.32295
    -6.3899     7.9486       -0.44285
    -12.804     8.4676       0.062666
    -16.166     9.2951        0.30098
    -10.431     7.9093        0.30658
    -14.635     9.1194       0.010017
    -11.722     9.5063       -0.30227
     -15.36     8.4862       -0.27903
    -15.077     6.3227        0.35417
    -12.117      8.545        0.14166
    -15.045     8.3509         -0.344
    -11.607     8.5424        0.20259
    -14.867       11.7       -0.36026
    -13.999     9.1739       -0.31366
    -14.319     8.2234        -0.8888
    -10.999     10.519     7.7339e-05
    -12.173     10.264       -0.29917
    -10.493     9.9964     -0.0044169
    -14.118     9.6513       0.083562
    -10.377     8.1126        0.25684
    -14.963     11.763       -0.46738
    -19.392     9.7327       0.056695
     -11.55     9.7913       -0.45004
    -12.517     7.4568       -0.24939
    -9.3615     7.7185       -0.45603
    -14.611     8.9172      -0.024543
    -15.327     6.4186       -0.23869
    -14.198     7.7131        0.26699
    -8.2024     11.064       -0.31107
    -9.9746     9.3402       -0.40866
    -15.077     6.9065        0.10982
    -14.854     7.9324       -0.51643
    -15.091     6.7744       -0.16659
    -13.807     9.3025       -0.62738
    -16.299      9.189       -0.22229
    -16.314     9.3853       -0.19992
    -13.994     9.2363       -0.60621
    -9.8014      8.643       0.084056
    -11.749      7.011       0.075462
    -10.629     9.0922        0.11885
    -12.336     10.702       -0.31157
    -9.9225     6.9596       -0.55797
    -11.041     7.2565       -0.29783
    -10.951     8.0067      -0.012534
     -8.964     7.7234        0.12289
    -16.212     10.372       -0.85872
    -16.768     10.689       -0.06557
    -12.211     7.4413        0.35093
    -13.558     7.3616       -0.16655
    -16.022     9.7732       -0.47784
    -11.452     7.5915        -0.1176
    -14.422     7.1418       0.078033
    -11.684     9.6134        0.17798
    -15.742     5.8743        0.02004
    -13.936     10.073        0.45459
    -15.115     9.8092       -0.60012
    -12.712     6.5374       -0.26974
    -11.847      7.897       -0.27731
    -16.126     10.887      -0.036604
    -15.923     11.124       -0.38192
    -12.347     9.6616       -0.28758
    -15.004     8.6057         0.4437
     -11.71     7.9688        -0.1249
    -11.774     9.0049        -0.2055
    -17.384     11.393       -0.33867
    -13.527     7.6394       -0.14441
    -13.974     6.0826        0.37004
    -13.709     10.332      -0.091941
    -12.214     7.0032       -0.30314
    -12.882     11.495       -0.10813
    -18.298     9.9659        0.12998
    -14.475      11.22       0.035206
    -14.744     9.5189        0.24499
    -10.606     8.2074        -1.1082
     -7.284     7.6574       -0.21436
    -14.555     9.3814       -0.60235
    -12.326     8.6732        -0.5867
    -12.984     12.309       -0.81106
     -6.615      8.711       -0.40086
    -12.836     8.7209       -0.18257
    -8.0041     8.3445       0.075351
     -12.78     9.0247       -0.52334
     -6.945     7.7912        0.15357
    -12.187     10.871       -0.30233
    -14.567     9.1272        0.17291
    -9.1925     9.0398      -0.078322
     -14.48     7.0893     -0.0079194
    -14.947     7.8086       -0.40947
    -13.063     9.9764       -0.15196
    -13.282     7.8257       -0.26966
    -10.851     7.5436       -0.30339
    -11.044     9.3481       -0.74819
    -14.456     10.863       -0.55565
    -9.5056     8.6098        0.22686
    -13.884     6.4617       -0.43786
    -11.401     8.6183       -0.15077
    -13.336     11.021       -0.26779
    -13.537     10.576       -0.31652
    -9.5721     7.2946       -0.33075
    -12.788     8.0653       -0.25422
    -11.021      8.956       -0.23615
    -6.4187     8.8306       -0.27588
    -10.242     9.3464      -0.045218
    -8.3718     8.6729       -0.53975
    -8.7328     8.2523       -0.30998
    -10.299     10.794       -0.33543
    -13.958     8.1539       0.061406
     -17.73     8.9737      -0.066579
    -7.8637     8.5554       -0.85983
    -14.401     6.8985       0.092427
    -15.875     10.788        -0.3208
    -13.451     9.3718        0.17348
    -15.998     10.297       -0.32534
     -6.479     9.5608       -0.68379
    -6.7496     6.2752       0.057583
    -10.363     7.9004       0.012899
    -14.246     9.6435         0.1996
    -16.524     11.412       -0.29342
    -7.7247     9.6827       -0.22583
    -15.121     10.362       -0.15039
    -13.153     9.5974       -0.18839
    -9.4966     8.5365       -0.23478
    -12.179     7.0345       -0.34249
    -12.841     8.6489       0.039209
    -10.241     9.5596       -0.36405
    -14.226     9.9103       -0.25418
    -14.693     8.7806       0.034471
    -11.987     10.859        -1.0588
      -13.6     8.7962       -0.23645
    -18.163     10.817       -0.66672
    -12.284     6.4863       -0.35574
    -14.675     10.459        0.20924
    -15.026     9.6722        0.01433
    -10.004     9.3542       -0.18115
    -12.738     10.077        0.34584
    -14.905     10.012       -0.23156
    -14.006     7.8309      -0.073958

************************************************************
Time to compute the log-likelihood once (in ms)
            <strong>Gaussian</strong>      <strong>CSN()</strong>       <strong>CSN(1e-06)</strong>    <strong>CSN(1e-04)</strong>    <strong>CSN(1e-02)</strong>
            <strong>________</strong>    <strong>__________</strong>    <strong>__________</strong>    <strong>__________</strong>    <strong>__________</strong>

    <strong>Mean</strong>    0.190525    189.503486     6.323092      6.161754      3.330761 
    <strong>Low </strong>       0.139      152.4665       4.7185        4.5175        2.4315 
    <strong>High</strong>       0.229      236.8745        8.409         8.186         4.467 

Total computing time : 0h00m09s


Latex Table Entries:

DGP1 & 100 & $\underset{[0.14;0.23]}{0.1905}$ & $\underset{[152.47;236.87]}{189.5035}$ & $\underset{[4.72;8.41]}{6.3231}$ & $\underset{[4.52;8.19]}{6.1618}$ & $\underset{[2.43;4.47]}{3.3308}$ \\
