************************************************************
             mc_replic: 2400
             prune_tol: [0 1.000000000000000e-06 1.000000000000000e-04 0.010000000000000]
           data_burnin: 100
              x_burnin: 20
         Harvey_factor: 10
              loss_fct: [1×1 struct]
           cdfmvna_fct: "logmvncdf_ME"
               poolobj: [1×1 parallel.ProcessPool]
    physical_cores_nbr: 8
         computer_arch: 'maca64'
         parameter_set: 'DGP1'
              seed_nbr: 4.112460544000000e+09
           sample_size: 40
              filename: 'results_state_estimation_DGP1_T40_R2400_maca64'
               logfile: 'results/results_state_estimation_DGP1_T40_R2400_maca64.log'

************************************************************
Parameter Matrix G:
   0.800000000000000

Parameter Matrix F:
    10

Parameter Matrix R:
     1

Parameter Matrix mu_eps:
     1

Parameter Matrix Sigma_eps:
   0.010000000000000

Parameter Matrix mu_eta:
   0.300000000000000

Parameter Matrix Sigma_eta:
   0.640000000000000

Parameter Matrix nu_eta:
     0

Parameter Matrix Gamma_eta:
  -1.112500000000000

Parameter Matrix Delta_eta:
   0.207900000000000

Parameter Matrix lambda_eta:
  -0.890000000000000

Parameter Matrix sqrt_Sigma_eta:
   0.800000000000000

************************************************************
************************************************************
          SUMMARY STATISTICS
    <strong>mean(y1)</strong>    <strong>sd(y1)</strong>     <strong>skew(y1)</strong> 
    <strong>________</strong>    <strong>______</strong>    <strong>__________</strong>

     -16.448    9.7542      -0.22736
     -9.8832    7.2053      -0.13627
     -8.2461    6.3065      -0.93119
     -10.368    7.9304       0.32577
     -13.552    8.8899      -0.19722
     -12.902    6.5367       0.22809
     -8.1386    9.2869     -0.051182
     -10.128    11.194      -0.24786
     -14.999    9.7455      -0.67438
     -10.144    7.8709      -0.83411
     -13.752    6.7497      -0.14123
     -10.282    7.5874      -0.43589
     -13.655     7.506      -0.47747
     -9.1799    10.528      -0.52221
     -16.287    6.1073       0.53566
     -15.852    6.3146      -0.57238
     -11.106    10.462       0.11248
     -8.2159    5.8846      -0.13954
     -10.471    7.2012       0.27194
     -12.464    8.4221      -0.48427
      -11.32    6.8331       0.09686
     -11.556    6.7369      -0.40589
     -16.031    7.3637      -0.53938
     -15.101    8.1564       0.15635
     -9.4443    8.3629       -0.4335
      -11.33    11.366      -0.94502
     -15.893    9.6214      -0.62274
     -11.563    12.005       -0.9274
     -10.429    10.569       0.53337
     -6.9149    8.0948      -0.89331
     -9.0142    9.2906     -0.070289
     -16.458     12.77      0.088003
     -11.821    6.1205       0.19796
     -10.344    8.1272       0.16564
     -6.1088    8.6532        0.2803
     -11.007    8.3175       0.13666
     -4.8052    7.7004      -0.31681
     -14.774    12.487       -1.0077
     -14.434    9.5803      -0.21884
     -10.696    8.0941       0.12451
     -6.6413    10.372      0.073551
      -5.883    6.7658      -0.10613
     -14.462    7.4226      -0.14423
     -12.681    7.5202      -0.65247
      -14.76    7.9766      -0.54608
     -13.812    8.1965       0.58523
     -6.6659    8.7413      -0.49577
     -16.423    7.0428       0.10469
     -12.925    6.2033        0.1052
     -12.168    8.8186       0.19612
     -5.1514    6.4007       0.24049
     -13.877    8.5586     -0.070348
     -14.258    8.0709      0.013536
     -11.423    7.5344      -0.62446
     -14.167    6.5534     -0.056276
     -11.307    10.336       0.32157
     -9.1747    6.3583      -0.59481
     -16.656    9.2739       0.20191
      -13.36    7.8628      -0.10513
     -11.525     7.663      -0.77983
      -17.33      10.5       0.34653
     -9.4305    7.7299      -0.25827
     -18.018    13.197      -0.29208
     -10.903    9.5693      -0.68484
     -8.4229     10.28    -0.0012723
     -11.194    6.4933      -0.13775
     -17.024    7.7737      -0.17486
    -0.84498    5.8689      -0.10699
     -11.145     7.134     -0.081218
      -11.17    8.6709      -0.62689
     -13.381    8.6801      -0.69849
     -13.468    6.9635       -1.2048
     -4.0677    7.7069        0.2159
     -11.619    7.4147       -0.1461
     -17.253    5.6807      -0.29624
     -16.458    13.855       0.45503
     -7.5998    6.1325       0.51653
     -17.738    7.7915      -0.26246
     -15.472    12.012     0.0065888
     -19.656    9.8232       -0.8324
     -11.106     7.279      -0.29225
     -18.469     6.914     -0.054153
     -16.481    7.8436      -0.45827
     -15.816    8.8896       0.12054
     -16.656    10.804       0.26862
     -10.807    6.0602      -0.28705
     -6.8614    6.1896       0.36812
     -13.932    5.2282       0.07024
     -11.849    7.6622     -0.020966
     -12.616    10.229      -0.61849
     -16.258    9.9315     0.0066245
     -8.2571    8.8818      -0.48504
     -11.184    9.2896       0.32183
     -13.073    7.5128      -0.68177
     -12.784    5.7274       0.39159
      -12.82    9.9866      -0.52313
     -12.288    8.5577        0.3523
     -17.111    7.7793      -0.72149
     -14.541    8.9682       -1.3167
     -9.1561    6.9353       -0.3121
     -13.663    6.9514      -0.63576
     -18.757    10.607       0.39848
     -11.981    7.4904      -0.12323
     -14.421    7.5753      -0.17206
     -12.538    11.394      -0.24301
     -11.722    12.555      -0.39688
     -12.627    7.5007       0.48644
     -7.3066    5.9565      0.030992
     -10.526    7.4405      -0.48168
     -15.405    9.5123      -0.78439
     -7.9394    8.5089       -0.1781
     -15.547    8.4574      -0.16344
      -12.88    8.9425      -0.43786
    -0.18309    5.4629      -0.19217
     -9.3655    13.034      -0.71146
     -5.5584    9.1899      -0.63391
     -9.8576    7.8138      -0.34195
     -4.6352    10.596      -0.38248
     -10.362    12.824      0.051966
     -8.9393    5.2164     -0.088224
     -9.1497    5.0099       0.38631
     -12.136    6.7539      -0.23287
     -12.304    7.4032      -0.24527
     -8.1669    8.7691      -0.42905
     -14.046    10.312      -0.11812
     -10.021    8.3455     -0.071142
     -9.2915    6.8583       0.11504
     -13.751    5.4162        0.3136
     -17.139    7.0468      -0.22651
     -17.626     9.057      -0.10741
     -4.4167    5.5393       -0.1472
     -12.569    5.7881      -0.29952
     -12.865    10.198      -0.63399
     -16.644    9.6768      0.041534
     -15.682    10.363      -0.39731
     -25.268    7.1303       0.20992
     -10.691    9.6683       0.37321
      -12.12    8.5959       0.33094
     -12.482    7.0114       0.36861
     -8.0136    6.2267        -0.302
     -5.9688    7.5769      -0.11349
     -9.8635    7.6214       0.02184
     -9.3047    6.2341      0.010345
      -15.96    6.4282      -0.46561
     -6.5799    5.6448      -0.16865
     -13.394    7.9064       -0.8936
      -5.359    6.7363      -0.64674
      -9.425    6.8018       0.25698
     -12.969    8.9476      0.063333
     -7.5753    8.3299      0.088279
     -12.217    6.9831      -0.17442
     -19.078    9.8395       0.13671
     -14.853    6.2816       0.28898
     -16.775    7.3745       0.38152
     -10.889    9.1955       -1.0937
     -16.577    8.4951       0.19157
     -8.1747    9.3369       0.93128
     -20.697    7.6772     0.0033612
     -14.331    10.977       0.17174
     -11.954    11.467     -0.084416
     -10.273    8.2186      -0.32545
     -13.476    9.4145       0.75283
      -11.22     9.979      -0.13798
     -17.087    7.2141       0.25708
      -14.36    9.3686       -1.0511
     -15.089     6.997      -0.37855
     -8.6703    6.6245      -0.49954
      -11.95    9.1655       0.12436
     -5.7872    4.8946      -0.42834
     -11.322    6.4706    -0.0053927
     -11.618      7.83       0.83174
     -8.7699     8.741      -0.18452
     -9.4533    5.7288       0.26772
     -14.853    13.613       0.32155
     -13.683    7.3277      -0.23502
     -13.434    9.8827      -0.33446
     -6.4831    7.7147      -0.25881
     -7.7804    7.9114      -0.86496
     -19.403    6.7546     -0.073041
     -12.188    11.036      -0.26937
     -14.676    8.8294       0.68066
      -15.24    10.953      -0.07584
     -20.644    14.257      -0.66695
      -13.52    9.6488      -0.46257
     -10.717    8.5996       0.43711
     -6.8999    8.4226      -0.67794
     -12.005    7.7539      -0.86811
     -13.163     7.886      -0.50512
     -12.792    7.8273      0.053712
     -10.283    11.392      -0.17549
     -13.971    6.8155      0.065398
     -24.622    7.3003      -0.40285
     -10.556    6.8259     0.0076184
     -16.724    8.0091       0.31047
     -12.148    6.9722      -0.06842
      -13.63    8.0172     -0.074867
     -4.3092    6.8266      0.052158
     -9.7671    8.9596       0.81485
     -14.477    11.316      0.064806
     -12.408    8.0729       0.14444
      -10.36    7.8768       0.11558
     -11.518    9.6567     -0.086627
     -16.605    7.2112      -0.56043
     -3.7649    11.426     -0.079785
     -19.394    8.0937       0.54173
     -5.5651    6.4651      -0.30375
     -15.864    9.8876      -0.13654
     -7.9535    7.1914     -0.023985
     -11.507    6.0402      0.049213
     -13.786    7.2602      -0.23716
      -13.25    14.214      -0.12382
      -16.42    7.6736      -0.18278
     -16.636    9.7863       -1.2619
     -12.891     11.55      -0.74204
     -14.609     8.934      -0.62578
     -7.8903    7.9338      -0.20007
     -18.748    12.751       0.15217
     -8.8465     12.58      -0.84594
     -10.108    6.5088      -0.23655
     -12.626    5.8433      0.053769
     -18.149     12.29      -0.30958
     -12.618    9.8489     -0.073458
     -15.348    7.5899       0.12253
     -8.1293    12.418      -0.25904
     -8.1948    5.7667       0.33453
     -8.2458    7.6613     -0.022036
     -18.912    9.0936      -0.07237
      -20.42    6.8845     -0.056145
     -9.6964    7.3886      -0.27988
     -11.274    6.3101       0.28694
     -13.146    10.088      -0.70053
     -18.836     9.537       0.77353
     -16.426    6.9628       0.10384
     -6.7987    9.8968      -0.41688
     -13.311    11.799      -0.53285
     -15.332    9.5204      -0.33355
     -7.0818    11.872      -0.34056
      -10.61    11.237       0.51784
     -11.669    6.3119      -0.19301
     -13.519    5.6282     -0.076359
     -12.709    11.004       0.10559
     -16.305    5.6441     0.0041194
     -11.202    7.0782      0.095546
     -10.181    9.4912      0.082852
     -9.4946    6.6854       0.20803
     -5.6292    7.1544      -0.60184
     -8.4111    6.7396      -0.44053
     -18.131    10.229       0.26298
     -11.745    8.9963     -0.073264
      -12.39    7.0699       0.80703
      -8.782     5.437      0.086128
     -4.1808    9.9637       0.36665
     -14.416    9.9858     0.0047871
     -15.183    10.183      -0.23545
     -15.098    11.228      -0.65411
     -2.8971    13.705      -0.37653
     -7.6667    7.5628      -0.27896
     -23.122    7.1233      -0.25951
     -14.616    12.777       0.85155
     -12.365    6.2006      -0.37333
     -8.5223    9.2363      -0.11912
     -10.572     5.854       0.27906
     -6.5951    6.7525      0.033951
     -11.869    6.6441      -0.35343
     -8.4038    8.2892       0.43664
     -16.662    7.2245      -0.34416
     -13.393    5.7283      -0.33592
     -6.8585    5.3563     -0.062126
     -14.062    11.923      -0.19481
     -16.842    10.476      -0.67518
     -19.108    7.7959     -0.055214
     -12.257    7.1447      -0.48225
      -13.44    8.0056      -0.10794
     -10.178    5.0072     -0.062893
     -17.248    7.2686      -0.20744
     -6.9421    12.578      -0.26697
     -15.052    6.0892       0.13425
     -17.787     11.16     -0.058412
     -10.291    8.6283      -0.22473
     -16.415    7.9136     0.0084546
      -17.17    9.6804      -0.50795
     -5.3095    6.9564       0.37236
     -14.842    9.7416       0.13576
     -17.063    10.259     -0.034092
     -13.816    8.0059      -0.70875
     -14.079    7.4317      -0.99705
      -10.95    7.7418       0.54134
     -18.113    5.9349     -0.051977
     -10.401     6.555       -0.1783
     -13.143     8.803       0.51196
     -16.288    7.3798       0.22071
     -18.559    11.245       0.60449
     -11.642    4.5693       0.27977
     -12.518    11.625     -0.091663
      -14.86    8.9263      -0.28975
     -14.271    7.4064     -0.097563
     -5.5235    7.7492      -0.27481
     -9.7728    9.7273      -0.57311
     -8.3196    6.4802      -0.33888
     -11.148    5.0483       0.47247
     -20.992    11.516       0.30441
      -14.93    6.4597      -0.61479
      -11.01    15.313      -0.56664
     -8.9278    9.7631      -0.15037
     -9.5551     9.661      -0.52286
     -12.684    7.6689     0.0025037
     -11.796    14.538       0.45231
     -6.1217    7.4769      -0.27844
     -12.818     8.599       -0.3278
     -23.862     9.375       0.41794
     -18.088    7.6556       0.32795
     -11.836    6.8614     -0.037093
     -19.977    9.9783       0.28178
     -11.631    9.2291       0.27435
     -7.3619    8.9706     -0.066753
     -9.6502    7.3288      -0.39031
     -17.345    8.6965       0.47732
     -13.525    8.7945      -0.38777
     -11.924    5.6553       0.11212
     -10.003    6.0734      -0.10245
     -16.335    10.072       0.57432
     -7.3055    6.7421      -0.36608
     -12.345    7.9382     -0.008643
     -12.818    13.524       -0.5537
     -21.903    11.979      -0.36273
      -9.789    9.0806      -0.17125
     -12.156    7.5717       0.17224
     -11.913    8.9626       0.19169
     -14.917    8.7017      -0.78445
     -10.742    9.7199      -0.26456
     -12.792    7.8654       0.47914
     -10.272    9.7879       0.19595
     -15.694    8.3164      -0.37618
     -16.298    8.2113       0.26478
     -10.599    7.2372       0.16669
     -17.432    8.8023       0.39262
      -15.09    7.7692      -0.47634
      -3.666    9.5862       0.36352
     -5.7018    7.7283       -0.5527
     -24.197    7.4387      -0.35741
     -10.892    8.4203       0.46509
      -11.98     9.125        0.4273
     -8.5252    11.178      -0.39852
     -8.2638    5.9057      -0.15538
     -16.523     7.635      -0.40454
     -6.5552    9.7679      -0.47144
     -14.771    6.1907      -0.14662
     -5.8799    6.4712       -1.0037
     -5.7334      8.08      -0.36808
     -12.683    7.2071       0.61995
     -5.4474    11.043      -0.54786
     -15.531    8.3516      -0.58911
     -18.273    9.2072      -0.14413
     -14.695    6.1456      -0.39479
     -14.649     7.744       0.16791
     -7.8881    6.4261      -0.33804
     -14.795    10.136    -0.0013296
     -13.594    9.4217       0.27432
     -11.969    8.4305       0.18286
     -12.598    8.5718      0.079849
     -7.3318    7.0876       0.62232
     -10.312     12.04      -0.31823
     -12.998    11.648       0.24456
     -9.8466    8.6002       0.67501
     -14.525    11.926      -0.64183
      -16.08    7.3895      -0.51349
     -9.9153    5.0387       0.59518
     -11.403    9.8086       0.22437
     -11.918    6.6149       0.14084
     -4.2497    6.1273       -0.7874
     -15.982    11.716      -0.35752
     -6.5718    5.3691       0.22355
     -14.458    7.8793      -0.80094
     -16.359    7.0886       -0.0161
     -2.9829    6.9009      0.021698
     -10.637    5.1786       0.48658
     -15.125    7.3629      -0.65133
      -10.36     8.763      -0.17068
     -9.5131    7.2468      -0.44387
      -16.45    7.4095      0.086039
     -15.466    6.3906      -0.40223
     -11.023    7.6238      0.014461
     -11.648    6.3857      0.080537
     -12.026    6.1469      -0.22063
     -11.347    6.7251      -0.61934
     -10.882    7.2183       0.67208
     -10.822    7.4497      -0.18988
     -16.431    7.7623       0.46874
     -11.417     8.563     -0.049049
     -15.001    8.0929      -0.11104
     -13.635    9.0509       -0.5285
     -23.281    8.9351       0.11307
     -24.145    9.1531       0.21672
     -10.478    10.559       0.13618
     -7.7133    7.0055       0.19493
     -1.6289    7.7965      -0.33656
     -12.139    6.6973       0.14731
     -17.252    6.7781      -0.30526
     -16.598    8.8319       0.36232
     -3.1036    7.0109       -1.2875
     -12.308    6.1237      -0.39279
     -17.574    10.667      0.035307
     -5.2089    10.364       -0.7585
     -12.632    9.2001      -0.83744
     -13.048    9.2267      0.092058
     -14.171    6.1977       0.18325
     -18.775    4.7871       0.40586
      -6.644    6.1311      -0.49376
     -9.5237    7.3317      -0.11104
     -11.526     6.273       0.53325
     -23.706     11.71       0.36992
     -17.457    10.066      -0.32226
     -10.671    6.0337      -0.20166
     -19.704    13.897      -0.23235
     -6.6871     7.319       0.31678
     -13.858     9.319       -0.6431
     -18.015     8.178       0.22849
      -8.336    8.6552      -0.47282
      -18.62    6.4016       0.06069
     -16.194    10.519      -0.15749
     -8.7317    6.2152      -0.24538
     -24.433    10.325       0.38162
     -4.8096    9.2058      -0.30307
      -16.97    11.934       0.41309
     -12.468    7.7638       0.17737
     -4.7134    8.4626       0.29978
      -9.844    8.5943      0.019273
     -7.1457    7.6866      -0.36162
     -7.0577     7.288       0.06965
     -18.854    11.316       0.23225
     -20.202      8.02      -0.45882
       -14.6    8.0969      0.063043
     -4.3646    9.4134     -0.063428
     -10.268    9.9913     -0.082233
     -6.7756    6.9164     -0.080208
     -15.316    8.1747      -0.94441
     -15.313    8.5033      -0.28832
     -15.982    9.4612      -0.54905
     -7.3506    5.0641      -0.38221
     -11.059    6.5389      -0.55312
     -15.906    8.1259      -0.36941
     -18.925    7.4797       0.21421
     -17.309    12.512      -0.55361
     -7.6861    5.9682      -0.11855
     -7.3147    6.1056      -0.61393
     -15.737    7.1058    -0.0051706
     -11.937    12.152       0.41987
     -11.336    6.9987     -0.089823
     -15.118    8.1269      -0.54293
     -5.0096    7.3949       0.14154
     -16.495     7.329       0.37471
     -17.341     7.336      -0.78122
     -23.477    7.3274      -0.31242
     -9.9661    7.9234       -1.1275
      -2.938    9.9395      -0.37674
     -6.7298     10.76       0.54412
     -12.927    6.9164      0.012616
     -18.816    4.5915       0.10583
     -16.218    8.7194      -0.91105
     -10.681    8.7114      -0.22177
     -12.808    9.9587      0.071207
     -14.761    7.0926       0.24774
      -19.25    7.8656       0.79554
     -3.9952    6.9982      -0.41963
     -14.452    11.637       0.03749
     -13.852    9.2393       0.39008
     -10.384    7.7601      -0.28826
      2.4047    10.538       0.15002
     -11.381    6.9815      -0.63696
     -15.131    12.805        -0.729
     -11.703     6.633      0.075171
     -14.301    9.0195       0.28492
     -17.324    6.7772       0.19563
     -18.084    7.0918       0.64932
     -16.159     12.73      -0.60427
     -6.1992    6.0973       0.11316
     -3.9826    6.3736      -0.25434
      -17.03    7.7527        -0.173
     -10.506    11.032       -0.3702
      -10.27    10.808      -0.80064
     -6.1003    6.6628      -0.47716
     -9.4494    7.8904      -0.47011
     -10.197    7.1717      -0.24186
     -12.916    6.5949       0.26165
     -13.377    10.071      -0.52693
     -10.924    7.3765     -0.030929
     -14.591    8.2873       0.25363
     -12.531     10.62      -0.25578
     -13.256     8.013       -0.4456
     -14.641    9.1805       -0.2081
     -6.1373    7.5289      -0.31953
     -9.4873    9.3889        0.1446
     -8.3374    12.618      -0.63363
      -5.922    10.694      -0.12746
     -15.025    8.3077       0.73043
     -15.731    8.3799      -0.15245
     -9.7737    5.7642       0.20255
     -11.595     7.611      -0.30804
     -14.479    11.624      -0.12613
     -11.434    6.2669      -0.20431
     -2.1848    7.3209      -0.77778
     -9.2706    7.0944     -0.070628
     -15.545    8.2058         0.743
     -15.557    7.6303       0.29544
     -13.606    11.755       -1.3586
     -14.206    7.4834      -0.55999
      -12.35    7.6732      -0.34936
     -12.483    9.5539      -0.82021
     -16.569    8.0759       0.37242
     -16.793    5.0821       0.10022
     -12.573    6.0662       0.23504
     -14.134      10.6         0.565
     -7.5807    7.4642      -0.88396
      -16.26    11.076       -1.0848
     -6.2945    7.2294      0.055579
     -9.3857    7.7941       -1.2311
     -10.685    6.3436       -0.5091
     -10.599    7.0633      -0.78904
     -6.6695    7.2655      -0.59339
      -17.51     5.243      -0.47123
     -11.954    6.9442      -0.20755
     -17.433    9.2615     -0.064102
     -16.616      7.02      0.056952
     -9.1268    6.5727      -0.87383
     -15.103    6.1918       0.40302
     -10.943    6.9957     -0.048597
     -10.062    7.7201     -0.070777
     -11.414    9.9001     0.0032813
     -12.173     8.396       0.17416
     -11.085    8.5716       0.12449
     -10.789    5.6018      0.090982
     -7.9098    8.3609      -0.38359
     -15.233    7.2041       0.67934
      -11.55     8.726     -0.019179
     -13.614    9.5141      -0.11956
     -9.2781     4.687      -0.57233
     -16.536    8.1328       0.62678
     -8.4443     6.657      -0.65095
     -16.576    9.8786       -1.3636
     -18.756    11.796      0.036462
     -13.892    7.4779      -0.42611
     -10.751    6.5893      -0.26348
     -9.9829    9.4637      0.008753
     -9.0345    6.7371     -0.089464
     -14.031    13.673      -0.19548
     -10.182    11.378      -0.33196
     -3.2296    7.3968      -0.75329
     -13.173    8.9839      -0.31087
     -8.0114    9.1652      -0.90023
      -20.71    13.155      -0.27667
     -5.3364    9.0902       0.19777
     -14.229    8.1787      -0.72382
      -12.23    14.785       0.31872
     -19.515    8.4738       0.26926
     -13.241    7.8558     -0.093939
     -12.878    6.0431       0.38462
     -11.955    8.8006         1.023
     -12.113    7.8931      -0.28685
      -10.29    9.6074      -0.47149
     -9.7831    6.2961       0.24759
     -13.726     7.361       0.61221
     -13.398    8.3717      -0.21907
     -11.693    7.4674      -0.38111
     -14.298    11.969      -0.16882
      -12.68    8.7347      -0.78433
     -14.958    4.8897       0.78556
      -12.81    7.1155       0.39623
     -13.924    11.963       -1.3226
     -12.856    9.0678      -0.70081
     -12.301    5.7949      -0.47657
     -11.179    11.258      -0.78628
     -14.257    7.8132       0.29924
     -9.6823    9.2768      -0.67272
     -11.464    6.5182      -0.83608
     -14.169    8.1734      -0.18022
     -20.965    10.334       -0.7198
     -15.563    7.8698      0.032462
     -17.913    6.6407      -0.23016
     -12.483    8.0924      -0.45795
     -13.179    7.1081       0.13564
     -19.517    7.4315      -0.14086
     -8.7117    6.8628      -0.49154
      -6.724     9.133      -0.20315
     -16.905    10.036      -0.30829
     -16.728    10.319       0.22773
     -10.736    7.2681      -0.43716
     -14.642    6.3113      -0.48967
     -17.632     5.786       0.35321
     -6.7872    8.8363       -0.4969
     -21.118    8.2693      -0.60662
      -11.84    4.9278       0.44612
     -11.357    8.4535      -0.21113
     -12.454     5.351       -1.0297
     -9.4475    7.5575       0.35785
     -13.286     6.587      -0.16001
     -12.262    6.5698       0.18699
     -4.0204    7.0778     -0.041465
      -17.04    8.5971      0.030007
      -15.45    10.539       0.35428
     -9.4226    6.0254      -0.25656
     -10.313    10.193      -0.78537
     -11.179    11.161        0.3296
     -15.896    8.0002       0.46124
     -6.3684    5.8807      -0.20928
     -8.1308    8.2755       0.85344
     -17.476    6.2819       0.51536
     -14.003    11.539      -0.59275
     -16.924    9.6107      -0.20284
     -19.586    7.1988      0.098741
      -9.564    6.7974     0.0033068
     -10.314      15.3      -0.53364
     -6.1866    9.5802      -0.21488
     -6.5896    8.8896      -0.39766
     -12.198    14.138      -0.70727
     -23.817    8.0397       0.47267
     -22.555    6.6393      -0.29743
      -6.465     7.799      -0.10952
     -5.5894    9.6352     -0.024706
     -13.989    6.1941       0.12866
     -8.5697    7.2099      -0.73964
     -10.316    8.2466      -0.12434
     -13.119    7.1645      -0.64046
     -15.271    10.396       0.42414
     -6.1524    8.1196      -0.44948
     -17.062    6.5754      -0.97923
     -9.8012    6.9644      0.028149
      -11.56    5.7747       -1.1534
     -9.7791    6.8026     -0.059202
     -13.422    7.8448      -0.29619
     -11.068    12.217       0.14838
     -8.9486    10.546       -0.3677
     -14.068    6.6086       0.43052
     -14.531    9.5715      0.064719
     -13.289    7.9113       -0.4952
     -15.714     7.939       -1.3705
      -19.04    7.5752      -0.15727
     -12.186    10.064      -0.34356
      -14.46    7.6712       0.13421
     -10.804    5.7817       0.11159
     -10.539    13.145      -0.50331
     -17.036    7.6242       -0.6857
     -13.553    6.8106       0.41593
     -11.971    10.649       0.43166
     -6.6405    7.4851       -0.4437
     -10.113     5.958      -0.49873
     -6.6603    8.6858       0.58909
     -7.5915    9.4332       0.20032
     -7.5157    5.4404       0.16512
      -19.84    9.0115      0.097051
      -16.13    7.3872      -0.19938
     -8.4677    7.7296      -0.37878
     -6.0205    6.3141       0.54719
     -12.609    9.6105       0.27011
     -11.892    8.0478      -0.27875
     -15.322    8.9678      -0.16647
     -14.398    12.439       0.56493
     -18.355     6.629      -0.49733
     -14.728    10.459      -0.69521
     -12.798    6.5085      -0.25423
     -18.235    10.987      0.016344
     -12.087    7.3701       0.87373
     -10.233    6.7382     -0.075369
     -8.3238    6.2361      -0.11257
     -10.048    7.6918       0.11618
     -8.4609    9.5215      -0.59377
     -17.381    10.188      -0.73514
     -9.9451    10.721     -0.021142
     -17.839    14.213      -0.57672
     -18.654    11.146      -0.30907
     -8.8533    6.6645       0.46619
     -12.063    6.4049       0.50821
     -11.225    8.4045      -0.57457
     -11.869    6.0126      -0.34246
     -8.6787    8.6081       0.25662
     -15.794    10.509       0.65791
     -6.2647    8.1298       0.40552
     -14.279    7.0109      -0.52986
     -13.598    8.3097      -0.52714
      -16.94    12.994      -0.46228
     -18.147    7.2346       0.10413
     -10.723    7.8087      -0.80167
     -11.319    8.6852      -0.10089
     -6.8908    6.0682      -0.52676
     -9.2907     7.473        0.1106
     -10.434    7.2164      -0.14212
     -6.0144    9.4138      -0.90236
     -9.1443      5.21      -0.48638
     -10.302    6.5049      -0.74782
     -9.3837    7.8381      -0.40176
     -10.259    7.7416       -0.2298
     -16.154    12.657      -0.81862
     -16.678    7.1981       0.12478
     -12.555    7.7184       0.16955
     -8.3838    8.8689       0.15318
     -13.648    9.6892      -0.17319
     -13.132    12.726      -0.23599
     -17.371    8.5681       0.45763
     -17.631    10.979      -0.42398
     -16.139    9.3757      -0.80983
     -21.934    6.0464      -0.53531
     -16.868    8.3034       0.21955
      -11.73    6.9671      -0.44635
     -11.311    7.3064      -0.47484
     -9.7888    7.2757      -0.29273
     -15.849    7.2654      -0.33963
     -14.522    7.4132      -0.38761
     -11.822    6.1881     -0.042629
     -16.741    6.3713       0.24109
     -15.951    10.598      -0.40865
     -15.461    5.4369       0.45533
     -13.957    11.501       0.14483
     -15.173    6.9632       0.39235
     -14.797    6.7732     -0.047825
     -16.587    12.142      -0.18803
      -12.71    7.3423      0.075058
     -8.5656    5.8628      -0.46307
     -12.246    5.4347       -1.0192
     -12.111    11.671       0.16958
      -12.95    7.9783      0.015418
     -18.694    10.832      -0.35617
     -17.925    10.704      0.074149
     -10.996    10.033       0.43572
     -10.068    11.225       0.51587
     -17.396    8.7515       -0.4282
     -11.591    8.3361       -1.2225
     -8.4881     11.73      0.074185
     -4.9839    8.8949       -0.3512
     -10.798    7.3396      -0.51724
     -15.711    13.064      -0.60445
     -23.696    11.016       0.24701
     -5.2076    6.8587      -0.52913
     -8.5243     10.07       0.23136
      -4.118    8.1297      -0.11581
     -6.4276    11.225      -0.92102
     -4.9045    9.2492       0.16078
     -10.393    7.8301      -0.42454
     -11.199    14.074       -0.4096
     -12.734    7.4586      0.089793
     -9.4564    11.915      -0.63285
     -9.0827    6.7649     0.0067144
      -9.816    10.772      -0.16724
     -15.674    8.2557       0.41733
      -19.99    7.4236       0.69078
     -14.423    9.6206       0.53627
     -12.196    9.3805      0.090248
      -19.39    7.7475      -0.21551
     -10.844    11.606       0.20235
     -11.683    8.9939     -0.082026
      -13.69    10.804      -0.46393
     -3.0533    9.3199      -0.48264
     -15.661    9.0149       0.10245
     -12.463    9.3488      -0.12843
     -10.208    7.0423       0.46298
     -6.4924    6.9688         0.315
     -14.491     7.993       0.72298
     -2.2357    8.6077      -0.59291
     -12.844    11.662       0.54623
     -14.696    7.5286       0.15413
     -11.536    7.2451      -0.32607
     -9.6198    5.9686      -0.10782
     -11.409    5.8642       -0.7939
     -3.5356    5.6596      0.067527
     -12.974    5.9432       0.25086
     -10.944    8.0199       -0.2481
     -11.905    12.388     -0.090838
     -14.587    8.4943       0.80309
     -10.338    9.5215       0.70555
     -3.5517    7.1148        -0.642
     -4.6952    6.8955      -0.77118
     -8.5834    6.4299      -0.11061
       -17.4    8.3671      -0.13798
     -7.7172    7.9864      0.097623
     -8.7629    6.5565      -0.64478
     -8.5832    5.7605      -0.48611
     -16.291    10.312       0.52607
     -10.096    6.5153      0.011021
     -15.613    10.454       0.18592
     -1.4602    5.9666       0.22972
      -11.84    8.7187     -0.087664
      -6.155    6.8402       0.48985
     -13.799    9.1382      -0.23222
     -16.832    9.7969      -0.17026
      3.9526    9.9839       -0.8151
     -13.768    7.8374       0.12837
      -15.82    7.4234      -0.10707
     -15.099    10.694       -0.1181
     -7.8381    4.8886       0.16729
     -11.558    4.8901      -0.47861
     -13.456    8.7918      -0.30164
     -10.072    6.4015    -0.0046405
     -17.691    8.3406     -0.070278
     -7.3644    8.3361      -0.10709
     -17.076    7.7562       0.15331
     -11.019    6.5157      -0.61657
     -14.994    9.0792        0.2562
     -10.697    15.349      -0.19324
     -5.1676      7.61      -0.41153
     -8.7347    8.6565       0.12718
     -17.618    8.6348      -0.29791
     -18.497    10.482      -0.71789
     -15.069     7.932        -0.193
     -15.728    9.8006      -0.39485
      -4.597    6.2586       0.63985
      -10.98    9.5651      -0.35219
     -4.4542    7.4893       0.11468
     -15.012    14.734      0.085147
     -15.249    7.5265      -0.92922
     -15.945    9.6989      -0.33325
     -17.075    8.1263      -0.52712
     -15.791    7.8897       -1.3234
     -9.5699    7.3288      -0.40835
     -11.015    9.3504      -0.16734
     -9.2904    7.6843        1.0459
      -16.26    9.9414      -0.36179
     -12.442     6.642      -0.44828
     -11.835    7.9667      -0.42481
     -15.862    10.547      -0.59571
     -13.908    12.186     -0.080001
       -17.5    8.1549       0.28812
     -7.1576    8.5151      -0.19884
     -9.7268    7.2102       0.65653
     -10.539    6.2889      -0.62939
     -9.1578    6.9667      0.054468
     -19.528    9.3946      -0.13975
      -11.83    7.5683      -0.36181
     -12.316     8.937      0.073373
     -5.4954    7.9437      -0.18425
      -15.42    11.852     -0.052544
     -4.7272    7.0911     0.0058903
     -5.0676    6.5825       0.28169
     -5.1011    11.364         -0.24
     -11.845    6.5925      -0.18305
     -12.289    10.749     -0.068901
      -9.476     8.834      -0.46502
      -2.713    9.4395       0.56372
     -12.604    8.8645      -0.35456
     -7.3677    8.3082       0.44683
     -10.501      9.75       -1.3243
     -12.795    7.4851       -1.0476
     -14.684    6.8419      -0.48249
     -14.528    6.4368        0.2401
     -8.4757    7.4713        0.1945
     -12.048    9.8868      -0.76321
     -12.659     8.105       0.14065
       1.889    6.1762       -1.2312
     -13.393     7.403       0.53477
     -20.618    8.2614      -0.23277
     -15.874    8.9774      -0.14789
     -10.765    6.8608      0.022449
     -7.6369    9.9785      -0.43392
     -12.372    7.5173       0.20272
     -18.303    9.8443      -0.82382
     -10.879    8.1438      -0.15924
      -20.16    7.2317      -0.89121
      -7.263    7.3389     -0.084048
     -12.728    7.1861      -0.45025
     -12.988    6.3098       0.34636
      -13.37    6.9052      -0.32158
     -13.096     8.785      -0.31886
     -19.072    10.424       0.37474
     -9.1562    10.978       0.42166
     -11.562    5.7154      -0.39418
     -7.1848    10.312       0.23799
     -13.384    8.8594      -0.58296
     -8.6377    5.7977     -0.036295
     -12.666    10.044       0.12145
     -16.965      8.37       0.29633
     -13.657    4.2721       0.53981
     -11.595    8.4523       0.40123
     -18.138     7.192      -0.61118
     -14.859    7.5982      -0.52653
     -15.037    6.3988       0.20953
     -9.1459    8.7043     -0.082053
     -15.325    8.0952      -0.23723
     -13.834    5.7056       0.23186
     -9.1152    6.7733       -0.1253
     -21.719       7.2      -0.15187
     -13.753    9.4426       -1.5442
     -16.153     9.649     -0.045299
     -11.489    10.372      -0.31748
     -7.6462    6.7615       0.62094
     -16.648    8.9168       0.41352
      -12.53    7.9429      0.072517
     -9.0363    9.5468      -0.19622
     -14.136    9.4466      -0.34387
     -16.435    9.8896       0.37539
     -10.663    5.2856      -0.42144
     -5.1767    5.4975      0.083609
     -12.179    8.3045      -0.35714
     -14.867    6.2881       -0.5977
     -19.837    5.3939      0.058318
     -11.055    10.286    -0.0028907
     -9.6955    11.783      -0.46001
     -15.521    6.7843       0.18693
     -13.507    5.0937      -0.29116
     -13.464    7.3682      -0.53738
     -14.368    11.107      -0.73267
     -14.963    8.2899      -0.19304
     -23.094    7.4809      -0.33941
     -9.1281     6.011      -0.56527
     -6.8517    7.4675       0.43072
     -11.852    8.4262       0.18492
     -16.828    7.0574     -0.068208
     -13.658    10.451     -0.099746
     -6.6816    5.8634       -1.0739
     -9.4813    7.6612      -0.81156
     -8.7638    7.8679       0.32829
     -10.951    7.4182       -0.2345
     -15.494    14.146      -0.93939
     -15.804    13.356      -0.11629
     -8.0963    7.6109      -0.19186
     -17.049    7.6455      -0.01173
     -19.783    10.393      -0.41529
     -13.208    7.4976       0.22616
     -11.915    6.2112      0.035053
     -12.426    8.6031     -0.010164
     -16.826    6.6609       0.24259
     -8.7812    10.147       0.42712
     -14.381    11.404      -0.52683
     -14.227    6.3618      -0.23867
     -7.3157     5.688       -0.2291
     -10.633     9.741       0.17481
     -9.7097    7.7645     -0.076431
     -9.6119    9.5154      -0.20378
     -16.482    6.5372       0.58663
     -16.434    7.3915         0.402
     -10.353    10.366      -0.44817
     -13.248    7.4714       -1.5091
     -14.416    7.7675      -0.31039
     -14.181    5.8101       0.53943
      -15.97    8.9021       -0.6397
     -11.803    6.6547      -0.50124
     -19.274    9.7994      -0.53778
     -26.251    7.4557        0.7802
      -6.274    9.3931      -0.27825
     -13.276    8.2356      -0.18123
     -11.002    8.9751       -1.0572
     -8.1565    8.7613      -0.16766
     -11.149    6.7939     -0.058322
     -14.657    10.351      -0.17856
     -15.105    15.319      -0.84429
       -10.3    9.2512     -0.074957
     -7.6932    5.9923      -0.68283
     -9.9353    6.8823       0.36386
     -10.551    7.9676       -0.7085
     -5.0222    7.0099      0.096731
     -21.308    7.4597     -0.014088
     -8.7497    8.8985      -0.37783
     -6.3257    8.9479       0.25142
     -15.848    8.1033       0.30763
     -14.138     6.914      -0.38647
     -10.272    8.3954      -0.32982
     -9.3037     7.157      -0.34288
     -9.4662    6.5574      0.046023
     -5.0655    6.2192     -0.082616
     -18.169    10.062      -0.54986
     -11.445      6.11       0.14896
     -12.931     5.653      -0.21258
     -10.702    9.1097      -0.23212
     -5.2914    7.9409      -0.76018
     -14.682    9.7584       0.41149
     -6.9956    5.8051      0.049393
     -8.7826     6.238      -0.15907
     -9.3225    9.4716       0.17717
     -6.3743    6.1351       0.31024
     -8.7828    10.795      -0.11736
     -11.004    10.087      -0.35922
     -10.339    7.7471      -0.50524
     -6.1943     7.548      -0.17054
      -14.03     8.067      0.073296
     -15.158    9.1209      -0.13626
      -11.09      8.54      -0.29958
     -16.328    7.0849       0.30625
     -11.155    9.9922      -0.58605
     -9.6174    9.4371       0.49361
     -18.287    10.469     -0.081153
     -4.5832    6.6363       0.54084
     -4.6121    6.9687      0.091831
     -9.9862    7.6519       0.54606
     -20.343    8.5195       0.78704
     -19.648    9.0169      0.062928
     -3.5371    7.1913      -0.59326
     -9.7737    9.0354      -0.99203
     -20.574    7.7648      0.046295
     -8.2131    8.7579     -0.084653
     -13.845    7.9665      -0.32586
     -10.281    8.9249      -0.14178
     -15.059    10.391       0.29339
     -8.5457    6.2026      -0.37052
     -14.709     11.65      0.024467
     -9.8532    5.7869      -0.47702
     -16.216    8.1647      -0.27753
     -11.567    6.4739       0.12249
     -10.245    5.6255        -0.876
     -16.782    10.463       0.24382
     -16.813    7.5198      -0.08154
     -14.275    9.3777      -0.25673
     -18.319    7.8482    -0.0022009
     -11.623    8.2739       0.28834
     -15.214    7.7509      -0.21735
     -9.4083    9.0383      -0.68698
     -5.9421    8.3448      -0.25689
      -19.55    8.5085       0.21645
     -16.423    9.4845      0.011699
     -10.037    10.163       0.10167
     -13.591    6.1561      -0.51162
     -10.743    8.4414       0.77608
     -17.132    9.2976      -0.64708
     -15.433    7.6869      -0.29064
     -11.978    6.3774      -0.14064
      -9.821    9.1528      -0.16573
     -11.792    7.8852      -0.18257
     -16.454    8.8723       0.20927
     -10.828    5.7764      0.067861
     -12.983    10.256      -0.13795
     -7.7378    7.4139      -0.91144
     -8.9236    8.0101       -0.8674
     -13.351    6.0431      -0.30545
     -14.062     8.033      -0.19111
      -11.77    6.4691      -0.14469
      -19.77    7.9904       0.09709
     -11.917    12.383      -0.52176
     -10.826    8.2502       0.58077
     -18.227    8.8605       0.18098
     -26.365     12.88       0.79415
     -8.7414    7.6163        0.1083
     -16.055    7.5265      -0.19514
     -13.173    8.6425      -0.51762
     -18.716    7.6678        1.0462
     -15.129    8.2002     -0.053687
      -13.93    6.7144       -1.0365
     -7.0179    7.0221      -0.53943
     -5.9606    5.6496       0.32257
     -15.768    12.781       0.10549
     -16.335    10.694      -0.33264
      -9.786    7.4524      -0.66661
     -7.6498    8.5891      -0.10951
     -9.2583    9.1293      -0.25329
     -11.887    6.4711      -0.41671
     -17.049    9.4011       0.32899
     -11.202    8.8714      -0.42952
     -13.971    9.6832      -0.71913
      -13.77    8.8037       0.17777
     -14.524    11.055      -0.21651
     -18.151    11.108       0.10355
     -10.344    5.6135      -0.08528
     -7.8085    11.643      0.019434
     -14.972    9.3418      -0.78278
     -15.772     9.587      -0.16742
      -19.58    13.819      0.092845
     -17.988    8.9164       0.25856
     -20.411    8.5593      -0.18867
     -19.236    11.172       0.38987
     -3.5399    8.0298       0.44558
     -7.0285    7.9513      -0.58284
     -10.777    8.7349        0.1459
     -8.9808    7.0716      0.036324
     -7.0714    7.0851      -0.32895
     -14.516    7.5774      0.028925
      -15.56    9.8792      0.071571
     -6.5946     7.097      -0.13555
     -15.157    11.263       0.13817
     -11.853    9.3247       0.74376
     -11.918    8.1727       0.65681
     -17.796    9.9304      0.018717
     -10.275    7.9257      -0.32275
     -8.3763    9.8516      -0.22931
     -19.907     8.881        0.4929
     -6.4808    5.3303       0.66527
     -14.151    10.474      -0.38859
     -12.566    10.126      -0.20327
     -21.154    10.209      -0.24779
     -9.3726    8.3703       0.38689
     -11.448    5.4733     -0.021921
     -12.433    8.4837      -0.46107
     -15.547    11.673       -0.6813
     -10.078     11.07      -0.62905
     -10.902    6.5193      -0.22861
     -7.4978    9.2531      -0.26913
     -13.838    8.1552       0.27493
     -9.1113    7.1929      -0.98983
     -9.6015    9.6913      -0.38822
     -17.585    7.2325    -0.0027141
     -3.9696    9.2091      -0.84453
     -12.008    10.057      -0.14383
     -12.861    9.1737       0.12458
     -9.4066    9.8018      -0.32253
      -6.663    8.8735      -0.20204
     -11.684     10.69      -0.77567
     -15.647    6.0937     -0.026493
     -12.305    9.8272      -0.52409
     -6.7121    8.1532       0.12771
     -11.626    6.0394       0.45291
      -12.21    8.3568      -0.17664
     -14.103    9.7817      -0.17074
     -14.384    8.3456       0.90662
     -13.902    7.6262    -0.0062224
     -12.546    13.434       0.83293
     -13.118    8.7341       0.83684
     -12.193    10.448      -0.83511
     -11.809     6.191      0.074643
     -15.992    12.071      -0.16048
     -16.122    6.8746      -0.32643
     -18.933     8.208       -0.4008
     -14.596    10.035      -0.49733
     -8.2881    11.034      -0.23236
     -11.167    7.7264     -0.019201
     -15.615    7.8212      -0.31997
     -13.501    5.4377       -0.3646
     -11.836    13.668      -0.84844
     -19.281    4.9624       0.64491
     -10.118    10.005      -0.27489
     -16.068    6.2088      -0.50011
     -4.4712    6.3181      -0.79313
     -18.901    9.6546      -0.16736
      -15.87    5.9201      -0.32568
     -8.9945     8.137     0.0070303
      -10.59    7.9624       0.17239
     -8.9333    5.0843      -0.39148
     -16.176    6.9415      -0.15717
       -12.9    6.8455      -0.50989
     -11.703    4.0864      -0.16334
     -9.1412    6.5536      -0.53625
     -13.323    7.6316     -0.058734
     -9.7813    8.2501      -0.61987
     -9.1055    8.3105       0.17835
     -10.128    7.9846      -0.14715
     -14.426    7.7325      0.075682
     -14.303    6.9106      0.024236
     -7.1117    9.3252        -0.362
     -12.566    11.802      -0.12553
     -15.329    10.269     -0.023524
     -13.115    7.9439      -0.35399
     -17.499    9.0835      -0.23931
     -8.0052    6.1549      0.034684
     -10.964    7.3018     -0.048958
     -14.975    7.7972       0.27584
      -20.72    13.846      -0.91929
      -14.85    7.9745      -0.34711
     -7.5887    9.5194       0.56602
      -7.085    9.0378      -0.99608
     -2.7657    6.9593      -0.24768
     -10.766    6.6145       -0.3757
     -12.868     9.485      -0.11261
     -14.479    8.0578      -0.63937
     -15.762    7.8294       0.63763
     -6.4067    6.6618      -0.12028
      -10.89    8.3523       0.18777
     -13.009    8.3395      -0.33902
     -12.024     6.852       0.03205
     -11.719    9.5468      -0.79871
     -12.526    9.6507      -0.34059
      -16.08     7.641      -0.56877
      -11.31    7.8764      -0.26807
     -16.378    11.234      0.036805
      -14.71    8.7633      -0.12441
     -8.8788    6.8851       0.46172
      -15.05    8.2571    -0.0075377
     -6.8423    12.041      0.054661
     -11.096    6.0389       0.38449
     -7.6297    6.9109       -1.2189
     -10.453    6.4862       0.42333
     -10.787     7.122      -0.14444
     -15.786    9.5976      -0.16275
     -10.402     8.403      -0.57459
     -12.791    5.5221      -0.32016
     -13.431    9.1843      -0.14984
     -10.807    7.1732      -0.59433
      -16.48    8.7044       0.24856
     -8.0625    6.2452      -0.19858
     -13.173    5.4638       0.48556
     -15.893    9.0117      -0.47494
     -11.834    10.995       0.57931
     -17.406    7.2173      0.038481
     -7.9484    8.1296      -0.35217
     -13.179    6.7095       0.48083
     -18.326    8.5702      0.021266
     -10.548    4.4797      -0.64759
      -15.72    8.8514       0.42373
     -6.3513    10.416       0.74037
     -6.5431    8.1923      0.016569
     -12.711    7.5514      -0.40281
     -9.3564    7.1834      -0.29941
     -10.375    9.9974       -1.5616
     -18.461    8.7883      -0.20439
     -8.8602    6.4228       0.11638
     -14.908    7.1885      0.011832
     -12.685    8.0209       0.19077
      -11.69    7.3908       0.80297
     -7.0369    6.5288      -0.42518
     -15.311    5.8084      -0.17493
     -14.058    9.9688      0.057532
     -12.426    8.2463       0.57989
     -19.864    14.871      -0.18023
     -7.0338    7.1438       0.29637
     -20.463     9.368       -0.1512
     -15.868     7.624      -0.10766
     -15.184    7.2538       0.42431
     -12.001     9.645       0.13759
     -17.611    10.105       0.34374
     -12.679    8.7809      -0.19362
     -5.6628    11.223      -0.56101
     -11.064    6.3988      -0.76744
     -11.889    12.149      -0.15536
     -7.6713    9.2547      -0.70764
     -10.656    12.715      0.017537
     -8.2143    9.7031     -0.069357
      -11.39    10.077      -0.62894
      -10.29    5.4809      -0.24087
      -11.34    8.9263       0.23999
     -16.596    10.309        0.1504
     -11.042     7.108      -0.42898
     -13.339    8.4039      -0.56859
     -18.604    9.3958      -0.54516
     -14.959    7.3838      -0.41848
     -12.901    7.9892      -0.20709
     -13.706     9.688        -1.218
     -7.3739     5.683       0.14414
     -16.884    11.684      -0.32053
     0.29351    6.3582      -0.40494
     -14.626    7.1668      -0.20455
     -9.3401    6.7075       0.42723
     -20.673    8.8075       0.59221
     -13.379    10.885       0.15494
     -15.804    12.252        -0.372
      -7.354    8.8213      -0.48265
     -9.8212    11.386      -0.82167
     -8.5187    8.0563      0.063375
     -22.016    7.7889       -1.1311
     -17.557     7.707      0.035801
     -10.615     9.143       -0.1624
     -8.8448    8.0074      -0.23882
     -13.442    8.2525       0.23084
     -15.194    8.7119      -0.22029
     -4.2868    9.1544      -0.58175
     -14.191    9.4923      -0.87158
     -10.672     7.964       0.20535
     -13.647    7.2994       0.18819
     -15.729    7.9351       -0.9832
      -9.053    7.8853      0.094545
     -11.059    9.4649      -0.59653
     -16.715     6.179       0.26511
     -10.745    6.6051      -0.51948
     -13.904     8.289      -0.15501
     -9.7939    8.8109      -0.19002
     -13.871    10.108      -0.38945
     -11.142    6.2145       0.36843
     -13.197    6.7614        0.4036
      -16.99    11.633      -0.38787
     -6.0236    8.6264       -1.0551
     -10.698    11.002      -0.14228
     -9.5091    9.1107       0.55386
     -19.611    9.4496      -0.91458
      -19.56    8.7132       0.42813
     -7.3783     6.205     -0.098327
     -6.9914    6.6036       0.07511
     -10.296    10.813      0.076212
     -8.3105    7.2561        0.8859
      -8.823    6.4402       0.70777
     -9.4056    8.8542       0.55103
     -11.057    11.027     -0.009131
     -5.5307    8.0431       -0.2694
     -9.8492    10.251      -0.11283
     -10.622    8.2216      -0.21252
     -14.204    10.723       0.23554
     -10.069     10.43      -0.40238
     -12.401     9.744       0.28724
     -16.336    8.2705      -0.40605
     -20.107    13.926     -0.032166
     -5.3526    6.9526       0.65186
     -20.261    6.4083      0.041829
     -16.167    10.823        0.3146
     -16.641    9.7556       0.16717
      -18.02    9.8808       -0.8107
     -9.6777    8.6886      -0.24301
     -13.392    9.5913        1.0144
      -6.652     8.347      -0.52104
     -11.665    6.9591       0.29202
     -11.503    6.7767      -0.36696
     -11.737    8.8615     -0.038107
     -15.098    6.5573      -0.83086
     -8.1502    7.1198      -0.19464
     -8.7521    7.1076      0.096861
     -11.542     7.552      -0.61661
     -13.444    6.0508      -0.18513
     -11.099     11.31      -0.65855
     -20.903    11.818       0.10227
     -10.779    6.4776       0.32098
      -10.15    8.2575       0.38663
     -20.695    8.7929      0.092126
     -13.501    5.9991      0.067164
     -5.8001    5.0419      -0.21302
     -15.017    10.266      -0.46337
     -11.422       8.2      -0.53503
     -18.102    10.025       0.29694
     -18.263    8.5879       0.47613
      -9.848    6.2715      -0.39029
     -12.488    8.3914      -0.69133
     -14.086    6.3808       0.31904
     -12.402    6.1731      -0.41842
     -12.432    13.182      0.004338
     -17.591    11.822        0.0841
     -14.598    10.605       0.11453
     -16.677     7.984       0.22964
     -16.274    9.7553      -0.29887
     -7.3672    7.4721     0.0093395
     -22.281    6.2584      -0.30144
     -10.733    6.2526       0.15855
     -11.488    7.8428      -0.50709
       -11.4     4.903      -0.24879
     -13.746    8.6266      -0.80634
     -18.769     6.831      -0.13283
     -12.169    9.7792      -0.77395
     -10.696    5.9576       0.31476
     -11.713    8.5605      -0.41731
      -9.349    7.7312       -1.1714
     -8.6169    8.2365      -0.26762
      -11.19    8.9108       0.51041
     -4.7732     9.467     -0.085878
      -12.94    7.0134       -0.5514
     -7.3626    8.1106      0.095559
      -9.394    8.2786      -0.19709
     -6.2549    9.6056      -0.58525
     -16.426     6.266      0.022732
     -11.543    10.347      -0.27373
     -11.233    9.9419       0.18543
     -14.274    14.721      0.064997
     -10.507    6.5938      -0.26708
     -17.361    6.6275      -0.59748
     -15.058    12.699      -0.14795
     -5.6537    12.228      -0.10757
     -7.5981    5.3625     -0.079993
     -12.004    9.9284       0.09581
     -8.7491    8.6159      -0.11049
     -8.9283    9.8297       0.22671
     -7.2899     6.823        1.2845
     -11.943    6.6736       -1.1609
     -13.704    7.2186       -0.8245
     -7.5275    7.5206      -0.15009
     -12.986    11.492      -0.46374
     -12.865    9.3156       0.25257
     -4.4732    6.5828      -0.10879
     -11.137    6.5012     -0.035453
     -6.8426    8.6528      0.070889
     -9.3901     6.336       0.26068
     -15.147    10.725       0.29228
     -7.4304    6.6067      -0.41899
     -10.749    8.4424      -0.17316
     -11.891    9.7448      -0.61351
     -28.047    13.382      -0.12111
     -7.0688    7.8402      -0.14526
     -13.914    8.4632        0.5889
     -7.5382    10.116       -1.0466
     -16.041    11.631       0.24024
     -15.163    5.9827      -0.69431
     -16.808    9.6739      -0.10756
     -13.162    8.6669       -0.3876
     -16.538    9.2961      -0.56243
     -7.9196    9.5773       -0.3876
     -7.5278    9.1476      -0.25094
     -12.628    5.4994     -0.047946
      -9.074    10.235      -0.90839
     -13.457    9.0732      -0.20658
     -10.641    11.144       -0.4702
     -21.119    8.3713      -0.20183
     -5.7538    6.7489       0.13756
     -10.995    7.7888       0.25896
     -17.411    7.8944      -0.78992
     -14.673    6.5624      -0.34857
     -12.976    5.8643       0.12881
     -12.301         7       0.15181
     -19.372    9.5415     -0.057399
      -13.22    8.2542      -0.13055
     -13.672    6.3243      -0.10262
     -7.8544    9.0936     -0.082874
     -18.588    6.5033      -0.35472
     -11.764    6.8629    -0.0027362
     -7.4137    5.1931       -1.3332
     -10.459     7.827      -0.33595
     -12.115    13.639      -0.45451
     -8.9275    6.9368      -0.24265
     -10.249    5.2836     -0.019195
      -6.394    7.3545       0.13731
     -16.886    8.0389       0.20325
     -3.1353    6.5672      -0.40796
      -14.71    5.1859       0.54508
     -20.816    8.0103       -0.1055
     -17.635    8.8634      -0.68762
     -10.594    7.8482       0.61393
     -10.698     4.672       0.66138
     -14.651    8.3723       0.58859
     -21.137    8.5098      -0.48408
      -13.33    7.1532      -0.39591
     -19.229    11.222     -0.075152
     -11.187     10.53     -0.037881
     -11.293    7.4839      -0.88929
     -8.2988    12.254       0.41869
     -10.674    9.3847      -0.29428
     -19.035    9.7923      -0.56507
     -6.0109    11.545       -0.3958
     -10.919    7.2827     -0.032154
     -15.033    7.4762     -0.096118
     -10.242    8.0029        0.3388
     -16.349    9.7376       0.23491
     -14.286    7.4596     0.0052903
     -12.148    8.1724       0.61379
     -10.585    6.6381      -0.51198
     -9.6488    9.3593      -0.25525
     -6.5508    5.7231      -0.38112
     -9.7649    5.5031       0.20448
     -13.275    7.3084     -0.036276
     -3.2791    9.2371      -0.62187
     -7.9575    9.0928      -0.53965
      -12.44    6.7378       0.34063
     -16.408    8.2413      0.082845
     -13.784    8.4748     -0.077306
     -10.742     7.892      -0.08612
     -15.139    7.1431      -0.15573
     -24.938    7.6456      -0.31096
     -19.021    6.9594       0.17314
     -6.6124    8.4577     -0.046965
     -14.613    8.8476      -0.17334
      -13.97    6.9163       0.26331
     -16.336    8.2539      -0.15236
      -18.61    6.7089       0.28133
     -14.482    6.3192      -0.11358
     -9.1007    7.8194       -0.4479
     -6.6788    7.8798      -0.65545
     -12.568    7.5856      -0.32141
     -13.932    6.5825       0.44349
      -19.95    10.562      -0.53014
     -17.768    8.8218     -0.030938
     -12.442    6.6625      -0.59553
      -17.08    9.0108      -0.31364
     -16.946    11.818       0.33035
     -8.5848    8.1256       -0.3487
      -20.66    8.3914      -0.43968
     -7.1722    5.6019       -0.2181
      -12.94    11.393      -0.52314
     -16.918    9.1298      0.052298
      -12.09    8.7018      -0.18338
      -13.88    5.4523        -0.701
     -13.941    5.8866       0.13109
     -4.9392     7.901      -0.66842
     -12.911    8.3256      -0.76392
     -10.318     6.195       0.09486
     -23.695    9.3721       0.16275
     -15.002    7.6885      -0.78898
     -13.029     6.988      -0.46308
     -9.7353    6.8318      -0.16269
     -19.161    12.115      0.057954
      -16.22    10.887         0.146
     -12.952    8.8624      -0.34955
     -15.963    5.2275       0.14013
     -4.9739    8.5335      -0.34635
     -14.272    8.2125      -0.20163
     -14.975    8.0169       0.41678
     -12.987    6.3254       -0.3879
     -11.989     9.448       0.32924
     -16.005    7.6214      -0.55662
     -13.395    7.5814      0.021618
     -11.242    8.2367       0.37876
     -19.111    5.6688      -0.29002
     -14.031    7.7206      -0.33626
     -8.9953    5.2217      -0.30179
     -17.144    9.6079       -0.3387
     -9.6903    7.9337      -0.24898
     -10.131    9.2954      -0.60042
     -13.582    8.2373      0.089883
     -13.257    5.6398       0.15646
     -16.783    7.3627      -0.18479
     -16.025    6.8679      -0.50915
     -12.623    6.7275      -0.40487
     -15.951    7.7679     -0.040488
     -9.3551    7.9965      -0.61565
     -16.131    6.6564      0.054574
     -19.244    8.3815        1.0238
      -12.29    7.4505      -0.01371
     -12.547    8.4772      -0.50647
     -13.575    9.6137      -0.40112
     -18.982    7.2024      -0.37094
     -5.3952    6.8108     -0.063515
     -6.1435    7.1948       0.25843
     -15.419    7.6717        0.2476
     -9.4984    13.313      -0.67553
      -12.36    6.6465      -0.67053
      -13.97    9.9719      -0.36019
     -18.114     7.646      0.083212
     -13.281     8.094    -0.0024787
     -6.6983    5.4314      -0.42402
      -14.34    8.7656        -1.154
     -8.5464    6.1625     -0.059885
      -13.09    5.8968     -0.016188
     -13.851    6.7663        1.0788
     -10.927    8.6391       0.28092
     -11.699    11.444       0.17816
     -6.0571    6.3294      0.079882
     -13.701     7.256       0.26272
     -4.7187    9.3423      -0.37574
     -12.201     7.935      -0.17008
     -8.5217    10.262      -0.16263
     -16.153    8.4515      -0.38412
     -10.945    10.415      0.090715
     -13.519    9.3925       0.39836
     -16.271    11.001     -0.027151
     -9.4076    9.5408       0.43827
     -14.297    7.2868     -0.034468
     -18.456    7.4377        1.4167
     -16.903    6.8997        0.2913
     -5.8021    5.4683      -0.25934
     -15.108    9.0506       0.12865
     -16.061    4.5821       0.39645
     -7.0741    6.4222      -0.48013
     -17.111    9.4275      -0.11598
     -15.777    9.3912      0.063592
     -15.354    5.8741       0.56454
     -16.393    8.4427         -0.32
     -13.013    8.3322       0.12847
     -12.744    9.9216    -0.0024855
     -11.975    7.2241       0.47537
     -17.126     9.256      -0.58737
     -9.5413    11.346      -0.89217
     -16.688     8.182      -0.32285
     -12.764    6.4754       0.78208
     -5.6346    8.2983      -0.20535
     -10.402    9.8567       -0.2781
     -6.6536    7.0487      -0.24123
     -10.061    9.1421      -0.37027
     -11.997    5.8694      0.097497
     -9.7413    7.8064      -0.29276
     -17.021     9.667      -0.42758
     -14.268     8.128      -0.11405
     -12.345    13.537      -0.21891
     -13.327    9.1959      -0.26809
     -11.599    8.6408     0.0050207
     -7.0888    7.8584     -0.063846
     -14.113     7.794       0.24495
     -14.131     7.045      -0.03804
     -11.059    6.1974      0.005312
     -12.013    7.1013      -0.13767
     -12.141    7.4022       0.71457
     -6.1423     9.939       0.15467
     -8.9314     11.23      -0.28801
       -19.2    8.6616      -0.88976
     -8.9157    6.2881      -0.27029
     -3.1244    11.187      0.065957
      -8.391    7.3042      -0.19915
     -8.4663    5.3018       0.22148
     -15.612    10.159      -0.55817
     -15.088    8.9039      -0.43652
     -15.068    6.8164       0.28267
     -20.125    7.9995     -0.026889
     -5.2899    8.5148      -0.81475
     -10.449    6.7054      -0.16642
     -14.297    5.5863        0.2131
     -8.4809    9.1364    -0.0090308
     -14.512    7.7141      -0.24369
     -16.902    8.3845      -0.26697
     -5.3973    8.3026      -0.43821
     -18.381    9.0957       0.16304
     -13.815    6.8866       0.30095
     -12.028    9.9704      -0.55012
     -15.874     6.908       0.34187
     -16.382    11.789       0.28766
     -18.116    9.2269      -0.22257
     -12.295    6.8746      -0.18068
     -13.701    8.9455      -0.36942
     -2.9764    8.4744        0.2278
      -14.31    7.0554      0.035126
     -18.806    5.5936       0.25219
     -16.613    8.0545       0.57043
     -15.678    8.5396        0.5775
     -6.9919    7.7996      -0.73744
     -11.385    9.3307       0.29354
     -15.506    7.3371       0.17567
      -20.68    11.998      -0.34306
     -13.374    7.8513       0.53129
     -20.314    8.8244      0.051773
     -9.6053    8.8878      -0.20363
     -15.642    12.371     -0.044732
     -17.485     6.663       -0.5893
     -10.816    8.1207       0.27507
      -12.13    8.7767       0.61888
     -16.578    6.0444      -0.36261
     -7.9517    6.9237     -0.065058
     -12.791    7.4979      0.060807
     -13.875    12.969       0.21011
     -5.8592    6.4026     -0.011272
     -14.995    11.067       0.21298
     -18.214    10.505      -0.26389
     -16.648    7.6769      -0.26179
     -14.546    7.2433       0.13905
     -15.509    9.0636      -0.41319
     -11.604    6.7294      -0.44146
     -4.9578    7.7909      -0.74647
     -17.454     7.525       0.12722
     -11.758      9.45      -0.42608
     -10.835    8.4849       0.15478
     -14.667    8.7085       0.21381
     -10.504    6.4685      0.072924
     -17.376    8.7661      -0.19826
     -15.068    10.135      -0.45882
     -15.267    6.0732      0.013959
     -11.366    10.353       0.98347
     -13.568    6.8122      -0.83971
     -11.614    6.8062      -0.56384
     -16.003    13.954      -0.51897
      -17.27    12.197      -0.71897
     -15.306    5.7827     -0.021888
     -3.4894    10.004       0.39678
     -7.0635    5.9224      -0.90687
     -12.442    7.5771      -0.31145
      -10.07    7.2337       0.65124
     -15.188    5.4404      -0.12129
     -10.151     8.215     -0.090599
     -11.022    8.7856       0.26431
     -17.083    9.5188      -0.38538
     -12.981    6.0492     -0.085623
     -13.561    6.9316      -0.19531
     -12.265    7.8071      -0.48199
     -8.9518    7.9309      -0.39605
     -13.106    12.255      -0.28268
     -18.712    8.1918      -0.24566
      -10.55    5.8417      -0.25013
     -11.935    10.168      -0.50302
     -16.951    6.1744       0.11136
     -10.917    6.7573     -0.096447
       -10.6    6.4715      -0.24293
     -10.738    6.4384      -0.34886
     -12.444     8.857      -0.37841
     -8.8939    10.122       0.41078
     -11.684     11.02     -0.092402
     -8.6862    7.1934      -0.19201
     -8.3613    7.3146       0.28039
     -16.717     7.734       0.15751
     -10.835    6.7181       0.23853
     -9.6752    7.1201       -0.4555
     -13.708    9.6194       0.13507
     -13.824    6.1106      -0.27168
     -11.074    6.9997      -0.67831
     -18.535     6.873      -0.25667
     -14.752    7.2189       0.17681
     -10.608    7.3566       0.20863
     -19.284    5.9346       0.17109
     -9.1585    8.3966     -0.087543
     -8.3448    9.2276      -0.75072
     -9.0629    8.7237       0.18263
     -15.574    9.2912      -0.40474
      -8.926    7.7247      -0.49416
     -15.865    6.4004     -0.082951
     -9.5724    9.0451       0.14892
     -22.021    10.646       0.56758
     -10.948    5.4572      -0.38631
     -18.562    7.2387      0.025633
     -13.333    7.1533      -0.21775
     -16.995    9.7587        1.0747
     -3.7699      8.86     -0.037661
     -13.588    9.9501      -0.46711
     -11.762    10.761       0.14885
     -20.796    5.7279      -0.28008
     -12.507    10.735       0.30266
      -10.87    7.5085      -0.53902
     -6.4279    8.0516       -0.2371
     -10.534    7.5504      -0.48799
     -15.343    6.9312       0.22103
     -15.107    9.4309      0.020222
     -10.426    10.696       0.22388
     -3.2678    7.3095       -1.0449
     -13.134    8.6006       0.46134
     -7.0512    7.8732       0.34828
     -9.9334    6.8269      -0.40062
     -7.0654    8.4643    -0.0070888
     -19.696    8.1239       0.60087
     -15.272    7.3678      -0.69485
     -17.409    5.9448       0.49133
     -9.1837    8.9963      -0.48204
     -15.561    7.2777     -0.067016
     -14.884    5.4509      -0.58265
     -16.636    7.9803      -0.38449
      -6.522    10.453       -1.3252
     -9.6265    5.8937       -0.5783
     -7.0537    8.9153       0.49843
      -9.409     8.867      -0.41797
     -14.035    8.3578      -0.10513
     -14.464    6.9623     -0.011629
     -12.517    8.8588       0.21796
     -15.924    11.148       0.41731
     -15.818    12.586      -0.92467
     -10.468    6.4791      -0.06895
       -12.6     12.51       -0.7281
     -8.2785    6.3271      -0.65707
     -10.326    8.0715      -0.54344
     -8.0076    7.0706       -0.2713
     -5.7141    7.6162      -0.50497
    -0.48607    9.0726      -0.32754
     -20.227    6.5297     -0.037563
     -15.512    8.4485      -0.46215
     -8.2138     10.44      -0.36369
     -11.461    8.7455       0.24171
     -14.806    7.9618      -0.21783
      -17.51     9.376      -0.15728
     -14.876    8.3403       -0.6161
     -10.197    7.8923      0.098211
     -14.643    11.486      -0.77085
     -14.403    13.454      -0.84931
     -13.575     10.92      -0.25817
     -15.724    7.4514     -0.064822
     -4.6784    5.5295       -0.3624
     -12.558    7.2391        -0.936
     -11.655    7.5062       -0.3139
     -11.212    6.6974      -0.33218
     -21.381    9.8238     -0.039557
     -3.9201    9.3845       0.71098
     -11.277    8.2283      -0.61931
     -20.305    10.859       0.57732
     -17.382    6.6301       0.27317
     -20.721    6.5767     -0.031749
     -13.753    7.6825       -0.2297
     -9.1561    5.9402      -0.10393
     -6.3061    6.3815       0.11719
     -13.148    10.316      0.043384
      -11.83    6.7827     -0.060685
     -19.666    9.8704       0.39288
     -16.863    8.3332     -0.099501
     -12.351    13.144     -0.065695
     -14.334    10.315       0.28667
     -16.395    10.214      -0.23281
     -12.692    7.9651     -0.094283
     -5.6043    8.0478       -1.2259
     -10.359    6.7392       0.22887
      -13.84    9.6597      0.076256
     -13.578    5.7884      -0.56409
     -6.4091    11.754      -0.16512
     -9.4714    7.4362      0.014369
      -12.15    10.172      -0.31525
     -14.749    8.0871      -0.46546
      -13.41    6.4173       0.14186
     -13.363    11.376      -0.37392
     -5.3157    5.7231       -1.3243
     -11.695    9.8747       0.27278
     -19.957    6.9437      -0.45986
     -18.277     8.458     -0.063654
     -18.711    9.0807      -0.10139
     -13.228    6.7561       0.36851
     -16.753    6.7404     -0.015045
     -13.013     8.559      -0.20206
      -19.65     7.805      -0.18284
     -9.8176     10.93      -0.26838
     -9.1799    10.259       -0.9549
     -11.622    9.4761      -0.21062
     -10.515    10.716      -0.22521
     -12.644    5.8127     -0.073855
     -13.333    5.5079       0.45871
     -7.3303    7.9542      -0.58674
     -4.1327    5.5569       -0.3725
     -14.883    8.0521      -0.10847
     -9.9232    8.7005     -0.016403
     -14.596    9.6892      -0.47194
     -7.8718    7.1512       0.31843
     -2.7025    5.6942      0.021705
     -16.418    7.0729         0.244
     -8.9723    6.8451       0.30952
     -14.564    8.1476       -0.9441
     -7.7411    8.3337     -0.093955
     -19.142    7.8845      -0.24638
     -20.797    8.6545      -0.68751
     -13.675    5.5289      -0.18278
     -11.709    9.7016       0.16405
     0.22086    7.9892      -0.16565
      -6.888    7.7211     -0.072798
     -12.281    4.6776      -0.20792
     -9.3076    7.5516        -1.213
     -9.8182    9.8056       0.46067
     -9.5805    7.4477      -0.41947
      -5.638      7.08       0.64651
         -24    8.8456        0.3687
     -13.669    7.9438      -0.22296
     -14.933    7.9422       0.26364
     -10.356    8.8767      -0.22468
     -12.703    9.4293      0.050514
     -19.873    8.6195       0.28284
     -7.1828    7.9693       -0.5812
     -10.563    9.4852      -0.77512
      -18.04    7.8157      -0.21323
     -13.985    8.3217      -0.57824
     -8.7122    9.8659       0.36422
     -15.131    9.6744     -0.069211
      -14.85    9.9788      -0.38112
     -13.667    7.4033      0.050418
     -4.8251    6.1949       0.62676
     -2.8532    5.9731      -0.37239
     -12.538    8.4292      -0.25922
     -16.709    4.8506      -0.28316
     -7.2148    6.0186     -0.067181
     -13.476    8.9842      0.012195
     -20.583    9.5064      -0.22374
       -4.22    8.7214       0.58039
     -20.387    8.6928       -1.1644
     -13.878    10.337      -0.44225
     -7.9569    6.2691       0.23302
     -11.491    5.6026       0.22622
     -14.966    9.6227     -0.089297
     -27.567    10.318      -0.15794
     -16.961     9.418      -0.30929
      -14.47    9.5035      -0.31194
     -8.0913    8.0347       0.45938
     -10.194    8.5172      -0.10549
     -12.942    7.4896      -0.23779
     -8.5442    9.8262      0.046367
     -15.678    8.2847        -0.314
     -11.892    8.8332      -0.15135
     -14.446    7.1783       0.42915
     -11.488    7.6118      -0.22514
     -11.427    5.8227      -0.27985
     -17.942    11.849      -0.71604
     -11.096    8.5391      -0.73367
     -16.579     8.172      -0.75171
     -17.324    12.784       0.27116
     -13.159    7.3917       0.28103
     -10.723    10.679      -0.60449
     -10.186    11.798      -0.31697
     -15.421    9.3495      0.087475
     -16.247    8.9352       0.24005
     -10.508    6.9961       -0.1263
     -7.7425    8.2655      -0.37599
     -14.228    7.8894      0.076844
     -8.2573    6.7595       0.16822
     -15.976     6.292       0.10217
     -14.506    7.7549      -0.49464
     -8.0618    7.2836     -0.085248
     -11.528    7.9989      -0.61804
     -8.3216    5.5176      -0.73635
     -7.8157    9.7516      -0.06282
      -8.963    8.8406       -0.4863
     -9.7611    7.7028       0.30852
     -16.466    7.6614         1.058
     -10.057    11.116      0.022348
     -14.281      6.89        0.1697
     -16.058    6.2181       0.46255
     -13.191    9.3236      -0.12133
     -12.142    8.4855       0.13822
     -11.817    9.7861      -0.56432
     -19.481    7.5679      -0.39513
     -8.0984    7.3797        0.3426
     -14.604    11.271     -0.021113
     -8.7394    10.608       0.15156
     -11.757    6.7752      -0.37071
     -17.053     6.842      -0.48411
     -9.1732    9.6905      0.039586
     -14.626    6.2694      -0.47512
     -16.369    7.0474      -0.23203
     -8.1855    6.0638       0.53019
     -13.221    8.1153      0.017726
     -12.134    9.8879        0.4674
     -13.777    6.2337       0.28595
     -10.222     7.359      -0.49984
      -13.87    7.2656        0.3444
     -9.3161    7.4289       -0.8094
     -22.622    9.6131      -0.40151
     -14.733     5.661      -0.42873
     -17.818    7.6771      -0.33897
      -12.66    5.6176       0.42875
     -10.264    7.6791      -0.37451
     -8.2334    7.9482      -0.55679
     -7.6896    9.8183      -0.26198
     -14.683    10.614      0.079566
     -2.8959    7.6482       0.18637
     -4.9109    9.8736      0.087328
     -18.369    7.9668      -0.35137
     -14.279    6.5565      -0.17268
     -14.546    8.7824      -0.55125
     -13.755    11.636       0.14594
     -19.806    9.2849      -0.26753
     -13.916    12.605        -0.224
     -16.078    9.3255      -0.79051
     -16.528     8.023       0.58475
     -8.4976    5.1532      0.062743
     -7.5749    9.3087      -0.13723
     -13.765    8.1972      -0.72341
     -7.4484    9.5794     -0.069768
     -12.416    5.8746     -0.091067
     -10.664    7.5381       0.11394
     -13.424    7.9263       0.39808
       -9.56    7.0729       -0.1587
     -12.329    8.7846       0.16813
     -18.338    12.572      -0.45876
     -17.113     9.964      -0.51284
     -16.754    7.8776      -0.14842
     -12.468    8.7031      0.028053
     -5.3854    9.0356      -0.12664
     -7.0868    8.1182      -0.23551
       -14.1    10.742      -0.13433
     -13.779    12.155      -0.32072
     -6.6645    7.8935       0.39017
     -16.079    7.8847     -0.059178
     -15.089    9.1878      -0.40453
     -16.194     9.664       -0.6795
     -9.9261    6.8943     -0.071002
     -12.048    8.9295      -0.51268
     -16.774    9.1151       0.86864
     -9.9551    6.8206        0.1171
     -9.0419    10.156       0.18168
     -22.069    7.5921        0.2309
     -11.779    6.0644       0.37534
     -14.006    9.3319      -0.70282
     -12.051     8.834     -0.091492
     -16.059    7.3712     -0.069196
     -6.4984    6.3285      -0.15916
     -11.689    7.5765      -0.23702
     -9.6525    6.5872      -0.34512
     -12.275    5.9552      0.097912
      -8.872    7.7156      -0.60607
     -17.736    7.0743        1.1478
     -8.9138    6.5811      -0.19185
     -19.668    7.7479       0.75793
     -7.7606    7.1109      -0.08894
     -4.3274    10.959    -0.0023442
     -7.1603    8.3227        -0.783
      -11.51    7.3276       0.20975
     -14.692    9.4199      0.091723
     -9.2777    6.7694       0.21949
     -8.7478    4.7603      -0.11114
     -6.8206     7.856       0.02222
     -20.111    14.801      -0.22152
     -11.893    7.7776      -0.49991
     -13.255    10.816       0.15894
     -10.211    5.6995       0.20893
     -11.047    6.5901      0.059179
     -10.998    6.3602      -0.57511
     -2.9042    7.2941      -0.41577
     -13.459    9.3548     -0.023192
     -17.653    7.3175        0.5555
     -11.044    9.5295     -0.036827
     -17.018    13.025       0.11619
     -11.868    9.0484       0.49014
     -17.414    8.3933     -0.071036
     -8.2971    8.4189     0.0044194
     -14.376    9.8386       0.08746
     -10.098    7.7467       0.28277
     -7.3028    6.1511      -0.17556
     -12.395    9.2233      -0.51089
     -18.405    10.187      0.034401
      -16.56    9.9028      -0.25777
     -12.513    8.5274      -0.15175
     -10.717    7.2503       0.53981
     -6.3062     5.852       -1.4108
     -19.294    6.0021       -1.0176
     -10.878    9.1656     -0.048046
     -14.567    10.208      -0.48512
     -15.169    10.379       0.06005
     -14.369    7.0121      -0.34722
     -13.799    10.532        0.4869
      -12.11    8.1562      0.036077
     -10.583    7.0261      -0.19705
     -11.371    7.3888      -0.33902
     -10.639    7.5972      0.015652
     -10.314    7.9686      -0.38665
     -15.832    8.1908      -0.29358
     -12.063    6.9629      -0.39824
     -9.1563     7.824       -1.1074
     -7.9811    11.202     -0.050575
     -14.775    9.5046      -0.54306
     -21.039    8.2541       -1.1465
     -7.3536    8.4521        0.2738
     -8.5326    8.3735      -0.13766
     -10.775    8.1094      -0.15975
     -12.629    8.4587      0.050835
      -11.82    6.7999       0.40944
     -12.344    8.0883        -0.401
      -15.54    7.1866      -0.12958
     -6.9151    6.2547      -0.83129
     -13.416    11.429     -0.011819
     -8.1062    6.5174       0.31347
     -14.265    7.0346       0.38282
     -9.4377    8.3016      -0.66164
     -13.801      8.61       0.19466
     -9.6036    8.6052       0.21859
     -11.304    8.2407      -0.70221
     -7.6078    6.5895       0.41054
     -9.9502    7.9148     -0.067974
     -5.3712    4.9963      0.096039
     -17.208    7.0594       0.47014
     -12.498    8.6473      -0.21103
     -14.354    9.3856       0.10189
     -6.8575    9.0952      -0.21762
     -12.291     11.18      -0.37182
     -19.669    11.133      -0.46096
     -14.336    13.533      -0.54964
     -16.283    6.9359       0.42675
     -14.744    8.7854      -0.11374
       -18.1    8.6649     -0.078037
     -15.776    10.603      -0.24087
     -3.7728    7.7098      -0.63985
     -16.186    5.8262       0.37138
     -12.788    6.7846     -0.028151
     -13.577    6.3825      -0.10695
     -17.402    11.295       0.33866
     -13.813    8.9226      -0.31921
     -13.411    7.4336      -0.24876
     -4.4713    5.2519      -0.68593
     -16.618      10.9      -0.86302
     -6.9187    10.601      -0.65296
     -12.623    5.7217       -0.3912
     -18.469    9.6197       0.70004
     -6.1803    7.0863      -0.71351
     -18.771    6.3056       0.17495
     -4.9168    6.3567      -0.49642
     -7.3427    8.5266       0.31731
     -12.251    7.3828      -0.44586
     -13.637     6.318      0.098171
     -13.823    9.0009      0.038754
     -10.071    6.3699      -0.12708
      -21.27     9.318      -0.42938
     -9.1377    8.3936      0.072516
     -5.9396    7.0619      -0.52307
     -15.028    9.0881       0.17559
     -14.991    12.197       0.22503
     -4.2748    6.3767       0.33646
     -16.638    8.4561      -0.37649
      -16.26    7.4794     -0.074197
     -14.523     7.778      0.043092
     -10.457    8.2749       0.28674
     -11.082    6.2559       -1.1102
     -14.687    8.4982       0.32197
     -12.235    7.3228      0.058143
     -21.548    8.7518       -0.4049
     -16.337    6.4128       0.33897
     -16.376    8.1632      0.017913
      -7.068    7.3572      -0.15297
     -13.495    7.5301     -0.056065
     -13.244    10.185      -0.10901
     -8.4562    7.1335       0.46659
     -15.491    8.4851       0.62768
     -10.322     6.956      -0.21885
     -8.9107    6.7789      -0.40595
     -15.437    7.4136       0.19779
     -19.735    5.5234      -0.27229
     -13.913    5.9767      -0.11578
      -3.723    6.5076       0.19048
     -17.358    14.911       0.19662
     -15.842    11.248       0.13274
      -9.047    5.4432      -0.48586
      -13.76      8.25     0.0047524
     -12.638    11.468        0.1763
     -7.9979    5.1178      -0.16886
     -5.8957    5.7346       0.88941
     -16.987    7.6832        0.1502
     -11.971     10.86      0.032782
     -15.366    6.8863      -0.38608
      -19.16    10.055      -0.93528
     -12.078    8.8659       0.40565
     -16.915    10.576      -0.59943
     -14.104    6.8984       -0.1893
       -9.32    9.9573       0.11785
     -6.2414    6.3931      0.035636
     -5.5761    10.666      -0.73185
     -10.127    6.1673      -0.39062
     -1.5084    7.5823      -0.73949
      -17.19    8.2001      -0.43933
     -18.307    11.329      -0.87359
      -7.278    6.1376       0.55959
     -15.621    7.2453       0.34521
      -6.998    7.8976     -0.046943
      -15.01     10.51      -0.30878
      -15.56    8.4483      -0.11576
     -14.307    8.7125      -0.28721
     -18.792    6.5004       0.20675
     -6.0411    8.2724      -0.29003
     -16.334    9.8562       -0.1724
     -9.9787    6.0567       0.35383
     -11.371     9.394       0.84402
     -6.5486    11.427      -0.71154
     -10.247    5.6222       0.93026
     -9.2381    8.1788      -0.25687
     -9.2955    7.0344      -0.39076
     -7.1261    9.3637      0.031507
     -11.933    11.929      -0.43744
     -15.014    7.7678      -0.19152
     -9.1817    8.6933     -0.032121
     -14.946    8.8476       0.51759
     -9.7807    8.4299       0.87984
     -20.765     9.421      -0.20923
     -14.111    12.745      0.072241
     -18.379    7.7435     -0.075736
     -19.313    7.8831       0.41859
     -5.8058    7.0832      -0.11855
     -7.0255    7.6437     -0.076423
     -10.745    8.9672      -0.30128
     -10.455    9.2503      -0.65867
     -11.514    7.4435      -0.36109
      -8.241    7.9261      -0.34704
     -14.005    10.778       0.62352
     -17.049    7.7185      -0.56515
     -16.477    6.9985      -0.75116
     -8.4467    5.1466       0.34063
     -17.073    9.4132       0.25785
     -8.7711    9.9292      -0.57579
     -16.613    11.633      -0.15809
     -8.5734    7.3351      -0.15179
     -13.893    8.8554     -0.039366
     -3.5708    7.5515      -0.18835
     -17.338    11.627       0.43503
     -9.9789     8.108      -0.71102
      -5.298    10.599       0.99955
     -17.199    6.1307       0.19253
      -15.34    6.8391       0.12694
     -11.852    9.2207       -0.5833
     -9.2241    8.2166      -0.05159
     -16.321    14.871      -0.88352
     -9.4909    7.7329      -0.07015
     -10.935    7.4094       0.25913
     -10.705    6.3503       0.10228
     -20.104    8.7966      0.090908
     -13.845     8.941      -0.26903
     -11.169    6.6907      -0.29231
     -11.483    11.776       -1.0647
     -5.0455    6.9679      -0.26148
     -13.042    6.7625      -0.26324
     -14.807    6.6815      0.002749
     -6.2805    7.8341       0.91341
     -12.551    7.4592        0.5735
     -5.2919    8.4211      -0.10778
     -4.8163    8.6852      -0.28899
     -11.807    5.6125       0.38616
     -6.3264    10.954      -0.38935
     -18.968    7.0916      0.084391
     -21.916    6.8747       -0.4814
     -10.401     7.592      -0.65408
     -9.8967     6.706      -0.30223
     -12.579    8.7578       -0.1788
     -13.403    11.013       -1.0396
     -15.424    7.9479       -0.1557
     -9.9642    6.1779      0.094897
     -9.8037    6.4919      -0.60244
     -15.836    7.5924      -0.26984
     -9.2377    4.9562       0.31806
     -10.658    6.4924      0.092964
     -11.042    10.735      -0.28967
     -10.612     9.818     -0.036116
     -17.871    10.692      -0.44259
     -6.5207    6.5454      0.071431
       -18.1     9.793       0.14807
     -5.0778    10.261       0.23978
     -15.864    7.6627       -1.0188
     -12.763    8.8302     -0.023949
     -11.737    9.0582    -0.0034694
     -11.879    7.2657     -0.081592
     -21.607    9.4652      -0.81542
     -7.8211    8.5055       0.28762
     -14.544    9.0209      -0.28583
     -1.3884    10.468      -0.46816
     -15.588    6.9107       0.23055
     -17.901    11.946       0.22587
     -7.7895    6.0881       -0.2066
     -12.647    6.5591      0.052281
      -8.964    6.1948      -0.42742
     -12.684    8.3918       0.71863
     -5.5211    8.3407      -0.52009
     -11.642    7.8371      0.076743
     -5.8782    7.7488      -0.11412
     -16.489    7.8451     -0.069036
     -12.683    14.038      -0.33765
     -12.204    7.6989      -0.37375
     -16.243    6.8809      -0.28307
     -12.897    7.9428      -0.14119
     -19.353    8.1696      -0.29111
     -16.138    7.5118       0.25001
     -13.603    11.431     -0.086199
     -19.107    6.1182       0.22752
     -7.1886    7.4156      -0.37087
     -15.175    8.3633       0.25417
     -15.756    8.1623       0.23611
     -12.987     8.648      -0.14425
     -14.237    7.5944      -0.46755
     -6.9323    8.1867      -0.31208
     -13.092    10.131      0.094612
     -11.081    8.8157       0.54401
     -11.213    7.5225      -0.16821
     -17.901    7.8784      -0.52781
     -10.987    4.6662      -0.64532
      -10.31    5.4288       -1.4104
      -19.56    7.5828        0.1925
     -9.6021    8.1974       0.66561
     -16.102    7.8668     -0.067474
     -15.922    12.313       -0.8806
     -9.7879    6.7724       0.29089
      -9.103    10.177       0.69885
     -9.9901      5.98      -0.34426
     -13.162    7.8365       -0.6372
     -18.291    8.9658       -1.0201
     -6.1555    7.1918       -0.5161
     -7.5854    8.8396     -0.033859
     -7.4666    7.8399       -1.0616
     -10.288    6.8773      -0.16797
     -12.871    6.5734       0.77107
     -13.821    7.4531      0.087966
     -15.164    5.8977      -0.52012
     -8.0951    8.1709      -0.38006
     -6.6271    8.1251       0.49534
     -8.9856    8.5169       -0.1189
     -4.4305     7.617      -0.16434
     -11.837    9.0263       0.20779
     -14.344    7.5296      -0.69587
     -13.678    10.575     -0.096931
     -17.403    12.809       0.21376
     -18.272    7.1706       0.45448
     -9.7737    5.7088      -0.59592
     -14.355    8.4557      -0.61417
     -18.529    10.006      -0.19881
     -19.247    8.9601     -0.048968
     -4.4984    8.3614       -1.0808
     -12.008    11.633      -0.56362
     -13.697    8.4916      -0.11316
     -24.184     9.993     -0.080819
      -9.049     7.376      -0.23418
     -11.443    7.5445    -0.0076186
     -17.643    9.1336      -0.27476
     -14.967    9.6955      -0.18972
     -13.785    8.2827      -0.47054
     -9.8984    8.4253     -0.041938
     -10.897    8.9127       0.53639
      -6.893     6.628        0.2577
     -12.156    6.4526       0.53348
     -11.596    11.322       0.14549
     -21.832    7.1789      0.025196
     -5.8979    6.4477      -0.43609
     -11.871    6.9974       0.65314
      -14.93    8.3621      -0.30864
     -12.379    8.9776      0.056008
     -14.842    7.4414       0.84736
     -16.677    9.7444      -0.91983
     -12.758    7.7839       0.15376
     -8.1142    8.2821      0.050692
     -10.663    6.2812      -0.87058
     -19.893    7.0385       0.35394
     -9.7329    7.3541       0.14579
     -18.748    9.9599       0.17343
     -14.528    6.5984      0.099951
     -13.428    7.8831      -0.57001
     -12.979    8.8671      -0.23795
     -9.8652    7.7602       0.16151
     -14.874    11.701      -0.57111
      -12.58    10.589      -0.39134
     -16.028     6.923      -0.13319
     -14.534    6.6174     -0.085131
     -11.345    6.5463      -0.41211
     -13.083    7.9808       -1.2382
     -14.893    8.9098      -0.14657
     -15.046    8.0701       0.17963
     -4.3317     6.633         0.404
     -8.1716     7.067      -0.64354
      -8.815     9.546       0.18631
     -9.3497    5.9995      -0.27353
     -16.785    7.3101      0.089937
     -8.2652    6.5148     -0.083164
     -8.6038    8.0271       0.02918
     -17.944    9.1367        0.3457
      -16.81    6.6852      -0.26339
     -12.634     11.22      -0.68138
     -14.515    8.2691     -0.098648
     -17.284    6.2724      -0.44536
     -6.6063    12.072       0.25884
     -12.898    6.6422       0.11855
     -11.853     11.93        0.1966
     -9.2749    7.1368      -0.06621
     -8.5683    4.6903     -0.057898
     -19.036    6.5042      -0.67751
     -12.029    9.3907       -0.3335
     -15.676    8.6379       0.50161
     -12.304    6.1746       0.34835
     -17.873    7.1969       -0.1847
     -9.1052    10.664       -1.4302
     -5.6655    7.1925      -0.82434
     -10.891    6.2405      -0.89778
     -7.6913    6.7161      -0.57693
     -9.7246    8.2612      -0.53775
      -13.12    9.4272      -0.90196
     -22.195    8.8136      -0.66603
     -6.6925    9.5508       0.45808
     -6.8082     9.654      -0.25844
      -11.76    7.3999       -0.7511
     -9.6895    6.4161       0.16187
     -9.7109    9.1367       0.17561
     -4.9209    7.6561      -0.55031
     -4.8658    10.229       -1.3681
     -1.4242    7.1888      -0.15416
     -19.992    6.2613     -0.060953
     -14.279    8.0489      -0.60651
     -11.373    6.9866      -0.40554
     -15.756    7.2551      -0.24345
     -9.2167    6.8062       0.47167
     -6.4503    10.533       0.13624
     -6.2355    7.8376       0.22341
     -6.6068    8.9652      -0.38398
     -13.409    7.8648      -0.60656
     -12.195    10.292      -0.61326
     -20.349    9.9747      -0.98706
      -6.211    7.8041      -0.23029
     -11.494    8.9099       0.28201
     -13.265    8.5666      0.093292
     -17.699     6.213      0.057163
     -8.4445    8.2763      -0.34786
     -11.137    11.789       0.15551
     -12.668     8.903      0.073743
     -13.493    8.6702      -0.84022
     -12.051     11.13       0.41844
     -9.5607    9.8268      -0.45647
     -8.2191    5.0524      -0.18222
     -10.064    8.1376       0.40886
      -9.617    8.8782      -0.13419
     -8.7736    8.5552       0.15213
     -10.191    7.8643      -0.65596
     -13.133    7.9408      -0.76106
     -8.3807    7.1311      -0.41047
     -9.3956     6.421      0.097649
     -9.0635    7.2855    -0.0089707
     -6.0155     8.974      -0.37139
     -14.674    8.4098       0.54134
     -15.954    11.157      -0.49835
     -6.6763     8.368      -0.57268
      -12.48    8.9436       0.77004
     -18.852    9.6016      -0.16958
     -20.762    8.7148      -0.38798
     -9.5235    7.6656      -0.28972
     -12.236    6.4818      -0.22466
     -12.434    6.4165      0.051721
     -10.678    8.1052      -0.27966
     -17.614    7.4014      -0.77821
     -21.114    8.2014       0.41523
     -10.406    8.8274       0.21181
     -11.509    9.2253      -0.31935
     -11.363     6.607      -0.40471
     -10.566    7.1263     0.0070847
     -14.247    10.467      -0.50863
      -9.085    8.9067      -0.18998
     -10.467    5.1237      -0.37332
     -4.3825     7.334      0.014796
     -14.339     8.369      -0.82453
     -12.713    5.9425       0.32397
     -15.762    7.7515      -0.42646
     -10.973    5.9053      -0.98018
     -14.789    4.9557     -0.051201
      -12.56    7.1814       0.58246
     -3.3813    6.3713       0.67111
     -4.8524    7.8387      -0.21086
     -11.495    6.9882     -0.054135
      -12.91    6.8128       -0.2289
     -10.721    7.5396      0.046065
      -11.55    10.149      0.098983
     -10.726    10.165      -0.28765
     -9.3044    5.8419      -0.10817
     -11.508    7.4418      -0.44025
     -11.921    6.6982      -0.61461
     -13.435    8.8841      -0.24649
     -16.161    8.7238       0.42212
     -10.062    7.4221      -0.64558
     -10.082    8.0876     -0.041332
     -14.884    9.0897      -0.20155
     -5.3785    8.4332       0.22773
     -22.901     10.49       0.07942
     -11.899    5.2578      -0.17377
     -15.467    6.9726      -0.19252
     -13.563    8.8604       0.26901
     -12.826    10.689       0.14205
     -13.885    5.7502      -0.16825
      -12.36    6.4928      -0.43502
     -11.575    9.9292      -0.22652
        -8.1    5.1586      -0.35727
     -10.719    7.4435       0.12607
     -16.287     8.588       0.57511
     -14.657    6.6438      -0.21173
     -10.388    8.0145    0.00050515
     -21.018    7.8865      -0.20605
     -11.666    10.378       0.37611
     -14.824    7.6222      -0.23192
     -16.098    10.373      -0.49974
      -7.495    6.5834      -0.34406
     -13.399    6.2973       0.20177
     -8.1439    8.4758       0.24953
     -12.232    7.2972      -0.64208
     -10.413    7.5603      -0.35619
     -16.175    8.3497      0.068269
     -17.084     7.366      -0.55412
     -13.812    6.8949      -0.81664
     -12.528    7.0996       0.25663
     -10.805    8.4412      -0.48197
     -9.3898    10.373     -0.085817
     -20.087    7.7797      -0.28093
     -14.665    8.8025      -0.27953
     -14.717    5.8136      -0.25745
     -7.2458    8.2904      -0.80912
     -19.299    6.5027       0.27841
     -10.781    5.6512      -0.32152
     -9.1461    4.9773      -0.22584
     -12.151     8.906       -1.0265
     -12.316    6.8621       0.12575
     -13.732    8.0081       0.12359
     -6.2781    10.154      -0.40286
     -8.4165    8.9535      0.056425
     -9.3258    12.638      0.074453

************************************************************
Expected Losses: filt
                     <strong>Gaussian</strong>                 <strong>CSN()</strong>                 <strong>CSN(1e-06)</strong>              <strong>CSN(1e-04)</strong>              <strong>CSN(1e-02)</strong>     
               <strong>____________________</strong>    <strong>____________________</strong>    <strong>____________________</strong>    <strong>____________________</strong>    <strong>____________________</strong>

    <strong>Mean L1</strong>       0.166535063616507       0.166527074866091       0.166527074865717       0.166527074865717       0.166527074847225
    <strong>Std L1 </strong>     0.00208084971245294      0.0020807065311668     0.00208070653115532     0.00208070653115532     0.00208070655863018
    <strong>Low L1 </strong>       0.293173611160253       0.293160293507582       0.293160293503283       0.293160293503283       0.293160288104877
    <strong>High L1</strong>      0.0272963946884672      0.0272984045642562      0.0272984045648235      0.0272984045648235      0.0272984067609584
    <strong>Mean L2</strong>    0.000635015174834933    0.000634851141033447    0.000634851141012926    0.000634851141012926    0.000634851163535232
    <strong>Std L2 </strong>      0.0517105888517085       0.051685985773474      0.0516859857962163      0.0516859857962163      0.0516860668456027
    <strong>Low L2 </strong>       0.123601481517066       0.123490878709762       0.123490878734683       0.123490878734683       0.123490947459464
    <strong>High L2</strong>      0.0011591803240653     0.00116071527026502     0.00116071527032212     0.00116071527032212     0.00116071596066766
    <strong>Mean La</strong>       0.216824857187356       0.216731147522698       0.216731147513442       0.216731147513442       0.216731039848907
    <strong>Std La </strong>       0.214243992604941       0.214358320446606       0.214358320476763       0.214358320476763       0.214358316924666
    <strong>Low La </strong>     0.00325839701479734      0.0032589490369288     0.00325894903942269     0.00325894903942269     0.00325894601898263
    <strong>High La</strong>       0.385192588913641       0.385171464346517       0.385171464362673       0.385171464362673       0.385171953053914



Latex Table Entries for filt:

(1) & 40 & $L_1$ & $\underset{[0.1236;0.2142]}{0.166535064}$ & $\underset{[0.1235;0.2144]}{0.166527075}$ & $\underset{[0.1235;0.2144]}{0.166527075}$ & $\underset{[0.1235;0.2144]}{0.166527075}$ & $\underset{[0.1235;0.2144]}{0.166527075}$ \\
(1) & 40 & $L_2$ & $\underset{[0.0012;0.0033]}{0.002080850}$ & $\underset{[0.0012;0.0033]}{0.002080707}$ & $\underset{[0.0012;0.0033]}{0.002080707}$ & $\underset{[0.0012;0.0033]}{0.002080707}$ & $\underset{[0.0012;0.0033]}{0.002080707}$ \\
(1) & 40 & $L_a$ & $\underset{[0.2168;0.3852]}{0.293173611}$ & $\underset{[0.2167;0.3852]}{0.293160294}$ & $\underset{[0.2167;0.3852]}{0.293160294}$ & $\underset{[0.2167;0.3852]}{0.293160294}$ & $\underset{[0.2167;0.3852]}{0.293160288}$ \\
************************************************************
Expected Losses: smooth
                     <strong>Gaussian</strong>                 <strong>CSN()</strong>                 <strong>CSN(1e-06)</strong>              <strong>CSN(1e-04)</strong>              <strong>CSN(1e-02)</strong>     
               <strong>____________________</strong>    <strong>____________________</strong>    <strong>____________________</strong>    <strong>____________________</strong>    <strong>____________________</strong>

    <strong>Mean L1</strong>       0.166539615417034       0.166528591481314       0.166528591480659       0.166528596262442       0.166528596262442
    <strong>Std L1 </strong>     0.00208086754087668     0.00208055498909052     0.00208055498906365     0.00208055504092793     0.00208055504092793
    <strong>Low L1 </strong>       0.293186237455658       0.293159674173215       0.293159674167953       0.293159668516172       0.293159668516172
    <strong>High L1</strong>        0.02730063978487      0.0273059637129032      0.0273059637136801      0.0273059671675578      0.0273059671675578
    <strong>Mean L2</strong>    0.000635097849433268    0.000635044581300207    0.000635044581276468    0.000635044643155225    0.000635044643155225
    <strong>Std L2 </strong>      0.0516993374134082      0.0516820505860919      0.0516820505928759       0.051682076329607       0.051682076329607
    <strong>Low L2 </strong>       0.123854478758797       0.123621435593207       0.123621435544479       0.123621409717595       0.123621409717595
    <strong>High L2</strong>     0.00116020166161264      0.0011615817370913     0.00116158173756625      0.0011615818252447      0.0011615818252447
    <strong>Mean La</strong>       0.216233848278405       0.216309879374589       0.216309879366325       0.216309956612929       0.216309956612929
    <strong>Std La </strong>       0.214306449254516       0.214493900945243       0.214493900955357       0.214493815990554       0.214493815990554
    <strong>Low La </strong>     0.00326266754626631     0.00326485002554051     0.00326485002710033     0.00326485525486283     0.00326485525486283
    <strong>High La</strong>       0.384807084283588       0.384700321291131       0.384700321298446       0.384700543191807       0.384700543191807



Latex Table Entries for smooth:

(1) & 40 & $L_1$ & $\underset{[0.1239;0.2143]}{0.166539615}$ & $\underset{[0.1236;0.2145]}{0.166528591}$ & $\underset{[0.1236;0.2145]}{0.166528591}$ & $\underset{[0.1236;0.2145]}{0.166528596}$ & $\underset{[0.1236;0.2145]}{0.166528596}$ \\
(1) & 40 & $L_2$ & $\underset{[0.0012;0.0033]}{0.002080868}$ & $\underset{[0.0012;0.0033]}{0.002080555}$ & $\underset{[0.0012;0.0033]}{0.002080555}$ & $\underset{[0.0012;0.0033]}{0.002080555}$ & $\underset{[0.0012;0.0033]}{0.002080555}$ \\
(1) & 40 & $L_a$ & $\underset{[0.2162;0.3848]}{0.293186237}$ & $\underset{[0.2163;0.3847]}{0.293159674}$ & $\underset{[0.2163;0.3847]}{0.293159674}$ & $\underset{[0.2163;0.3847]}{0.293159669}$ & $\underset{[0.2163;0.3847]}{0.293159669}$ \\
Total computing time : 0h10m35s
